<?xml version="1.0" encoding="UTF-8"?>
<testsuite xmlns:xsi="http://www.w3.org/2001/XMLSchema-instance" xsi:noNamespaceSchemaLocation="https://maven.apache.org/surefire/maven-failsafe-plugin/xsd/failsafe-test-report-3.0.xsd" version="3.0" name="starter.CucumberTestSuite" time="7.914" tests="16" errors="0" skipped="0" failures="1">
  <properties>
    <property name="sun.desktop" value="windows"/>
    <property name="awt.toolkit" value="sun.awt.windows.WToolkit"/>
    <property name="java.specification.version" value="11"/>
    <property name="sun.cpu.isalist" value="amd64"/>
    <property name="sun.jnu.encoding" value="Cp1252"/>
    <property name="java.class.path" value="D:\GITHUB\qe-automation\capstone-api\target\test-classes;C:\Users\Thomas\.m2\repository\com\googlecode\json-simple\json-simple\1.1\json-simple-1.1.jar;C:\Users\Thomas\.m2\repository\net\serenity-bdd\serenity-rest-assured\3.6.22\serenity-rest-assured-3.6.22.jar;C:\Users\Thomas\.m2\repository\org\apache\httpcomponents\httpclient\4.5.13\httpclient-4.5.13.jar;C:\Users\Thomas\.m2\repository\org\apache\httpcomponents\httpcore\4.4.13\httpcore-4.4.13.jar;C:\Users\Thomas\.m2\repository\commons-logging\commons-logging\1.2\commons-logging-1.2.jar;C:\Users\Thomas\.m2\repository\io\rest-assured\rest-assured\5.3.0\rest-assured-5.3.0.jar;C:\Users\Thomas\.m2\repository\org\apache\httpcomponents\httpmime\4.5.13\httpmime-4.5.13.jar;C:\Users\Thomas\.m2\repository\org\ccil\cowan\tagsoup\tagsoup\1.2.1\tagsoup-1.2.1.jar;C:\Users\Thomas\.m2\repository\io\rest-assured\json-path\5.3.0\json-path-5.3.0.jar;C:\Users\Thomas\.m2\repository\io\rest-assured\rest-assured-common\5.3.0\rest-assured-common-5.3.0.jar;C:\Users\Thomas\.m2\repository\io\rest-assured\xml-path\5.3.0\xml-path-5.3.0.jar;C:\Users\Thomas\.m2\repository\org\apache\groovy\groovy-json\4.0.10\groovy-json-4.0.10.jar;C:\Users\Thomas\.m2\repository\org\apache\groovy\groovy-xml\4.0.10\groovy-xml-4.0.10.jar;C:\Users\Thomas\.m2\repository\org\apache\groovy\groovy\4.0.10\groovy-4.0.10.jar;C:\Users\Thomas\.m2\repository\org\opentest4j\opentest4j\1.2.0\opentest4j-1.2.0.jar;C:\Users\Thomas\.m2\repository\net\serenity-bdd\serenity-core\3.6.21\serenity-core-3.6.21.jar;C:\Users\Thomas\.m2\repository\net\serenity-bdd\serenity-model\3.6.21\serenity-model-3.6.21.jar;C:\Users\Thomas\.m2\repository\org\apache\commons\commons-text\1.10.0\commons-text-1.10.0.jar;C:\Users\Thomas\.m2\repository\commons-net\commons-net\3.9.0\commons-net-3.9.0.jar;C:\Users\Thomas\.m2\repository\com\google\guava\guava\31.1-jre\guava-31.1-jre.jar;C:\Users\Thomas\.m2\repository\com\google\guava\failureaccess\1.0.1\failureaccess-1.0.1.jar;C:\Users\Thomas\.m2\repository\com\google\guava\listenablefuture\9999.0-empty-to-avoid-conflict-with-guava\listenablefuture-9999.0-empty-to-avoid-conflict-with-guava.jar;C:\Users\Thomas\.m2\repository\com\google\code\findbugs\jsr305\3.0.2\jsr305-3.0.2.jar;C:\Users\Thomas\.m2\repository\org\checkerframework\checker-qual\3.12.0\checker-qual-3.12.0.jar;C:\Users\Thomas\.m2\repository\com\google\errorprone\error_prone_annotations\2.11.0\error_prone_annotations-2.11.0.jar;C:\Users\Thomas\.m2\repository\com\google\j2objc\j2objc-annotations\1.3\j2objc-annotations-1.3.jar;C:\Users\Thomas\.m2\repository\com\google\inject\guice\5.1.0\guice-5.1.0.jar;C:\Users\Thomas\.m2\repository\javax\inject\javax.inject\1\javax.inject-1.jar;C:\Users\Thomas\.m2\repository\aopalliance\aopalliance\1.0\aopalliance-1.0.jar;C:\Users\Thomas\.m2\repository\org\jsoup\jsoup\1.14.3\jsoup-1.14.3.jar;C:\Users\Thomas\.m2\repository\com\thoughtworks\xstream\xstream\1.4.20\xstream-1.4.20.jar;C:\Users\Thomas\.m2\repository\io\github\x-stream\mxparser\1.2.2\mxparser-1.2.2.jar;C:\Users\Thomas\.m2\repository\xmlpull\xmlpull\1.1.3.1\xmlpull-1.1.3.1.jar;C:\Users\Thomas\.m2\repository\com\typesafe\config\1.4.2\config-1.4.2.jar;C:\Users\Thomas\.m2\repository\org\imgscalr\imgscalr-lib\4.2\imgscalr-lib-4.2.jar;C:\Users\Thomas\.m2\repository\org\awaitility\awaitility\4.2.0\awaitility-4.2.0.jar;C:\Users\Thomas\.m2\repository\org\freemarker\freemarker\2.3.31\freemarker-2.3.31.jar;C:\Users\Thomas\.m2\repository\io\github\classgraph\classgraph\4.8.138\classgraph-4.8.138.jar;C:\Users\Thomas\.m2\repository\net\sourceforge\jexcelapi\jxl\2.6.12\jxl-2.6.12.jar;C:\Users\Thomas\.m2\repository\net\bytebuddy\byte-buddy-agent\1.14.2\byte-buddy-agent-1.14.2.jar;C:\Users\Thomas\.m2\repository\org\objenesis\objenesis\3.3\objenesis-3.3.jar;C:\Users\Thomas\.m2\repository\net\serenity-bdd\serenity-reports\3.6.21\serenity-reports-3.6.21.jar;C:\Users\Thomas\.m2\repository\net\serenity-bdd\serenity-stats\3.6.21\serenity-stats-3.6.21.jar;C:\Users\Thomas\.m2\repository\net\serenity-bdd\serenity-reports-configuration\3.6.21\serenity-reports-configuration-3.6.21.jar;C:\Users\Thomas\.m2\repository\com\vladsch\flexmark\flexmark-all\0.62.2\flexmark-all-0.62.2.jar;C:\Users\Thomas\.m2\repository\com\vladsch\flexmark\flexmark\0.62.2\flexmark-0.62.2.jar;C:\Users\Thomas\.m2\repository\com\vladsch\flexmark\flexmark-ext-abbreviation\0.62.2\flexmark-ext-abbreviation-0.62.2.jar;C:\Users\Thomas\.m2\repository\com\vladsch\flexmark\flexmark-util\0.62.2\flexmark-util-0.62.2.jar;C:\Users\Thomas\.m2\repository\com\vladsch\flexmark\flexmark-ext-admonition\0.62.2\flexmark-ext-admonition-0.62.2.jar;C:\Users\Thomas\.m2\repository\com\vladsch\flexmark\flexmark-ext-anchorlink\0.62.2\flexmark-ext-anchorlink-0.62.2.jar;C:\Users\Thomas\.m2\repository\com\vladsch\flexmark\flexmark-ext-aside\0.62.2\flexmark-ext-aside-0.62.2.jar;C:\Users\Thomas\.m2\repository\com\vladsch\flexmark\flexmark-ext-attributes\0.62.2\flexmark-ext-attributes-0.62.2.jar;C:\Users\Thomas\.m2\repository\com\vladsch\flexmark\flexmark-ext-autolink\0.62.2\flexmark-ext-autolink-0.62.2.jar;C:\Users\Thomas\.m2\repository\org\nibor\autolink\autolink\0.6.0\autolink-0.6.0.jar;C:\Users\Thomas\.m2\repository\com\vladsch\flexmark\flexmark-ext-definition\0.62.2\flexmark-ext-definition-0.62.2.jar;C:\Users\Thomas\.m2\repository\com\vladsch\flexmark\flexmark-ext-emoji\0.62.2\flexmark-ext-emoji-0.62.2.jar;C:\Users\Thomas\.m2\repository\com\vladsch\flexmark\flexmark-ext-enumerated-reference\0.62.2\flexmark-ext-enumerated-reference-0.62.2.jar;C:\Users\Thomas\.m2\repository\com\vladsch\flexmark\flexmark-ext-escaped-character\0.62.2\flexmark-ext-escaped-character-0.62.2.jar;C:\Users\Thomas\.m2\repository\com\vladsch\flexmark\flexmark-ext-footnotes\0.62.2\flexmark-ext-footnotes-0.62.2.jar;C:\Users\Thomas\.m2\repository\com\vladsch\flexmark\flexmark-ext-gfm-issues\0.62.2\flexmark-ext-gfm-issues-0.62.2.jar;C:\Users\Thomas\.m2\repository\com\vladsch\flexmark\flexmark-ext-gfm-strikethrough\0.62.2\flexmark-ext-gfm-strikethrough-0.62.2.jar;C:\Users\Thomas\.m2\repository\com\vladsch\flexmark\flexmark-ext-gfm-tasklist\0.62.2\flexmark-ext-gfm-tasklist-0.62.2.jar;C:\Users\Thomas\.m2\repository\com\vladsch\flexmark\flexmark-ext-gfm-users\0.62.2\flexmark-ext-gfm-users-0.62.2.jar;C:\Users\Thomas\.m2\repository\com\vladsch\flexmark\flexmark-ext-gitlab\0.62.2\flexmark-ext-gitlab-0.62.2.jar;C:\Users\Thomas\.m2\repository\com\vladsch\flexmark\flexmark-ext-jekyll-front-matter\0.62.2\flexmark-ext-jekyll-front-matter-0.62.2.jar;C:\Users\Thomas\.m2\repository\com\vladsch\flexmark\flexmark-ext-jekyll-tag\0.62.2\flexmark-ext-jekyll-tag-0.62.2.jar;C:\Users\Thomas\.m2\repository\com\vladsch\flexmark\flexmark-ext-media-tags\0.62.2\flexmark-ext-media-tags-0.62.2.jar;C:\Users\Thomas\.m2\repository\com\vladsch\flexmark\flexmark-ext-macros\0.62.2\flexmark-ext-macros-0.62.2.jar;C:\Users\Thomas\.m2\repository\com\vladsch\flexmark\flexmark-ext-ins\0.62.2\flexmark-ext-ins-0.62.2.jar;C:\Users\Thomas\.m2\repository\com\vladsch\flexmark\flexmark-ext-xwiki-macros\0.62.2\flexmark-ext-xwiki-macros-0.62.2.jar;C:\Users\Thomas\.m2\repository\com\vladsch\flexmark\flexmark-ext-superscript\0.62.2\flexmark-ext-superscript-0.62.2.jar;C:\Users\Thomas\.m2\repository\com\vladsch\flexmark\flexmark-ext-tables\0.62.2\flexmark-ext-tables-0.62.2.jar;C:\Users\Thomas\.m2\repository\com\vladsch\flexmark\flexmark-ext-toc\0.62.2\flexmark-ext-toc-0.62.2.jar;C:\Users\Thomas\.m2\repository\com\vladsch\flexmark\flexmark-ext-typographic\0.62.2\flexmark-ext-typographic-0.62.2.jar;C:\Users\Thomas\.m2\repository\com\vladsch\flexmark\flexmark-ext-wikilink\0.62.2\flexmark-ext-wikilink-0.62.2.jar;C:\Users\Thomas\.m2\repository\com\vladsch\flexmark\flexmark-ext-yaml-front-matter\0.62.2\flexmark-ext-yaml-front-matter-0.62.2.jar;C:\Users\Thomas\.m2\repository\com\vladsch\flexmark\flexmark-ext-youtube-embedded\0.62.2\flexmark-ext-youtube-embedded-0.62.2.jar;C:\Users\Thomas\.m2\repository\com\vladsch\flexmark\flexmark-html2md-converter\0.62.2\flexmark-html2md-converter-0.62.2.jar;C:\Users\Thomas\.m2\repository\com\vladsch\flexmark\flexmark-jira-converter\0.62.2\flexmark-jira-converter-0.62.2.jar;C:\Users\Thomas\.m2\repository\com\vladsch\flexmark\flexmark-pdf-converter\0.62.2\flexmark-pdf-converter-0.62.2.jar;C:\Users\Thomas\.m2\repository\com\openhtmltopdf\openhtmltopdf-core\1.0.0\openhtmltopdf-core-1.0.0.jar;C:\Users\Thomas\.m2\repository\com\openhtmltopdf\openhtmltopdf-pdfbox\1.0.0\openhtmltopdf-pdfbox-1.0.0.jar;C:\Users\Thomas\.m2\repository\org\apache\pdfbox\pdfbox\2.0.16\pdfbox-2.0.16.jar;C:\Users\Thomas\.m2\repository\org\apache\pdfbox\fontbox\2.0.16\fontbox-2.0.16.jar;C:\Users\Thomas\.m2\repository\org\apache\pdfbox\xmpbox\2.0.16\xmpbox-2.0.16.jar;C:\Users\Thomas\.m2\repository\de\rototor\pdfbox\graphics2d\0.24\graphics2d-0.24.jar;C:\Users\Thomas\.m2\repository\com\openhtmltopdf\openhtmltopdf-rtl-support\1.0.0\openhtmltopdf-rtl-support-1.0.0.jar;C:\Users\Thomas\.m2\repository\com\openhtmltopdf\openhtmltopdf-jsoup-dom-converter\1.0.0\openhtmltopdf-jsoup-dom-converter-1.0.0.jar;C:\Users\Thomas\.m2\repository\com\vladsch\flexmark\flexmark-profile-pegdown\0.62.2\flexmark-profile-pegdown-0.62.2.jar;C:\Users\Thomas\.m2\repository\com\vladsch\flexmark\flexmark-util-ast\0.62.2\flexmark-util-ast-0.62.2.jar;C:\Users\Thomas\.m2\repository\com\vladsch\flexmark\flexmark-util-builder\0.62.2\flexmark-util-builder-0.62.2.jar;C:\Users\Thomas\.m2\repository\com\vladsch\flexmark\flexmark-util-collection\0.62.2\flexmark-util-collection-0.62.2.jar;C:\Users\Thomas\.m2\repository\com\vladsch\flexmark\flexmark-util-data\0.62.2\flexmark-util-data-0.62.2.jar;C:\Users\Thomas\.m2\repository\com\vladsch\flexmark\flexmark-util-dependency\0.62.2\flexmark-util-dependency-0.62.2.jar;C:\Users\Thomas\.m2\repository\com\vladsch\flexmark\flexmark-util-format\0.62.2\flexmark-util-format-0.62.2.jar;C:\Users\Thomas\.m2\repository\com\vladsch\flexmark\flexmark-util-html\0.62.2\flexmark-util-html-0.62.2.jar;C:\Users\Thomas\.m2\repository\com\vladsch\flexmark\flexmark-util-misc\0.62.2\flexmark-util-misc-0.62.2.jar;C:\Users\Thomas\.m2\repository\com\vladsch\flexmark\flexmark-util-options\0.62.2\flexmark-util-options-0.62.2.jar;C:\Users\Thomas\.m2\repository\com\vladsch\flexmark\flexmark-util-sequence\0.62.2\flexmark-util-sequence-0.62.2.jar;C:\Users\Thomas\.m2\repository\com\vladsch\flexmark\flexmark-util-visitor\0.62.2\flexmark-util-visitor-0.62.2.jar;C:\Users\Thomas\.m2\repository\com\vladsch\flexmark\flexmark-youtrack-converter\0.62.2\flexmark-youtrack-converter-0.62.2.jar;C:\Users\Thomas\.m2\repository\com\ibm\icu\icu4j\72.1\icu4j-72.1.jar;C:\Users\Thomas\.m2\repository\es\nitaur\markdown\txtmark\0.16\txtmark-0.16.jar;C:\Users\Thomas\.m2\repository\net\serenity-bdd\serenity-report-resources\3.6.21\serenity-report-resources-3.6.21.jar;C:\Users\Thomas\.m2\repository\com\google\code\gson\gson\2.10.1\gson-2.10.1.jar;C:\Users\Thomas\.m2\repository\com\fasterxml\jackson\core\jackson-core\2.15.0-rc1\jackson-core-2.15.0-rc1.jar;C:\Users\Thomas\.m2\repository\com\fasterxml\jackson\core\jackson-databind\2.15.0-rc1\jackson-databind-2.15.0-rc1.jar;C:\Users\Thomas\.m2\repository\com\fasterxml\jackson\core\jackson-annotations\2.15.0-rc1\jackson-annotations-2.15.0-rc1.jar;C:\Users\Thomas\.m2\repository\commons-codec\commons-codec\1.15\commons-codec-1.15.jar;C:\Users\Thomas\.m2\repository\commons-io\commons-io\2.11.0\commons-io-2.11.0.jar;C:\Users\Thomas\.m2\repository\org\seleniumhq\selenium\selenium-java\4.8.1\selenium-java-4.8.1.jar;C:\Users\Thomas\.m2\repository\org\seleniumhq\selenium\selenium-devtools-v108\4.8.1\selenium-devtools-v108-4.8.1.jar;C:\Users\Thomas\.m2\repository\org\seleniumhq\selenium\selenium-devtools-v109\4.8.1\selenium-devtools-v109-4.8.1.jar;C:\Users\Thomas\.m2\repository\org\seleniumhq\selenium\selenium-devtools-v110\4.8.1\selenium-devtools-v110-4.8.1.jar;C:\Users\Thomas\.m2\repository\org\seleniumhq\selenium\selenium-devtools-v85\4.8.1\selenium-devtools-v85-4.8.1.jar;C:\Users\Thomas\.m2\repository\org\seleniumhq\selenium\selenium-remote-driver\4.8.1\selenium-remote-driver-4.8.1.jar;C:\Users\Thomas\.m2\repository\com\beust\jcommander\1.82\jcommander-1.82.jar;C:\Users\Thomas\.m2\repository\io\netty\netty-buffer\4.1.87.Final\netty-buffer-4.1.87.Final.jar;C:\Users\Thomas\.m2\repository\io\netty\netty-codec-http\4.1.87.Final\netty-codec-http-4.1.87.Final.jar;C:\Users\Thomas\.m2\repository\io\netty\netty-codec\4.1.87.Final\netty-codec-4.1.87.Final.jar;C:\Users\Thomas\.m2\repository\io\netty\netty-handler\4.1.87.Final\netty-handler-4.1.87.Final.jar;C:\Users\Thomas\.m2\repository\io\netty\netty-common\4.1.87.Final\netty-common-4.1.87.Final.jar;C:\Users\Thomas\.m2\repository\io\netty\netty-transport-classes-epoll\4.1.87.Final\netty-transport-classes-epoll-4.1.87.Final.jar;C:\Users\Thomas\.m2\repository\io\netty\netty-transport-classes-kqueue\4.1.87.Final\netty-transport-classes-kqueue-4.1.87.Final.jar;C:\Users\Thomas\.m2\repository\io\netty\netty-transport-native-epoll\4.1.87.Final\netty-transport-native-epoll-4.1.87.Final.jar;C:\Users\Thomas\.m2\repository\io\netty\netty-transport-native-kqueue\4.1.87.Final\netty-transport-native-kqueue-4.1.87.Final.jar;C:\Users\Thomas\.m2\repository\io\netty\netty-transport-native-unix-common\4.1.87.Final\netty-transport-native-unix-common-4.1.87.Final.jar;C:\Users\Thomas\.m2\repository\io\netty\netty-transport\4.1.87.Final\netty-transport-4.1.87.Final.jar;C:\Users\Thomas\.m2\repository\io\netty\netty-resolver\4.1.87.Final\netty-resolver-4.1.87.Final.jar;C:\Users\Thomas\.m2\repository\io\opentelemetry\opentelemetry-api\1.22.0\opentelemetry-api-1.22.0.jar;C:\Users\Thomas\.m2\repository\io\opentelemetry\opentelemetry-context\1.22.0\opentelemetry-context-1.22.0.jar;C:\Users\Thomas\.m2\repository\io\opentelemetry\opentelemetry-exporter-logging\1.22.0\opentelemetry-exporter-logging-1.22.0.jar;C:\Users\Thomas\.m2\repository\io\opentelemetry\opentelemetry-sdk-metrics\1.22.0\opentelemetry-sdk-metrics-1.22.0.jar;C:\Users\Thomas\.m2\repository\io\opentelemetry\opentelemetry-sdk-logs\1.22.0-alpha\opentelemetry-sdk-logs-1.22.0-alpha.jar;C:\Users\Thomas\.m2\repository\io\opentelemetry\opentelemetry-api-logs\1.22.0-alpha\opentelemetry-api-logs-1.22.0-alpha.jar;C:\Users\Thomas\.m2\repository\io\opentelemetry\opentelemetry-sdk-common\1.22.0\opentelemetry-sdk-common-1.22.0.jar;C:\Users\Thomas\.m2\repository\io\opentelemetry\opentelemetry-sdk-extension-autoconfigure-spi\1.22.0\opentelemetry-sdk-extension-autoconfigure-spi-1.22.0.jar;C:\Users\Thomas\.m2\repository\io\opentelemetry\opentelemetry-sdk-extension-autoconfigure\1.22.0-alpha\opentelemetry-sdk-extension-autoconfigure-1.22.0-alpha.jar;C:\Users\Thomas\.m2\repository\io\opentelemetry\opentelemetry-sdk-trace\1.22.0\opentelemetry-sdk-trace-1.22.0.jar;C:\Users\Thomas\.m2\repository\io\opentelemetry\opentelemetry-sdk\1.22.0\opentelemetry-sdk-1.22.0.jar;C:\Users\Thomas\.m2\repository\io\opentelemetry\opentelemetry-semconv\1.22.0-alpha\opentelemetry-semconv-1.22.0-alpha.jar;C:\Users\Thomas\.m2\repository\io\ous\jtoml\2.0.0\jtoml-2.0.0.jar;C:\Users\Thomas\.m2\repository\org\apache\commons\commons-exec\1.3\commons-exec-1.3.jar;C:\Users\Thomas\.m2\repository\org\asynchttpclient\async-http-client\2.12.3\async-http-client-2.12.3.jar;C:\Users\Thomas\.m2\repository\org\asynchttpclient\async-http-client-netty-utils\2.12.3\async-http-client-netty-utils-2.12.3.jar;C:\Users\Thomas\.m2\repository\io\netty\netty-codec-socks\4.1.60.Final\netty-codec-socks-4.1.60.Final.jar;C:\Users\Thomas\.m2\repository\io\netty\netty-handler-proxy\4.1.60.Final\netty-handler-proxy-4.1.60.Final.jar;C:\Users\Thomas\.m2\repository\io\netty\netty-transport-native-epoll\4.1.60.Final\netty-transport-native-epoll-4.1.60.Final-linux-x86_64.jar;C:\Users\Thomas\.m2\repository\io\netty\netty-transport-native-kqueue\4.1.60.Final\netty-transport-native-kqueue-4.1.60.Final-osx-x86_64.jar;C:\Users\Thomas\.m2\repository\org\reactivestreams\reactive-streams\1.0.3\reactive-streams-1.0.3.jar;C:\Users\Thomas\.m2\repository\com\typesafe\netty\netty-reactive-streams\2.0.4\netty-reactive-streams-2.0.4.jar;C:\Users\Thomas\.m2\repository\org\seleniumhq\selenium\selenium-manager\4.8.1\selenium-manager-4.8.1.jar;C:\Users\Thomas\.m2\repository\org\seleniumhq\selenium\selenium-safari-driver\4.8.1\selenium-safari-driver-4.8.1.jar;C:\Users\Thomas\.m2\repository\org\seleniumhq\selenium\selenium-api\4.8.1\selenium-api-4.8.1.jar;C:\Users\Thomas\.m2\repository\org\seleniumhq\selenium\selenium-support\4.8.1\selenium-support-4.8.1.jar;C:\Users\Thomas\.m2\repository\com\google\auto\service\auto-service-annotations\1.0.1\auto-service-annotations-1.0.1.jar;C:\Users\Thomas\.m2\repository\com\google\auto\service\auto-service\1.0.1\auto-service-1.0.1.jar;C:\Users\Thomas\.m2\repository\com\google\auto\auto-common\1.2\auto-common-1.2.jar;C:\Users\Thomas\.m2\repository\org\seleniumhq\selenium\selenium-json\4.8.1\selenium-json-4.8.1.jar;C:\Users\Thomas\.m2\repository\org\seleniumhq\selenium\selenium-chrome-driver\4.8.1\selenium-chrome-driver-4.8.1.jar;C:\Users\Thomas\.m2\repository\org\seleniumhq\selenium\selenium-chromium-driver\4.8.1\selenium-chromium-driver-4.8.1.jar;C:\Users\Thomas\.m2\repository\org\seleniumhq\selenium\selenium-firefox-driver\4.8.1\selenium-firefox-driver-4.8.1.jar;C:\Users\Thomas\.m2\repository\org\seleniumhq\selenium\selenium-http\4.8.1\selenium-http-4.8.1.jar;C:\Users\Thomas\.m2\repository\dev\failsafe\failsafe\3.3.0\failsafe-3.3.0.jar;C:\Users\Thomas\.m2\repository\org\seleniumhq\selenium\selenium-edge-driver\4.8.1\selenium-edge-driver-4.8.1.jar;C:\Users\Thomas\.m2\repository\org\seleniumhq\selenium\selenium-ie-driver\4.8.1\selenium-ie-driver-4.8.1.jar;C:\Users\Thomas\.m2\repository\org\projectlombok\lombok\1.18.20\lombok-1.18.20.jar;C:\Users\Thomas\.m2\repository\io\appium\java-client\8.3.0\java-client-8.3.0.jar;C:\Users\Thomas\.m2\repository\commons-validator\commons-validator\1.7\commons-validator-1.7.jar;C:\Users\Thomas\.m2\repository\commons-digester\commons-digester\2.1\commons-digester-2.1.jar;C:\Users\Thomas\.m2\repository\net\sf\opencsv\opencsv\2.0\opencsv-2.0.jar;C:\Users\Thomas\.m2\repository\commons-beanutils\commons-beanutils\1.9.4\commons-beanutils-1.9.4.jar;C:\Users\Thomas\.m2\repository\org\apache\commons\commons-lang3\3.12.0\commons-lang3-3.12.0.jar;C:\Users\Thomas\.m2\repository\commons-collections\commons-collections\3.2.2\commons-collections-3.2.2.jar;C:\Users\Thomas\.m2\repository\org\fluentlenium\fluentlenium-core\0.10.2\fluentlenium-core-0.10.2.jar;C:\Users\Thomas\.m2\repository\io\github\bonigarcia\webdrivermanager\5.3.0\webdrivermanager-5.3.0.jar;C:\Users\Thomas\.m2\repository\com\github\docker-java\docker-java\3.2.13\docker-java-3.2.13.jar;C:\Users\Thomas\.m2\repository\com\github\docker-java\docker-java-core\3.2.13\docker-java-core-3.2.13.jar;C:\Users\Thomas\.m2\repository\com\github\docker-java\docker-java-api\3.2.13\docker-java-api-3.2.13.jar;C:\Users\Thomas\.m2\repository\org\apache\commons\commons-compress\1.21\commons-compress-1.21.jar;C:\Users\Thomas\.m2\repository\org\bouncycastle\bcpkix-jdk15on\1.64\bcpkix-jdk15on-1.64.jar;C:\Users\Thomas\.m2\repository\org\bouncycastle\bcprov-jdk15on\1.64\bcprov-jdk15on-1.64.jar;C:\Users\Thomas\.m2\repository\org\slf4j\jcl-over-slf4j\1.7.30\jcl-over-slf4j-1.7.30.jar;C:\Users\Thomas\.m2\repository\com\github\docker-java\docker-java-transport-httpclient5\3.2.13\docker-java-transport-httpclient5-3.2.13.jar;C:\Users\Thomas\.m2\repository\com\github\docker-java\docker-java-transport\3.2.13\docker-java-transport-3.2.13.jar;C:\Users\Thomas\.m2\repository\net\java\dev\jna\jna\5.8.0\jna-5.8.0.jar;C:\Users\Thomas\.m2\repository\org\brotli\dec\0.1.2\dec-0.1.2.jar;C:\Users\Thomas\.m2\repository\org\apache\httpcomponents\client5\httpclient5\5.1.3\httpclient5-5.1.3.jar;C:\Users\Thomas\.m2\repository\org\apache\httpcomponents\core5\httpcore5\5.1.3\httpcore5-5.1.3.jar;C:\Users\Thomas\.m2\repository\org\apache\httpcomponents\core5\httpcore5-h2\5.1.3\httpcore5-h2-5.1.3.jar;C:\Users\Thomas\.m2\repository\com\jhlabs\filters\2.0.235\filters-2.0.235.jar;C:\Users\Thomas\.m2\repository\com\paulhammant\ngwebdriver\1.1.6\ngwebdriver-1.1.6.jar;C:\Users\Thomas\.m2\repository\joda-time\joda-time\2.12.2\joda-time-2.12.2.jar;C:\Users\Thomas\.m2\repository\org\hamcrest\hamcrest\2.2\hamcrest-2.2.jar;C:\Users\Thomas\.m2\repository\com\google\jimfs\jimfs\1.2\jimfs-1.2.jar;C:\Users\Thomas\.m2\repository\org\mockito\mockito-core\3.3.3\mockito-core-3.3.3.jar;C:\Users\Thomas\.m2\repository\javax\xml\bind\jaxb-api\2.3.1\jaxb-api-2.3.1.jar;C:\Users\Thomas\.m2\repository\javax\activation\javax.activation-api\1.2.0\javax.activation-api-1.2.0.jar;C:\Users\Thomas\.m2\repository\com\sun\xml\bind\jaxb-core\2.3.0.1\jaxb-core-2.3.0.1.jar;C:\Users\Thomas\.m2\repository\com\sun\xml\bind\jaxb-impl\2.3.3\jaxb-impl-2.3.3.jar;C:\Users\Thomas\.m2\repository\jakarta\xml\bind\jakarta.xml.bind-api\2.3.3\jakarta.xml.bind-api-2.3.3.jar;C:\Users\Thomas\.m2\repository\com\sun\activation\jakarta.activation\1.2.2\jakarta.activation-1.2.2.jar;C:\Users\Thomas\.m2\repository\javax\activation\activation\1.1.1\activation-1.1.1.jar;C:\Users\Thomas\.m2\repository\com\github\javafaker\javafaker\1.0.2\javafaker-1.0.2.jar;C:\Users\Thomas\.m2\repository\org\yaml\snakeyaml\1.23\snakeyaml-1.23-android.jar;C:\Users\Thomas\.m2\repository\com\github\mifmif\generex\1.0.2\generex-1.0.2.jar;C:\Users\Thomas\.m2\repository\dk\brics\automaton\automaton\1.11-8\automaton-1.11-8.jar;C:\Users\Thomas\.m2\repository\net\serenity-bdd\serenity-cucumber\3.6.21\serenity-cucumber-3.6.21.jar;C:\Users\Thomas\.m2\repository\io\cucumber\cucumber-core\7.11.0\cucumber-core-7.11.0.jar;C:\Users\Thomas\.m2\repository\io\cucumber\cucumber-gherkin\7.11.0\cucumber-gherkin-7.11.0.jar;C:\Users\Thomas\.m2\repository\io\cucumber\cucumber-gherkin-messages\7.11.0\cucumber-gherkin-messages-7.11.0.jar;C:\Users\Thomas\.m2\repository\io\cucumber\gherkin\26.0.3\gherkin-26.0.3.jar;C:\Users\Thomas\.m2\repository\io\cucumber\messages\21.0.1\messages-21.0.1.jar;C:\Users\Thomas\.m2\repository\io\cucumber\tag-expressions\5.0.1\tag-expressions-5.0.1.jar;C:\Users\Thomas\.m2\repository\io\cucumber\cucumber-expressions\16.1.1\cucumber-expressions-16.1.1.jar;C:\Users\Thomas\.m2\repository\io\cucumber\datatable\7.11.0\datatable-7.11.0.jar;C:\Users\Thomas\.m2\repository\io\cucumber\cucumber-plugin\7.11.0\cucumber-plugin-7.11.0.jar;C:\Users\Thomas\.m2\repository\io\cucumber\docstring\7.11.0\docstring-7.11.0.jar;C:\Users\Thomas\.m2\repository\io\cucumber\html-formatter\20.2.1\html-formatter-20.2.1.jar;C:\Users\Thomas\.m2\repository\io\cucumber\junit-xml-formatter\0.1.0\junit-xml-formatter-0.1.0.jar;C:\Users\Thomas\.m2\repository\io\cucumber\ci-environment\9.1.0\ci-environment-9.1.0.jar;C:\Users\Thomas\.m2\repository\io\cucumber\cucumber-java\7.11.0\cucumber-java-7.11.0.jar;C:\Users\Thomas\.m2\repository\io\cucumber\cucumber-junit\7.11.0\cucumber-junit-7.11.0.jar;C:\Users\Thomas\.m2\repository\org\apache\commons\commons-csv\1.5\commons-csv-1.5.jar;C:\Users\Thomas\.m2\repository\net\serenity-bdd\serenity-screenplay\3.6.21\serenity-screenplay-3.6.21.jar;C:\Users\Thomas\.m2\repository\net\serenity-bdd\serenity-screenplay-webdriver\3.6.21\serenity-screenplay-webdriver-3.6.21.jar;C:\Users\Thomas\.m2\repository\net\serenity-bdd\serenity-ensure\3.6.21\serenity-ensure-3.6.21.jar;C:\Users\Thomas\.m2\repository\net\serenity-bdd\serenity-junit\3.6.21\serenity-junit-3.6.21.jar;C:\Users\Thomas\.m2\repository\org\jetbrains\kotlin\kotlin-stdlib\1.8.10\kotlin-stdlib-1.8.10.jar;C:\Users\Thomas\.m2\repository\org\jetbrains\kotlin\kotlin-stdlib-common\1.8.10\kotlin-stdlib-common-1.8.10.jar;C:\Users\Thomas\.m2\repository\org\jetbrains\annotations\13.0\annotations-13.0.jar;C:\Users\Thomas\.m2\repository\org\junit\platform\junit-platform-launcher\1.9.2\junit-platform-launcher-1.9.2.jar;C:\Users\Thomas\.m2\repository\org\junit\platform\junit-platform-engine\1.9.2\junit-platform-engine-1.9.2.jar;C:\Users\Thomas\.m2\repository\org\junit\platform\junit-platform-commons\1.9.2\junit-platform-commons-1.9.2.jar;C:\Users\Thomas\.m2\repository\org\apiguardian\apiguardian-api\1.1.2\apiguardian-api-1.1.2.jar;C:\Users\Thomas\.m2\repository\org\junit\jupiter\junit-jupiter-engine\5.9.2\junit-jupiter-engine-5.9.2.jar;C:\Users\Thomas\.m2\repository\org\junit\jupiter\junit-jupiter-api\5.9.2\junit-jupiter-api-5.9.2.jar;C:\Users\Thomas\.m2\repository\org\junit\vintage\junit-vintage-engine\5.9.2\junit-vintage-engine-5.9.2.jar;C:\Users\Thomas\.m2\repository\junit\junit\4.13.2\junit-4.13.2.jar;C:\Users\Thomas\.m2\repository\org\hamcrest\hamcrest-core\1.3\hamcrest-core-1.3.jar;C:\Users\Thomas\.m2\repository\ch\qos\logback\logback-classic\1.4.6\logback-classic-1.4.6.jar;C:\Users\Thomas\.m2\repository\ch\qos\logback\logback-core\1.4.6\logback-core-1.4.6.jar;C:\Users\Thomas\.m2\repository\org\slf4j\slf4j-api\2.0.4\slf4j-api-2.0.4.jar;C:\Users\Thomas\.m2\repository\org\assertj\assertj-core\3.24.2\assertj-core-3.24.2.jar;C:\Users\Thomas\.m2\repository\net\bytebuddy\byte-buddy\1.12.21\byte-buddy-1.12.21.jar;"/>
    <property name="java.vm.vendor" value="Oracle Corporation"/>
    <property name="sun.arch.data.model" value="64"/>
    <property name="user.variant" value=""/>
    <property name="java.vendor.url" value="https://openjdk.java.net/"/>
    <property name="user.timezone" value="Asia/Bangkok"/>
    <property name="java.vm.specification.version" value="11"/>
    <property name="os.name" value="Windows 10"/>
    <property name="sun.java.launcher" value="SUN_STANDARD"/>
    <property name="user.country" value="ID"/>
    <property name="sun.boot.library.path" value="C:\Program Files\Java\jdk-11.0.15\bin"/>
    <property name="sun.java.command" value="org.apache.maven.surefire.booter.ForkedBooter C:\Users\Thomas\AppData\Local\Temp\surefire16786500151036623397 2023-06-24T14-45-47_565-jvmRun1 surefire17776494801884687983tmp surefire_01590728802956417647tmp"/>
    <property name="jdk.debug" value="release"/>
    <property name="surefire.test.class.path" value="D:\GITHUB\qe-automation\capstone-api\target\test-classes;C:\Users\Thomas\.m2\repository\com\googlecode\json-simple\json-simple\1.1\json-simple-1.1.jar;C:\Users\Thomas\.m2\repository\net\serenity-bdd\serenity-rest-assured\3.6.22\serenity-rest-assured-3.6.22.jar;C:\Users\Thomas\.m2\repository\org\apache\httpcomponents\httpclient\4.5.13\httpclient-4.5.13.jar;C:\Users\Thomas\.m2\repository\org\apache\httpcomponents\httpcore\4.4.13\httpcore-4.4.13.jar;C:\Users\Thomas\.m2\repository\commons-logging\commons-logging\1.2\commons-logging-1.2.jar;C:\Users\Thomas\.m2\repository\io\rest-assured\rest-assured\5.3.0\rest-assured-5.3.0.jar;C:\Users\Thomas\.m2\repository\org\apache\httpcomponents\httpmime\4.5.13\httpmime-4.5.13.jar;C:\Users\Thomas\.m2\repository\org\ccil\cowan\tagsoup\tagsoup\1.2.1\tagsoup-1.2.1.jar;C:\Users\Thomas\.m2\repository\io\rest-assured\json-path\5.3.0\json-path-5.3.0.jar;C:\Users\Thomas\.m2\repository\io\rest-assured\rest-assured-common\5.3.0\rest-assured-common-5.3.0.jar;C:\Users\Thomas\.m2\repository\io\rest-assured\xml-path\5.3.0\xml-path-5.3.0.jar;C:\Users\Thomas\.m2\repository\org\apache\groovy\groovy-json\4.0.10\groovy-json-4.0.10.jar;C:\Users\Thomas\.m2\repository\org\apache\groovy\groovy-xml\4.0.10\groovy-xml-4.0.10.jar;C:\Users\Thomas\.m2\repository\org\apache\groovy\groovy\4.0.10\groovy-4.0.10.jar;C:\Users\Thomas\.m2\repository\org\opentest4j\opentest4j\1.2.0\opentest4j-1.2.0.jar;C:\Users\Thomas\.m2\repository\net\serenity-bdd\serenity-core\3.6.21\serenity-core-3.6.21.jar;C:\Users\Thomas\.m2\repository\net\serenity-bdd\serenity-model\3.6.21\serenity-model-3.6.21.jar;C:\Users\Thomas\.m2\repository\org\apache\commons\commons-text\1.10.0\commons-text-1.10.0.jar;C:\Users\Thomas\.m2\repository\commons-net\commons-net\3.9.0\commons-net-3.9.0.jar;C:\Users\Thomas\.m2\repository\com\google\guava\guava\31.1-jre\guava-31.1-jre.jar;C:\Users\Thomas\.m2\repository\com\google\guava\failureaccess\1.0.1\failureaccess-1.0.1.jar;C:\Users\Thomas\.m2\repository\com\google\guava\listenablefuture\9999.0-empty-to-avoid-conflict-with-guava\listenablefuture-9999.0-empty-to-avoid-conflict-with-guava.jar;C:\Users\Thomas\.m2\repository\com\google\code\findbugs\jsr305\3.0.2\jsr305-3.0.2.jar;C:\Users\Thomas\.m2\repository\org\checkerframework\checker-qual\3.12.0\checker-qual-3.12.0.jar;C:\Users\Thomas\.m2\repository\com\google\errorprone\error_prone_annotations\2.11.0\error_prone_annotations-2.11.0.jar;C:\Users\Thomas\.m2\repository\com\google\j2objc\j2objc-annotations\1.3\j2objc-annotations-1.3.jar;C:\Users\Thomas\.m2\repository\com\google\inject\guice\5.1.0\guice-5.1.0.jar;C:\Users\Thomas\.m2\repository\javax\inject\javax.inject\1\javax.inject-1.jar;C:\Users\Thomas\.m2\repository\aopalliance\aopalliance\1.0\aopalliance-1.0.jar;C:\Users\Thomas\.m2\repository\org\jsoup\jsoup\1.14.3\jsoup-1.14.3.jar;C:\Users\Thomas\.m2\repository\com\thoughtworks\xstream\xstream\1.4.20\xstream-1.4.20.jar;C:\Users\Thomas\.m2\repository\io\github\x-stream\mxparser\1.2.2\mxparser-1.2.2.jar;C:\Users\Thomas\.m2\repository\xmlpull\xmlpull\1.1.3.1\xmlpull-1.1.3.1.jar;C:\Users\Thomas\.m2\repository\com\typesafe\config\1.4.2\config-1.4.2.jar;C:\Users\Thomas\.m2\repository\org\imgscalr\imgscalr-lib\4.2\imgscalr-lib-4.2.jar;C:\Users\Thomas\.m2\repository\org\awaitility\awaitility\4.2.0\awaitility-4.2.0.jar;C:\Users\Thomas\.m2\repository\org\freemarker\freemarker\2.3.31\freemarker-2.3.31.jar;C:\Users\Thomas\.m2\repository\io\github\classgraph\classgraph\4.8.138\classgraph-4.8.138.jar;C:\Users\Thomas\.m2\repository\net\sourceforge\jexcelapi\jxl\2.6.12\jxl-2.6.12.jar;C:\Users\Thomas\.m2\repository\net\bytebuddy\byte-buddy-agent\1.14.2\byte-buddy-agent-1.14.2.jar;C:\Users\Thomas\.m2\repository\org\objenesis\objenesis\3.3\objenesis-3.3.jar;C:\Users\Thomas\.m2\repository\net\serenity-bdd\serenity-reports\3.6.21\serenity-reports-3.6.21.jar;C:\Users\Thomas\.m2\repository\net\serenity-bdd\serenity-stats\3.6.21\serenity-stats-3.6.21.jar;C:\Users\Thomas\.m2\repository\net\serenity-bdd\serenity-reports-configuration\3.6.21\serenity-reports-configuration-3.6.21.jar;C:\Users\Thomas\.m2\repository\com\vladsch\flexmark\flexmark-all\0.62.2\flexmark-all-0.62.2.jar;C:\Users\Thomas\.m2\repository\com\vladsch\flexmark\flexmark\0.62.2\flexmark-0.62.2.jar;C:\Users\Thomas\.m2\repository\com\vladsch\flexmark\flexmark-ext-abbreviation\0.62.2\flexmark-ext-abbreviation-0.62.2.jar;C:\Users\Thomas\.m2\repository\com\vladsch\flexmark\flexmark-util\0.62.2\flexmark-util-0.62.2.jar;C:\Users\Thomas\.m2\repository\com\vladsch\flexmark\flexmark-ext-admonition\0.62.2\flexmark-ext-admonition-0.62.2.jar;C:\Users\Thomas\.m2\repository\com\vladsch\flexmark\flexmark-ext-anchorlink\0.62.2\flexmark-ext-anchorlink-0.62.2.jar;C:\Users\Thomas\.m2\repository\com\vladsch\flexmark\flexmark-ext-aside\0.62.2\flexmark-ext-aside-0.62.2.jar;C:\Users\Thomas\.m2\repository\com\vladsch\flexmark\flexmark-ext-attributes\0.62.2\flexmark-ext-attributes-0.62.2.jar;C:\Users\Thomas\.m2\repository\com\vladsch\flexmark\flexmark-ext-autolink\0.62.2\flexmark-ext-autolink-0.62.2.jar;C:\Users\Thomas\.m2\repository\org\nibor\autolink\autolink\0.6.0\autolink-0.6.0.jar;C:\Users\Thomas\.m2\repository\com\vladsch\flexmark\flexmark-ext-definition\0.62.2\flexmark-ext-definition-0.62.2.jar;C:\Users\Thomas\.m2\repository\com\vladsch\flexmark\flexmark-ext-emoji\0.62.2\flexmark-ext-emoji-0.62.2.jar;C:\Users\Thomas\.m2\repository\com\vladsch\flexmark\flexmark-ext-enumerated-reference\0.62.2\flexmark-ext-enumerated-reference-0.62.2.jar;C:\Users\Thomas\.m2\repository\com\vladsch\flexmark\flexmark-ext-escaped-character\0.62.2\flexmark-ext-escaped-character-0.62.2.jar;C:\Users\Thomas\.m2\repository\com\vladsch\flexmark\flexmark-ext-footnotes\0.62.2\flexmark-ext-footnotes-0.62.2.jar;C:\Users\Thomas\.m2\repository\com\vladsch\flexmark\flexmark-ext-gfm-issues\0.62.2\flexmark-ext-gfm-issues-0.62.2.jar;C:\Users\Thomas\.m2\repository\com\vladsch\flexmark\flexmark-ext-gfm-strikethrough\0.62.2\flexmark-ext-gfm-strikethrough-0.62.2.jar;C:\Users\Thomas\.m2\repository\com\vladsch\flexmark\flexmark-ext-gfm-tasklist\0.62.2\flexmark-ext-gfm-tasklist-0.62.2.jar;C:\Users\Thomas\.m2\repository\com\vladsch\flexmark\flexmark-ext-gfm-users\0.62.2\flexmark-ext-gfm-users-0.62.2.jar;C:\Users\Thomas\.m2\repository\com\vladsch\flexmark\flexmark-ext-gitlab\0.62.2\flexmark-ext-gitlab-0.62.2.jar;C:\Users\Thomas\.m2\repository\com\vladsch\flexmark\flexmark-ext-jekyll-front-matter\0.62.2\flexmark-ext-jekyll-front-matter-0.62.2.jar;C:\Users\Thomas\.m2\repository\com\vladsch\flexmark\flexmark-ext-jekyll-tag\0.62.2\flexmark-ext-jekyll-tag-0.62.2.jar;C:\Users\Thomas\.m2\repository\com\vladsch\flexmark\flexmark-ext-media-tags\0.62.2\flexmark-ext-media-tags-0.62.2.jar;C:\Users\Thomas\.m2\repository\com\vladsch\flexmark\flexmark-ext-macros\0.62.2\flexmark-ext-macros-0.62.2.jar;C:\Users\Thomas\.m2\repository\com\vladsch\flexmark\flexmark-ext-ins\0.62.2\flexmark-ext-ins-0.62.2.jar;C:\Users\Thomas\.m2\repository\com\vladsch\flexmark\flexmark-ext-xwiki-macros\0.62.2\flexmark-ext-xwiki-macros-0.62.2.jar;C:\Users\Thomas\.m2\repository\com\vladsch\flexmark\flexmark-ext-superscript\0.62.2\flexmark-ext-superscript-0.62.2.jar;C:\Users\Thomas\.m2\repository\com\vladsch\flexmark\flexmark-ext-tables\0.62.2\flexmark-ext-tables-0.62.2.jar;C:\Users\Thomas\.m2\repository\com\vladsch\flexmark\flexmark-ext-toc\0.62.2\flexmark-ext-toc-0.62.2.jar;C:\Users\Thomas\.m2\repository\com\vladsch\flexmark\flexmark-ext-typographic\0.62.2\flexmark-ext-typographic-0.62.2.jar;C:\Users\Thomas\.m2\repository\com\vladsch\flexmark\flexmark-ext-wikilink\0.62.2\flexmark-ext-wikilink-0.62.2.jar;C:\Users\Thomas\.m2\repository\com\vladsch\flexmark\flexmark-ext-yaml-front-matter\0.62.2\flexmark-ext-yaml-front-matter-0.62.2.jar;C:\Users\Thomas\.m2\repository\com\vladsch\flexmark\flexmark-ext-youtube-embedded\0.62.2\flexmark-ext-youtube-embedded-0.62.2.jar;C:\Users\Thomas\.m2\repository\com\vladsch\flexmark\flexmark-html2md-converter\0.62.2\flexmark-html2md-converter-0.62.2.jar;C:\Users\Thomas\.m2\repository\com\vladsch\flexmark\flexmark-jira-converter\0.62.2\flexmark-jira-converter-0.62.2.jar;C:\Users\Thomas\.m2\repository\com\vladsch\flexmark\flexmark-pdf-converter\0.62.2\flexmark-pdf-converter-0.62.2.jar;C:\Users\Thomas\.m2\repository\com\openhtmltopdf\openhtmltopdf-core\1.0.0\openhtmltopdf-core-1.0.0.jar;C:\Users\Thomas\.m2\repository\com\openhtmltopdf\openhtmltopdf-pdfbox\1.0.0\openhtmltopdf-pdfbox-1.0.0.jar;C:\Users\Thomas\.m2\repository\org\apache\pdfbox\pdfbox\2.0.16\pdfbox-2.0.16.jar;C:\Users\Thomas\.m2\repository\org\apache\pdfbox\fontbox\2.0.16\fontbox-2.0.16.jar;C:\Users\Thomas\.m2\repository\org\apache\pdfbox\xmpbox\2.0.16\xmpbox-2.0.16.jar;C:\Users\Thomas\.m2\repository\de\rototor\pdfbox\graphics2d\0.24\graphics2d-0.24.jar;C:\Users\Thomas\.m2\repository\com\openhtmltopdf\openhtmltopdf-rtl-support\1.0.0\openhtmltopdf-rtl-support-1.0.0.jar;C:\Users\Thomas\.m2\repository\com\openhtmltopdf\openhtmltopdf-jsoup-dom-converter\1.0.0\openhtmltopdf-jsoup-dom-converter-1.0.0.jar;C:\Users\Thomas\.m2\repository\com\vladsch\flexmark\flexmark-profile-pegdown\0.62.2\flexmark-profile-pegdown-0.62.2.jar;C:\Users\Thomas\.m2\repository\com\vladsch\flexmark\flexmark-util-ast\0.62.2\flexmark-util-ast-0.62.2.jar;C:\Users\Thomas\.m2\repository\com\vladsch\flexmark\flexmark-util-builder\0.62.2\flexmark-util-builder-0.62.2.jar;C:\Users\Thomas\.m2\repository\com\vladsch\flexmark\flexmark-util-collection\0.62.2\flexmark-util-collection-0.62.2.jar;C:\Users\Thomas\.m2\repository\com\vladsch\flexmark\flexmark-util-data\0.62.2\flexmark-util-data-0.62.2.jar;C:\Users\Thomas\.m2\repository\com\vladsch\flexmark\flexmark-util-dependency\0.62.2\flexmark-util-dependency-0.62.2.jar;C:\Users\Thomas\.m2\repository\com\vladsch\flexmark\flexmark-util-format\0.62.2\flexmark-util-format-0.62.2.jar;C:\Users\Thomas\.m2\repository\com\vladsch\flexmark\flexmark-util-html\0.62.2\flexmark-util-html-0.62.2.jar;C:\Users\Thomas\.m2\repository\com\vladsch\flexmark\flexmark-util-misc\0.62.2\flexmark-util-misc-0.62.2.jar;C:\Users\Thomas\.m2\repository\com\vladsch\flexmark\flexmark-util-options\0.62.2\flexmark-util-options-0.62.2.jar;C:\Users\Thomas\.m2\repository\com\vladsch\flexmark\flexmark-util-sequence\0.62.2\flexmark-util-sequence-0.62.2.jar;C:\Users\Thomas\.m2\repository\com\vladsch\flexmark\flexmark-util-visitor\0.62.2\flexmark-util-visitor-0.62.2.jar;C:\Users\Thomas\.m2\repository\com\vladsch\flexmark\flexmark-youtrack-converter\0.62.2\flexmark-youtrack-converter-0.62.2.jar;C:\Users\Thomas\.m2\repository\com\ibm\icu\icu4j\72.1\icu4j-72.1.jar;C:\Users\Thomas\.m2\repository\es\nitaur\markdown\txtmark\0.16\txtmark-0.16.jar;C:\Users\Thomas\.m2\repository\net\serenity-bdd\serenity-report-resources\3.6.21\serenity-report-resources-3.6.21.jar;C:\Users\Thomas\.m2\repository\com\google\code\gson\gson\2.10.1\gson-2.10.1.jar;C:\Users\Thomas\.m2\repository\com\fasterxml\jackson\core\jackson-core\2.15.0-rc1\jackson-core-2.15.0-rc1.jar;C:\Users\Thomas\.m2\repository\com\fasterxml\jackson\core\jackson-databind\2.15.0-rc1\jackson-databind-2.15.0-rc1.jar;C:\Users\Thomas\.m2\repository\com\fasterxml\jackson\core\jackson-annotations\2.15.0-rc1\jackson-annotations-2.15.0-rc1.jar;C:\Users\Thomas\.m2\repository\commons-codec\commons-codec\1.15\commons-codec-1.15.jar;C:\Users\Thomas\.m2\repository\commons-io\commons-io\2.11.0\commons-io-2.11.0.jar;C:\Users\Thomas\.m2\repository\org\seleniumhq\selenium\selenium-java\4.8.1\selenium-java-4.8.1.jar;C:\Users\Thomas\.m2\repository\org\seleniumhq\selenium\selenium-devtools-v108\4.8.1\selenium-devtools-v108-4.8.1.jar;C:\Users\Thomas\.m2\repository\org\seleniumhq\selenium\selenium-devtools-v109\4.8.1\selenium-devtools-v109-4.8.1.jar;C:\Users\Thomas\.m2\repository\org\seleniumhq\selenium\selenium-devtools-v110\4.8.1\selenium-devtools-v110-4.8.1.jar;C:\Users\Thomas\.m2\repository\org\seleniumhq\selenium\selenium-devtools-v85\4.8.1\selenium-devtools-v85-4.8.1.jar;C:\Users\Thomas\.m2\repository\org\seleniumhq\selenium\selenium-remote-driver\4.8.1\selenium-remote-driver-4.8.1.jar;C:\Users\Thomas\.m2\repository\com\beust\jcommander\1.82\jcommander-1.82.jar;C:\Users\Thomas\.m2\repository\io\netty\netty-buffer\4.1.87.Final\netty-buffer-4.1.87.Final.jar;C:\Users\Thomas\.m2\repository\io\netty\netty-codec-http\4.1.87.Final\netty-codec-http-4.1.87.Final.jar;C:\Users\Thomas\.m2\repository\io\netty\netty-codec\4.1.87.Final\netty-codec-4.1.87.Final.jar;C:\Users\Thomas\.m2\repository\io\netty\netty-handler\4.1.87.Final\netty-handler-4.1.87.Final.jar;C:\Users\Thomas\.m2\repository\io\netty\netty-common\4.1.87.Final\netty-common-4.1.87.Final.jar;C:\Users\Thomas\.m2\repository\io\netty\netty-transport-classes-epoll\4.1.87.Final\netty-transport-classes-epoll-4.1.87.Final.jar;C:\Users\Thomas\.m2\repository\io\netty\netty-transport-classes-kqueue\4.1.87.Final\netty-transport-classes-kqueue-4.1.87.Final.jar;C:\Users\Thomas\.m2\repository\io\netty\netty-transport-native-epoll\4.1.87.Final\netty-transport-native-epoll-4.1.87.Final.jar;C:\Users\Thomas\.m2\repository\io\netty\netty-transport-native-kqueue\4.1.87.Final\netty-transport-native-kqueue-4.1.87.Final.jar;C:\Users\Thomas\.m2\repository\io\netty\netty-transport-native-unix-common\4.1.87.Final\netty-transport-native-unix-common-4.1.87.Final.jar;C:\Users\Thomas\.m2\repository\io\netty\netty-transport\4.1.87.Final\netty-transport-4.1.87.Final.jar;C:\Users\Thomas\.m2\repository\io\netty\netty-resolver\4.1.87.Final\netty-resolver-4.1.87.Final.jar;C:\Users\Thomas\.m2\repository\io\opentelemetry\opentelemetry-api\1.22.0\opentelemetry-api-1.22.0.jar;C:\Users\Thomas\.m2\repository\io\opentelemetry\opentelemetry-context\1.22.0\opentelemetry-context-1.22.0.jar;C:\Users\Thomas\.m2\repository\io\opentelemetry\opentelemetry-exporter-logging\1.22.0\opentelemetry-exporter-logging-1.22.0.jar;C:\Users\Thomas\.m2\repository\io\opentelemetry\opentelemetry-sdk-metrics\1.22.0\opentelemetry-sdk-metrics-1.22.0.jar;C:\Users\Thomas\.m2\repository\io\opentelemetry\opentelemetry-sdk-logs\1.22.0-alpha\opentelemetry-sdk-logs-1.22.0-alpha.jar;C:\Users\Thomas\.m2\repository\io\opentelemetry\opentelemetry-api-logs\1.22.0-alpha\opentelemetry-api-logs-1.22.0-alpha.jar;C:\Users\Thomas\.m2\repository\io\opentelemetry\opentelemetry-sdk-common\1.22.0\opentelemetry-sdk-common-1.22.0.jar;C:\Users\Thomas\.m2\repository\io\opentelemetry\opentelemetry-sdk-extension-autoconfigure-spi\1.22.0\opentelemetry-sdk-extension-autoconfigure-spi-1.22.0.jar;C:\Users\Thomas\.m2\repository\io\opentelemetry\opentelemetry-sdk-extension-autoconfigure\1.22.0-alpha\opentelemetry-sdk-extension-autoconfigure-1.22.0-alpha.jar;C:\Users\Thomas\.m2\repository\io\opentelemetry\opentelemetry-sdk-trace\1.22.0\opentelemetry-sdk-trace-1.22.0.jar;C:\Users\Thomas\.m2\repository\io\opentelemetry\opentelemetry-sdk\1.22.0\opentelemetry-sdk-1.22.0.jar;C:\Users\Thomas\.m2\repository\io\opentelemetry\opentelemetry-semconv\1.22.0-alpha\opentelemetry-semconv-1.22.0-alpha.jar;C:\Users\Thomas\.m2\repository\io\ous\jtoml\2.0.0\jtoml-2.0.0.jar;C:\Users\Thomas\.m2\repository\org\apache\commons\commons-exec\1.3\commons-exec-1.3.jar;C:\Users\Thomas\.m2\repository\org\asynchttpclient\async-http-client\2.12.3\async-http-client-2.12.3.jar;C:\Users\Thomas\.m2\repository\org\asynchttpclient\async-http-client-netty-utils\2.12.3\async-http-client-netty-utils-2.12.3.jar;C:\Users\Thomas\.m2\repository\io\netty\netty-codec-socks\4.1.60.Final\netty-codec-socks-4.1.60.Final.jar;C:\Users\Thomas\.m2\repository\io\netty\netty-handler-proxy\4.1.60.Final\netty-handler-proxy-4.1.60.Final.jar;C:\Users\Thomas\.m2\repository\io\netty\netty-transport-native-epoll\4.1.60.Final\netty-transport-native-epoll-4.1.60.Final-linux-x86_64.jar;C:\Users\Thomas\.m2\repository\io\netty\netty-transport-native-kqueue\4.1.60.Final\netty-transport-native-kqueue-4.1.60.Final-osx-x86_64.jar;C:\Users\Thomas\.m2\repository\org\reactivestreams\reactive-streams\1.0.3\reactive-streams-1.0.3.jar;C:\Users\Thomas\.m2\repository\com\typesafe\netty\netty-reactive-streams\2.0.4\netty-reactive-streams-2.0.4.jar;C:\Users\Thomas\.m2\repository\org\seleniumhq\selenium\selenium-manager\4.8.1\selenium-manager-4.8.1.jar;C:\Users\Thomas\.m2\repository\org\seleniumhq\selenium\selenium-safari-driver\4.8.1\selenium-safari-driver-4.8.1.jar;C:\Users\Thomas\.m2\repository\org\seleniumhq\selenium\selenium-api\4.8.1\selenium-api-4.8.1.jar;C:\Users\Thomas\.m2\repository\org\seleniumhq\selenium\selenium-support\4.8.1\selenium-support-4.8.1.jar;C:\Users\Thomas\.m2\repository\com\google\auto\service\auto-service-annotations\1.0.1\auto-service-annotations-1.0.1.jar;C:\Users\Thomas\.m2\repository\com\google\auto\service\auto-service\1.0.1\auto-service-1.0.1.jar;C:\Users\Thomas\.m2\repository\com\google\auto\auto-common\1.2\auto-common-1.2.jar;C:\Users\Thomas\.m2\repository\org\seleniumhq\selenium\selenium-json\4.8.1\selenium-json-4.8.1.jar;C:\Users\Thomas\.m2\repository\org\seleniumhq\selenium\selenium-chrome-driver\4.8.1\selenium-chrome-driver-4.8.1.jar;C:\Users\Thomas\.m2\repository\org\seleniumhq\selenium\selenium-chromium-driver\4.8.1\selenium-chromium-driver-4.8.1.jar;C:\Users\Thomas\.m2\repository\org\seleniumhq\selenium\selenium-firefox-driver\4.8.1\selenium-firefox-driver-4.8.1.jar;C:\Users\Thomas\.m2\repository\org\seleniumhq\selenium\selenium-http\4.8.1\selenium-http-4.8.1.jar;C:\Users\Thomas\.m2\repository\dev\failsafe\failsafe\3.3.0\failsafe-3.3.0.jar;C:\Users\Thomas\.m2\repository\org\seleniumhq\selenium\selenium-edge-driver\4.8.1\selenium-edge-driver-4.8.1.jar;C:\Users\Thomas\.m2\repository\org\seleniumhq\selenium\selenium-ie-driver\4.8.1\selenium-ie-driver-4.8.1.jar;C:\Users\Thomas\.m2\repository\org\projectlombok\lombok\1.18.20\lombok-1.18.20.jar;C:\Users\Thomas\.m2\repository\io\appium\java-client\8.3.0\java-client-8.3.0.jar;C:\Users\Thomas\.m2\repository\commons-validator\commons-validator\1.7\commons-validator-1.7.jar;C:\Users\Thomas\.m2\repository\commons-digester\commons-digester\2.1\commons-digester-2.1.jar;C:\Users\Thomas\.m2\repository\net\sf\opencsv\opencsv\2.0\opencsv-2.0.jar;C:\Users\Thomas\.m2\repository\commons-beanutils\commons-beanutils\1.9.4\commons-beanutils-1.9.4.jar;C:\Users\Thomas\.m2\repository\org\apache\commons\commons-lang3\3.12.0\commons-lang3-3.12.0.jar;C:\Users\Thomas\.m2\repository\commons-collections\commons-collections\3.2.2\commons-collections-3.2.2.jar;C:\Users\Thomas\.m2\repository\org\fluentlenium\fluentlenium-core\0.10.2\fluentlenium-core-0.10.2.jar;C:\Users\Thomas\.m2\repository\io\github\bonigarcia\webdrivermanager\5.3.0\webdrivermanager-5.3.0.jar;C:\Users\Thomas\.m2\repository\com\github\docker-java\docker-java\3.2.13\docker-java-3.2.13.jar;C:\Users\Thomas\.m2\repository\com\github\docker-java\docker-java-core\3.2.13\docker-java-core-3.2.13.jar;C:\Users\Thomas\.m2\repository\com\github\docker-java\docker-java-api\3.2.13\docker-java-api-3.2.13.jar;C:\Users\Thomas\.m2\repository\org\apache\commons\commons-compress\1.21\commons-compress-1.21.jar;C:\Users\Thomas\.m2\repository\org\bouncycastle\bcpkix-jdk15on\1.64\bcpkix-jdk15on-1.64.jar;C:\Users\Thomas\.m2\repository\org\bouncycastle\bcprov-jdk15on\1.64\bcprov-jdk15on-1.64.jar;C:\Users\Thomas\.m2\repository\org\slf4j\jcl-over-slf4j\1.7.30\jcl-over-slf4j-1.7.30.jar;C:\Users\Thomas\.m2\repository\com\github\docker-java\docker-java-transport-httpclient5\3.2.13\docker-java-transport-httpclient5-3.2.13.jar;C:\Users\Thomas\.m2\repository\com\github\docker-java\docker-java-transport\3.2.13\docker-java-transport-3.2.13.jar;C:\Users\Thomas\.m2\repository\net\java\dev\jna\jna\5.8.0\jna-5.8.0.jar;C:\Users\Thomas\.m2\repository\org\brotli\dec\0.1.2\dec-0.1.2.jar;C:\Users\Thomas\.m2\repository\org\apache\httpcomponents\client5\httpclient5\5.1.3\httpclient5-5.1.3.jar;C:\Users\Thomas\.m2\repository\org\apache\httpcomponents\core5\httpcore5\5.1.3\httpcore5-5.1.3.jar;C:\Users\Thomas\.m2\repository\org\apache\httpcomponents\core5\httpcore5-h2\5.1.3\httpcore5-h2-5.1.3.jar;C:\Users\Thomas\.m2\repository\com\jhlabs\filters\2.0.235\filters-2.0.235.jar;C:\Users\Thomas\.m2\repository\com\paulhammant\ngwebdriver\1.1.6\ngwebdriver-1.1.6.jar;C:\Users\Thomas\.m2\repository\joda-time\joda-time\2.12.2\joda-time-2.12.2.jar;C:\Users\Thomas\.m2\repository\org\hamcrest\hamcrest\2.2\hamcrest-2.2.jar;C:\Users\Thomas\.m2\repository\com\google\jimfs\jimfs\1.2\jimfs-1.2.jar;C:\Users\Thomas\.m2\repository\org\mockito\mockito-core\3.3.3\mockito-core-3.3.3.jar;C:\Users\Thomas\.m2\repository\javax\xml\bind\jaxb-api\2.3.1\jaxb-api-2.3.1.jar;C:\Users\Thomas\.m2\repository\javax\activation\javax.activation-api\1.2.0\javax.activation-api-1.2.0.jar;C:\Users\Thomas\.m2\repository\com\sun\xml\bind\jaxb-core\2.3.0.1\jaxb-core-2.3.0.1.jar;C:\Users\Thomas\.m2\repository\com\sun\xml\bind\jaxb-impl\2.3.3\jaxb-impl-2.3.3.jar;C:\Users\Thomas\.m2\repository\jakarta\xml\bind\jakarta.xml.bind-api\2.3.3\jakarta.xml.bind-api-2.3.3.jar;C:\Users\Thomas\.m2\repository\com\sun\activation\jakarta.activation\1.2.2\jakarta.activation-1.2.2.jar;C:\Users\Thomas\.m2\repository\javax\activation\activation\1.1.1\activation-1.1.1.jar;C:\Users\Thomas\.m2\repository\com\github\javafaker\javafaker\1.0.2\javafaker-1.0.2.jar;C:\Users\Thomas\.m2\repository\org\yaml\snakeyaml\1.23\snakeyaml-1.23-android.jar;C:\Users\Thomas\.m2\repository\com\github\mifmif\generex\1.0.2\generex-1.0.2.jar;C:\Users\Thomas\.m2\repository\dk\brics\automaton\automaton\1.11-8\automaton-1.11-8.jar;C:\Users\Thomas\.m2\repository\net\serenity-bdd\serenity-cucumber\3.6.21\serenity-cucumber-3.6.21.jar;C:\Users\Thomas\.m2\repository\io\cucumber\cucumber-core\7.11.0\cucumber-core-7.11.0.jar;C:\Users\Thomas\.m2\repository\io\cucumber\cucumber-gherkin\7.11.0\cucumber-gherkin-7.11.0.jar;C:\Users\Thomas\.m2\repository\io\cucumber\cucumber-gherkin-messages\7.11.0\cucumber-gherkin-messages-7.11.0.jar;C:\Users\Thomas\.m2\repository\io\cucumber\gherkin\26.0.3\gherkin-26.0.3.jar;C:\Users\Thomas\.m2\repository\io\cucumber\messages\21.0.1\messages-21.0.1.jar;C:\Users\Thomas\.m2\repository\io\cucumber\tag-expressions\5.0.1\tag-expressions-5.0.1.jar;C:\Users\Thomas\.m2\repository\io\cucumber\cucumber-expressions\16.1.1\cucumber-expressions-16.1.1.jar;C:\Users\Thomas\.m2\repository\io\cucumber\datatable\7.11.0\datatable-7.11.0.jar;C:\Users\Thomas\.m2\repository\io\cucumber\cucumber-plugin\7.11.0\cucumber-plugin-7.11.0.jar;C:\Users\Thomas\.m2\repository\io\cucumber\docstring\7.11.0\docstring-7.11.0.jar;C:\Users\Thomas\.m2\repository\io\cucumber\html-formatter\20.2.1\html-formatter-20.2.1.jar;C:\Users\Thomas\.m2\repository\io\cucumber\junit-xml-formatter\0.1.0\junit-xml-formatter-0.1.0.jar;C:\Users\Thomas\.m2\repository\io\cucumber\ci-environment\9.1.0\ci-environment-9.1.0.jar;C:\Users\Thomas\.m2\repository\io\cucumber\cucumber-java\7.11.0\cucumber-java-7.11.0.jar;C:\Users\Thomas\.m2\repository\io\cucumber\cucumber-junit\7.11.0\cucumber-junit-7.11.0.jar;C:\Users\Thomas\.m2\repository\org\apache\commons\commons-csv\1.5\commons-csv-1.5.jar;C:\Users\Thomas\.m2\repository\net\serenity-bdd\serenity-screenplay\3.6.21\serenity-screenplay-3.6.21.jar;C:\Users\Thomas\.m2\repository\net\serenity-bdd\serenity-screenplay-webdriver\3.6.21\serenity-screenplay-webdriver-3.6.21.jar;C:\Users\Thomas\.m2\repository\net\serenity-bdd\serenity-ensure\3.6.21\serenity-ensure-3.6.21.jar;C:\Users\Thomas\.m2\repository\net\serenity-bdd\serenity-junit\3.6.21\serenity-junit-3.6.21.jar;C:\Users\Thomas\.m2\repository\org\jetbrains\kotlin\kotlin-stdlib\1.8.10\kotlin-stdlib-1.8.10.jar;C:\Users\Thomas\.m2\repository\org\jetbrains\kotlin\kotlin-stdlib-common\1.8.10\kotlin-stdlib-common-1.8.10.jar;C:\Users\Thomas\.m2\repository\org\jetbrains\annotations\13.0\annotations-13.0.jar;C:\Users\Thomas\.m2\repository\org\junit\platform\junit-platform-launcher\1.9.2\junit-platform-launcher-1.9.2.jar;C:\Users\Thomas\.m2\repository\org\junit\platform\junit-platform-engine\1.9.2\junit-platform-engine-1.9.2.jar;C:\Users\Thomas\.m2\repository\org\junit\platform\junit-platform-commons\1.9.2\junit-platform-commons-1.9.2.jar;C:\Users\Thomas\.m2\repository\org\apiguardian\apiguardian-api\1.1.2\apiguardian-api-1.1.2.jar;C:\Users\Thomas\.m2\repository\org\junit\jupiter\junit-jupiter-engine\5.9.2\junit-jupiter-engine-5.9.2.jar;C:\Users\Thomas\.m2\repository\org\junit\jupiter\junit-jupiter-api\5.9.2\junit-jupiter-api-5.9.2.jar;C:\Users\Thomas\.m2\repository\org\junit\vintage\junit-vintage-engine\5.9.2\junit-vintage-engine-5.9.2.jar;C:\Users\Thomas\.m2\repository\junit\junit\4.13.2\junit-4.13.2.jar;C:\Users\Thomas\.m2\repository\org\hamcrest\hamcrest-core\1.3\hamcrest-core-1.3.jar;C:\Users\Thomas\.m2\repository\ch\qos\logback\logback-classic\1.4.6\logback-classic-1.4.6.jar;C:\Users\Thomas\.m2\repository\ch\qos\logback\logback-core\1.4.6\logback-core-1.4.6.jar;C:\Users\Thomas\.m2\repository\org\slf4j\slf4j-api\2.0.4\slf4j-api-2.0.4.jar;C:\Users\Thomas\.m2\repository\org\assertj\assertj-core\3.24.2\assertj-core-3.24.2.jar;C:\Users\Thomas\.m2\repository\net\bytebuddy\byte-buddy\1.12.21\byte-buddy-1.12.21.jar;"/>
    <property name="sun.cpu.endian" value="little"/>
    <property name="user.home" value="C:\Users\Thomas"/>
    <property name="user.language" value="en"/>
    <property name="java.specification.vendor" value="Oracle Corporation"/>
    <property name="jdk.module.path" value="D:\GITHUB\qe-automation\capstone-api\target\capstone-api-1.0-SNAPSHOT.jar"/>
    <property name="java.version.date" value="2022-04-19"/>
    <property name="java.home" value="C:\Program Files\Java\jdk-11.0.15"/>
    <property name="file.separator" value="\"/>
    <property name="basedir" value="D:\GITHUB\qe-automation\capstone-api"/>
    <property name="java.vm.compressedOopsMode" value="Zero based"/>
    <property name="line.separator" value="&#10;"/>
    <property name="java.specification.name" value="Java Platform API Specification"/>
    <property name="java.vm.specification.vendor" value="Oracle Corporation"/>
    <property name="java.awt.graphicsenv" value="sun.awt.Win32GraphicsEnvironment"/>
    <property name="surefire.real.class.path" value="C:\Users\Thomas\.m2\repository\org\apache\maven\surefire\surefire-booter\3.0.0-M5\surefire-booter-3.0.0-M5.jar;C:\Users\Thomas\.m2\repository\org\apache\maven\surefire\surefire-api\3.0.0-M5\surefire-api-3.0.0-M5.jar;C:\Users\Thomas\.m2\repository\org\apache\maven\surefire\surefire-logger-api\3.0.0-M5\surefire-logger-api-3.0.0-M5.jar;C:\Users\Thomas\.m2\repository\org\apache\maven\surefire\surefire-shared-utils\3.0.0-M4\surefire-shared-utils-3.0.0-M4.jar;C:\Users\Thomas\.m2\repository\org\apache\maven\surefire\surefire-extensions-spi\3.0.0-M5\surefire-extensions-spi-3.0.0-M5.jar;D:\GITHUB\qe-automation\capstone-api\target\test-classes;C:\Users\Thomas\.m2\repository\com\googlecode\json-simple\json-simple\1.1\json-simple-1.1.jar;C:\Users\Thomas\.m2\repository\net\serenity-bdd\serenity-rest-assured\3.6.22\serenity-rest-assured-3.6.22.jar;C:\Users\Thomas\.m2\repository\org\apache\httpcomponents\httpclient\4.5.13\httpclient-4.5.13.jar;C:\Users\Thomas\.m2\repository\org\apache\httpcomponents\httpcore\4.4.13\httpcore-4.4.13.jar;C:\Users\Thomas\.m2\repository\commons-logging\commons-logging\1.2\commons-logging-1.2.jar;C:\Users\Thomas\.m2\repository\io\rest-assured\rest-assured\5.3.0\rest-assured-5.3.0.jar;C:\Users\Thomas\.m2\repository\org\apache\httpcomponents\httpmime\4.5.13\httpmime-4.5.13.jar;C:\Users\Thomas\.m2\repository\org\ccil\cowan\tagsoup\tagsoup\1.2.1\tagsoup-1.2.1.jar;C:\Users\Thomas\.m2\repository\io\rest-assured\json-path\5.3.0\json-path-5.3.0.jar;C:\Users\Thomas\.m2\repository\io\rest-assured\rest-assured-common\5.3.0\rest-assured-common-5.3.0.jar;C:\Users\Thomas\.m2\repository\io\rest-assured\xml-path\5.3.0\xml-path-5.3.0.jar;C:\Users\Thomas\.m2\repository\org\apache\groovy\groovy-json\4.0.10\groovy-json-4.0.10.jar;C:\Users\Thomas\.m2\repository\org\apache\groovy\groovy-xml\4.0.10\groovy-xml-4.0.10.jar;C:\Users\Thomas\.m2\repository\org\apache\groovy\groovy\4.0.10\groovy-4.0.10.jar;C:\Users\Thomas\.m2\repository\org\opentest4j\opentest4j\1.2.0\opentest4j-1.2.0.jar;C:\Users\Thomas\.m2\repository\net\serenity-bdd\serenity-core\3.6.21\serenity-core-3.6.21.jar;C:\Users\Thomas\.m2\repository\net\serenity-bdd\serenity-model\3.6.21\serenity-model-3.6.21.jar;C:\Users\Thomas\.m2\repository\org\apache\commons\commons-text\1.10.0\commons-text-1.10.0.jar;C:\Users\Thomas\.m2\repository\commons-net\commons-net\3.9.0\commons-net-3.9.0.jar;C:\Users\Thomas\.m2\repository\com\google\guava\guava\31.1-jre\guava-31.1-jre.jar;C:\Users\Thomas\.m2\repository\com\google\guava\failureaccess\1.0.1\failureaccess-1.0.1.jar;C:\Users\Thomas\.m2\repository\com\google\guava\listenablefuture\9999.0-empty-to-avoid-conflict-with-guava\listenablefuture-9999.0-empty-to-avoid-conflict-with-guava.jar;C:\Users\Thomas\.m2\repository\com\google\code\findbugs\jsr305\3.0.2\jsr305-3.0.2.jar;C:\Users\Thomas\.m2\repository\org\checkerframework\checker-qual\3.12.0\checker-qual-3.12.0.jar;C:\Users\Thomas\.m2\repository\com\google\errorprone\error_prone_annotations\2.11.0\error_prone_annotations-2.11.0.jar;C:\Users\Thomas\.m2\repository\com\google\j2objc\j2objc-annotations\1.3\j2objc-annotations-1.3.jar;C:\Users\Thomas\.m2\repository\com\google\inject\guice\5.1.0\guice-5.1.0.jar;C:\Users\Thomas\.m2\repository\javax\inject\javax.inject\1\javax.inject-1.jar;C:\Users\Thomas\.m2\repository\aopalliance\aopalliance\1.0\aopalliance-1.0.jar;C:\Users\Thomas\.m2\repository\org\jsoup\jsoup\1.14.3\jsoup-1.14.3.jar;C:\Users\Thomas\.m2\repository\com\thoughtworks\xstream\xstream\1.4.20\xstream-1.4.20.jar;C:\Users\Thomas\.m2\repository\io\github\x-stream\mxparser\1.2.2\mxparser-1.2.2.jar;C:\Users\Thomas\.m2\repository\xmlpull\xmlpull\1.1.3.1\xmlpull-1.1.3.1.jar;C:\Users\Thomas\.m2\repository\com\typesafe\config\1.4.2\config-1.4.2.jar;C:\Users\Thomas\.m2\repository\org\imgscalr\imgscalr-lib\4.2\imgscalr-lib-4.2.jar;C:\Users\Thomas\.m2\repository\org\awaitility\awaitility\4.2.0\awaitility-4.2.0.jar;C:\Users\Thomas\.m2\repository\org\freemarker\freemarker\2.3.31\freemarker-2.3.31.jar;C:\Users\Thomas\.m2\repository\io\github\classgraph\classgraph\4.8.138\classgraph-4.8.138.jar;C:\Users\Thomas\.m2\repository\net\sourceforge\jexcelapi\jxl\2.6.12\jxl-2.6.12.jar;C:\Users\Thomas\.m2\repository\net\bytebuddy\byte-buddy-agent\1.14.2\byte-buddy-agent-1.14.2.jar;C:\Users\Thomas\.m2\repository\org\objenesis\objenesis\3.3\objenesis-3.3.jar;C:\Users\Thomas\.m2\repository\net\serenity-bdd\serenity-reports\3.6.21\serenity-reports-3.6.21.jar;C:\Users\Thomas\.m2\repository\net\serenity-bdd\serenity-stats\3.6.21\serenity-stats-3.6.21.jar;C:\Users\Thomas\.m2\repository\net\serenity-bdd\serenity-reports-configuration\3.6.21\serenity-reports-configuration-3.6.21.jar;C:\Users\Thomas\.m2\repository\com\vladsch\flexmark\flexmark-all\0.62.2\flexmark-all-0.62.2.jar;C:\Users\Thomas\.m2\repository\com\vladsch\flexmark\flexmark\0.62.2\flexmark-0.62.2.jar;C:\Users\Thomas\.m2\repository\com\vladsch\flexmark\flexmark-ext-abbreviation\0.62.2\flexmark-ext-abbreviation-0.62.2.jar;C:\Users\Thomas\.m2\repository\com\vladsch\flexmark\flexmark-util\0.62.2\flexmark-util-0.62.2.jar;C:\Users\Thomas\.m2\repository\com\vladsch\flexmark\flexmark-ext-admonition\0.62.2\flexmark-ext-admonition-0.62.2.jar;C:\Users\Thomas\.m2\repository\com\vladsch\flexmark\flexmark-ext-anchorlink\0.62.2\flexmark-ext-anchorlink-0.62.2.jar;C:\Users\Thomas\.m2\repository\com\vladsch\flexmark\flexmark-ext-aside\0.62.2\flexmark-ext-aside-0.62.2.jar;C:\Users\Thomas\.m2\repository\com\vladsch\flexmark\flexmark-ext-attributes\0.62.2\flexmark-ext-attributes-0.62.2.jar;C:\Users\Thomas\.m2\repository\com\vladsch\flexmark\flexmark-ext-autolink\0.62.2\flexmark-ext-autolink-0.62.2.jar;C:\Users\Thomas\.m2\repository\org\nibor\autolink\autolink\0.6.0\autolink-0.6.0.jar;C:\Users\Thomas\.m2\repository\com\vladsch\flexmark\flexmark-ext-definition\0.62.2\flexmark-ext-definition-0.62.2.jar;C:\Users\Thomas\.m2\repository\com\vladsch\flexmark\flexmark-ext-emoji\0.62.2\flexmark-ext-emoji-0.62.2.jar;C:\Users\Thomas\.m2\repository\com\vladsch\flexmark\flexmark-ext-enumerated-reference\0.62.2\flexmark-ext-enumerated-reference-0.62.2.jar;C:\Users\Thomas\.m2\repository\com\vladsch\flexmark\flexmark-ext-escaped-character\0.62.2\flexmark-ext-escaped-character-0.62.2.jar;C:\Users\Thomas\.m2\repository\com\vladsch\flexmark\flexmark-ext-footnotes\0.62.2\flexmark-ext-footnotes-0.62.2.jar;C:\Users\Thomas\.m2\repository\com\vladsch\flexmark\flexmark-ext-gfm-issues\0.62.2\flexmark-ext-gfm-issues-0.62.2.jar;C:\Users\Thomas\.m2\repository\com\vladsch\flexmark\flexmark-ext-gfm-strikethrough\0.62.2\flexmark-ext-gfm-strikethrough-0.62.2.jar;C:\Users\Thomas\.m2\repository\com\vladsch\flexmark\flexmark-ext-gfm-tasklist\0.62.2\flexmark-ext-gfm-tasklist-0.62.2.jar;C:\Users\Thomas\.m2\repository\com\vladsch\flexmark\flexmark-ext-gfm-users\0.62.2\flexmark-ext-gfm-users-0.62.2.jar;C:\Users\Thomas\.m2\repository\com\vladsch\flexmark\flexmark-ext-gitlab\0.62.2\flexmark-ext-gitlab-0.62.2.jar;C:\Users\Thomas\.m2\repository\com\vladsch\flexmark\flexmark-ext-jekyll-front-matter\0.62.2\flexmark-ext-jekyll-front-matter-0.62.2.jar;C:\Users\Thomas\.m2\repository\com\vladsch\flexmark\flexmark-ext-jekyll-tag\0.62.2\flexmark-ext-jekyll-tag-0.62.2.jar;C:\Users\Thomas\.m2\repository\com\vladsch\flexmark\flexmark-ext-media-tags\0.62.2\flexmark-ext-media-tags-0.62.2.jar;C:\Users\Thomas\.m2\repository\com\vladsch\flexmark\flexmark-ext-macros\0.62.2\flexmark-ext-macros-0.62.2.jar;C:\Users\Thomas\.m2\repository\com\vladsch\flexmark\flexmark-ext-ins\0.62.2\flexmark-ext-ins-0.62.2.jar;C:\Users\Thomas\.m2\repository\com\vladsch\flexmark\flexmark-ext-xwiki-macros\0.62.2\flexmark-ext-xwiki-macros-0.62.2.jar;C:\Users\Thomas\.m2\repository\com\vladsch\flexmark\flexmark-ext-superscript\0.62.2\flexmark-ext-superscript-0.62.2.jar;C:\Users\Thomas\.m2\repository\com\vladsch\flexmark\flexmark-ext-tables\0.62.2\flexmark-ext-tables-0.62.2.jar;C:\Users\Thomas\.m2\repository\com\vladsch\flexmark\flexmark-ext-toc\0.62.2\flexmark-ext-toc-0.62.2.jar;C:\Users\Thomas\.m2\repository\com\vladsch\flexmark\flexmark-ext-typographic\0.62.2\flexmark-ext-typographic-0.62.2.jar;C:\Users\Thomas\.m2\repository\com\vladsch\flexmark\flexmark-ext-wikilink\0.62.2\flexmark-ext-wikilink-0.62.2.jar;C:\Users\Thomas\.m2\repository\com\vladsch\flexmark\flexmark-ext-yaml-front-matter\0.62.2\flexmark-ext-yaml-front-matter-0.62.2.jar;C:\Users\Thomas\.m2\repository\com\vladsch\flexmark\flexmark-ext-youtube-embedded\0.62.2\flexmark-ext-youtube-embedded-0.62.2.jar;C:\Users\Thomas\.m2\repository\com\vladsch\flexmark\flexmark-html2md-converter\0.62.2\flexmark-html2md-converter-0.62.2.jar;C:\Users\Thomas\.m2\repository\com\vladsch\flexmark\flexmark-jira-converter\0.62.2\flexmark-jira-converter-0.62.2.jar;C:\Users\Thomas\.m2\repository\com\vladsch\flexmark\flexmark-pdf-converter\0.62.2\flexmark-pdf-converter-0.62.2.jar;C:\Users\Thomas\.m2\repository\com\openhtmltopdf\openhtmltopdf-core\1.0.0\openhtmltopdf-core-1.0.0.jar;C:\Users\Thomas\.m2\repository\com\openhtmltopdf\openhtmltopdf-pdfbox\1.0.0\openhtmltopdf-pdfbox-1.0.0.jar;C:\Users\Thomas\.m2\repository\org\apache\pdfbox\pdfbox\2.0.16\pdfbox-2.0.16.jar;C:\Users\Thomas\.m2\repository\org\apache\pdfbox\fontbox\2.0.16\fontbox-2.0.16.jar;C:\Users\Thomas\.m2\repository\org\apache\pdfbox\xmpbox\2.0.16\xmpbox-2.0.16.jar;C:\Users\Thomas\.m2\repository\de\rototor\pdfbox\graphics2d\0.24\graphics2d-0.24.jar;C:\Users\Thomas\.m2\repository\com\openhtmltopdf\openhtmltopdf-rtl-support\1.0.0\openhtmltopdf-rtl-support-1.0.0.jar;C:\Users\Thomas\.m2\repository\com\openhtmltopdf\openhtmltopdf-jsoup-dom-converter\1.0.0\openhtmltopdf-jsoup-dom-converter-1.0.0.jar;C:\Users\Thomas\.m2\repository\com\vladsch\flexmark\flexmark-profile-pegdown\0.62.2\flexmark-profile-pegdown-0.62.2.jar;C:\Users\Thomas\.m2\repository\com\vladsch\flexmark\flexmark-util-ast\0.62.2\flexmark-util-ast-0.62.2.jar;C:\Users\Thomas\.m2\repository\com\vladsch\flexmark\flexmark-util-builder\0.62.2\flexmark-util-builder-0.62.2.jar;C:\Users\Thomas\.m2\repository\com\vladsch\flexmark\flexmark-util-collection\0.62.2\flexmark-util-collection-0.62.2.jar;C:\Users\Thomas\.m2\repository\com\vladsch\flexmark\flexmark-util-data\0.62.2\flexmark-util-data-0.62.2.jar;C:\Users\Thomas\.m2\repository\com\vladsch\flexmark\flexmark-util-dependency\0.62.2\flexmark-util-dependency-0.62.2.jar;C:\Users\Thomas\.m2\repository\com\vladsch\flexmark\flexmark-util-format\0.62.2\flexmark-util-format-0.62.2.jar;C:\Users\Thomas\.m2\repository\com\vladsch\flexmark\flexmark-util-html\0.62.2\flexmark-util-html-0.62.2.jar;C:\Users\Thomas\.m2\repository\com\vladsch\flexmark\flexmark-util-misc\0.62.2\flexmark-util-misc-0.62.2.jar;C:\Users\Thomas\.m2\repository\com\vladsch\flexmark\flexmark-util-options\0.62.2\flexmark-util-options-0.62.2.jar;C:\Users\Thomas\.m2\repository\com\vladsch\flexmark\flexmark-util-sequence\0.62.2\flexmark-util-sequence-0.62.2.jar;C:\Users\Thomas\.m2\repository\com\vladsch\flexmark\flexmark-util-visitor\0.62.2\flexmark-util-visitor-0.62.2.jar;C:\Users\Thomas\.m2\repository\com\vladsch\flexmark\flexmark-youtrack-converter\0.62.2\flexmark-youtrack-converter-0.62.2.jar;C:\Users\Thomas\.m2\repository\com\ibm\icu\icu4j\72.1\icu4j-72.1.jar;C:\Users\Thomas\.m2\repository\es\nitaur\markdown\txtmark\0.16\txtmark-0.16.jar;C:\Users\Thomas\.m2\repository\net\serenity-bdd\serenity-report-resources\3.6.21\serenity-report-resources-3.6.21.jar;C:\Users\Thomas\.m2\repository\com\google\code\gson\gson\2.10.1\gson-2.10.1.jar;C:\Users\Thomas\.m2\repository\com\fasterxml\jackson\core\jackson-core\2.15.0-rc1\jackson-core-2.15.0-rc1.jar;C:\Users\Thomas\.m2\repository\com\fasterxml\jackson\core\jackson-databind\2.15.0-rc1\jackson-databind-2.15.0-rc1.jar;C:\Users\Thomas\.m2\repository\com\fasterxml\jackson\core\jackson-annotations\2.15.0-rc1\jackson-annotations-2.15.0-rc1.jar;C:\Users\Thomas\.m2\repository\commons-codec\commons-codec\1.15\commons-codec-1.15.jar;C:\Users\Thomas\.m2\repository\commons-io\commons-io\2.11.0\commons-io-2.11.0.jar;C:\Users\Thomas\.m2\repository\org\seleniumhq\selenium\selenium-java\4.8.1\selenium-java-4.8.1.jar;C:\Users\Thomas\.m2\repository\org\seleniumhq\selenium\selenium-devtools-v108\4.8.1\selenium-devtools-v108-4.8.1.jar;C:\Users\Thomas\.m2\repository\org\seleniumhq\selenium\selenium-devtools-v109\4.8.1\selenium-devtools-v109-4.8.1.jar;C:\Users\Thomas\.m2\repository\org\seleniumhq\selenium\selenium-devtools-v110\4.8.1\selenium-devtools-v110-4.8.1.jar;C:\Users\Thomas\.m2\repository\org\seleniumhq\selenium\selenium-devtools-v85\4.8.1\selenium-devtools-v85-4.8.1.jar;C:\Users\Thomas\.m2\repository\org\seleniumhq\selenium\selenium-remote-driver\4.8.1\selenium-remote-driver-4.8.1.jar;C:\Users\Thomas\.m2\repository\com\beust\jcommander\1.82\jcommander-1.82.jar;C:\Users\Thomas\.m2\repository\io\netty\netty-buffer\4.1.87.Final\netty-buffer-4.1.87.Final.jar;C:\Users\Thomas\.m2\repository\io\netty\netty-codec-http\4.1.87.Final\netty-codec-http-4.1.87.Final.jar;C:\Users\Thomas\.m2\repository\io\netty\netty-codec\4.1.87.Final\netty-codec-4.1.87.Final.jar;C:\Users\Thomas\.m2\repository\io\netty\netty-handler\4.1.87.Final\netty-handler-4.1.87.Final.jar;C:\Users\Thomas\.m2\repository\io\netty\netty-common\4.1.87.Final\netty-common-4.1.87.Final.jar;C:\Users\Thomas\.m2\repository\io\netty\netty-transport-classes-epoll\4.1.87.Final\netty-transport-classes-epoll-4.1.87.Final.jar;C:\Users\Thomas\.m2\repository\io\netty\netty-transport-classes-kqueue\4.1.87.Final\netty-transport-classes-kqueue-4.1.87.Final.jar;C:\Users\Thomas\.m2\repository\io\netty\netty-transport-native-epoll\4.1.87.Final\netty-transport-native-epoll-4.1.87.Final.jar;C:\Users\Thomas\.m2\repository\io\netty\netty-transport-native-kqueue\4.1.87.Final\netty-transport-native-kqueue-4.1.87.Final.jar;C:\Users\Thomas\.m2\repository\io\netty\netty-transport-native-unix-common\4.1.87.Final\netty-transport-native-unix-common-4.1.87.Final.jar;C:\Users\Thomas\.m2\repository\io\netty\netty-transport\4.1.87.Final\netty-transport-4.1.87.Final.jar;C:\Users\Thomas\.m2\repository\io\netty\netty-resolver\4.1.87.Final\netty-resolver-4.1.87.Final.jar;C:\Users\Thomas\.m2\repository\io\opentelemetry\opentelemetry-api\1.22.0\opentelemetry-api-1.22.0.jar;C:\Users\Thomas\.m2\repository\io\opentelemetry\opentelemetry-context\1.22.0\opentelemetry-context-1.22.0.jar;C:\Users\Thomas\.m2\repository\io\opentelemetry\opentelemetry-exporter-logging\1.22.0\opentelemetry-exporter-logging-1.22.0.jar;C:\Users\Thomas\.m2\repository\io\opentelemetry\opentelemetry-sdk-metrics\1.22.0\opentelemetry-sdk-metrics-1.22.0.jar;C:\Users\Thomas\.m2\repository\io\opentelemetry\opentelemetry-sdk-logs\1.22.0-alpha\opentelemetry-sdk-logs-1.22.0-alpha.jar;C:\Users\Thomas\.m2\repository\io\opentelemetry\opentelemetry-api-logs\1.22.0-alpha\opentelemetry-api-logs-1.22.0-alpha.jar;C:\Users\Thomas\.m2\repository\io\opentelemetry\opentelemetry-sdk-common\1.22.0\opentelemetry-sdk-common-1.22.0.jar;C:\Users\Thomas\.m2\repository\io\opentelemetry\opentelemetry-sdk-extension-autoconfigure-spi\1.22.0\opentelemetry-sdk-extension-autoconfigure-spi-1.22.0.jar;C:\Users\Thomas\.m2\repository\io\opentelemetry\opentelemetry-sdk-extension-autoconfigure\1.22.0-alpha\opentelemetry-sdk-extension-autoconfigure-1.22.0-alpha.jar;C:\Users\Thomas\.m2\repository\io\opentelemetry\opentelemetry-sdk-trace\1.22.0\opentelemetry-sdk-trace-1.22.0.jar;C:\Users\Thomas\.m2\repository\io\opentelemetry\opentelemetry-sdk\1.22.0\opentelemetry-sdk-1.22.0.jar;C:\Users\Thomas\.m2\repository\io\opentelemetry\opentelemetry-semconv\1.22.0-alpha\opentelemetry-semconv-1.22.0-alpha.jar;C:\Users\Thomas\.m2\repository\io\ous\jtoml\2.0.0\jtoml-2.0.0.jar;C:\Users\Thomas\.m2\repository\org\apache\commons\commons-exec\1.3\commons-exec-1.3.jar;C:\Users\Thomas\.m2\repository\org\asynchttpclient\async-http-client\2.12.3\async-http-client-2.12.3.jar;C:\Users\Thomas\.m2\repository\org\asynchttpclient\async-http-client-netty-utils\2.12.3\async-http-client-netty-utils-2.12.3.jar;C:\Users\Thomas\.m2\repository\io\netty\netty-codec-socks\4.1.60.Final\netty-codec-socks-4.1.60.Final.jar;C:\Users\Thomas\.m2\repository\io\netty\netty-handler-proxy\4.1.60.Final\netty-handler-proxy-4.1.60.Final.jar;C:\Users\Thomas\.m2\repository\io\netty\netty-transport-native-epoll\4.1.60.Final\netty-transport-native-epoll-4.1.60.Final-linux-x86_64.jar;C:\Users\Thomas\.m2\repository\io\netty\netty-transport-native-kqueue\4.1.60.Final\netty-transport-native-kqueue-4.1.60.Final-osx-x86_64.jar;C:\Users\Thomas\.m2\repository\org\reactivestreams\reactive-streams\1.0.3\reactive-streams-1.0.3.jar;C:\Users\Thomas\.m2\repository\com\typesafe\netty\netty-reactive-streams\2.0.4\netty-reactive-streams-2.0.4.jar;C:\Users\Thomas\.m2\repository\org\seleniumhq\selenium\selenium-manager\4.8.1\selenium-manager-4.8.1.jar;C:\Users\Thomas\.m2\repository\org\seleniumhq\selenium\selenium-safari-driver\4.8.1\selenium-safari-driver-4.8.1.jar;C:\Users\Thomas\.m2\repository\org\seleniumhq\selenium\selenium-api\4.8.1\selenium-api-4.8.1.jar;C:\Users\Thomas\.m2\repository\org\seleniumhq\selenium\selenium-support\4.8.1\selenium-support-4.8.1.jar;C:\Users\Thomas\.m2\repository\com\google\auto\service\auto-service-annotations\1.0.1\auto-service-annotations-1.0.1.jar;C:\Users\Thomas\.m2\repository\com\google\auto\service\auto-service\1.0.1\auto-service-1.0.1.jar;C:\Users\Thomas\.m2\repository\com\google\auto\auto-common\1.2\auto-common-1.2.jar;C:\Users\Thomas\.m2\repository\org\seleniumhq\selenium\selenium-json\4.8.1\selenium-json-4.8.1.jar;C:\Users\Thomas\.m2\repository\org\seleniumhq\selenium\selenium-chrome-driver\4.8.1\selenium-chrome-driver-4.8.1.jar;C:\Users\Thomas\.m2\repository\org\seleniumhq\selenium\selenium-chromium-driver\4.8.1\selenium-chromium-driver-4.8.1.jar;C:\Users\Thomas\.m2\repository\org\seleniumhq\selenium\selenium-firefox-driver\4.8.1\selenium-firefox-driver-4.8.1.jar;C:\Users\Thomas\.m2\repository\org\seleniumhq\selenium\selenium-http\4.8.1\selenium-http-4.8.1.jar;C:\Users\Thomas\.m2\repository\dev\failsafe\failsafe\3.3.0\failsafe-3.3.0.jar;C:\Users\Thomas\.m2\repository\org\seleniumhq\selenium\selenium-edge-driver\4.8.1\selenium-edge-driver-4.8.1.jar;C:\Users\Thomas\.m2\repository\org\seleniumhq\selenium\selenium-ie-driver\4.8.1\selenium-ie-driver-4.8.1.jar;C:\Users\Thomas\.m2\repository\org\projectlombok\lombok\1.18.20\lombok-1.18.20.jar;C:\Users\Thomas\.m2\repository\io\appium\java-client\8.3.0\java-client-8.3.0.jar;C:\Users\Thomas\.m2\repository\commons-validator\commons-validator\1.7\commons-validator-1.7.jar;C:\Users\Thomas\.m2\repository\commons-digester\commons-digester\2.1\commons-digester-2.1.jar;C:\Users\Thomas\.m2\repository\net\sf\opencsv\opencsv\2.0\opencsv-2.0.jar;C:\Users\Thomas\.m2\repository\commons-beanutils\commons-beanutils\1.9.4\commons-beanutils-1.9.4.jar;C:\Users\Thomas\.m2\repository\org\apache\commons\commons-lang3\3.12.0\commons-lang3-3.12.0.jar;C:\Users\Thomas\.m2\repository\commons-collections\commons-collections\3.2.2\commons-collections-3.2.2.jar;C:\Users\Thomas\.m2\repository\org\fluentlenium\fluentlenium-core\0.10.2\fluentlenium-core-0.10.2.jar;C:\Users\Thomas\.m2\repository\io\github\bonigarcia\webdrivermanager\5.3.0\webdrivermanager-5.3.0.jar;C:\Users\Thomas\.m2\repository\com\github\docker-java\docker-java\3.2.13\docker-java-3.2.13.jar;C:\Users\Thomas\.m2\repository\com\github\docker-java\docker-java-core\3.2.13\docker-java-core-3.2.13.jar;C:\Users\Thomas\.m2\repository\com\github\docker-java\docker-java-api\3.2.13\docker-java-api-3.2.13.jar;C:\Users\Thomas\.m2\repository\org\apache\commons\commons-compress\1.21\commons-compress-1.21.jar;C:\Users\Thomas\.m2\repository\org\bouncycastle\bcpkix-jdk15on\1.64\bcpkix-jdk15on-1.64.jar;C:\Users\Thomas\.m2\repository\org\bouncycastle\bcprov-jdk15on\1.64\bcprov-jdk15on-1.64.jar;C:\Users\Thomas\.m2\repository\org\slf4j\jcl-over-slf4j\1.7.30\jcl-over-slf4j-1.7.30.jar;C:\Users\Thomas\.m2\repository\com\github\docker-java\docker-java-transport-httpclient5\3.2.13\docker-java-transport-httpclient5-3.2.13.jar;C:\Users\Thomas\.m2\repository\com\github\docker-java\docker-java-transport\3.2.13\docker-java-transport-3.2.13.jar;C:\Users\Thomas\.m2\repository\net\java\dev\jna\jna\5.8.0\jna-5.8.0.jar;C:\Users\Thomas\.m2\repository\org\brotli\dec\0.1.2\dec-0.1.2.jar;C:\Users\Thomas\.m2\repository\org\apache\httpcomponents\client5\httpclient5\5.1.3\httpclient5-5.1.3.jar;C:\Users\Thomas\.m2\repository\org\apache\httpcomponents\core5\httpcore5\5.1.3\httpcore5-5.1.3.jar;C:\Users\Thomas\.m2\repository\org\apache\httpcomponents\core5\httpcore5-h2\5.1.3\httpcore5-h2-5.1.3.jar;C:\Users\Thomas\.m2\repository\com\jhlabs\filters\2.0.235\filters-2.0.235.jar;C:\Users\Thomas\.m2\repository\com\paulhammant\ngwebdriver\1.1.6\ngwebdriver-1.1.6.jar;C:\Users\Thomas\.m2\repository\joda-time\joda-time\2.12.2\joda-time-2.12.2.jar;C:\Users\Thomas\.m2\repository\org\hamcrest\hamcrest\2.2\hamcrest-2.2.jar;C:\Users\Thomas\.m2\repository\com\google\jimfs\jimfs\1.2\jimfs-1.2.jar;C:\Users\Thomas\.m2\repository\org\mockito\mockito-core\3.3.3\mockito-core-3.3.3.jar;C:\Users\Thomas\.m2\repository\javax\xml\bind\jaxb-api\2.3.1\jaxb-api-2.3.1.jar;C:\Users\Thomas\.m2\repository\javax\activation\javax.activation-api\1.2.0\javax.activation-api-1.2.0.jar;C:\Users\Thomas\.m2\repository\com\sun\xml\bind\jaxb-core\2.3.0.1\jaxb-core-2.3.0.1.jar;C:\Users\Thomas\.m2\repository\com\sun\xml\bind\jaxb-impl\2.3.3\jaxb-impl-2.3.3.jar;C:\Users\Thomas\.m2\repository\jakarta\xml\bind\jakarta.xml.bind-api\2.3.3\jakarta.xml.bind-api-2.3.3.jar;C:\Users\Thomas\.m2\repository\com\sun\activation\jakarta.activation\1.2.2\jakarta.activation-1.2.2.jar;C:\Users\Thomas\.m2\repository\javax\activation\activation\1.1.1\activation-1.1.1.jar;C:\Users\Thomas\.m2\repository\com\github\javafaker\javafaker\1.0.2\javafaker-1.0.2.jar;C:\Users\Thomas\.m2\repository\org\yaml\snakeyaml\1.23\snakeyaml-1.23-android.jar;C:\Users\Thomas\.m2\repository\com\github\mifmif\generex\1.0.2\generex-1.0.2.jar;C:\Users\Thomas\.m2\repository\dk\brics\automaton\automaton\1.11-8\automaton-1.11-8.jar;C:\Users\Thomas\.m2\repository\net\serenity-bdd\serenity-cucumber\3.6.21\serenity-cucumber-3.6.21.jar;C:\Users\Thomas\.m2\repository\io\cucumber\cucumber-core\7.11.0\cucumber-core-7.11.0.jar;C:\Users\Thomas\.m2\repository\io\cucumber\cucumber-gherkin\7.11.0\cucumber-gherkin-7.11.0.jar;C:\Users\Thomas\.m2\repository\io\cucumber\cucumber-gherkin-messages\7.11.0\cucumber-gherkin-messages-7.11.0.jar;C:\Users\Thomas\.m2\repository\io\cucumber\gherkin\26.0.3\gherkin-26.0.3.jar;C:\Users\Thomas\.m2\repository\io\cucumber\messages\21.0.1\messages-21.0.1.jar;C:\Users\Thomas\.m2\repository\io\cucumber\tag-expressions\5.0.1\tag-expressions-5.0.1.jar;C:\Users\Thomas\.m2\repository\io\cucumber\cucumber-expressions\16.1.1\cucumber-expressions-16.1.1.jar;C:\Users\Thomas\.m2\repository\io\cucumber\datatable\7.11.0\datatable-7.11.0.jar;C:\Users\Thomas\.m2\repository\io\cucumber\cucumber-plugin\7.11.0\cucumber-plugin-7.11.0.jar;C:\Users\Thomas\.m2\repository\io\cucumber\docstring\7.11.0\docstring-7.11.0.jar;C:\Users\Thomas\.m2\repository\io\cucumber\html-formatter\20.2.1\html-formatter-20.2.1.jar;C:\Users\Thomas\.m2\repository\io\cucumber\junit-xml-formatter\0.1.0\junit-xml-formatter-0.1.0.jar;C:\Users\Thomas\.m2\repository\io\cucumber\ci-environment\9.1.0\ci-environment-9.1.0.jar;C:\Users\Thomas\.m2\repository\io\cucumber\cucumber-java\7.11.0\cucumber-java-7.11.0.jar;C:\Users\Thomas\.m2\repository\io\cucumber\cucumber-junit\7.11.0\cucumber-junit-7.11.0.jar;C:\Users\Thomas\.m2\repository\org\apache\commons\commons-csv\1.5\commons-csv-1.5.jar;C:\Users\Thomas\.m2\repository\net\serenity-bdd\serenity-screenplay\3.6.21\serenity-screenplay-3.6.21.jar;C:\Users\Thomas\.m2\repository\net\serenity-bdd\serenity-screenplay-webdriver\3.6.21\serenity-screenplay-webdriver-3.6.21.jar;C:\Users\Thomas\.m2\repository\net\serenity-bdd\serenity-ensure\3.6.21\serenity-ensure-3.6.21.jar;C:\Users\Thomas\.m2\repository\net\serenity-bdd\serenity-junit\3.6.21\serenity-junit-3.6.21.jar;C:\Users\Thomas\.m2\repository\org\jetbrains\kotlin\kotlin-stdlib\1.8.10\kotlin-stdlib-1.8.10.jar;C:\Users\Thomas\.m2\repository\org\jetbrains\kotlin\kotlin-stdlib-common\1.8.10\kotlin-stdlib-common-1.8.10.jar;C:\Users\Thomas\.m2\repository\org\jetbrains\annotations\13.0\annotations-13.0.jar;C:\Users\Thomas\.m2\repository\org\junit\platform\junit-platform-launcher\1.9.2\junit-platform-launcher-1.9.2.jar;C:\Users\Thomas\.m2\repository\org\junit\platform\junit-platform-engine\1.9.2\junit-platform-engine-1.9.2.jar;C:\Users\Thomas\.m2\repository\org\junit\platform\junit-platform-commons\1.9.2\junit-platform-commons-1.9.2.jar;C:\Users\Thomas\.m2\repository\org\apiguardian\apiguardian-api\1.1.2\apiguardian-api-1.1.2.jar;C:\Users\Thomas\.m2\repository\org\junit\jupiter\junit-jupiter-engine\5.9.2\junit-jupiter-engine-5.9.2.jar;C:\Users\Thomas\.m2\repository\org\junit\jupiter\junit-jupiter-api\5.9.2\junit-jupiter-api-5.9.2.jar;C:\Users\Thomas\.m2\repository\org\junit\vintage\junit-vintage-engine\5.9.2\junit-vintage-engine-5.9.2.jar;C:\Users\Thomas\.m2\repository\junit\junit\4.13.2\junit-4.13.2.jar;C:\Users\Thomas\.m2\repository\org\hamcrest\hamcrest-core\1.3\hamcrest-core-1.3.jar;C:\Users\Thomas\.m2\repository\ch\qos\logback\logback-classic\1.4.6\logback-classic-1.4.6.jar;C:\Users\Thomas\.m2\repository\ch\qos\logback\logback-core\1.4.6\logback-core-1.4.6.jar;C:\Users\Thomas\.m2\repository\org\slf4j\slf4j-api\2.0.4\slf4j-api-2.0.4.jar;C:\Users\Thomas\.m2\repository\org\assertj\assertj-core\3.24.2\assertj-core-3.24.2.jar;C:\Users\Thomas\.m2\repository\net\bytebuddy\byte-buddy\1.12.21\byte-buddy-1.12.21.jar;C:\Users\Thomas\.m2\repository\org\apache\maven\surefire\surefire-junit-platform\3.0.0-M5\surefire-junit-platform-3.0.0-M5.jar;C:\Users\Thomas\.m2\repository\org\apache\maven\surefire\common-java5\3.0.0-M5\common-java5-3.0.0-M5.jar"/>
    <property name="user.script" value=""/>
    <property name="sun.management.compiler" value="HotSpot 64-Bit Tiered Compilers"/>
    <property name="java.runtime.version" value="11.0.15+8-LTS-149"/>
    <property name="user.name" value="Thomas"/>
    <property name="path.separator" value=";"/>
    <property name="os.version" value="10.0"/>
    <property name="java.runtime.name" value="Java(TM) SE Runtime Environment"/>
    <property name="file.encoding" value="Cp1252"/>
    <property name="java.vm.name" value="Java HotSpot(TM) 64-Bit Server VM"/>
    <property name="java.vendor.version" value="18.9"/>
    <property name="localRepository" value="C:\Users\Thomas\.m2\repository"/>
    <property name="java.vendor.url.bug" value="https://bugreport.java.com/bugreport/"/>
    <property name="java.io.tmpdir" value="C:\Users\Thomas\AppData\Local\Temp\"/>
    <property name="java.version" value="11.0.15"/>
    <property name="user.dir" value="D:\GITHUB\qe-automation\capstone-api"/>
    <property name="os.arch" value="amd64"/>
    <property name="java.vm.specification.name" value="Java Virtual Machine Specification"/>
    <property name="java.awt.printerjob" value="sun.awt.windows.WPrinterJob"/>
    <property name="sun.os.patch.level" value=""/>
    <property name="java.library.path" value="C:\Program Files\Java\jdk-11.0.15\bin;C:\Windows\Sun\Java\bin;C:\Windows\system32;C:\Windows;C:\Program Files (x86)\Razer\ChromaBroadcast\bin;C:\Program Files\Razer\ChromaBroadcast\bin;C:\Program Files\Gradle\gradle-8.1.1\bin;C:\Users\Thomas\AppData\Local\Programs\Python\Python311\;C:\Program Files\Common Files\Oracle\Java\javapath;C:\Program Files (x86)\Common Files\Oracle\Java\javapath;C:\Windows\system32;C:\Windows;C:\Windows\System32\Wbem;C:\Windows\System32\WindowsPowerShell\v1.0\;C:\Windows\System32\OpenSSH\;C:\Program Files (x86)\NVIDIA Corporation\PhysX\Common;C:\Program Files\NVIDIA Corporation\NVIDIA NvDLISR;C:\Program Files\dotnet\;C:\Program Files\Microsoft SQL Server\Client SDK\ODBC\170\Tools\Binn\;C:\Program Files (x86)\Microsoft SQL Server\150\Tools\Binn\;C:\Program Files\Microsoft SQL Server\150\Tools\Binn\;C:\Program Files\Microsoft SQL Server\150\DTS\Binn\;C:\Program Files (x86)\Microsoft SQL Server\150\DTS\Binn\;C:\Program Files\Azure Data Studio\bin;C:\Program Files\Microsoft SQL Server\130\Tools\Binn\;C:\Program Files\Cloudflare\Cloudflare WARP;D:\Git\cmd;C:\Program Files\Cloudflare\Cloudflare WARP\;C:\Users\Thomas\Downloads\apache-maven-3.9.1-bin\apache-maven-3.9.1\bin;D:\chromedriv;D:\nodejs\;C:\ProgramData\chocolatey\bin;C:\webdrivers;C:\Windows\system32\config\systemprofile\AppData\Local\Microsoft\WindowsApps;C:\Program Files\Gradle\gradle-8.1.1\bin;C:\Users\Thomas\AppData\Local\Programs\Microsoft VS Code\bin;C:\Users\Thomas\.dotnet\tools;C:\Program Files\Azure Data Studio\bin;C:\Users\Thomas\AppData\Local\GitHubDesktop\bin;C:\Users\Thomas\AppData\Roaming\npm;D:\platform-tools;;."/>
    <property name="java.vendor" value="Oracle Corporation"/>
    <property name="java.vm.info" value="mixed mode"/>
    <property name="java.vm.version" value="11.0.15+8-LTS-149"/>
    <property name="sun.io.unicode.encoding" value="UnicodeLittle"/>
    <property name="java.class.version" value="55.0"/>
  </properties>
  <testcase name="GET - I want to see all customers who enrolled in the course using admin token" classname="As admin I want to see all customers who enrolled in the course" time="2.525">
    <system-out><![CDATA[14:45:49.633 [main] DEBUG net.thucydides.core.guice.Injectors -- Created injector for module net.thucydides.core.guice.ThucydidesModule
14:45:49.778 [main] DEBUG io.cucumber.core.plugin.SerenityReporter -- Running feature from file:///D:/GITHUB/qe-automation/capstone-api/src/test/resources/features/ManageCustomersWhoEnrolled.feature
14:45:49.865 [main] DEBUG net.thucydides.core.guice.Injectors -- Created injector for module net.thucydides.core.guice.webdriver.WebDriverModule
14:45:49.874 [main] INFO  -- 

-------------------------------------------------------------------------------------
     _______. _______ .______       _______ .__   __.  __  .___________.____    ____ 
    /       ||   ____||   _  \     |   ____||  \ |  | |  | |           |\   \  /   / 
   |   (----`|  |__   |  |_)  |    |  |__   |   \|  | |  | `---|  |----` \   \/   /  
    \   \    |   __|  |      /     |   __|  |  . `  | |  |     |  |       \_    _/   
.----)   |   |  |____ |  |\  \----.|  |____ |  |\   | |  |     |  |         |  |     
|_______/    |_______|| _| `._____||_______||__| \__| |__|     |__|         |__|    
                                                                                     
 News and tutorials at http://www.serenity-bdd.info                                  
 Documentation at https://wakaleo.gitbooks.io/the-serenity-book/content/             
 Join the Serenity Community on Gitter: https://gitter.im/serenity-bdd/serenity-core 
 Serenity BDD Support and Training at http://serenity-bdd.info/#/trainingandsupport  
-------------------------------------------------------------------------------------

14:45:49.877 [main] DEBUG net.thucydides.core.steps.StepEventBus -- Test suite started for story net.thucydides.core.model.Story@4f0b73e5
14:45:49.878 [main] INFO  -- Test Suite Started: As admin I want to see all customers who enrolled in the course
14:45:49.889 [main] DEBUG io.cucumber.core.plugin.SerenityReporter -- Running feature from file:///D:/GITHUB/qe-automation/capstone-api/src/test/resources/features/login.feature
14:45:49.893 [main] DEBUG net.thucydides.core.steps.StepEventBus -- Test suite started for story net.thucydides.core.model.Story@ffb08b88
14:45:49.893 [main] INFO  -- Test Suite Started: As user I want to login
14:45:49.893 [main] DEBUG io.cucumber.core.plugin.SerenityReporter -- Running feature from file:///D:/GITHUB/qe-automation/capstone-api/src/test/resources/features/managecourse.feature
14:45:49.897 [main] DEBUG net.thucydides.core.steps.StepEventBus -- Test suite started for story net.thucydides.core.model.Story@cfba58f5
14:45:49.897 [main] INFO  -- Test Suite Started: As admin I want to see all course
14:45:49.897 [main] DEBUG io.cucumber.core.plugin.SerenityReporter -- Running feature from file:///D:/GITHUB/qe-automation/capstone-api/src/test/resources/features/register.feature
14:45:49.900 [main] DEBUG net.thucydides.core.steps.StepEventBus -- Test suite started for story net.thucydides.core.model.Story@c1050949
14:45:49.901 [main] INFO  -- Test Suite Started: As user i want to create account So that i can login and see home page
14:45:49.901 [main] DEBUG io.cucumber.core.plugin.SerenityReporter -- Running feature from file:///D:/GITHUB/qe-automation/capstone-api/src/test/resources/features/ManageCustomersWhoEnrolled.feature
14:45:49.903 [main] DEBUG net.thucydides.core.steps.StepEventBus -- Test suite started for story net.thucydides.core.model.Story@4f0b73e5
14:45:49.903 [main] INFO  -- Test Suite Started: As admin I want to see all customers who enrolled in the course

@ManageCustomers
Scenario: GET - I want to see all customers who enrolled in the course using admin token &amp#27;[90m# src/test/resources/features/ManageCustomersWhoEnrolled.feature:4&amp#27;[0m
14:45:49.964 [main] DEBUG io.cucumber.core.plugin.SerenityReporter -- Running feature from file:///D:/GITHUB/qe-automation/capstone-api/src/test/resources/features/ManageCustomersWhoEnrolled.feature
14:45:50.047 [main] INFO  -- 
  _____   ___   ___   _____     ___   _____     _     ___   _____   ___   ___  
 |_   _| | __| / __| |_   _|   / __| |_   _|   /_\   | _ \ |_   _| | __| |   \ 
   | |   | _|  \__ \   | |     \__ \   | |    / _ \  |   /   | |   | _|  | |) |
   |_|   |___| |___/   |_|     |___/   |_|   /_/ \_\ |_|_\   |_|   |___| |___/ 

GET - I want to see all customers who enrolled in the course using admin token(as-admin-i-want-to-see-all-customers-who-enrolled-in-the-course;get---i-want-to-see-all-customers-who-enrolled-in-the-course-using-admin-token)
--------------------------------------------------------------------------------
14:45:50.078 [main] DEBUG net.thucydides.core.requirements.model.cucumber.CucumberParser -- Loading feature D:\GITHUB\qe-automation\capstone-api\src\test\resources\features\login.feature
14:45:50.090 [main] DEBUG net.thucydides.core.requirements.model.cucumber.CucumberParser -- Loading feature D:\GITHUB\qe-automation\capstone-api\src\test\resources\features\managecourse.feature
14:45:50.094 [main] DEBUG net.thucydides.core.requirements.model.cucumber.CucumberParser -- Loading feature D:\GITHUB\qe-automation\capstone-api\src\test\resources\features\ManageCustomersWhoEnrolled.feature
14:45:50.097 [main] DEBUG net.thucydides.core.requirements.model.cucumber.CucumberParser -- Loading feature D:\GITHUB\qe-automation\capstone-api\src\test\resources\features\register.feature
14:45:50.380 [main] DEBUG net.thucydides.core.steps.StepInterceptor -- STARTING STEP: UserSteps.userSetEndpointForGetCustomersWhoEnrolledInTheCourse - user set endpoint for get customers who enrolled in the course
14:45:50.381 [main] DEBUG net.thucydides.core.steps.StepInterceptor -- STEP DONE: user set endpoint for get customers who enrolled in the course
  &amp#27;[32mGiven &amp#27;[0m&amp#27;[32muser set endpoint for get customers who enrolled in the course&amp#27;[0m                   &amp#27;[90m# starter.stepdefinitions.UserSteps.userSetEndpointForGetCustomersWhoEnrolledInTheCourse()&amp#27;[0m
14:45:50.387 [main] DEBUG net.thucydides.core.steps.StepInterceptor -- STARTING STEP: UserSteps.loginToGetToken - login to get token
14:45:51.679 [main] DEBUG org.apache.http.impl.conn.BasicClientConnectionManager -- Get connection for route {s}->https://skfw.net:443
14:45:51.688 [main] DEBUG org.apache.http.impl.conn.DefaultClientConnectionOperator -- Connecting to skfw.net:443
14:45:51.813 [main] DEBUG org.apache.http.client.protocol.RequestAddCookies -- CookieSpec selected: ignoreCookies
14:45:51.814 [main] DEBUG org.apache.http.client.protocol.RequestAuthCache -- Auth cache not set in the context
14:45:51.814 [main] DEBUG org.apache.http.client.protocol.RequestTargetAuthentication -- Target auth state: UNCHALLENGED
14:45:51.814 [main] DEBUG org.apache.http.client.protocol.RequestProxyAuthentication -- Proxy auth state: UNCHALLENGED
14:45:51.814 [main] DEBUG org.apache.http.impl.client.DefaultHttpClient -- Attempt 1 to execute request
14:45:51.814 [main] DEBUG org.apache.http.impl.conn.DefaultClientConnection -- Sending request: POST /api/v1/users/login HTTP/1.1
14:45:51.815 [main] DEBUG org.apache.http.wire --  >> "POST /api/v1/users/login HTTP/1.1[\r][\n]"
14:45:51.815 [main] DEBUG org.apache.http.wire --  >> "Accept: */*[\r][\n]"
14:45:51.816 [main] DEBUG org.apache.http.wire --  >> "Content-Type: application/json[\r][\n]"
14:45:51.816 [main] DEBUG org.apache.http.wire --  >> "Content-Length: 64[\r][\n]"
14:45:51.816 [main] DEBUG org.apache.http.wire --  >> "Host: skfw.net[\r][\n]"
14:45:51.816 [main] DEBUG org.apache.http.wire --  >> "Connection: Keep-Alive[\r][\n]"
14:45:51.816 [main] DEBUG org.apache.http.wire --  >> "User-Agent: Apache-HttpClient/4.5.13 (Java/11.0.15)[\r][\n]"
14:45:51.816 [main] DEBUG org.apache.http.wire --  >> "Accept-Encoding: gzip,deflate[\r][\n]"
14:45:51.816 [main] DEBUG org.apache.http.wire --  >> "[\r][\n]"
14:45:51.816 [main] DEBUG org.apache.http.headers -- >> POST /api/v1/users/login HTTP/1.1
14:45:51.816 [main] DEBUG org.apache.http.headers -- >> Accept: */*
14:45:51.816 [main] DEBUG org.apache.http.headers -- >> Content-Type: application/json
14:45:51.816 [main] DEBUG org.apache.http.headers -- >> Content-Length: 64
14:45:51.816 [main] DEBUG org.apache.http.headers -- >> Host: skfw.net
14:45:51.816 [main] DEBUG org.apache.http.headers -- >> Connection: Keep-Alive
14:45:51.816 [main] DEBUG org.apache.http.headers -- >> User-Agent: Apache-HttpClient/4.5.13 (Java/11.0.15)
14:45:51.816 [main] DEBUG org.apache.http.headers -- >> Accept-Encoding: gzip,deflate
14:45:51.816 [main] DEBUG org.apache.http.wire --  >> "{"password":"Admin@1234","email":"admin@mail.co","username":"*"}"
14:45:51.910 [main] DEBUG org.apache.http.wire --  << "HTTP/1.1 201 Created[\r][\n]"
14:45:51.911 [main] DEBUG org.apache.http.wire --  << "Server: nginx/1.22.1 (Ubuntu)[\r][\n]"
14:45:51.911 [main] DEBUG org.apache.http.wire --  << "Date: Sat, 24 Jun 2023 07:45:51 GMT[\r][\n]"
14:45:51.911 [main] DEBUG org.apache.http.wire --  << "Content-Type: application/json[\r][\n]"
14:45:51.911 [main] DEBUG org.apache.http.wire --  << "Content-Length: 300[\r][\n]"
14:45:51.911 [main] DEBUG org.apache.http.wire --  << "Connection: keep-alive[\r][\n]"
14:45:51.911 [main] DEBUG org.apache.http.wire --  << "Strict-Transport-Security: max-age=31536000; includeSubdomains[\r][\n]"
14:45:51.911 [main] DEBUG org.apache.http.wire --  << "[\r][\n]"
14:45:51.911 [main] DEBUG org.apache.http.impl.conn.DefaultClientConnection -- Receiving response: HTTP/1.1 201 Created
14:45:51.911 [main] DEBUG org.apache.http.headers -- << HTTP/1.1 201 Created
14:45:51.911 [main] DEBUG org.apache.http.headers -- << Server: nginx/1.22.1 (Ubuntu)
14:45:51.911 [main] DEBUG org.apache.http.headers -- << Date: Sat, 24 Jun 2023 07:45:51 GMT
14:45:51.911 [main] DEBUG org.apache.http.headers -- << Content-Type: application/json
14:45:51.911 [main] DEBUG org.apache.http.headers -- << Content-Length: 300
14:45:51.911 [main] DEBUG org.apache.http.headers -- << Connection: keep-alive
14:45:51.911 [main] DEBUG org.apache.http.headers -- << Strict-Transport-Security: max-age=31536000; includeSubdomains
14:45:51.913 [main] DEBUG org.apache.http.impl.client.DefaultHttpClient -- Connection can be kept alive indefinitely
14:45:51.916 [main] DEBUG io.restassured.internal.RestAssuredHttpBuilder -- Parsing response as: application/json
14:45:51.917 [main] DEBUG io.restassured.internal.RestAssuredHttpBuilder -- Parsed data to instance of: class org.apache.http.conn.EofSensorInputStream
14:45:51.936 [main] DEBUG org.apache.http.wire --  << "{"id":1421799465,"logs":[],"status":"Unknown","message":"login successful","error":false,"data":{"token":"eyJhbGciOiJIUzI1NiIsInR5cCI6IkpXVCJ9.eyJleHAiOjE2ODc2NzkxNTE1ODksImlhdCI6MTY4NzU5Mjc1MTY2MywidWlkIjoiODY5NDc2YWY0Zjk4NDcyZGI3Zjk3YTljZmU1ZGE0NmYifQ.bN8CGXlMwP1OPZuwNamCKNrgxUNaBzHhsqSzyJRZonU"}}"
14:45:51.936 [main] DEBUG org.apache.http.impl.conn.BasicClientConnectionManager -- Releasing connection org.apache.http.impl.conn.ManagedClientConnectionImpl@4f4d05b3
14:45:51.936 [main] DEBUG org.apache.http.impl.conn.BasicClientConnectionManager -- Connection can be kept alive indefinitely
14:45:52.258 [main] DEBUG net.thucydides.core.steps.StepInterceptor -- STEP DONE: login to get token
  &amp#27;[32mAnd &amp#27;[0m&amp#27;[32mlogin to get token&amp#27;[0m                                                                 &amp#27;[90m# starter.stepdefinitions.UserSteps.loginToGetToken()&amp#27;[0m
14:45:52.261 [main] DEBUG net.thucydides.core.steps.StepInterceptor -- STARTING STEP: UserSteps.userSendGETHTTPRequestAndTokenForGetCustomersWhoEnrolledInTheCourse - user send GET HTTP request and token for get customers who enrolled in the course
14:45:52.263 [main] DEBUG net.thucydides.core.steps.StepInterceptor -- STARTING STEP: ManageCustomersWhoEnrolled.userSendGETHTTPRequestAndTokenForGetCustomersWhoEnrolledInTheCourse - user set endpoint for get customers who enrolled in the course
14:45:52.263 [main] DEBUG net.thucydides.core.steps.StepInterceptor -- STEP DONE: user set endpoint for get customers who enrolled in the course
14:45:52.298 [main] DEBUG org.apache.http.impl.conn.BasicClientConnectionManager -- Get connection for route {s}->https://skfw.net:443
14:45:52.298 [main] DEBUG org.apache.http.impl.conn.DefaultClientConnectionOperator -- Connecting to skfw.net:443
14:45:52.344 [main] DEBUG org.apache.http.client.protocol.RequestAddCookies -- CookieSpec selected: ignoreCookies
14:45:52.344 [main] DEBUG org.apache.http.client.protocol.RequestAuthCache -- Auth cache not set in the context
14:45:52.344 [main] DEBUG org.apache.http.client.protocol.RequestProxyAuthentication -- Proxy auth state: UNCHALLENGED
14:45:52.344 [main] DEBUG org.apache.http.impl.client.DefaultHttpClient -- Attempt 1 to execute request
14:45:52.344 [main] DEBUG org.apache.http.impl.conn.DefaultClientConnection -- Sending request: GET /api/v1/admin/who/courses/enrolled?size=100&page=1 HTTP/1.1
14:45:52.344 [main] DEBUG org.apache.http.wire --  >> "GET /api/v1/admin/who/courses/enrolled?size=100&page=1 HTTP/1.1[\r][\n]"
14:45:52.344 [main] DEBUG org.apache.http.wire --  >> "Authorization: Bearer eyJhbGciOiJIUzI1NiIsInR5cCI6IkpXVCJ9.eyJleHAiOjE2ODc2NzkxNTE1ODksImlhdCI6MTY4NzU5Mjc1MTY2MywidWlkIjoiODY5NDc2YWY0Zjk4NDcyZGI3Zjk3YTljZmU1ZGE0NmYifQ.bN8CGXlMwP1OPZuwNamCKNrgxUNaBzHhsqSzyJRZonU[\r][\n]"
14:45:52.345 [main] DEBUG org.apache.http.wire --  >> "Accept: */*[\r][\n]"
14:45:52.345 [main] DEBUG org.apache.http.wire --  >> "Host: skfw.net[\r][\n]"
14:45:52.345 [main] DEBUG org.apache.http.wire --  >> "Connection: Keep-Alive[\r][\n]"
14:45:52.345 [main] DEBUG org.apache.http.wire --  >> "User-Agent: Apache-HttpClient/4.5.13 (Java/11.0.15)[\r][\n]"
14:45:52.345 [main] DEBUG org.apache.http.wire --  >> "Accept-Encoding: gzip,deflate[\r][\n]"
14:45:52.345 [main] DEBUG org.apache.http.wire --  >> "[\r][\n]"
14:45:52.345 [main] DEBUG org.apache.http.headers -- >> GET /api/v1/admin/who/courses/enrolled?size=100&page=1 HTTP/1.1
14:45:52.345 [main] DEBUG org.apache.http.headers -- >> Authorization: Bearer eyJhbGciOiJIUzI1NiIsInR5cCI6IkpXVCJ9.eyJleHAiOjE2ODc2NzkxNTE1ODksImlhdCI6MTY4NzU5Mjc1MTY2MywidWlkIjoiODY5NDc2YWY0Zjk4NDcyZGI3Zjk3YTljZmU1ZGE0NmYifQ.bN8CGXlMwP1OPZuwNamCKNrgxUNaBzHhsqSzyJRZonU
14:45:52.345 [main] DEBUG org.apache.http.headers -- >> Accept: */*
14:45:52.345 [main] DEBUG org.apache.http.headers -- >> Host: skfw.net
14:45:52.345 [main] DEBUG org.apache.http.headers -- >> Connection: Keep-Alive
14:45:52.345 [main] DEBUG org.apache.http.headers -- >> User-Agent: Apache-HttpClient/4.5.13 (Java/11.0.15)
14:45:52.345 [main] DEBUG org.apache.http.headers -- >> Accept-Encoding: gzip,deflate
14:45:52.374 [main] DEBUG org.apache.http.wire --  << "HTTP/1.1 200 OK[\r][\n]"
14:45:52.374 [main] DEBUG org.apache.http.wire --  << "Server: nginx/1.22.1 (Ubuntu)[\r][\n]"
14:45:52.374 [main] DEBUG org.apache.http.wire --  << "Date: Sat, 24 Jun 2023 07:45:52 GMT[\r][\n]"
14:45:52.374 [main] DEBUG org.apache.http.wire --  << "Content-Type: application/json[\r][\n]"
14:45:52.374 [main] DEBUG org.apache.http.wire --  << "Content-Length: 2909[\r][\n]"
14:45:52.374 [main] DEBUG org.apache.http.wire --  << "Connection: keep-alive[\r][\n]"
14:45:52.374 [main] DEBUG org.apache.http.wire --  << "Strict-Transport-Security: max-age=31536000; includeSubdomains[\r][\n]"
14:45:52.374 [main] DEBUG org.apache.http.wire --  << "[\r][\n]"
14:45:52.374 [main] DEBUG org.apache.http.impl.conn.DefaultClientConnection -- Receiving response: HTTP/1.1 200 OK
14:45:52.374 [main] DEBUG org.apache.http.headers -- << HTTP/1.1 200 OK
14:45:52.374 [main] DEBUG org.apache.http.headers -- << Server: nginx/1.22.1 (Ubuntu)
14:45:52.374 [main] DEBUG org.apache.http.headers -- << Date: Sat, 24 Jun 2023 07:45:52 GMT
14:45:52.374 [main] DEBUG org.apache.http.headers -- << Content-Type: application/json
14:45:52.374 [main] DEBUG org.apache.http.headers -- << Content-Length: 2909
14:45:52.375 [main] DEBUG org.apache.http.headers -- << Connection: keep-alive
14:45:52.375 [main] DEBUG org.apache.http.headers -- << Strict-Transport-Security: max-age=31536000; includeSubdomains
14:45:52.375 [main] DEBUG org.apache.http.impl.client.DefaultHttpClient -- Connection can be kept alive indefinitely
14:45:52.375 [main] DEBUG io.restassured.internal.RestAssuredHttpBuilder -- Parsing response as: application/json
14:45:52.375 [main] DEBUG io.restassured.internal.RestAssuredHttpBuilder -- Parsed data to instance of: class org.apache.http.conn.EofSensorInputStream
14:45:52.377 [main] DEBUG org.apache.http.wire --  << "{"id":1731156652,"logs":[],"status":"OK","message":"successful get who courses enrolled","error":false,"data":[{"id":"943926f30702493d9d06fdb9afdb57c6","name":"Backend With Golang","users":[{"email":"rizkias2@gmail.com","image":"","name":"rizki","phone":"","username":"usernam123"},{"email":"rizkias3@gmail.com","image":"41bf2f8.profile.png","name":"Rizki Andika Setiadi","phone":"+62 877312345","username":"rizkias99"},{"email":"rizkias1@gmail.com","image":"d2818d2.profile.png","name":"Rizki Andika Setiadi","phone":"87881323412","username":"rizkias1"},{"email":"rizkias11@gmail.com","image":"","name":"rizki","phone":"","username":"rizkias11"}]},{"id":"11349b5009444dd585fcdc4ee9fa5ca0","name":"life fourth","users":[{"email":"rizkias3@gmail.com","image":"41bf2f8.profile.png","name":"Rizki Andika Setiadi","phone":"+62 877312345","username":"rizkias99"},{"email":"rizkias1@gmail.com","image":"d2818d2.profile.png","name":"Rizki Andika Setiadi","phone":"87881323412","username":"rizkias1"}]},{"id":"9a215293cf144266873351b0264f6277","name":"Life is Shorts","users":[{"email":"rizkias2@gmail.com","image":"","name":"rizki","phone":"","username":"usernam123"},{"email":"rizkias1@gmail.com","image":"d2818d2.profile.png","name":"Rizki Andika Setiadi","phone":"87881323412","username":"rizkias1"},{"email":"rizkias3@gmail.com","image":"41bf2f8.profile.png","name":"Rizki Andika Setiadi","phone":"+62 877312345","username":"rizkias99"},{"email":"user@mail.co","image":"10248df.profile.png","name":"User1","phone":"0878812312","username":"user"}]},{"id":"f2794d678a564a46af0c333dc94eab26","name":"Automation Test 1","users":[{"email":"rizkias2@gmail.com","image":"","name":"rizki","phone":"","username":"usernam123"}]},{"id":"98faa25ee34a41519247ebbc2e556c58","name":"Quality Assurance","users":[{"email":"rizkias1@gmail.com","image":"d2818d2.profile.png","name":"Rizki Andika Setiadi","phone":"87881323412","username":"rizkias1"},{"email":"rizkias11@gmail.com","image":"","name":"rizki","phone":"","username":"rizkias11"},{"email":"rizkias3@gmail.com","image":"41bf2f8.profile.png","name":"Rizki Andika Setiadi","phone":"+62 877312345","username":"rizkias99"},{"email":"user@mail.co","image":"10248df.profile.png","name":"User1","phone":"0878812312","username":"user"},{"email":"tesrizki@gmail.com","image":"","name":"User Rizki","phone":"","username":"tesrizki1"}]},{"id":"496e2aab72fb4a47849c2f7452c62146","name":"UI Design","users":[{"email":"rizkias4@gmail.com","image":"","name":"Rizki","phone":"","username":"rizkias4"},{"email":"rizkias1@gmail.com","image":"d2818d2.profile.png","name":"Rizki Andika Setiadi","phone":"87881323412","username":"rizkias1"},{"email":"rizkias3@gmail.com","image":"41bf2f8.profile.png","name":"Rizki Andika Setiadi","phone":"+62 877312345","username":"rizkias99"},{"email":"user@mail.co","image":"10248df.profile.png","name":"User1","phone":"0878812312","username":"user"}]}]}"
14:45:52.377 [main] DEBUG org.apache.http.impl.conn.BasicClientConnectionManager -- Releasing connection org.apache.http.impl.conn.ManagedClientConnectionImpl@3c17794e
14:45:52.377 [main] DEBUG org.apache.http.impl.conn.BasicClientConnectionManager -- Connection can be kept alive indefinitely
14:45:52.381 [main] DEBUG net.thucydides.core.steps.StepInterceptor -- STEP DONE: user send GET HTTP request and token for get customers who enrolled in the course
  &amp#27;[32mWhen &amp#27;[0m&amp#27;[32muser send GET HTTP request and token for get customers who enrolled in the course&amp#27;[0m &amp#27;[90m# starter.stepdefinitions.UserSteps.userSendGETHTTPRequestAndTokenForGetCustomersWhoEnrolledInTheCourse()&amp#27;[0m
14:45:52.385 [main] DEBUG net.thucydides.core.steps.StepInterceptor -- STARTING STEP: UserSteps.userSeeStatusCode200 - user see status code 200
14:45:52.399 [main] DEBUG net.thucydides.core.steps.StepInterceptor -- STEP DONE: user see status code 200
  &amp#27;[32mThen &amp#27;[0m&amp#27;[32muser see status code 200&amp#27;[0m                                                          &amp#27;[90m# starter.stepdefinitions.UserSteps.userSeeStatusCode200()&amp#27;[0m
14:45:52.402 [main] DEBUG net.thucydides.core.steps.StepInterceptor -- STARTING STEP: UserSteps.getAllCustomersWhoEnrolledInTheCourseData - get all customers who enrolled in the course data
14:45:52.423 [main] DEBUG net.thucydides.core.steps.StepInterceptor -- STEP DONE: get all customers who enrolled in the course data
  &amp#27;[32mAnd &amp#27;[0m&amp#27;[32mget all customers who enrolled in the course data&amp#27;[0m                                  &amp#27;[90m# starter.stepdefinitions.UserSteps.getAllCustomersWhoEnrolledInTheCourseData()&amp#27;[0m
14:45:52.427 [main] INFO  -- 
  _____   ___   ___   _____     ___     _     ___   ___   ___   ___  
 |_   _| | __| / __| |_   _|   | _ \   /_\   / __| / __| | __| |   \ 
   | |   | _|  \__ \   | |     |  _/  / _ \  \__ \ \__ \ | _|  | |) |
   |_|   |___| |___/   |_|     |_|   /_/ \_\ |___/ |___/ |___| |___/ 

GET - I want to see all customers who enrolled in the course using admin token
----------------------------------------------------------------------
]]></system-out>
  </testcase>
  <testcase name="GET - I want to see all customers who enrolled in the course using normal token" classname="As admin I want to see all customers who enrolled in the course" time="0.255">
    <system-out><![CDATA[
@ManageCustomers
Scenario: GET - I want to see all customers who enrolled in the course using normal token &amp#27;[90m# src/test/resources/features/ManageCustomersWhoEnrolled.feature:11&amp#27;[0m
14:45:52.437 [main] DEBUG io.cucumber.core.plugin.SerenityReporter -- Running feature from file:///D:/GITHUB/qe-automation/capstone-api/src/test/resources/features/ManageCustomersWhoEnrolled.feature
14:45:52.438 [main] INFO  -- 
  _____   ___   ___   _____     ___   _____     _     ___   _____   ___   ___  
 |_   _| | __| / __| |_   _|   / __| |_   _|   /_\   | _ \ |_   _| | __| |   \ 
   | |   | _|  \__ \   | |     \__ \   | |    / _ \  |   /   | |   | _|  | |) |
   |_|   |___| |___/   |_|     |___/   |_|   /_/ \_\ |_|_\   |_|   |___| |___/ 

GET - I want to see all customers who enrolled in the course using normal token(as-admin-i-want-to-see-all-customers-who-enrolled-in-the-course;get---i-want-to-see-all-customers-who-enrolled-in-the-course-using-normal-token)
--------------------------------------------------------------------------------
14:45:52.446 [main] DEBUG net.thucydides.core.steps.StepInterceptor -- STARTING STEP: UserSteps.userSetEndpointForGetCustomersWhoEnrolledInTheCourse - user set endpoint for get customers who enrolled in the course
14:45:52.446 [main] DEBUG net.thucydides.core.steps.StepInterceptor -- STEP DONE: user set endpoint for get customers who enrolled in the course
  &amp#27;[32mGiven &amp#27;[0m&amp#27;[32muser set endpoint for get customers who enrolled in the course&amp#27;[0m                    &amp#27;[90m# starter.stepdefinitions.UserSteps.userSetEndpointForGetCustomersWhoEnrolledInTheCourse()&amp#27;[0m
14:45:52.449 [main] DEBUG net.thucydides.core.steps.StepInterceptor -- STARTING STEP: UserSteps.loginToGetTokenUsingNormalUser - login to get token using normal user
14:45:52.465 [main] DEBUG org.apache.http.impl.conn.BasicClientConnectionManager -- Get connection for route {s}->https://skfw.net:443
14:45:52.465 [main] DEBUG org.apache.http.impl.conn.DefaultClientConnectionOperator -- Connecting to skfw.net:443
14:45:52.504 [main] DEBUG org.apache.http.client.protocol.RequestAddCookies -- CookieSpec selected: ignoreCookies
14:45:52.504 [main] DEBUG org.apache.http.client.protocol.RequestAuthCache -- Auth cache not set in the context
14:45:52.504 [main] DEBUG org.apache.http.client.protocol.RequestTargetAuthentication -- Target auth state: UNCHALLENGED
14:45:52.504 [main] DEBUG org.apache.http.client.protocol.RequestProxyAuthentication -- Proxy auth state: UNCHALLENGED
14:45:52.504 [main] DEBUG org.apache.http.impl.client.DefaultHttpClient -- Attempt 1 to execute request
14:45:52.504 [main] DEBUG org.apache.http.impl.conn.DefaultClientConnection -- Sending request: POST /api/v1/users/login HTTP/1.1
14:45:52.504 [main] DEBUG org.apache.http.wire --  >> "POST /api/v1/users/login HTTP/1.1[\r][\n]"
14:45:52.504 [main] DEBUG org.apache.http.wire --  >> "Accept: */*[\r][\n]"
14:45:52.504 [main] DEBUG org.apache.http.wire --  >> "Content-Type: application/json[\r][\n]"
14:45:52.504 [main] DEBUG org.apache.http.wire --  >> "Content-Length: 75[\r][\n]"
14:45:52.504 [main] DEBUG org.apache.http.wire --  >> "Host: skfw.net[\r][\n]"
14:45:52.504 [main] DEBUG org.apache.http.wire --  >> "Connection: Keep-Alive[\r][\n]"
14:45:52.504 [main] DEBUG org.apache.http.wire --  >> "User-Agent: Apache-HttpClient/4.5.13 (Java/11.0.15)[\r][\n]"
14:45:52.504 [main] DEBUG org.apache.http.wire --  >> "Accept-Encoding: gzip,deflate[\r][\n]"
14:45:52.504 [main] DEBUG org.apache.http.wire --  >> "[\r][\n]"
14:45:52.504 [main] DEBUG org.apache.http.headers -- >> POST /api/v1/users/login HTTP/1.1
14:45:52.504 [main] DEBUG org.apache.http.headers -- >> Accept: */*
14:45:52.504 [main] DEBUG org.apache.http.headers -- >> Content-Type: application/json
14:45:52.504 [main] DEBUG org.apache.http.headers -- >> Content-Length: 75
14:45:52.504 [main] DEBUG org.apache.http.headers -- >> Host: skfw.net
14:45:52.504 [main] DEBUG org.apache.http.headers -- >> Connection: Keep-Alive
14:45:52.504 [main] DEBUG org.apache.http.headers -- >> User-Agent: Apache-HttpClient/4.5.13 (Java/11.0.15)
14:45:52.504 [main] DEBUG org.apache.http.headers -- >> Accept-Encoding: gzip,deflate
14:45:52.504 [main] DEBUG org.apache.http.wire --  >> "{"password":"User@1234","email":"testforqa@mail.co","username":"testforqa"}"
14:45:52.596 [main] DEBUG org.apache.http.wire --  << "HTTP/1.1 201 Created[\r][\n]"
14:45:52.596 [main] DEBUG org.apache.http.wire --  << "Server: nginx/1.22.1 (Ubuntu)[\r][\n]"
14:45:52.596 [main] DEBUG org.apache.http.wire --  << "Date: Sat, 24 Jun 2023 07:45:52 GMT[\r][\n]"
14:45:52.596 [main] DEBUG org.apache.http.wire --  << "Content-Type: application/json[\r][\n]"
14:45:52.596 [main] DEBUG org.apache.http.wire --  << "Content-Length: 300[\r][\n]"
14:45:52.596 [main] DEBUG org.apache.http.wire --  << "Connection: keep-alive[\r][\n]"
14:45:52.596 [main] DEBUG org.apache.http.wire --  << "Strict-Transport-Security: max-age=31536000; includeSubdomains[\r][\n]"
14:45:52.596 [main] DEBUG org.apache.http.wire --  << "[\r][\n]"
14:45:52.596 [main] DEBUG org.apache.http.impl.conn.DefaultClientConnection -- Receiving response: HTTP/1.1 201 Created
14:45:52.596 [main] DEBUG org.apache.http.headers -- << HTTP/1.1 201 Created
14:45:52.596 [main] DEBUG org.apache.http.headers -- << Server: nginx/1.22.1 (Ubuntu)
14:45:52.596 [main] DEBUG org.apache.http.headers -- << Date: Sat, 24 Jun 2023 07:45:52 GMT
14:45:52.596 [main] DEBUG org.apache.http.headers -- << Content-Type: application/json
14:45:52.596 [main] DEBUG org.apache.http.headers -- << Content-Length: 300
14:45:52.596 [main] DEBUG org.apache.http.headers -- << Connection: keep-alive
14:45:52.596 [main] DEBUG org.apache.http.headers -- << Strict-Transport-Security: max-age=31536000; includeSubdomains
14:45:52.597 [main] DEBUG org.apache.http.impl.client.DefaultHttpClient -- Connection can be kept alive indefinitely
14:45:52.597 [main] DEBUG io.restassured.internal.RestAssuredHttpBuilder -- Parsing response as: application/json
14:45:52.597 [main] DEBUG io.restassured.internal.RestAssuredHttpBuilder -- Parsed data to instance of: class org.apache.http.conn.EofSensorInputStream
14:45:52.598 [main] DEBUG org.apache.http.wire --  << "{"id":1845704518,"logs":[],"status":"Unknown","message":"login successful","error":false,"data":{"token":"eyJhbGciOiJIUzI1NiIsInR5cCI6IkpXVCJ9.eyJleHAiOjE2ODc2NzkxNTIyNzcsImlhdCI6MTY4NzU5Mjc1MjM1MCwidWlkIjoiMDNlZjVmOWRlMTRhNDdmZjg5YmVlODc3OGE5NWZlMDIifQ.NLFdsH3m90gVT2vWDkp-2VGgVq6XCIvmxHzveN9yY0U"}}"
14:45:52.598 [main] DEBUG org.apache.http.impl.conn.BasicClientConnectionManager -- Releasing connection org.apache.http.impl.conn.ManagedClientConnectionImpl@126f2eb8
14:45:52.598 [main] DEBUG org.apache.http.impl.conn.BasicClientConnectionManager -- Connection can be kept alive indefinitely
14:45:52.607 [main] DEBUG net.thucydides.core.steps.StepInterceptor -- STEP DONE: login to get token using normal user
  &amp#27;[32mAnd &amp#27;[0m&amp#27;[32mlogin to get token using normal user&amp#27;[0m                                                &amp#27;[90m# starter.stepdefinitions.UserSteps.loginToGetTokenUsingNormalUser()&amp#27;[0m
14:45:52.609 [main] DEBUG net.thucydides.core.steps.StepInterceptor -- STARTING STEP: UserSteps.sendGETHTTPRequestAndTokenUserForGetCustomersWhoEnrolledInTheCourse - send GET HTTP request and token user for get customers who enrolled in the course
14:45:52.610 [main] DEBUG net.thucydides.core.steps.StepInterceptor -- STARTING STEP: ManageCustomersWhoEnrolled.sendGETHTTPRequestAndTokenUserForGetCustomersWhoEnrolledInTheCourse - user set endpoint for get customers who enrolled in the course
14:45:52.610 [main] DEBUG net.thucydides.core.steps.StepInterceptor -- STEP DONE: user set endpoint for get customers who enrolled in the course
14:45:52.620 [main] DEBUG org.apache.http.impl.conn.BasicClientConnectionManager -- Get connection for route {s}->https://skfw.net:443
14:45:52.621 [main] DEBUG org.apache.http.impl.conn.DefaultClientConnectionOperator -- Connecting to skfw.net:443
14:45:52.658 [main] DEBUG org.apache.http.client.protocol.RequestAddCookies -- CookieSpec selected: ignoreCookies
14:45:52.658 [main] DEBUG org.apache.http.client.protocol.RequestAuthCache -- Auth cache not set in the context
14:45:52.658 [main] DEBUG org.apache.http.client.protocol.RequestProxyAuthentication -- Proxy auth state: UNCHALLENGED
14:45:52.658 [main] DEBUG org.apache.http.impl.client.DefaultHttpClient -- Attempt 1 to execute request
14:45:52.658 [main] DEBUG org.apache.http.impl.conn.DefaultClientConnection -- Sending request: GET /api/v1/admin/who/courses/enrolled?size=100&page=1 HTTP/1.1
14:45:52.658 [main] DEBUG org.apache.http.wire --  >> "GET /api/v1/admin/who/courses/enrolled?size=100&page=1 HTTP/1.1[\r][\n]"
14:45:52.658 [main] DEBUG org.apache.http.wire --  >> "Authorization: Bearer eyJhbGciOiJIUzI1NiIsInR5cCI6IkpXVCJ9.eyJleHAiOjE2ODc2NzkxNTIyNzcsImlhdCI6MTY4NzU5Mjc1MjM1MCwidWlkIjoiMDNlZjVmOWRlMTRhNDdmZjg5YmVlODc3OGE5NWZlMDIifQ.NLFdsH3m90gVT2vWDkp-2VGgVq6XCIvmxHzveN9yY0U[\r][\n]"
14:45:52.659 [main] DEBUG org.apache.http.wire --  >> "Accept: */*[\r][\n]"
14:45:52.659 [main] DEBUG org.apache.http.wire --  >> "Host: skfw.net[\r][\n]"
14:45:52.659 [main] DEBUG org.apache.http.wire --  >> "Connection: Keep-Alive[\r][\n]"
14:45:52.659 [main] DEBUG org.apache.http.wire --  >> "User-Agent: Apache-HttpClient/4.5.13 (Java/11.0.15)[\r][\n]"
14:45:52.659 [main] DEBUG org.apache.http.wire --  >> "Accept-Encoding: gzip,deflate[\r][\n]"
14:45:52.659 [main] DEBUG org.apache.http.wire --  >> "[\r][\n]"
14:45:52.659 [main] DEBUG org.apache.http.headers -- >> GET /api/v1/admin/who/courses/enrolled?size=100&page=1 HTTP/1.1
14:45:52.659 [main] DEBUG org.apache.http.headers -- >> Authorization: Bearer eyJhbGciOiJIUzI1NiIsInR5cCI6IkpXVCJ9.eyJleHAiOjE2ODc2NzkxNTIyNzcsImlhdCI6MTY4NzU5Mjc1MjM1MCwidWlkIjoiMDNlZjVmOWRlMTRhNDdmZjg5YmVlODc3OGE5NWZlMDIifQ.NLFdsH3m90gVT2vWDkp-2VGgVq6XCIvmxHzveN9yY0U
14:45:52.659 [main] DEBUG org.apache.http.headers -- >> Accept: */*
14:45:52.659 [main] DEBUG org.apache.http.headers -- >> Host: skfw.net
14:45:52.659 [main] DEBUG org.apache.http.headers -- >> Connection: Keep-Alive
14:45:52.659 [main] DEBUG org.apache.http.headers -- >> User-Agent: Apache-HttpClient/4.5.13 (Java/11.0.15)
14:45:52.659 [main] DEBUG org.apache.http.headers -- >> Accept-Encoding: gzip,deflate
14:45:52.677 [main] DEBUG org.apache.http.wire --  << "HTTP/1.1 401 Unauthorized[\r][\n]"
14:45:52.677 [main] DEBUG org.apache.http.wire --  << "Server: nginx/1.22.1 (Ubuntu)[\r][\n]"
14:45:52.677 [main] DEBUG org.apache.http.wire --  << "Date: Sat, 24 Jun 2023 07:45:52 GMT[\r][\n]"
14:45:52.677 [main] DEBUG org.apache.http.wire --  << "Content-Type: application/json[\r][\n]"
14:45:52.677 [main] DEBUG org.apache.http.wire --  << "Content-Length: 103[\r][\n]"
14:45:52.677 [main] DEBUG org.apache.http.wire --  << "Connection: keep-alive[\r][\n]"
14:45:52.678 [main] DEBUG org.apache.http.wire --  << "[\r][\n]"
14:45:52.678 [main] DEBUG org.apache.http.impl.conn.DefaultClientConnection -- Receiving response: HTTP/1.1 401 Unauthorized
14:45:52.678 [main] DEBUG org.apache.http.headers -- << HTTP/1.1 401 Unauthorized
14:45:52.678 [main] DEBUG org.apache.http.headers -- << Server: nginx/1.22.1 (Ubuntu)
14:45:52.678 [main] DEBUG org.apache.http.headers -- << Date: Sat, 24 Jun 2023 07:45:52 GMT
14:45:52.678 [main] DEBUG org.apache.http.headers -- << Content-Type: application/json
14:45:52.678 [main] DEBUG org.apache.http.headers -- << Content-Length: 103
14:45:52.678 [main] DEBUG org.apache.http.headers -- << Connection: keep-alive
14:45:52.678 [main] DEBUG org.apache.http.impl.client.DefaultHttpClient -- Connection can be kept alive indefinitely
14:45:52.678 [main] DEBUG org.apache.http.impl.client.DefaultHttpClient -- Authentication required
14:45:52.678 [main] DEBUG org.apache.http.impl.client.DefaultHttpClient -- skfw.net:443 requested authentication
14:45:52.678 [main] DEBUG org.apache.http.impl.client.DefaultHttpClient -- Response contains no authentication challenges
14:45:52.678 [main] DEBUG io.restassured.internal.RestAssuredHttpBuilder -- Parsing response as: application/json
14:45:52.678 [main] DEBUG io.restassured.internal.RestAssuredHttpBuilder -- Parsed data to instance of: class org.apache.http.conn.EofSensorInputStream
14:45:52.679 [main] DEBUG org.apache.http.wire --  << "{"id":1137299212,"logs":[],"status":"Unauthorized","message":"Access Denied","error":false,"data":null}"
14:45:52.679 [main] DEBUG org.apache.http.impl.conn.BasicClientConnectionManager -- Releasing connection org.apache.http.impl.conn.ManagedClientConnectionImpl@566cc6af
14:45:52.679 [main] DEBUG org.apache.http.impl.conn.BasicClientConnectionManager -- Connection can be kept alive indefinitely
14:45:52.680 [main] DEBUG net.thucydides.core.steps.StepInterceptor -- STEP DONE: send GET HTTP request and token user for get customers who enrolled in the course
  &amp#27;[32mWhen &amp#27;[0m&amp#27;[32msend GET HTTP request and token user for get customers who enrolled in the course&amp#27;[0m  &amp#27;[90m# starter.stepdefinitions.UserSteps.sendGETHTTPRequestAndTokenUserForGetCustomersWhoEnrolledInTheCourse()&amp#27;[0m
14:45:52.683 [main] DEBUG net.thucydides.core.steps.StepInterceptor -- STARTING STEP: UserSteps.errorStatusCode - error status code {int}
14:45:52.684 [main] DEBUG net.thucydides.core.steps.StepInterceptor -- STEP DONE: error status code {int}
  &amp#27;[32mThen &amp#27;[0m&amp#27;[32merror status code &amp#27;[0m&amp#27;[32m&amp#27;[1m401&amp#27;[0m                                                              &amp#27;[90m# starter.stepdefinitions.UserSteps.errorStatusCode(int)&amp#27;[0m
14:45:52.685 [main] INFO  -- 
  _____   ___   ___   _____     ___     _     ___   ___   ___   ___  
 |_   _| | __| / __| |_   _|   | _ \   /_\   / __| / __| | __| |   \ 
   | |   | _|  \__ \   | |     |  _/  / _ \  \__ \ \__ \ | _|  | |) |
   |_|   |___| |___/   |_|     |_|   /_/ \_\ |___/ |___/ |___| |___/ 

GET - I want to see all customers who enrolled in the course using normal token
----------------------------------------------------------------------
]]></system-out>
  </testcase>
  <testcase name="POST - As a user I success to login with valid data" classname="As user I want to login" time="0.171">
    <system-out><![CDATA[14:45:52.687 [main] DEBUG io.cucumber.core.plugin.SerenityReporter -- Running feature from file:///D:/GITHUB/qe-automation/capstone-api/src/test/resources/features/login.feature
14:45:52.689 [main] DEBUG net.thucydides.core.steps.StepEventBus -- Test suite started for story net.thucydides.core.model.Story@ffb08b88
14:45:52.689 [main] INFO  -- Test Suite Started: As user I want to login

@Login
Scenario: POST - As a user I success to login with valid data &amp#27;[90m# src/test/resources/features/login.feature:4&amp#27;[0m
14:45:52.693 [main] DEBUG io.cucumber.core.plugin.SerenityReporter -- Running feature from file:///D:/GITHUB/qe-automation/capstone-api/src/test/resources/features/login.feature
14:45:52.694 [main] INFO  -- 
  _____   ___   ___   _____     ___   _____     _     ___   _____   ___   ___  
 |_   _| | __| / __| |_   _|   / __| |_   _|   /_\   | _ \ |_   _| | __| |   \ 
   | |   | _|  \__ \   | |     \__ \   | |    / _ \  |   /   | |   | _|  | |) |
   |_|   |___| |___/   |_|     |___/   |_|   /_/ \_\ |_|_\   |_|   |___| |___/ 

POST - As a user I success to login with valid data(as-user-i-want-to-login;post---as-a-user-i-success-to-login-with-valid-data)
--------------------------------------------------------------------------------
14:45:52.703 [main] DEBUG net.thucydides.core.steps.StepInterceptor -- STARTING STEP: UserSteps.userSetEndpointForLogin - user set endpoint for login
14:45:52.704 [main] DEBUG net.thucydides.core.steps.StepInterceptor -- STEP DONE: user set endpoint for login
  &amp#27;[32mGiven &amp#27;[0m&amp#27;[32muser set endpoint for login&amp#27;[0m                           &amp#27;[90m# starter.stepdefinitions.UserSteps.userSetEndpointForLogin()&amp#27;[0m
14:45:52.706 [main] DEBUG net.thucydides.core.steps.StepInterceptor -- STARTING STEP: UserSteps.userSendPOSTHTTPRequestWithValidData - user send POST HTTP request with valid data
14:45:52.707 [main] DEBUG net.thucydides.core.steps.StepInterceptor -- STARTING STEP: Authentication_Login.userSendPOSTHTTPRequestWithValidData - user set endpoint for login
14:45:52.707 [main] DEBUG net.thucydides.core.steps.StepInterceptor -- STEP DONE: user set endpoint for login
14:45:52.719 [main] DEBUG org.apache.http.impl.conn.BasicClientConnectionManager -- Get connection for route {s}->https://skfw.net:443
14:45:52.719 [main] DEBUG org.apache.http.impl.conn.DefaultClientConnectionOperator -- Connecting to skfw.net:443
14:45:52.757 [main] DEBUG org.apache.http.client.protocol.RequestAddCookies -- CookieSpec selected: ignoreCookies
14:45:52.757 [main] DEBUG org.apache.http.client.protocol.RequestAuthCache -- Auth cache not set in the context
14:45:52.757 [main] DEBUG org.apache.http.client.protocol.RequestTargetAuthentication -- Target auth state: UNCHALLENGED
14:45:52.757 [main] DEBUG org.apache.http.client.protocol.RequestProxyAuthentication -- Proxy auth state: UNCHALLENGED
14:45:52.757 [main] DEBUG org.apache.http.impl.client.DefaultHttpClient -- Attempt 1 to execute request
14:45:52.757 [main] DEBUG org.apache.http.impl.conn.DefaultClientConnection -- Sending request: POST /api/v1/users/login HTTP/1.1
14:45:52.757 [main] DEBUG org.apache.http.wire --  >> "POST /api/v1/users/login HTTP/1.1[\r][\n]"
14:45:52.757 [main] DEBUG org.apache.http.wire --  >> "Accept: */*[\r][\n]"
14:45:52.757 [main] DEBUG org.apache.http.wire --  >> "Content-Type: application/json[\r][\n]"
14:45:52.757 [main] DEBUG org.apache.http.wire --  >> "Content-Length: 84[\r][\n]"
14:45:52.757 [main] DEBUG org.apache.http.wire --  >> "Host: skfw.net[\r][\n]"
14:45:52.757 [main] DEBUG org.apache.http.wire --  >> "Connection: Keep-Alive[\r][\n]"
14:45:52.757 [main] DEBUG org.apache.http.wire --  >> "User-Agent: Apache-HttpClient/4.5.13 (Java/11.0.15)[\r][\n]"
14:45:52.757 [main] DEBUG org.apache.http.wire --  >> "Accept-Encoding: gzip,deflate[\r][\n]"
14:45:52.757 [main] DEBUG org.apache.http.wire --  >> "[\r][\n]"
14:45:52.757 [main] DEBUG org.apache.http.headers -- >> POST /api/v1/users/login HTTP/1.1
14:45:52.757 [main] DEBUG org.apache.http.headers -- >> Accept: */*
14:45:52.757 [main] DEBUG org.apache.http.headers -- >> Content-Type: application/json
14:45:52.757 [main] DEBUG org.apache.http.headers -- >> Content-Length: 84
14:45:52.757 [main] DEBUG org.apache.http.headers -- >> Host: skfw.net
14:45:52.757 [main] DEBUG org.apache.http.headers -- >> Connection: Keep-Alive
14:45:52.757 [main] DEBUG org.apache.http.headers -- >> User-Agent: Apache-HttpClient/4.5.13 (Java/11.0.15)
14:45:52.757 [main] DEBUG org.apache.http.headers -- >> Accept-Encoding: gzip,deflate
14:45:52.757 [main] DEBUG org.apache.http.wire --  >> "{"password":"Testing123!@@#","email":"testinggg1@gmail.com","username":"testinggg1"}"
14:45:52.850 [main] DEBUG org.apache.http.wire --  << "HTTP/1.1 201 Created[\r][\n]"
14:45:52.850 [main] DEBUG org.apache.http.wire --  << "Server: nginx/1.22.1 (Ubuntu)[\r][\n]"
14:45:52.850 [main] DEBUG org.apache.http.wire --  << "Date: Sat, 24 Jun 2023 07:45:52 GMT[\r][\n]"
14:45:52.850 [main] DEBUG org.apache.http.wire --  << "Content-Type: application/json[\r][\n]"
14:45:52.850 [main] DEBUG org.apache.http.wire --  << "Content-Length: 300[\r][\n]"
14:45:52.850 [main] DEBUG org.apache.http.wire --  << "Connection: keep-alive[\r][\n]"
14:45:52.850 [main] DEBUG org.apache.http.wire --  << "Strict-Transport-Security: max-age=31536000; includeSubdomains[\r][\n]"
14:45:52.850 [main] DEBUG org.apache.http.wire --  << "[\r][\n]"
14:45:52.850 [main] DEBUG org.apache.http.impl.conn.DefaultClientConnection -- Receiving response: HTTP/1.1 201 Created
14:45:52.851 [main] DEBUG org.apache.http.headers -- << HTTP/1.1 201 Created
14:45:52.851 [main] DEBUG org.apache.http.headers -- << Server: nginx/1.22.1 (Ubuntu)
14:45:52.851 [main] DEBUG org.apache.http.headers -- << Date: Sat, 24 Jun 2023 07:45:52 GMT
14:45:52.851 [main] DEBUG org.apache.http.headers -- << Content-Type: application/json
14:45:52.851 [main] DEBUG org.apache.http.headers -- << Content-Length: 300
14:45:52.851 [main] DEBUG org.apache.http.headers -- << Connection: keep-alive
14:45:52.851 [main] DEBUG org.apache.http.headers -- << Strict-Transport-Security: max-age=31536000; includeSubdomains
14:45:52.851 [main] DEBUG org.apache.http.impl.client.DefaultHttpClient -- Connection can be kept alive indefinitely
14:45:52.851 [main] DEBUG io.restassured.internal.RestAssuredHttpBuilder -- Parsing response as: application/json
14:45:52.851 [main] DEBUG io.restassured.internal.RestAssuredHttpBuilder -- Parsed data to instance of: class org.apache.http.conn.EofSensorInputStream
14:45:52.852 [main] DEBUG org.apache.http.wire --  << "{"id":1772638873,"logs":[],"status":"Unknown","message":"login successful","error":false,"data":{"token":"eyJhbGciOiJIUzI1NiIsInR5cCI6IkpXVCJ9.eyJleHAiOjE2ODc2NzkxNTI1MzAsImlhdCI6MTY4NzU5Mjc1MjYwNCwidWlkIjoiZmU1MDg1ZDg5MjJlNGQ5NmI1ZTliZWY1ODk0OTY1YTYifQ.fKxbz8CJPtSIYSd29f-dIZSm2gt3dYJBs3BBGODv6mw"}}"
14:45:52.852 [main] DEBUG org.apache.http.impl.conn.BasicClientConnectionManager -- Releasing connection org.apache.http.impl.conn.ManagedClientConnectionImpl@735167e1
14:45:52.852 [main] DEBUG org.apache.http.impl.conn.BasicClientConnectionManager -- Connection can be kept alive indefinitely
14:45:52.853 [main] DEBUG net.thucydides.core.steps.StepInterceptor -- STEP DONE: user send POST HTTP request with valid data
  &amp#27;[32mWhen &amp#27;[0m&amp#27;[32muser send POST HTTP request with valid data&amp#27;[0m            &amp#27;[90m# starter.stepdefinitions.UserSteps.userSendPOSTHTTPRequestWithValidData()&amp#27;[0m
14:45:52.855 [main] DEBUG net.thucydides.core.steps.StepInterceptor -- STARTING STEP: UserSteps.userSeeStatusCode - user see status code 201
14:45:52.855 [main] DEBUG net.thucydides.core.steps.StepInterceptor -- STEP DONE: user see status code 201
  &amp#27;[32mThen &amp#27;[0m&amp#27;[32muser see status code 201&amp#27;[0m                               &amp#27;[90m# starter.stepdefinitions.UserSteps.userSeeStatusCode()&amp#27;[0m
14:45:52.857 [main] DEBUG net.thucydides.core.steps.StepInterceptor -- STARTING STEP: UserSteps.getValidData - get valid data
14:45:52.858 [main] DEBUG net.thucydides.core.steps.StepInterceptor -- STEP DONE: get valid data
  &amp#27;[32mAnd &amp#27;[0m&amp#27;[32mget valid data&amp#27;[0m                                          &amp#27;[90m# starter.stepdefinitions.UserSteps.getValidData()&amp#27;[0m
14:45:52.859 [main] INFO  -- 
  _____   ___   ___   _____     ___     _     ___   ___   ___   ___  
 |_   _| | __| / __| |_   _|   | _ \   /_\   / __| / __| | __| |   \ 
   | |   | _|  \__ \   | |     |  _/  / _ \  \__ \ \__ \ | _|  | |) |
   |_|   |___| |___/   |_|     |_|   /_/ \_\ |___/ |___/ |___| |___/ 

POST - As a user I success to login with valid data
----------------------------------------------------------------------
]]></system-out>
  </testcase>
  <testcase name="POST - Verify As a user i want to login with invalid data username" classname="As user I want to login" time="0.094">
    <system-out><![CDATA[
@Login
Scenario: POST - Verify As a user i want to login with invalid data username &amp#27;[90m# src/test/resources/features/login.feature:10&amp#27;[0m
14:45:52.863 [main] DEBUG io.cucumber.core.plugin.SerenityReporter -- Running feature from file:///D:/GITHUB/qe-automation/capstone-api/src/test/resources/features/login.feature
14:45:52.864 [main] INFO  -- 
  _____   ___   ___   _____     ___   _____     _     ___   _____   ___   ___  
 |_   _| | __| / __| |_   _|   / __| |_   _|   /_\   | _ \ |_   _| | __| |   \ 
   | |   | _|  \__ \   | |     \__ \   | |    / _ \  |   /   | |   | _|  | |) |
   |_|   |___| |___/   |_|     |___/   |_|   /_/ \_\ |_|_\   |_|   |___| |___/ 

POST - Verify As a user i want to login with invalid data username(as-user-i-want-to-login;post---verify-as-a-user-i-want-to-login-with-invalid-data-username)
--------------------------------------------------------------------------------
14:45:52.873 [main] DEBUG net.thucydides.core.steps.StepInterceptor -- STARTING STEP: UserSteps.userSetEndpointForLogin - user set endpoint for login
14:45:52.873 [main] DEBUG net.thucydides.core.steps.StepInterceptor -- STEP DONE: user set endpoint for login
  &amp#27;[32mGiven &amp#27;[0m&amp#27;[32muser set endpoint for login&amp#27;[0m                                          &amp#27;[90m# starter.stepdefinitions.UserSteps.userSetEndpointForLogin()&amp#27;[0m
14:45:52.875 [main] DEBUG net.thucydides.core.steps.StepInterceptor -- STARTING STEP: UserSteps.userSendPOSTHTTPRequestWithInvalidDataUsername - user send POST HTTP request with invalid data username
14:45:52.876 [main] DEBUG net.thucydides.core.steps.StepInterceptor -- STARTING STEP: Authentication_Login.userSendPOSTHTTPRequestWithInvalidDataUsername - user set endpoint for login
14:45:52.876 [main] DEBUG net.thucydides.core.steps.StepInterceptor -- STEP DONE: user set endpoint for login
14:45:52.886 [main] DEBUG org.apache.http.impl.conn.BasicClientConnectionManager -- Get connection for route {s}->https://skfw.net:443
14:45:52.886 [main] DEBUG org.apache.http.impl.conn.DefaultClientConnectionOperator -- Connecting to skfw.net:443
14:45:52.924 [main] DEBUG org.apache.http.client.protocol.RequestAddCookies -- CookieSpec selected: ignoreCookies
14:45:52.924 [main] DEBUG org.apache.http.client.protocol.RequestAuthCache -- Auth cache not set in the context
14:45:52.924 [main] DEBUG org.apache.http.client.protocol.RequestTargetAuthentication -- Target auth state: UNCHALLENGED
14:45:52.924 [main] DEBUG org.apache.http.client.protocol.RequestProxyAuthentication -- Proxy auth state: UNCHALLENGED
14:45:52.924 [main] DEBUG org.apache.http.impl.client.DefaultHttpClient -- Attempt 1 to execute request
14:45:52.924 [main] DEBUG org.apache.http.impl.conn.DefaultClientConnection -- Sending request: POST /api/v1/users/login HTTP/1.1
14:45:52.924 [main] DEBUG org.apache.http.wire --  >> "POST /api/v1/users/login HTTP/1.1[\r][\n]"
14:45:52.924 [main] DEBUG org.apache.http.wire --  >> "Accept: */*[\r][\n]"
14:45:52.924 [main] DEBUG org.apache.http.wire --  >> "Content-Type: application/json[\r][\n]"
14:45:52.924 [main] DEBUG org.apache.http.wire --  >> "Content-Length: 95[\r][\n]"
14:45:52.924 [main] DEBUG org.apache.http.wire --  >> "Host: skfw.net[\r][\n]"
14:45:52.924 [main] DEBUG org.apache.http.wire --  >> "Connection: Keep-Alive[\r][\n]"
14:45:52.924 [main] DEBUG org.apache.http.wire --  >> "User-Agent: Apache-HttpClient/4.5.13 (Java/11.0.15)[\r][\n]"
14:45:52.924 [main] DEBUG org.apache.http.wire --  >> "Accept-Encoding: gzip,deflate[\r][\n]"
14:45:52.924 [main] DEBUG org.apache.http.wire --  >> "[\r][\n]"
14:45:52.924 [main] DEBUG org.apache.http.headers -- >> POST /api/v1/users/login HTTP/1.1
14:45:52.924 [main] DEBUG org.apache.http.headers -- >> Accept: */*
14:45:52.924 [main] DEBUG org.apache.http.headers -- >> Content-Type: application/json
14:45:52.924 [main] DEBUG org.apache.http.headers -- >> Content-Length: 95
14:45:52.924 [main] DEBUG org.apache.http.headers -- >> Host: skfw.net
14:45:52.924 [main] DEBUG org.apache.http.headers -- >> Connection: Keep-Alive
14:45:52.924 [main] DEBUG org.apache.http.headers -- >> User-Agent: Apache-HttpClient/4.5.13 (Java/11.0.15)
14:45:52.924 [main] DEBUG org.apache.http.headers -- >> Accept-Encoding: gzip,deflate
14:45:52.924 [main] DEBUG org.apache.http.wire --  >> "{"password":"User@1234usertesting","email":"usertesting@mail.co","username":"usertestingsalah"}"
14:45:52.941 [main] DEBUG org.apache.http.wire --  << "HTTP/1.1 401 Unauthorized[\r][\n]"
14:45:52.941 [main] DEBUG org.apache.http.wire --  << "Server: nginx/1.22.1 (Ubuntu)[\r][\n]"
14:45:52.941 [main] DEBUG org.apache.http.wire --  << "Date: Sat, 24 Jun 2023 07:45:52 GMT[\r][\n]"
14:45:52.941 [main] DEBUG org.apache.http.wire --  << "Content-Type: application/json[\r][\n]"
14:45:52.942 [main] DEBUG org.apache.http.wire --  << "Content-Length: 112[\r][\n]"
14:45:52.942 [main] DEBUG org.apache.http.wire --  << "Connection: keep-alive[\r][\n]"
14:45:52.942 [main] DEBUG org.apache.http.wire --  << "[\r][\n]"
14:45:52.942 [main] DEBUG org.apache.http.impl.conn.DefaultClientConnection -- Receiving response: HTTP/1.1 401 Unauthorized
14:45:52.942 [main] DEBUG org.apache.http.headers -- << HTTP/1.1 401 Unauthorized
14:45:52.942 [main] DEBUG org.apache.http.headers -- << Server: nginx/1.22.1 (Ubuntu)
14:45:52.942 [main] DEBUG org.apache.http.headers -- << Date: Sat, 24 Jun 2023 07:45:52 GMT
14:45:52.942 [main] DEBUG org.apache.http.headers -- << Content-Type: application/json
14:45:52.942 [main] DEBUG org.apache.http.headers -- << Content-Length: 112
14:45:52.942 [main] DEBUG org.apache.http.headers -- << Connection: keep-alive
14:45:52.942 [main] DEBUG org.apache.http.impl.client.DefaultHttpClient -- Connection can be kept alive indefinitely
14:45:52.942 [main] DEBUG org.apache.http.impl.client.DefaultHttpClient -- Authentication required
14:45:52.942 [main] DEBUG org.apache.http.impl.client.DefaultHttpClient -- skfw.net:443 requested authentication
14:45:52.942 [main] DEBUG org.apache.http.impl.client.DefaultHttpClient -- Response contains no authentication challenges
14:45:52.942 [main] DEBUG io.restassured.internal.RestAssuredHttpBuilder -- Parsing response as: application/json
14:45:52.942 [main] DEBUG io.restassured.internal.RestAssuredHttpBuilder -- Parsed data to instance of: class org.apache.http.conn.EofSensorInputStream
14:45:52.943 [main] DEBUG org.apache.http.wire --  << "{"id":1202343112,"logs":[],"status":"Unknown","message":"username, or email not found","error":true,"data":null}"
14:45:52.943 [main] DEBUG org.apache.http.impl.conn.BasicClientConnectionManager -- Releasing connection org.apache.http.impl.conn.ManagedClientConnectionImpl@77307b51
14:45:52.943 [main] DEBUG org.apache.http.impl.conn.BasicClientConnectionManager -- Connection can be kept alive indefinitely
14:45:52.944 [main] DEBUG net.thucydides.core.steps.StepInterceptor -- STEP DONE: user send POST HTTP request with invalid data username
  &amp#27;[32mWhen &amp#27;[0m&amp#27;[32muser send POST HTTP request with invalid data username&amp#27;[0m                &amp#27;[90m# starter.stepdefinitions.UserSteps.userSendPOSTHTTPRequestWithInvalidDataUsername()&amp#27;[0m
14:45:52.946 [main] DEBUG net.thucydides.core.steps.StepInterceptor -- STARTING STEP: UserSteps.userSeeStatusCode401 - user see status code 401
14:45:52.947 [main] DEBUG net.thucydides.core.steps.StepInterceptor -- STEP DONE: user see status code 401
  &amp#27;[32mThen &amp#27;[0m&amp#27;[32muser see status code 401&amp#27;[0m                                              &amp#27;[90m# starter.stepdefinitions.UserSteps.userSeeStatusCode401()&amp#27;[0m
14:45:52.950 [main] DEBUG net.thucydides.core.steps.StepInterceptor -- STARTING STEP: UserSteps.userGetErrorMessage - user get error message {string}
14:45:52.952 [main] DEBUG net.thucydides.core.steps.StepInterceptor -- STEP DONE: user get error message {string}
  &amp#27;[32mAnd &amp#27;[0m&amp#27;[32muser get error message &amp#27;[0m&amp#27;[32m&amp#27;[1m"username, or email not found"&amp#27;[0m                  &amp#27;[90m# starter.stepdefinitions.UserSteps.userGetErrorMessage(java.lang.String)&amp#27;[0m
14:45:52.953 [main] INFO  -- 
  _____   ___   ___   _____     ___     _     ___   ___   ___   ___  
 |_   _| | __| / __| |_   _|   | _ \   /_\   / __| / __| | __| |   \ 
   | |   | _|  \__ \   | |     |  _/  / _ \  \__ \ \__ \ | _|  | |) |
   |_|   |___| |___/   |_|     |_|   /_/ \_\ |___/ |___/ |___| |___/ 

POST - Verify As a user i want to login with invalid data username
----------------------------------------------------------------------
]]></system-out>
  </testcase>
  <testcase name="POST - Verify As a user i want to login with invalid data email" classname="As user I want to login" time="0.091">
    <system-out><![CDATA[
@Login
Scenario: POST - Verify As a user i want to login with invalid data email &amp#27;[90m# src/test/resources/features/login.feature:16&amp#27;[0m
14:45:52.958 [main] DEBUG io.cucumber.core.plugin.SerenityReporter -- Running feature from file:///D:/GITHUB/qe-automation/capstone-api/src/test/resources/features/login.feature
14:45:52.959 [main] INFO  -- 
  _____   ___   ___   _____     ___   _____     _     ___   _____   ___   ___  
 |_   _| | __| / __| |_   _|   / __| |_   _|   /_\   | _ \ |_   _| | __| |   \ 
   | |   | _|  \__ \   | |     \__ \   | |    / _ \  |   /   | |   | _|  | |) |
   |_|   |___| |___/   |_|     |___/   |_|   /_/ \_\ |_|_\   |_|   |___| |___/ 

POST - Verify As a user i want to login with invalid data email(as-user-i-want-to-login;post---verify-as-a-user-i-want-to-login-with-invalid-data-email)
--------------------------------------------------------------------------------
14:45:52.968 [main] DEBUG net.thucydides.core.steps.StepInterceptor -- STARTING STEP: UserSteps.userSetEndpointForLogin - user set endpoint for login
14:45:52.968 [main] DEBUG net.thucydides.core.steps.StepInterceptor -- STEP DONE: user set endpoint for login
  &amp#27;[32mGiven &amp#27;[0m&amp#27;[32muser set endpoint for login&amp#27;[0m                                       &amp#27;[90m# starter.stepdefinitions.UserSteps.userSetEndpointForLogin()&amp#27;[0m
14:45:52.971 [main] DEBUG net.thucydides.core.steps.StepInterceptor -- STARTING STEP: UserSteps.userSendPOSTHTTPRequestWithInvalidDataEmail - user send POST HTTP request with invalid data email
14:45:52.973 [main] DEBUG net.thucydides.core.steps.StepInterceptor -- STARTING STEP: Authentication_Login.userSendPOSTHTTPRequestWithInvalidDataEmail - user set endpoint for login
14:45:52.973 [main] DEBUG net.thucydides.core.steps.StepInterceptor -- STEP DONE: user set endpoint for login
14:45:52.981 [main] DEBUG org.apache.http.impl.conn.BasicClientConnectionManager -- Get connection for route {s}->https://skfw.net:443
14:45:52.981 [main] DEBUG org.apache.http.impl.conn.DefaultClientConnectionOperator -- Connecting to skfw.net:443
14:45:53.019 [main] DEBUG org.apache.http.client.protocol.RequestAddCookies -- CookieSpec selected: ignoreCookies
14:45:53.019 [main] DEBUG org.apache.http.client.protocol.RequestAuthCache -- Auth cache not set in the context
14:45:53.019 [main] DEBUG org.apache.http.client.protocol.RequestTargetAuthentication -- Target auth state: UNCHALLENGED
14:45:53.019 [main] DEBUG org.apache.http.client.protocol.RequestProxyAuthentication -- Proxy auth state: UNCHALLENGED
14:45:53.019 [main] DEBUG org.apache.http.impl.client.DefaultHttpClient -- Attempt 1 to execute request
14:45:53.019 [main] DEBUG org.apache.http.impl.conn.DefaultClientConnection -- Sending request: POST /api/v1/users/login HTTP/1.1
14:45:53.019 [main] DEBUG org.apache.http.wire --  >> "POST /api/v1/users/login HTTP/1.1[\r][\n]"
14:45:53.019 [main] DEBUG org.apache.http.wire --  >> "Accept: */*[\r][\n]"
14:45:53.019 [main] DEBUG org.apache.http.wire --  >> "Content-Type: application/json[\r][\n]"
14:45:53.019 [main] DEBUG org.apache.http.wire --  >> "Content-Length: 94[\r][\n]"
14:45:53.019 [main] DEBUG org.apache.http.wire --  >> "Host: skfw.net[\r][\n]"
14:45:53.019 [main] DEBUG org.apache.http.wire --  >> "Connection: Keep-Alive[\r][\n]"
14:45:53.019 [main] DEBUG org.apache.http.wire --  >> "User-Agent: Apache-HttpClient/4.5.13 (Java/11.0.15)[\r][\n]"
14:45:53.019 [main] DEBUG org.apache.http.wire --  >> "Accept-Encoding: gzip,deflate[\r][\n]"
14:45:53.019 [main] DEBUG org.apache.http.wire --  >> "[\r][\n]"
14:45:53.019 [main] DEBUG org.apache.http.headers -- >> POST /api/v1/users/login HTTP/1.1
14:45:53.019 [main] DEBUG org.apache.http.headers -- >> Accept: */*
14:45:53.019 [main] DEBUG org.apache.http.headers -- >> Content-Type: application/json
14:45:53.019 [main] DEBUG org.apache.http.headers -- >> Content-Length: 94
14:45:53.019 [main] DEBUG org.apache.http.headers -- >> Host: skfw.net
14:45:53.019 [main] DEBUG org.apache.http.headers -- >> Connection: Keep-Alive
14:45:53.019 [main] DEBUG org.apache.http.headers -- >> User-Agent: Apache-HttpClient/4.5.13 (Java/11.0.15)
14:45:53.019 [main] DEBUG org.apache.http.headers -- >> Accept-Encoding: gzip,deflate
14:45:53.019 [main] DEBUG org.apache.http.wire --  >> "{"password":"User@1234usertesting","email":"usertesting@mail.cooooo","username":"usertesting"}"
14:45:53.036 [main] DEBUG org.apache.http.wire --  << "HTTP/1.1 401 Unauthorized[\r][\n]"
14:45:53.036 [main] DEBUG org.apache.http.wire --  << "Server: nginx/1.22.1 (Ubuntu)[\r][\n]"
14:45:53.036 [main] DEBUG org.apache.http.wire --  << "Date: Sat, 24 Jun 2023 07:45:52 GMT[\r][\n]"
14:45:53.036 [main] DEBUG org.apache.http.wire --  << "Content-Type: application/json[\r][\n]"
14:45:53.036 [main] DEBUG org.apache.http.wire --  << "Content-Length: 112[\r][\n]"
14:45:53.036 [main] DEBUG org.apache.http.wire --  << "Connection: keep-alive[\r][\n]"
14:45:53.036 [main] DEBUG org.apache.http.wire --  << "[\r][\n]"
14:45:53.036 [main] DEBUG org.apache.http.impl.conn.DefaultClientConnection -- Receiving response: HTTP/1.1 401 Unauthorized
14:45:53.036 [main] DEBUG org.apache.http.headers -- << HTTP/1.1 401 Unauthorized
14:45:53.036 [main] DEBUG org.apache.http.headers -- << Server: nginx/1.22.1 (Ubuntu)
14:45:53.036 [main] DEBUG org.apache.http.headers -- << Date: Sat, 24 Jun 2023 07:45:52 GMT
14:45:53.036 [main] DEBUG org.apache.http.headers -- << Content-Type: application/json
14:45:53.036 [main] DEBUG org.apache.http.headers -- << Content-Length: 112
14:45:53.036 [main] DEBUG org.apache.http.headers -- << Connection: keep-alive
14:45:53.037 [main] DEBUG org.apache.http.impl.client.DefaultHttpClient -- Connection can be kept alive indefinitely
14:45:53.037 [main] DEBUG org.apache.http.impl.client.DefaultHttpClient -- Authentication required
14:45:53.037 [main] DEBUG org.apache.http.impl.client.DefaultHttpClient -- skfw.net:443 requested authentication
14:45:53.037 [main] DEBUG org.apache.http.impl.client.DefaultHttpClient -- Response contains no authentication challenges
14:45:53.037 [main] DEBUG io.restassured.internal.RestAssuredHttpBuilder -- Parsing response as: application/json
14:45:53.037 [main] DEBUG io.restassured.internal.RestAssuredHttpBuilder -- Parsed data to instance of: class org.apache.http.conn.EofSensorInputStream
14:45:53.038 [main] DEBUG org.apache.http.wire --  << "{"id":1637979873,"logs":[],"status":"Unknown","message":"username, or email not found","error":true,"data":null}"
14:45:53.038 [main] DEBUG org.apache.http.impl.conn.BasicClientConnectionManager -- Releasing connection org.apache.http.impl.conn.ManagedClientConnectionImpl@71de1091
14:45:53.038 [main] DEBUG org.apache.http.impl.conn.BasicClientConnectionManager -- Connection can be kept alive indefinitely
14:45:53.038 [main] DEBUG net.thucydides.core.steps.StepInterceptor -- STEP DONE: user send POST HTTP request with invalid data email
  &amp#27;[32mWhen &amp#27;[0m&amp#27;[32muser send POST HTTP request with invalid data email&amp#27;[0m                &amp#27;[90m# starter.stepdefinitions.UserSteps.userSendPOSTHTTPRequestWithInvalidDataEmail()&amp#27;[0m
14:45:53.041 [main] DEBUG net.thucydides.core.steps.StepInterceptor -- STARTING STEP: UserSteps.userSeeStatusCode401 - user see status code 401
14:45:53.041 [main] DEBUG net.thucydides.core.steps.StepInterceptor -- STEP DONE: user see status code 401
  &amp#27;[32mThen &amp#27;[0m&amp#27;[32muser see status code 401&amp#27;[0m                                           &amp#27;[90m# starter.stepdefinitions.UserSteps.userSeeStatusCode401()&amp#27;[0m
14:45:53.042 [main] DEBUG net.thucydides.core.steps.StepInterceptor -- STARTING STEP: UserSteps.userGetErrorMessage - user get error message {string}
14:45:53.044 [main] DEBUG net.thucydides.core.steps.StepInterceptor -- STEP DONE: user get error message {string}
  &amp#27;[32mAnd &amp#27;[0m&amp#27;[32muser get error message &amp#27;[0m&amp#27;[32m&amp#27;[1m"username, or email not found"&amp#27;[0m               &amp#27;[90m# starter.stepdefinitions.UserSteps.userGetErrorMessage(java.lang.String)&amp#27;[0m
14:45:53.045 [main] INFO  -- 
  _____   ___   ___   _____     ___     _     ___   ___   ___   ___  
 |_   _| | __| / __| |_   _|   | _ \   /_\   / __| / __| | __| |   \ 
   | |   | _|  \__ \   | |     |  _/  / _ \  \__ \ \__ \ | _|  | |) |
   |_|   |___| |___/   |_|     |_|   /_/ \_\ |___/ |___/ |___| |___/ 

POST - Verify As a user i want to login with invalid data email
----------------------------------------------------------------------
]]></system-out>
  </testcase>
  <testcase name="POST - Verify As a user i want to login with invalid data password" classname="As user I want to login" time="0.157">
    <system-out><![CDATA[
@Login
Scenario: POST - Verify As a user i want to login with invalid data password &amp#27;[90m# src/test/resources/features/login.feature:22&amp#27;[0m
14:45:53.047 [main] DEBUG io.cucumber.core.plugin.SerenityReporter -- Running feature from file:///D:/GITHUB/qe-automation/capstone-api/src/test/resources/features/login.feature
14:45:53.048 [main] INFO  -- 
  _____   ___   ___   _____     ___   _____     _     ___   _____   ___   ___  
 |_   _| | __| / __| |_   _|   / __| |_   _|   /_\   | _ \ |_   _| | __| |   \ 
   | |   | _|  \__ \   | |     \__ \   | |    / _ \  |   /   | |   | _|  | |) |
   |_|   |___| |___/   |_|     |___/   |_|   /_/ \_\ |_|_\   |_|   |___| |___/ 

POST - Verify As a user i want to login with invalid data password(as-user-i-want-to-login;post---verify-as-a-user-i-want-to-login-with-invalid-data-password)
--------------------------------------------------------------------------------
14:45:53.057 [main] DEBUG net.thucydides.core.steps.StepInterceptor -- STARTING STEP: UserSteps.userSetEndpointForLogin - user set endpoint for login
14:45:53.057 [main] DEBUG net.thucydides.core.steps.StepInterceptor -- STEP DONE: user set endpoint for login
  &amp#27;[32mGiven &amp#27;[0m&amp#27;[32muser set endpoint for login&amp#27;[0m                                          &amp#27;[90m# starter.stepdefinitions.UserSteps.userSetEndpointForLogin()&amp#27;[0m
14:45:53.060 [main] DEBUG net.thucydides.core.steps.StepInterceptor -- STARTING STEP: UserSteps.userSendPOSTHTTPRequestWithInvalidDataPassword - user send POST HTTP request with invalid data password
14:45:53.062 [main] DEBUG net.thucydides.core.steps.StepInterceptor -- STARTING STEP: Authentication_Login.userSendPOSTHTTPRequestWithInvalidDataPassword - user set endpoint for login
14:45:53.062 [main] DEBUG net.thucydides.core.steps.StepInterceptor -- STEP DONE: user set endpoint for login
14:45:53.070 [main] DEBUG org.apache.http.impl.conn.BasicClientConnectionManager -- Get connection for route {s}->https://skfw.net:443
14:45:53.070 [main] DEBUG org.apache.http.impl.conn.DefaultClientConnectionOperator -- Connecting to skfw.net:443
14:45:53.107 [main] DEBUG org.apache.http.client.protocol.RequestAddCookies -- CookieSpec selected: ignoreCookies
14:45:53.107 [main] DEBUG org.apache.http.client.protocol.RequestAuthCache -- Auth cache not set in the context
14:45:53.107 [main] DEBUG org.apache.http.client.protocol.RequestTargetAuthentication -- Target auth state: UNCHALLENGED
14:45:53.107 [main] DEBUG org.apache.http.client.protocol.RequestProxyAuthentication -- Proxy auth state: UNCHALLENGED
14:45:53.107 [main] DEBUG org.apache.http.impl.client.DefaultHttpClient -- Attempt 1 to execute request
14:45:53.107 [main] DEBUG org.apache.http.impl.conn.DefaultClientConnection -- Sending request: POST /api/v1/users/login HTTP/1.1
14:45:53.107 [main] DEBUG org.apache.http.wire --  >> "POST /api/v1/users/login HTTP/1.1[\r][\n]"
14:45:53.107 [main] DEBUG org.apache.http.wire --  >> "Accept: */*[\r][\n]"
14:45:53.107 [main] DEBUG org.apache.http.wire --  >> "Content-Type: application/json[\r][\n]"
14:45:53.107 [main] DEBUG org.apache.http.wire --  >> "Content-Length: 88[\r][\n]"
14:45:53.107 [main] DEBUG org.apache.http.wire --  >> "Host: skfw.net[\r][\n]"
14:45:53.107 [main] DEBUG org.apache.http.wire --  >> "Connection: Keep-Alive[\r][\n]"
14:45:53.107 [main] DEBUG org.apache.http.wire --  >> "User-Agent: Apache-HttpClient/4.5.13 (Java/11.0.15)[\r][\n]"
14:45:53.107 [main] DEBUG org.apache.http.wire --  >> "Accept-Encoding: gzip,deflate[\r][\n]"
14:45:53.107 [main] DEBUG org.apache.http.wire --  >> "[\r][\n]"
14:45:53.107 [main] DEBUG org.apache.http.headers -- >> POST /api/v1/users/login HTTP/1.1
14:45:53.107 [main] DEBUG org.apache.http.headers -- >> Accept: */*
14:45:53.107 [main] DEBUG org.apache.http.headers -- >> Content-Type: application/json
14:45:53.107 [main] DEBUG org.apache.http.headers -- >> Content-Length: 88
14:45:53.107 [main] DEBUG org.apache.http.headers -- >> Host: skfw.net
14:45:53.107 [main] DEBUG org.apache.http.headers -- >> Connection: Keep-Alive
14:45:53.107 [main] DEBUG org.apache.http.headers -- >> User-Agent: Apache-HttpClient/4.5.13 (Java/11.0.15)
14:45:53.107 [main] DEBUG org.apache.http.headers -- >> Accept-Encoding: gzip,deflate
14:45:53.107 [main] DEBUG org.apache.http.wire --  >> "{"password":"User@1234usertesting1s","email":"usertesting1@mail.co","username":"test11"}"
14:45:53.193 [main] DEBUG org.apache.http.wire --  << "HTTP/1.1 401 Unauthorized[\r][\n]"
14:45:53.194 [main] DEBUG org.apache.http.wire --  << "Server: nginx/1.22.1 (Ubuntu)[\r][\n]"
14:45:53.194 [main] DEBUG org.apache.http.wire --  << "Date: Sat, 24 Jun 2023 07:45:52 GMT[\r][\n]"
14:45:53.194 [main] DEBUG org.apache.http.wire --  << "Content-Type: application/json[\r][\n]"
14:45:53.194 [main] DEBUG org.apache.http.wire --  << "Content-Length: 98[\r][\n]"
14:45:53.194 [main] DEBUG org.apache.http.wire --  << "Connection: keep-alive[\r][\n]"
14:45:53.194 [main] DEBUG org.apache.http.wire --  << "[\r][\n]"
14:45:53.194 [main] DEBUG org.apache.http.impl.conn.DefaultClientConnection -- Receiving response: HTTP/1.1 401 Unauthorized
14:45:53.194 [main] DEBUG org.apache.http.headers -- << HTTP/1.1 401 Unauthorized
14:45:53.194 [main] DEBUG org.apache.http.headers -- << Server: nginx/1.22.1 (Ubuntu)
14:45:53.194 [main] DEBUG org.apache.http.headers -- << Date: Sat, 24 Jun 2023 07:45:52 GMT
14:45:53.194 [main] DEBUG org.apache.http.headers -- << Content-Type: application/json
14:45:53.194 [main] DEBUG org.apache.http.headers -- << Content-Length: 98
14:45:53.194 [main] DEBUG org.apache.http.headers -- << Connection: keep-alive
14:45:53.194 [main] DEBUG org.apache.http.impl.client.DefaultHttpClient -- Connection can be kept alive indefinitely
14:45:53.194 [main] DEBUG org.apache.http.impl.client.DefaultHttpClient -- Authentication required
14:45:53.194 [main] DEBUG org.apache.http.impl.client.DefaultHttpClient -- skfw.net:443 requested authentication
14:45:53.194 [main] DEBUG org.apache.http.impl.client.DefaultHttpClient -- Response contains no authentication challenges
14:45:53.194 [main] DEBUG io.restassured.internal.RestAssuredHttpBuilder -- Parsing response as: application/json
14:45:53.194 [main] DEBUG io.restassured.internal.RestAssuredHttpBuilder -- Parsed data to instance of: class org.apache.http.conn.EofSensorInputStream
14:45:53.196 [main] DEBUG org.apache.http.wire --  << "{"id":1419515794,"logs":[],"status":"Unknown","message":"wrong password","error":true,"data":null}"
14:45:53.196 [main] DEBUG org.apache.http.impl.conn.BasicClientConnectionManager -- Releasing connection org.apache.http.impl.conn.ManagedClientConnectionImpl@6f95654c
14:45:53.196 [main] DEBUG org.apache.http.impl.conn.BasicClientConnectionManager -- Connection can be kept alive indefinitely
14:45:53.196 [main] DEBUG net.thucydides.core.steps.StepInterceptor -- STEP DONE: user send POST HTTP request with invalid data password
  &amp#27;[32mWhen &amp#27;[0m&amp#27;[32muser send POST HTTP request with invalid data password&amp#27;[0m                &amp#27;[90m# starter.stepdefinitions.UserSteps.userSendPOSTHTTPRequestWithInvalidDataPassword()&amp#27;[0m
14:45:53.198 [main] DEBUG net.thucydides.core.steps.StepInterceptor -- STARTING STEP: UserSteps.userSeeStatusCode401 - user see status code 401
14:45:53.198 [main] DEBUG net.thucydides.core.steps.StepInterceptor -- STEP DONE: user see status code 401
  &amp#27;[32mThen &amp#27;[0m&amp#27;[32muser see status code 401&amp#27;[0m                                              &amp#27;[90m# starter.stepdefinitions.UserSteps.userSeeStatusCode401()&amp#27;[0m
14:45:53.200 [main] DEBUG net.thucydides.core.steps.StepInterceptor -- STARTING STEP: UserSteps.userGetErrorMessage - user get error message {string}
14:45:53.201 [main] DEBUG net.thucydides.core.steps.StepInterceptor -- STEP DONE: user get error message {string}
  &amp#27;[32mAnd &amp#27;[0m&amp#27;[32muser get error message &amp#27;[0m&amp#27;[32m&amp#27;[1m"username, or email not found"&amp#27;[0m                  &amp#27;[90m# starter.stepdefinitions.UserSteps.userGetErrorMessage(java.lang.String)&amp#27;[0m
14:45:53.201 [main] INFO  -- 
  _____   ___   ___   _____     ___     _     ___   ___   ___   ___  
 |_   _| | __| / __| |_   _|   | _ \   /_\   / __| / __| | __| |   \ 
   | |   | _|  \__ \   | |     |  _/  / _ \  \__ \ \__ \ | _|  | |) |
   |_|   |___| |___/   |_|     |_|   /_/ \_\ |___/ |___/ |___| |___/ 

POST - Verify As a user i want to login with invalid data password
----------------------------------------------------------------------
]]></system-out>
  </testcase>
  <testcase name="GET - As a admin I want to see all course" classname="As admin I want to see all course" time="0.277">
    <system-out><![CDATA[14:45:53.202 [main] DEBUG io.cucumber.core.plugin.SerenityReporter -- Running feature from file:///D:/GITHUB/qe-automation/capstone-api/src/test/resources/features/managecourse.feature
14:45:53.203 [main] DEBUG net.thucydides.core.steps.StepEventBus -- Test suite started for story net.thucydides.core.model.Story@cfba58f5
14:45:53.203 [main] INFO  -- Test Suite Started: As admin I want to see all course

@ManageCourse
Scenario: GET - As a admin I want to see all course &amp#27;[90m# src/test/resources/features/managecourse.feature:4&amp#27;[0m
14:45:53.206 [main] DEBUG io.cucumber.core.plugin.SerenityReporter -- Running feature from file:///D:/GITHUB/qe-automation/capstone-api/src/test/resources/features/managecourse.feature
14:45:53.207 [main] INFO  -- 
  _____   ___   ___   _____     ___   _____     _     ___   _____   ___   ___  
 |_   _| | __| / __| |_   _|   / __| |_   _|   /_\   | _ \ |_   _| | __| |   \ 
   | |   | _|  \__ \   | |     \__ \   | |    / _ \  |   /   | |   | _|  | |) |
   |_|   |___| |___/   |_|     |___/   |_|   /_/ \_\ |_|_\   |_|   |___| |___/ 

GET - As a admin I want to see all course(as-admin-i-want-to-see-all-course;get---as-a-admin-i-want-to-see-all-course)
--------------------------------------------------------------------------------
14:45:53.213 [main] DEBUG net.thucydides.core.steps.StepInterceptor -- STARTING STEP: UserSteps.userSetEndpointForGetCourse - user set endpoint for get course
14:45:53.213 [main] DEBUG net.thucydides.core.steps.StepInterceptor -- STEP DONE: user set endpoint for get course
  &amp#27;[32mGiven &amp#27;[0m&amp#27;[32muser set endpoint for get course&amp#27;[0m            &amp#27;[90m# starter.stepdefinitions.UserSteps.userSetEndpointForGetCourse()&amp#27;[0m
14:45:53.215 [main] DEBUG net.thucydides.core.steps.StepInterceptor -- STARTING STEP: UserSteps.loginAsAdminToGetToken - login as admin to get token
14:45:53.224 [main] DEBUG org.apache.http.impl.conn.BasicClientConnectionManager -- Get connection for route {s}->https://skfw.net:443
14:45:53.224 [main] DEBUG org.apache.http.impl.conn.DefaultClientConnectionOperator -- Connecting to skfw.net:443
14:45:53.261 [main] DEBUG org.apache.http.client.protocol.RequestAddCookies -- CookieSpec selected: ignoreCookies
14:45:53.261 [main] DEBUG org.apache.http.client.protocol.RequestAuthCache -- Auth cache not set in the context
14:45:53.261 [main] DEBUG org.apache.http.client.protocol.RequestTargetAuthentication -- Target auth state: UNCHALLENGED
14:45:53.261 [main] DEBUG org.apache.http.client.protocol.RequestProxyAuthentication -- Proxy auth state: UNCHALLENGED
14:45:53.261 [main] DEBUG org.apache.http.impl.client.DefaultHttpClient -- Attempt 1 to execute request
14:45:53.261 [main] DEBUG org.apache.http.impl.conn.DefaultClientConnection -- Sending request: POST /api/v1/users/login HTTP/1.1
14:45:53.261 [main] DEBUG org.apache.http.wire --  >> "POST /api/v1/users/login HTTP/1.1[\r][\n]"
14:45:53.261 [main] DEBUG org.apache.http.wire --  >> "Accept: */*[\r][\n]"
14:45:53.261 [main] DEBUG org.apache.http.wire --  >> "Content-Type: application/json[\r][\n]"
14:45:53.261 [main] DEBUG org.apache.http.wire --  >> "Content-Length: 64[\r][\n]"
14:45:53.262 [main] DEBUG org.apache.http.wire --  >> "Host: skfw.net[\r][\n]"
14:45:53.262 [main] DEBUG org.apache.http.wire --  >> "Connection: Keep-Alive[\r][\n]"
14:45:53.262 [main] DEBUG org.apache.http.wire --  >> "User-Agent: Apache-HttpClient/4.5.13 (Java/11.0.15)[\r][\n]"
14:45:53.262 [main] DEBUG org.apache.http.wire --  >> "Accept-Encoding: gzip,deflate[\r][\n]"
14:45:53.262 [main] DEBUG org.apache.http.wire --  >> "[\r][\n]"
14:45:53.262 [main] DEBUG org.apache.http.headers -- >> POST /api/v1/users/login HTTP/1.1
14:45:53.262 [main] DEBUG org.apache.http.headers -- >> Accept: */*
14:45:53.262 [main] DEBUG org.apache.http.headers -- >> Content-Type: application/json
14:45:53.262 [main] DEBUG org.apache.http.headers -- >> Content-Length: 64
14:45:53.262 [main] DEBUG org.apache.http.headers -- >> Host: skfw.net
14:45:53.262 [main] DEBUG org.apache.http.headers -- >> Connection: Keep-Alive
14:45:53.262 [main] DEBUG org.apache.http.headers -- >> User-Agent: Apache-HttpClient/4.5.13 (Java/11.0.15)
14:45:53.262 [main] DEBUG org.apache.http.headers -- >> Accept-Encoding: gzip,deflate
14:45:53.262 [main] DEBUG org.apache.http.wire --  >> "{"password":"Admin@1234","email":"admin@mail.co","username":"*"}"
14:45:53.351 [main] DEBUG org.apache.http.wire --  << "HTTP/1.1 201 Created[\r][\n]"
14:45:53.351 [main] DEBUG org.apache.http.wire --  << "Server: nginx/1.22.1 (Ubuntu)[\r][\n]"
14:45:53.351 [main] DEBUG org.apache.http.wire --  << "Date: Sat, 24 Jun 2023 07:45:53 GMT[\r][\n]"
14:45:53.351 [main] DEBUG org.apache.http.wire --  << "Content-Type: application/json[\r][\n]"
14:45:53.351 [main] DEBUG org.apache.http.wire --  << "Content-Length: 300[\r][\n]"
14:45:53.351 [main] DEBUG org.apache.http.wire --  << "Connection: keep-alive[\r][\n]"
14:45:53.351 [main] DEBUG org.apache.http.wire --  << "Strict-Transport-Security: max-age=31536000; includeSubdomains[\r][\n]"
14:45:53.351 [main] DEBUG org.apache.http.wire --  << "[\r][\n]"
14:45:53.351 [main] DEBUG org.apache.http.impl.conn.DefaultClientConnection -- Receiving response: HTTP/1.1 201 Created
14:45:53.351 [main] DEBUG org.apache.http.headers -- << HTTP/1.1 201 Created
14:45:53.351 [main] DEBUG org.apache.http.headers -- << Server: nginx/1.22.1 (Ubuntu)
14:45:53.351 [main] DEBUG org.apache.http.headers -- << Date: Sat, 24 Jun 2023 07:45:53 GMT
14:45:53.351 [main] DEBUG org.apache.http.headers -- << Content-Type: application/json
14:45:53.351 [main] DEBUG org.apache.http.headers -- << Content-Length: 300
14:45:53.351 [main] DEBUG org.apache.http.headers -- << Connection: keep-alive
14:45:53.351 [main] DEBUG org.apache.http.headers -- << Strict-Transport-Security: max-age=31536000; includeSubdomains
14:45:53.351 [main] DEBUG org.apache.http.impl.client.DefaultHttpClient -- Connection can be kept alive indefinitely
14:45:53.351 [main] DEBUG io.restassured.internal.RestAssuredHttpBuilder -- Parsing response as: application/json
14:45:53.351 [main] DEBUG io.restassured.internal.RestAssuredHttpBuilder -- Parsed data to instance of: class org.apache.http.conn.EofSensorInputStream
14:45:53.352 [main] DEBUG org.apache.http.wire --  << "{"id":2038127835,"logs":[],"status":"Unknown","message":"login successful","error":false,"data":{"token":"eyJhbGciOiJIUzI1NiIsInR5cCI6IkpXVCJ9.eyJleHAiOjE2ODc2NzkxNTMwMzUsImlhdCI6MTY4NzU5Mjc1MzEwNSwidWlkIjoiODY5NDc2YWY0Zjk4NDcyZGI3Zjk3YTljZmU1ZGE0NmYifQ.07StZBqqMN18tGPYRmRydVuoJfTXf3piE9k8RY03pMI"}}"
14:45:53.352 [main] DEBUG org.apache.http.impl.conn.BasicClientConnectionManager -- Releasing connection org.apache.http.impl.conn.ManagedClientConnectionImpl@3aa63b53
14:45:53.352 [main] DEBUG org.apache.http.impl.conn.BasicClientConnectionManager -- Connection can be kept alive indefinitely
14:45:53.360 [main] DEBUG net.thucydides.core.steps.StepInterceptor -- STEP DONE: login as admin to get token
  &amp#27;[32mAnd &amp#27;[0m&amp#27;[32mlogin as admin to get token&amp#27;[0m                   &amp#27;[90m# starter.stepdefinitions.UserSteps.loginAsAdminToGetToken()&amp#27;[0m
14:45:53.361 [main] DEBUG net.thucydides.core.steps.StepInterceptor -- STARTING STEP: UserSteps.userSendGETHTTPRequest - user send GET HTTP request
14:45:53.362 [main] DEBUG net.thucydides.core.steps.StepInterceptor -- STARTING STEP: ManageCourse.userSendGETHTTPRequest - user set endpoint for get course
14:45:53.362 [main] DEBUG net.thucydides.core.steps.StepInterceptor -- STEP DONE: user set endpoint for get course
14:45:53.367 [main] DEBUG org.apache.http.impl.conn.BasicClientConnectionManager -- Get connection for route {s}->https://skfw.net:443
14:45:53.367 [main] DEBUG org.apache.http.impl.conn.DefaultClientConnectionOperator -- Connecting to skfw.net:443
14:45:53.404 [main] DEBUG org.apache.http.client.protocol.RequestAddCookies -- CookieSpec selected: ignoreCookies
14:45:53.404 [main] DEBUG org.apache.http.client.protocol.RequestAuthCache -- Auth cache not set in the context
14:45:53.404 [main] DEBUG org.apache.http.client.protocol.RequestProxyAuthentication -- Proxy auth state: UNCHALLENGED
14:45:53.404 [main] DEBUG org.apache.http.impl.client.DefaultHttpClient -- Attempt 1 to execute request
14:45:53.404 [main] DEBUG org.apache.http.impl.conn.DefaultClientConnection -- Sending request: GET /api/v1/admin/courses?size=10&page=1&sort=desc HTTP/1.1
14:45:53.404 [main] DEBUG org.apache.http.wire --  >> "GET /api/v1/admin/courses?size=10&page=1&sort=desc HTTP/1.1[\r][\n]"
14:45:53.404 [main] DEBUG org.apache.http.wire --  >> "Authorization: Bearer eyJhbGciOiJIUzI1NiIsInR5cCI6IkpXVCJ9.eyJleHAiOjE2ODc2NzkxNTMwMzUsImlhdCI6MTY4NzU5Mjc1MzEwNSwidWlkIjoiODY5NDc2YWY0Zjk4NDcyZGI3Zjk3YTljZmU1ZGE0NmYifQ.07StZBqqMN18tGPYRmRydVuoJfTXf3piE9k8RY03pMI[\r][\n]"
14:45:53.404 [main] DEBUG org.apache.http.wire --  >> "Accept: */*[\r][\n]"
14:45:53.404 [main] DEBUG org.apache.http.wire --  >> "Host: skfw.net[\r][\n]"
14:45:53.404 [main] DEBUG org.apache.http.wire --  >> "Connection: Keep-Alive[\r][\n]"
14:45:53.404 [main] DEBUG org.apache.http.wire --  >> "User-Agent: Apache-HttpClient/4.5.13 (Java/11.0.15)[\r][\n]"
14:45:53.404 [main] DEBUG org.apache.http.wire --  >> "Accept-Encoding: gzip,deflate[\r][\n]"
14:45:53.404 [main] DEBUG org.apache.http.wire --  >> "[\r][\n]"
14:45:53.404 [main] DEBUG org.apache.http.headers -- >> GET /api/v1/admin/courses?size=10&page=1&sort=desc HTTP/1.1
14:45:53.404 [main] DEBUG org.apache.http.headers -- >> Authorization: Bearer eyJhbGciOiJIUzI1NiIsInR5cCI6IkpXVCJ9.eyJleHAiOjE2ODc2NzkxNTMwMzUsImlhdCI6MTY4NzU5Mjc1MzEwNSwidWlkIjoiODY5NDc2YWY0Zjk4NDcyZGI3Zjk3YTljZmU1ZGE0NmYifQ.07StZBqqMN18tGPYRmRydVuoJfTXf3piE9k8RY03pMI
14:45:53.404 [main] DEBUG org.apache.http.headers -- >> Accept: */*
14:45:53.404 [main] DEBUG org.apache.http.headers -- >> Host: skfw.net
14:45:53.404 [main] DEBUG org.apache.http.headers -- >> Connection: Keep-Alive
14:45:53.404 [main] DEBUG org.apache.http.headers -- >> User-Agent: Apache-HttpClient/4.5.13 (Java/11.0.15)
14:45:53.404 [main] DEBUG org.apache.http.headers -- >> Accept-Encoding: gzip,deflate
14:45:53.441 [main] DEBUG org.apache.http.wire --  << "HTTP/1.1 200 OK[\r][\n]"
14:45:53.442 [main] DEBUG org.apache.http.wire --  << "Server: nginx/1.22.1 (Ubuntu)[\r][\n]"
14:45:53.442 [main] DEBUG org.apache.http.wire --  << "Date: Sat, 24 Jun 2023 07:45:53 GMT[\r][\n]"
14:45:53.442 [main] DEBUG org.apache.http.wire --  << "Content-Type: application/json[\r][\n]"
14:45:53.442 [main] DEBUG org.apache.http.wire --  << "Content-Length: 20414[\r][\n]"
14:45:53.442 [main] DEBUG org.apache.http.wire --  << "Connection: keep-alive[\r][\n]"
14:45:53.442 [main] DEBUG org.apache.http.wire --  << "Strict-Transport-Security: max-age=31536000; includeSubdomains[\r][\n]"
14:45:53.442 [main] DEBUG org.apache.http.wire --  << "[\r][\n]"
14:45:53.442 [main] DEBUG org.apache.http.impl.conn.DefaultClientConnection -- Receiving response: HTTP/1.1 200 OK
14:45:53.442 [main] DEBUG org.apache.http.headers -- << HTTP/1.1 200 OK
14:45:53.442 [main] DEBUG org.apache.http.headers -- << Server: nginx/1.22.1 (Ubuntu)
14:45:53.442 [main] DEBUG org.apache.http.headers -- << Date: Sat, 24 Jun 2023 07:45:53 GMT
14:45:53.442 [main] DEBUG org.apache.http.headers -- << Content-Type: application/json
14:45:53.442 [main] DEBUG org.apache.http.headers -- << Content-Length: 20414
14:45:53.442 [main] DEBUG org.apache.http.headers -- << Connection: keep-alive
14:45:53.442 [main] DEBUG org.apache.http.headers -- << Strict-Transport-Security: max-age=31536000; includeSubdomains
14:45:53.442 [main] DEBUG org.apache.http.impl.client.DefaultHttpClient -- Connection can be kept alive indefinitely
14:45:53.442 [main] DEBUG io.restassured.internal.RestAssuredHttpBuilder -- Parsing response as: application/json
14:45:53.442 [main] DEBUG io.restassured.internal.RestAssuredHttpBuilder -- Parsed data to instance of: class org.apache.http.conn.EofSensorInputStream
14:45:53.443 [main] DEBUG org.apache.http.wire --  << "{"id":1677870278,"logs":[],"status":"OK","message":"catch full course","error":false,"data":[{"categories":["life","slice","love","grape"],"checkout":[{"id":"48d740070e3045a4a960c5be921cb74e","created_at":"2023-06-22T17:30:08.682367Z","updated_at":"2023-06-23T07:27:50.03525Z","deleted_at":null,"user_id":"699e70b18e024cc6a7129bc55d2d0425","course_id":"11349b5009444dd585fcdc4ee9fa5ca0","payment_method":"Dana","verify":true},{"id":"84cb40ef41fa4ddeb28466837af82df0","created_at":"2023-06-23T18:11:52.279912Z","updated_at":"2023-06-23T18:11:52.660225Z","deleted_at":null,"user_id":"aeb70126ba5e45548f8cfec6acb862b8","course_id":"11349b5009444dd585fcdc4ee9fa5ca0","payment_method":"Gopay","verify":true}],"create_by":{"image":"","name":"adminmin","username":"admin"},"created_at":"2023-06-22T12:11:09.618494Z","description":"purple grape wine","document":"https://skfw.net/api/v1/public/document/104ae5e.course.doc","finished":0,"id":"11349b5009444dd585fcdc4ee9fa5ca0","level":"intermediate","member_count":2,"modules":[{"created_at":"2023-06-24T01:12:41.960627Z","description":"Hello guis dont smoking","document":"","id":"fd32a28c55c240ee9825d2060b01927c","name":"Dont smoking","thumbnail":"","updated_at":"2023-06-24T01:12:41.960627Z","video":""}],"name":"life fourth","price":500,"rating":0,"rating1":0,"rating2":0,"rating3":0,"rating4":0,"rating5":0,"ratingN":0,"thumbnail":"https://skfw.net/api/v1/public/image/c6cca6b.course.thumb.png","update_at":"2023-06-23T18:11:52.661347Z","video":""},{"categories":[],"checkout":[{"id":"11270802fc9d431d929f9b387a521bde","created_at":"2023-06-02T14:38:46.752181Z","updated_at":"2023-06-12T06:41:54.561764Z","deleted_at":null,"user_id":"a7ee88c00ab5428e959d4784cf5567a3","course_id":"496e2aab72fb4a47849c2f7452c62146","payment_method":"paypool","verify":true},{"id":"48a2bd3437dd4d2cbf1d7936c43fe90d","created_at":"2023-06-07T18:00:03.384697Z","updated_at":"2023-06-21T12:29:37.338532Z","deleted_at":null,"user_id":"aeb70126ba5e45548f8cfec6acb862b8","course_id":"496e2aab72fb4a47849c2f7452c62146","payment_method":"nop","verify":true},{"id":"4a7324f2d2a34b0a84b09fc59c56684d","created_at":"2023-06-06T14:51:13.577183Z","updated_at":"2023-06-23T07:27:50.03525Z","deleted_at":null,"user_id":"699e70b18e024cc6a7129bc55d2d0425","course_id":"496e2aab72fb4a47849c2f7452c62146","payment_method":"Dana","verify":true},{"id":"3c3e330a2caa4083ab997f040846ee49","created_at":"2023-06-23T17:24:10.990901Z","updated_at":"2023-06-23T17:24:10.990901Z","deleted_at":null,"user_id":"99b3471f246f43d184f1ab768123a29c","course_id":"496e2aab72fb4a47849c2f7452c62146","payment_method":"","verify":false}],"create_by":{"image":"","name":"adminmin","username":"admin"},"created_at":"2023-06-02T14:11:31.669239Z","description":"Kelas UI design (User Interface design) adalah kelas yang bertujuan untuk mengajarkan kepada peserta bagaimana merancang tampilan antarmuka yang mudah digunakan dan menarik bagi pengguna. UI design merupakan bagian dari disiplin desain yang fokus pada aspek visual dan interaktif dari sebuah produk digital, seperti website, aplikasi, dan perangkat lunak.","document":"","finished":2,"id":"496e2aab72fb4a47849c2f7452c62146","level":"beginer","member_count":2,"modules":[{"created_at":"2023-06-13T08:10:21.209259Z","description":"Desain User Interface (UI) adalah proses yang digunakan desainer untuk membuat tampilan dalam perangkat lunak atau perangkat terkomputerisasi, dengan fokus pada tampilan atau gaya. Tujuan dari desainer UI adalah untuk membuat desain antarmuka yang membuat pengguna mudah untuk digunakan dan menyenangkan.","document":"","id":"891c5aaeaf7648bc9c017630c48a7f01","name":"Proses Desain Antarmuka Pengguna","thumbnail":"https://skfw.net/api/v1/public/image/910f936.module.thumb.png","updated_at":"2023-06-21T12:21:43.233662Z","video":""},{"created_at":"2023-06-13T08:13:49.106708Z","description":"Secara definisi, responsive design merupakan suatu pendekatan pengembangan yang memastikan bahwa desain user interface menyesuaikan dengan preferensi dari pengguna serta perangkat yang mereka gunakan. Hal ini mendorong metodologi serbaguna untuk desain website dengan otomatis menyesuaikan tata letak dan struktur user interface untuk memastikan konsistensi konten di seluruh perangkat sehingga tidak akan menggangu pengalaman pengguna saat mengakses website tersebut. Melalui responsive design ini juga, pengembang serta desainer tidak perlu lali membuat desain website yang terpisah untuk setiap kelompok pengguna, akan tetapia mereka hanya perlu fokus untuk membut desain website yang meyesuaikan secara otomatid tergantung perangkat yang pengguna gunakan. ","document":"","id":"ed76e2a81d1d4923ae51c0818970ba29","name":"Desain Responsif","thumbnail":"","updated_at":"2023-06-13T08:13:49.106708Z","video":""},{"created_at":"2023-06-13T08:16:43.337136Z","description":"UI dan UX keduanya berhubungan dengan tampilan dalam suatu produk baik website, aplikasi maupun platform lainnya. Sebelum mengenal UI dan UX lebih dalam, baiknya kita mengerti konsep HCI. HCI atau Human Computer Interaction adalah interaksi antara pengguna dengan perangkat tertentu (smartphone, laptop, komputer, dsb). Kegiatan seperti menekan keyboard dan menggeser mouse adalah beberapa contoh dari HCI. UI dan UX sangat berkaitan dengan HCI, yaitu bagaimana menghasilkan produk yang meningkatkan interaksi antara USER dan DEVICE secara kuantitas maupun kualitas, melalui menarik pengguna dengan tampilan yang disuguhkan, dan memberikan kepuasan kepada pengguna dengan pengalaman akses produk yang mudah. User Interface (UI) atau disebut juga UI Design adalah bagaimana tampilan visual suatu produk disajikan dengan desain yang menarik dan bisa membuat pengguna betah menggunakan produk. UI Design berfokus pada keindahan atau estetika tampilan yang eye-catching dan dapat menarik pengguna secara emosional.","document":"","id":"1b26949893aa466daf79409b7bd80c82","name":"Animasi dan Interaksi","thumbnail":"","updated_at":"2023-06-13T08:16:43.337136Z","video":""},{"created_at":"2023-06-13T08:09:26.153907Z","description":"Desain Visual adalah hal yang penting pada pembuatan produk karena hal yang biasa dilihat pertama kali oleh pengguna adalah UI Design (tampilan) sebelum masuk ke fungsional. Jika produk tidak memiliki tampilan visual yang menarik, bisa-bisa pengguna akan mendapatkan kesan pertama yang kurang menyenangkan.","document":"","id":"9a5bc00e6f64446c836c38be35129881","name":"Desain Visual","thumbnail":"","updated_at":"2023-06-19T14:18:49.135465Z","video":""},{"created_at":"2023-06-13T08:02:29.575745Z","description":"Desain antarmuka pengguna (UI design) adalah bagian penting dari pengembangan produk digital yang efektif. UI design melibatkan merancang antarmuka pengguna yang mudah digunakan dan menarik, serta memperhatikan aspek-aspek seperti navigasi, tata letak, interaksi, dan estetika visual. Kursus ini akan memberikan pengantar tentang UI design dan membahas prinsip-prinsip desain antarmuka pengguna yang baik.","document":"","id":"60542ed9fc4540b0aeb32e6a9279e86d","name":"Pengenalan Desain Antarmuka Pengguna","thumbnail":"","updated_at":"2023-06-19T14:08:45.38637Z","video":""}],"name":"UI Design","price":300000,"rating":0,"rating1":0,"rating2":0,"rating3":0,"rating4":0,"rating5":0,"ratingN":0,"thumbnail":"https://skfw.net/api/v1/public/image/c14c6a8.course.thumb.png","update_at":"2023-06-13T09:11:30.630689Z","video":""},{"categories":[],"checkout":[{"id":"8d0a78c10ee04f7a8984bbe3fa181d0d","created_at":"2023-06-02T14:41:31.042286Z","updated_at":"2023-06-02T15:01:10.554434Z","deleted_at":null,"user_id":"a6f0f3ffa7e74b1ba3db051c9974363e","course_id":"98faa25ee34a41519247ebbc2e556c58","payment_method":"","verify":true},{"id":"cd4ae6a0fcde45d2a654a12490ecacb8","created_at":"2023-06-06T07:55:50.710061Z","updated_at":"2023-06-12T06:41:54.561764Z","deleted_at":null,"user_id":"a7ee88c00ab5428e959d4784cf5567a3","course_id":"98faa25ee34a41519247ebbc2e556c58","payment_method":"pa"
14:45:53.443 [main] DEBUG org.apache.http.wire --  << "ypool","verify":true},{"id":"2e29394487d44602b2329b3bf853b533","created_at":"2023-06-07T17:59:36.367217Z","updated_at":"2023-06-21T12:29:37.338532Z","deleted_at":null,"user_id":"aeb70126ba5e45548f8cfec6acb862b8","course_id":"98faa25ee34a41519247ebbc2e556c58","payment_method":"nop","verify":true},{"id":"2e90f5a4be514ba8b29369e32587a761","created_at":"2023-06-22T18:42:18.668378Z","updated_at":"2023-06-22T18:42:44.203168Z","deleted_at":null,"user_id":"1dc692d3b8ed4fc7995b38c71dbd82b7","course_id":"98faa25ee34a41519247ebbc2e556c58","payment_method":"Gopay","verify":true},{"id":"8ceaa8fdd6d94092945e46a19cd5a7e0","created_at":"2023-06-06T14:54:18.028766Z","updated_at":"2023-06-23T07:27:50.03525Z","deleted_at":null,"user_id":"699e70b18e024cc6a7129bc55d2d0425","course_id":"98faa25ee34a41519247ebbc2e556c58","payment_method":"Dana","verify":true}],"create_by":{"image":"","name":"adminmin","username":"admin"},"created_at":"2023-06-02T12:54:49.834686Z","description":"Quality Assurance (QA) refers to the systematic processes, activities, and measures undertaken to ensure that a product or service meets or exceeds the specified requirements and expectations. It is a critical component of the overall quality management system within an organization.","document":"","finished":0,"id":"98faa25ee34a41519247ebbc2e556c58","level":"Intermediate","member_count":4,"modules":[{"created_at":"2023-06-02T13:04:47.033865Z","description":"Opening defects in a test management tool refers to the process of logging and documenting identified issues or defects during the testing phase of a software project. Test management tools provide a centralized platform where testers can record and track defects encountered during testing, making it easier to manage and resolve them efficiently.","document":"","id":"4ee35416f8574fbf9f7b1ff4988cecee","name":"Opening Defects in Test Management Tool","thumbnail":"","updated_at":"2023-06-02T13:04:47.033865Z","video":""},{"created_at":"2023-06-02T13:06:00.817059Z","description":"Creating test cases is an integral part of the software testing process. Test cases are detailed and structured sets of inputs, conditions, and expected outcomes that are designed to verify the functionality, behavior, and performance of a software application.","document":"","id":"a5ed3c38b23945c8ad72c8e345f10f79","name":"Creating Test Cases","thumbnail":"","updated_at":"2023-06-11T04:21:45.858711Z","video":"https://www.youtube.com/watch?v=g0PrXoWKM2Y"},{"created_at":"2023-06-02T13:05:17.082276Z","description":"Software testing is the process of evaluating a software application or system to assess its quality, functionality, and performance. It involves conducting various activities to identify defects, errors, or inconsistencies in the software and ensuring that it meets the specified requirements and expectations.","document":"","id":"ee81fe9badd441b882fad091853619ed","name":"Software Testing","thumbnail":"","updated_at":"2023-06-11T04:23:40.212107Z","video":"https://www.youtube.com/watch?v=_3OhZrad8RM"},{"created_at":"2023-06-02T13:03:52.698969Z","description":"Web application testing refers to the process of assessing and evaluating the functionality, usability, security, and performance of a web application. It involves testing the various components and features of a web application to ensure that it works as intended and meets the specified requirements.","document":"","id":"dd29a3aea12d45eb9ab5da5ac078d02e","name":"Web Application Testing","thumbnail":"","updated_at":"2023-06-11T04:28:15.917008Z","video":"https://www.youtube.com/watch?v=-5QcjRUIDGM"},{"created_at":"2023-06-23T01:27:45.570377Z","description":"asd","document":"","id":"773bbd1ab5724f1799070b2160223e6a","name":"APA AJA","thumbnail":"","updated_at":"2023-06-23T01:27:59.067293Z","video":""},{"created_at":"2023-06-23T02:18:46.043256Z","description":"try","document":"","id":"ec7c19af3ec243bb8be8458ed4541da3","name":"TryOut-3","thumbnail":"","updated_at":"2023-06-23T02:18:46.043256Z","video":""},{"created_at":"2023-06-23T02:19:05.76781Z","description":"tert","document":"","id":"2c47aaa08d944b48bea9f3f3b54ba5fb","name":"TryOut-4","thumbnail":"","updated_at":"2023-06-23T02:19:05.76781Z","video":""},{"created_at":"2023-06-23T02:19:46.143324Z","description":"try out limx","document":"","id":"a4eaeef076c44528b3987b01e3a5ae23","name":"TryOut-5","thumbnail":"","updated_at":"2023-06-23T02:19:46.143324Z","video":""}],"name":"Quality Assurance","price":200000,"rating":0,"rating1":0,"rating2":0,"rating3":0,"rating4":0,"rating5":0,"ratingN":0,"thumbnail":"https://skfw.net/api/v1/public/image/62b5c3a.course.thumb.png","update_at":"2023-06-22T18:42:21.469856Z","video":""},{"categories":["life","short"],"checkout":[{"id":"18ae7701cbff4e5f8d75b7fa53ac437e","created_at":"2023-06-21T15:26:19.742517Z","updated_at":"2023-06-23T07:27:50.03525Z","deleted_at":null,"user_id":"699e70b18e024cc6a7129bc55d2d0425","course_id":"9a215293cf144266873351b0264f6277","payment_method":"Dana","verify":true},{"id":"a739612532a745edaf8af662291e86b1","created_at":"2023-06-12T06:41:28.229549Z","updated_at":"2023-06-12T06:41:54.561764Z","deleted_at":null,"user_id":"a7ee88c00ab5428e959d4784cf5567a3","course_id":"9a215293cf144266873351b0264f6277","payment_method":"paypool","verify":true},{"id":"e0c3595591744f73a81df29f700f299d","created_at":"2023-06-12T07:51:32.912716Z","updated_at":"2023-06-21T12:29:37.338532Z","deleted_at":null,"user_id":"aeb70126ba5e45548f8cfec6acb862b8","course_id":"9a215293cf144266873351b0264f6277","payment_method":"nop","verify":true},{"id":"cbc20da1d17440d38225751f19a9fe48","created_at":"2023-06-23T17:48:09.103232Z","updated_at":"2023-06-23T17:48:17.290586Z","deleted_at":null,"user_id":"f06ff5ba27e84625aa629561e03e5d0c","course_id":"9a215293cf144266873351b0264f6277","payment_method":"Dana","verify":true}],"create_by":{"image":"","name":"adminmin","username":"admin"},"created_at":"2023-06-12T06:38:06.08077Z","description":"update course 1","document":"","finished":4,"id":"9a215293cf144266873351b0264f6277","level":"intermediate","member_count":4,"modules":[{"created_at":"2023-06-20T05:42:58.152762Z","description":"123","document":"","id":"ecf5fa80a9b249a2b2a05a682003ec8c","name":"test tes 123","thumbnail":"https://skfw.net/api/v1/public/image/ee884b9.module.thumb.jpg","updated_at":"2023-06-21T12:17:25.423402Z","video":"https://firebasestorage.googleapis.com/v0/b/uploadfile-react.appspot.com/o/videos%2Fundefined?alt=media\u0026token=8bba3edb-fb7b-4e0c-afa0-759b51c67899"},{"created_at":"2023-06-19T06:15:35.591405Z","description":"3333","document":"","id":"722c900477874832a03a04ffe11d5c0e","name":"rehan","thumbnail":"","updated_at":"2023-06-19T06:15:35.591405Z","video":"https://firebasestorage.googleapis.com/v0/b/uploadfile-react.appspot.com/o/videos%2FAnimasi%20-%207529.mp4?alt=media\u0026token=9611e98f-a503-4944-9fa1-719212473d83"},{"created_at":"2023-06-22T02:33:08.664123Z","description":"Test Description","document":"","id":"d484f1e8454644f0b4c0c176d0341c73","name":"Rehan Maulana","thumbnail":"","updated_at":"2023-06-22T02:33:08.664123Z","video":"https://firebasestorage.googleapis.com/v0/b/uploadfile-react.appspot.com/o/videos%2Fundefined?alt=media\u0026token=e25b9d78-d292-49b6-9602-52fbf0dfeeef"},{"created_at":"2023-06-22T07:43:19.067839Z","description":"adiiii","document":"","id":"2984f66743a84fd6844ad3b7e5bf41c2","name":"adi ","thumbnail":"","updated_at":"2023-06-22T07:43:19.067839Z","video":""},{"created_at":"2023-06-22T09:29:15.586642Z","description":"123","document":"","id":"02502675f3184d7884641c15406cdca7","name":"test ajaaaa","thumbnail":"","updated_at":"2023-06-22T09:29:15.586642Z","video":""},{"created_at":"2023-06-23T06:11:00.192804Z","description":"Jangan mati sebelum namatin wanpis","document":"","id":"7ff961e3439b4fbcb693ba68f499c03a","name":"Life Lesson","thumbnail":"","updated_at":"2023-06-23T06:11:00.192804Z","video":""}],"name":"Life is Shorts","price":1500000,"rating":5,"rating1":0,"rating2":0,"rating3":0,"rating4":0,"rating5":1,"ratingN":1,"thumbnail":"","update_at":"2023-06-23T17:48:17.292018Z","video":""},{"categories":[],"checkout":[{"id":"cd793898351842c78479394ba22ae59b","created_at":"2023"
14:45:53.444 [main] DEBUG org.apache.http.wire --  << "-06-23T18:12:11.10193Z","updated_at":"2023-06-23T18:12:13.837352Z","deleted_at":null,"user_id":"aeb70126ba5e45548f8cfec6acb862b8","course_id":"943926f30702493d9d06fdb9afdb57c6","payment_method":"Gopay","verify":true},{"id":"6ab94aab5fcc44fbb5475b1356bcc16f","created_at":"2023-06-24T04:15:45.1672Z","updated_at":"2023-06-24T04:17:12.282285Z","deleted_at":null,"user_id":"f06ff5ba27e84625aa629561e03e5d0c","course_id":"943926f30702493d9d06fdb9afdb57c6","payment_method":"LinkAja","verify":true},{"id":"be373a3cbac9415ba95b7bcb1f2a28ac","created_at":"2023-06-22T18:42:42.116731Z","updated_at":"2023-06-22T18:42:44.203168Z","deleted_at":null,"user_id":"1dc692d3b8ed4fc7995b38c71dbd82b7","course_id":"943926f30702493d9d06fdb9afdb57c6","payment_method":"Gopay","verify":true},{"id":"d646da2b7a1543a0bda32de4bb9e19b1","created_at":"2023-06-22T17:27:25.785497Z","updated_at":"2023-06-23T07:27:50.03525Z","deleted_at":null,"user_id":"699e70b18e024cc6a7129bc55d2d0425","course_id":"943926f30702493d9d06fdb9afdb57c6","payment_method":"Dana","verify":true}],"create_by":{"image":"","name":"adminmin","username":"admin"},"created_at":"2023-06-13T03:10:59.344379Z","description":"Go Language","document":"","finished":0,"id":"943926f30702493d9d06fdb9afdb57c6","level":"intermediate","member_count":6,"modules":[{"created_at":"2023-06-20T07:57:42.447918Z","description":"intro aje dulu napa","document":"","id":"5bf06b30d3dd4ac6a7968c90e86b41f9","name":"Intro","thumbnail":"","updated_at":"2023-06-20T07:57:42.447918Z","video":"https://firebasestorage.googleapis.com/v0/b/uploadfile-react.appspot.com/o/videos%2Fundefined?alt=media\u0026token=de78b0b0-19da-428a-afd8-a7f390550ff5"},{"created_at":"2023-06-22T07:28:27.648277Z","description":"sasa","document":"","id":"b43f17bc8c7b402bbcdad83823118a82","name":"sasa","thumbnail":"","updated_at":"2023-06-22T07:28:27.648277Z","video":"https://firebasestorage.googleapis.com/v0/b/uploadfile-react.appspot.com/o/videos%2Fundefined?alt=media\u0026token=f9bfa734-1d40-45cd-b9bc-60225310a48c"},{"created_at":"2023-06-22T11:28:18.346331Z","description":"123","document":"","id":"6cf5b0be08704d179695f93ec2466183","name":"tes aja","thumbnail":"","updated_at":"2023-06-22T11:28:18.346331Z","video":""},{"created_at":"2023-06-22T11:30:14.677005Z","description":"coba aja ","document":"","id":"ab8e64f124b54240b45c0914427ef262","name":"cobaa","thumbnail":"","updated_at":"2023-06-22T11:30:14.677005Z","video":"https://firebasestorage.googleapis.com/v0/b/uploadfile-react.appspot.com/o/videos%2Fmylivewallpapers.com-Jujutsu-Kaisen.mp4?alt=media\u0026token=e96a224b-aeee-4986-a731-d70563fc46fa"},{"created_at":"2023-06-23T06:09:45.020968Z","description":"semangat","document":"","id":"b67c194dd53146909b3220a9bace0cdc","name":"Gudlak","thumbnail":"","updated_at":"2023-06-23T06:09:45.020968Z","video":""},{"created_at":"2023-06-15T11:56:58.176383Z","description":"testi besti","document":"","id":"aca823ed77374f84a2461dda6f8f2f1c","name":"test quizzz","thumbnail":"","updated_at":"2023-06-23T06:09:59.889406Z","video":""}],"name":"Backend With Golang","price":30000,"rating":0,"rating1":0,"rating2":0,"rating3":0,"rating4":0,"rating5":0,"ratingN":0,"thumbnail":"https://skfw.net/api/v1/public/image/e230343.course.thumb.jpg","update_at":"2023-06-24T04:17:12.283941Z","video":""},{"categories":["Software"],"checkout":[{"id":"04cfe1ca044a4920880ed7360baef407","created_at":"2023-06-23T17:46:43.356823Z","updated_at":"2023-06-23T17:46:44.177355Z","deleted_at":null,"user_id":"f06ff5ba27e84625aa629561e03e5d0c","course_id":"f2794d678a564a46af0c333dc94eab26","payment_method":"Gopay","verify":true}],"create_by":{"image":"","name":"adminmin","username":"admin"},"created_at":"2023-06-23T07:57:09.649079Z","description":"ini test 1","document":"","finished":0,"id":"f2794d678a564a46af0c333dc94eab26","level":"Beginner","member_count":1,"modules":[{"created_at":"2023-06-24T05:00:08.347938Z","description":"asd","document":"","id":"089829c0847748ff83308ecf8ed3ddf0","name":"asd","thumbnail":"","updated_at":"2023-06-24T05:00:08.347938Z","video":""}],"name":"Automation Test 1","price":3500000,"rating":0,"rating1":0,"rating2":0,"rating3":0,"rating4":0,"rating5":0,"ratingN":0,"thumbnail":"","update_at":"2023-06-23T17:46:44.17866Z","video":""}]}"
14:45:53.444 [main] DEBUG org.apache.http.impl.conn.BasicClientConnectionManager -- Releasing connection org.apache.http.impl.conn.ManagedClientConnectionImpl@320efff5
14:45:53.444 [main] DEBUG org.apache.http.impl.conn.BasicClientConnectionManager -- Connection can be kept alive indefinitely
14:45:53.449 [main] DEBUG net.thucydides.core.steps.StepInterceptor -- STEP DONE: user send GET HTTP request
  &amp#27;[32mWhen &amp#27;[0m&amp#27;[32muser send GET HTTP request&amp#27;[0m                   &amp#27;[90m# starter.stepdefinitions.UserSteps.userSendGETHTTPRequest()&amp#27;[0m
14:45:53.451 [main] DEBUG net.thucydides.core.steps.StepInterceptor -- STARTING STEP: UserSteps.userSeeStatusCode200 - user see status code 200
14:45:53.451 [main] DEBUG net.thucydides.core.steps.StepInterceptor -- STEP DONE: user see status code 200
  &amp#27;[32mThen &amp#27;[0m&amp#27;[32muser see status code 200&amp#27;[0m                     &amp#27;[90m# starter.stepdefinitions.UserSteps.userSeeStatusCode200()&amp#27;[0m
14:45:53.453 [main] DEBUG net.thucydides.core.steps.StepInterceptor -- STARTING STEP: UserSteps.getAllCourseShowUp - get all course show up
14:45:53.467 [Finalizer] DEBUG org.apache.http.impl.conn.DefaultClientConnection -- Connection 0.0.0.0:55511<->159.89.202.201:443 closed
14:45:53.469 [Finalizer] DEBUG org.apache.http.impl.conn.DefaultClientConnection -- Connection 0.0.0.0:55506<->159.89.202.201:443 closed
14:45:53.470 [Finalizer] DEBUG org.apache.http.impl.conn.DefaultClientConnection -- Connection 0.0.0.0:55505<->159.89.202.201:443 closed
14:45:53.471 [Finalizer] DEBUG org.apache.http.impl.conn.DefaultClientConnection -- Connection 0.0.0.0:55508<->159.89.202.201:443 closed
14:45:53.472 [Finalizer] DEBUG org.apache.http.impl.conn.DefaultClientConnection -- Connection 0.0.0.0:55507<->159.89.202.201:443 closed
14:45:53.473 [Finalizer] DEBUG org.apache.http.impl.conn.DefaultClientConnection -- Connection 0.0.0.0:55513<->159.89.202.201:443 closed
14:45:53.473 [Finalizer] DEBUG org.apache.http.impl.conn.DefaultClientConnection -- Connection 0.0.0.0:55509<->159.89.202.201:443 closed
14:45:53.475 [Finalizer] DEBUG org.apache.http.impl.conn.DefaultClientConnection -- Connection 0.0.0.0:55510<->159.89.202.201:443 closed
14:45:53.476 [Finalizer] DEBUG org.apache.http.impl.conn.DefaultClientConnection -- Connection 0.0.0.0:55512<->159.89.202.201:443 closed
14:45:53.479 [main] DEBUG net.thucydides.core.steps.StepInterceptor -- STEP DONE: get all course show up
  &amp#27;[32mAnd &amp#27;[0m&amp#27;[32mget all course show up&amp#27;[0m                        &amp#27;[90m# starter.stepdefinitions.UserSteps.getAllCourseShowUp()&amp#27;[0m
14:45:53.481 [main] INFO  -- 
  _____   ___   ___   _____     ___     _     ___   ___   ___   ___  
 |_   _| | __| / __| |_   _|   | _ \   /_\   / __| / __| | __| |   \ 
   | |   | _|  \__ \   | |     |  _/  / _ \  \__ \ \__ \ | _|  | |) |
   |_|   |___| |___/   |_|     |_|   /_/ \_\ |___/ |___/ |___| |___/ 

GET - As a admin I want to see all course
----------------------------------------------------------------------
]]></system-out>
  </testcase>
  <testcase name="GET - As a admin I want to see all course using normal user" classname="As admin I want to see all course" time="0.233">
    <system-out><![CDATA[
@ManageCourse
Scenario: GET - As a admin I want to see all course using normal user &amp#27;[90m# src/test/resources/features/managecourse.feature:11&amp#27;[0m
14:45:53.484 [main] DEBUG io.cucumber.core.plugin.SerenityReporter -- Running feature from file:///D:/GITHUB/qe-automation/capstone-api/src/test/resources/features/managecourse.feature
14:45:53.485 [main] INFO  -- 
  _____   ___   ___   _____     ___   _____     _     ___   _____   ___   ___  
 |_   _| | __| / __| |_   _|   / __| |_   _|   /_\   | _ \ |_   _| | __| |   \ 
   | |   | _|  \__ \   | |     \__ \   | |    / _ \  |   /   | |   | _|  | |) |
   |_|   |___| |___/   |_|     |___/   |_|   /_/ \_\ |_|_\   |_|   |___| |___/ 

GET - As a admin I want to see all course using normal user(as-admin-i-want-to-see-all-course;get---as-a-admin-i-want-to-see-all-course-using-normal-user)
--------------------------------------------------------------------------------
14:45:53.492 [main] DEBUG net.thucydides.core.steps.StepInterceptor -- STARTING STEP: UserSteps.userSetEndpointForGetCourse - user set endpoint for get course
14:45:53.492 [main] DEBUG net.thucydides.core.steps.StepInterceptor -- STEP DONE: user set endpoint for get course
  &amp#27;[32mGiven &amp#27;[0m&amp#27;[32muser set endpoint for get course&amp#27;[0m                              &amp#27;[90m# starter.stepdefinitions.UserSteps.userSetEndpointForGetCourse()&amp#27;[0m
14:45:53.494 [main] DEBUG net.thucydides.core.steps.StepInterceptor -- STARTING STEP: UserSteps.loginAsUserToGetToken - login as user to get token
14:45:53.501 [main] DEBUG org.apache.http.impl.conn.BasicClientConnectionManager -- Get connection for route {s}->https://skfw.net:443
14:45:53.501 [main] DEBUG org.apache.http.impl.conn.DefaultClientConnectionOperator -- Connecting to skfw.net:443
14:45:53.538 [main] DEBUG org.apache.http.client.protocol.RequestAddCookies -- CookieSpec selected: ignoreCookies
14:45:53.538 [main] DEBUG org.apache.http.client.protocol.RequestAuthCache -- Auth cache not set in the context
14:45:53.538 [main] DEBUG org.apache.http.client.protocol.RequestTargetAuthentication -- Target auth state: UNCHALLENGED
14:45:53.538 [main] DEBUG org.apache.http.client.protocol.RequestProxyAuthentication -- Proxy auth state: UNCHALLENGED
14:45:53.538 [main] DEBUG org.apache.http.impl.client.DefaultHttpClient -- Attempt 1 to execute request
14:45:53.538 [main] DEBUG org.apache.http.impl.conn.DefaultClientConnection -- Sending request: POST /api/v1/users/login HTTP/1.1
14:45:53.538 [main] DEBUG org.apache.http.wire --  >> "POST /api/v1/users/login HTTP/1.1[\r][\n]"
14:45:53.538 [main] DEBUG org.apache.http.wire --  >> "Accept: */*[\r][\n]"
14:45:53.538 [main] DEBUG org.apache.http.wire --  >> "Content-Type: application/json[\r][\n]"
14:45:53.538 [main] DEBUG org.apache.http.wire --  >> "Content-Length: 75[\r][\n]"
14:45:53.538 [main] DEBUG org.apache.http.wire --  >> "Host: skfw.net[\r][\n]"
14:45:53.538 [main] DEBUG org.apache.http.wire --  >> "Connection: Keep-Alive[\r][\n]"
14:45:53.538 [main] DEBUG org.apache.http.wire --  >> "User-Agent: Apache-HttpClient/4.5.13 (Java/11.0.15)[\r][\n]"
14:45:53.538 [main] DEBUG org.apache.http.wire --  >> "Accept-Encoding: gzip,deflate[\r][\n]"
14:45:53.538 [main] DEBUG org.apache.http.wire --  >> "[\r][\n]"
14:45:53.538 [main] DEBUG org.apache.http.headers -- >> POST /api/v1/users/login HTTP/1.1
14:45:53.538 [main] DEBUG org.apache.http.headers -- >> Accept: */*
14:45:53.538 [main] DEBUG org.apache.http.headers -- >> Content-Type: application/json
14:45:53.538 [main] DEBUG org.apache.http.headers -- >> Content-Length: 75
14:45:53.538 [main] DEBUG org.apache.http.headers -- >> Host: skfw.net
14:45:53.538 [main] DEBUG org.apache.http.headers -- >> Connection: Keep-Alive
14:45:53.538 [main] DEBUG org.apache.http.headers -- >> User-Agent: Apache-HttpClient/4.5.13 (Java/11.0.15)
14:45:53.538 [main] DEBUG org.apache.http.headers -- >> Accept-Encoding: gzip,deflate
14:45:53.538 [main] DEBUG org.apache.http.wire --  >> "{"password":"User@1234","email":"testforqa@mail.co","username":"testforqa"}"
14:45:53.632 [main] DEBUG org.apache.http.wire --  << "HTTP/1.1 201 Created[\r][\n]"
14:45:53.632 [main] DEBUG org.apache.http.wire --  << "Server: nginx/1.22.1 (Ubuntu)[\r][\n]"
14:45:53.632 [main] DEBUG org.apache.http.wire --  << "Date: Sat, 24 Jun 2023 07:45:53 GMT[\r][\n]"
14:45:53.632 [main] DEBUG org.apache.http.wire --  << "Content-Type: application/json[\r][\n]"
14:45:53.632 [main] DEBUG org.apache.http.wire --  << "Content-Length: 300[\r][\n]"
14:45:53.632 [main] DEBUG org.apache.http.wire --  << "Connection: keep-alive[\r][\n]"
14:45:53.632 [main] DEBUG org.apache.http.wire --  << "Strict-Transport-Security: max-age=31536000; includeSubdomains[\r][\n]"
14:45:53.632 [main] DEBUG org.apache.http.wire --  << "[\r][\n]"
14:45:53.633 [main] DEBUG org.apache.http.impl.conn.DefaultClientConnection -- Receiving response: HTTP/1.1 201 Created
14:45:53.633 [main] DEBUG org.apache.http.headers -- << HTTP/1.1 201 Created
14:45:53.633 [main] DEBUG org.apache.http.headers -- << Server: nginx/1.22.1 (Ubuntu)
14:45:53.633 [main] DEBUG org.apache.http.headers -- << Date: Sat, 24 Jun 2023 07:45:53 GMT
14:45:53.633 [main] DEBUG org.apache.http.headers -- << Content-Type: application/json
14:45:53.633 [main] DEBUG org.apache.http.headers -- << Content-Length: 300
14:45:53.633 [main] DEBUG org.apache.http.headers -- << Connection: keep-alive
14:45:53.633 [main] DEBUG org.apache.http.headers -- << Strict-Transport-Security: max-age=31536000; includeSubdomains
14:45:53.633 [main] DEBUG org.apache.http.impl.client.DefaultHttpClient -- Connection can be kept alive indefinitely
14:45:53.633 [main] DEBUG io.restassured.internal.RestAssuredHttpBuilder -- Parsing response as: application/json
14:45:53.633 [main] DEBUG io.restassured.internal.RestAssuredHttpBuilder -- Parsed data to instance of: class org.apache.http.conn.EofSensorInputStream
14:45:53.634 [main] DEBUG org.apache.http.wire --  << "{"id":1081109777,"logs":[],"status":"Unknown","message":"login successful","error":false,"data":{"token":"eyJhbGciOiJIUzI1NiIsInR5cCI6IkpXVCJ9.eyJleHAiOjE2ODc2NzkxNTMzMTIsImlhdCI6MTY4NzU5Mjc1MzM4NSwidWlkIjoiMDNlZjVmOWRlMTRhNDdmZjg5YmVlODc3OGE5NWZlMDIifQ.a0_Spqjj8AxblFtnv7s3Bf69BkkUIAmfM48qweDAZ9U"}}"
14:45:53.634 [main] DEBUG org.apache.http.impl.conn.BasicClientConnectionManager -- Releasing connection org.apache.http.impl.conn.ManagedClientConnectionImpl@ea45a5b
14:45:53.634 [main] DEBUG org.apache.http.impl.conn.BasicClientConnectionManager -- Connection can be kept alive indefinitely
14:45:53.641 [main] DEBUG net.thucydides.core.steps.StepInterceptor -- STEP DONE: login as user to get token
  &amp#27;[32mAnd &amp#27;[0m&amp#27;[32mlogin as user to get token&amp#27;[0m                                      &amp#27;[90m# starter.stepdefinitions.UserSteps.loginAsUserToGetToken()&amp#27;[0m
14:45:53.643 [main] DEBUG net.thucydides.core.steps.StepInterceptor -- STARTING STEP: UserSteps.userSendGETHTTPRequestUsingNormalToken - user send GET HTTP request using normal token
14:45:53.644 [main] DEBUG net.thucydides.core.steps.StepInterceptor -- STARTING STEP: ManageCourse.userSendGETHTTPRequestUsingNormalToken - user set endpoint for get course
14:45:53.644 [main] DEBUG net.thucydides.core.steps.StepInterceptor -- STEP DONE: user set endpoint for get course
14:45:53.649 [main] DEBUG org.apache.http.impl.conn.BasicClientConnectionManager -- Get connection for route {s}->https://skfw.net:443
14:45:53.649 [main] DEBUG org.apache.http.impl.conn.DefaultClientConnectionOperator -- Connecting to skfw.net:443
14:45:53.687 [main] DEBUG org.apache.http.client.protocol.RequestAddCookies -- CookieSpec selected: ignoreCookies
14:45:53.687 [main] DEBUG org.apache.http.client.protocol.RequestAuthCache -- Auth cache not set in the context
14:45:53.687 [main] DEBUG org.apache.http.client.protocol.RequestProxyAuthentication -- Proxy auth state: UNCHALLENGED
14:45:53.687 [main] DEBUG org.apache.http.impl.client.DefaultHttpClient -- Attempt 1 to execute request
14:45:53.687 [main] DEBUG org.apache.http.impl.conn.DefaultClientConnection -- Sending request: GET /api/v1/admin/courses?size=10&page=1&sort=desc HTTP/1.1
14:45:53.687 [main] DEBUG org.apache.http.wire --  >> "GET /api/v1/admin/courses?size=10&page=1&sort=desc HTTP/1.1[\r][\n]"
14:45:53.687 [main] DEBUG org.apache.http.wire --  >> "Authorization: Bearer eyJhbGciOiJIUzI1NiIsInR5cCI6IkpXVCJ9.eyJleHAiOjE2ODc2NzkxNTMzMTIsImlhdCI6MTY4NzU5Mjc1MzM4NSwidWlkIjoiMDNlZjVmOWRlMTRhNDdmZjg5YmVlODc3OGE5NWZlMDIifQ.a0_Spqjj8AxblFtnv7s3Bf69BkkUIAmfM48qweDAZ9U[\r][\n]"
14:45:53.687 [main] DEBUG org.apache.http.wire --  >> "Accept: */*[\r][\n]"
14:45:53.687 [main] DEBUG org.apache.http.wire --  >> "Host: skfw.net[\r][\n]"
14:45:53.687 [main] DEBUG org.apache.http.wire --  >> "Connection: Keep-Alive[\r][\n]"
14:45:53.687 [main] DEBUG org.apache.http.wire --  >> "User-Agent: Apache-HttpClient/4.5.13 (Java/11.0.15)[\r][\n]"
14:45:53.687 [main] DEBUG org.apache.http.wire --  >> "Accept-Encoding: gzip,deflate[\r][\n]"
14:45:53.687 [main] DEBUG org.apache.http.wire --  >> "[\r][\n]"
14:45:53.687 [main] DEBUG org.apache.http.headers -- >> GET /api/v1/admin/courses?size=10&page=1&sort=desc HTTP/1.1
14:45:53.687 [main] DEBUG org.apache.http.headers -- >> Authorization: Bearer eyJhbGciOiJIUzI1NiIsInR5cCI6IkpXVCJ9.eyJleHAiOjE2ODc2NzkxNTMzMTIsImlhdCI6MTY4NzU5Mjc1MzM4NSwidWlkIjoiMDNlZjVmOWRlMTRhNDdmZjg5YmVlODc3OGE5NWZlMDIifQ.a0_Spqjj8AxblFtnv7s3Bf69BkkUIAmfM48qweDAZ9U
14:45:53.687 [main] DEBUG org.apache.http.headers -- >> Accept: */*
14:45:53.687 [main] DEBUG org.apache.http.headers -- >> Host: skfw.net
14:45:53.687 [main] DEBUG org.apache.http.headers -- >> Connection: Keep-Alive
14:45:53.687 [main] DEBUG org.apache.http.headers -- >> User-Agent: Apache-HttpClient/4.5.13 (Java/11.0.15)
14:45:53.687 [main] DEBUG org.apache.http.headers -- >> Accept-Encoding: gzip,deflate
14:45:53.707 [main] DEBUG org.apache.http.wire --  << "HTTP/1.1 401 Unauthorized[\r][\n]"
14:45:53.707 [main] DEBUG org.apache.http.wire --  << "Server: nginx/1.22.1 (Ubuntu)[\r][\n]"
14:45:53.707 [main] DEBUG org.apache.http.wire --  << "Date: Sat, 24 Jun 2023 07:45:53 GMT[\r][\n]"
14:45:53.707 [main] DEBUG org.apache.http.wire --  << "Content-Type: application/json[\r][\n]"
14:45:53.707 [main] DEBUG org.apache.http.wire --  << "Content-Length: 103[\r][\n]"
14:45:53.707 [main] DEBUG org.apache.http.wire --  << "Connection: keep-alive[\r][\n]"
14:45:53.707 [main] DEBUG org.apache.http.wire --  << "[\r][\n]"
14:45:53.708 [main] DEBUG org.apache.http.impl.conn.DefaultClientConnection -- Receiving response: HTTP/1.1 401 Unauthorized
14:45:53.708 [main] DEBUG org.apache.http.headers -- << HTTP/1.1 401 Unauthorized
14:45:53.708 [main] DEBUG org.apache.http.headers -- << Server: nginx/1.22.1 (Ubuntu)
14:45:53.708 [main] DEBUG org.apache.http.headers -- << Date: Sat, 24 Jun 2023 07:45:53 GMT
14:45:53.708 [main] DEBUG org.apache.http.headers -- << Content-Type: application/json
14:45:53.708 [main] DEBUG org.apache.http.headers -- << Content-Length: 103
14:45:53.708 [main] DEBUG org.apache.http.headers -- << Connection: keep-alive
14:45:53.708 [main] DEBUG org.apache.http.impl.client.DefaultHttpClient -- Connection can be kept alive indefinitely
14:45:53.708 [main] DEBUG org.apache.http.impl.client.DefaultHttpClient -- Authentication required
14:45:53.708 [main] DEBUG org.apache.http.impl.client.DefaultHttpClient -- skfw.net:443 requested authentication
14:45:53.708 [main] DEBUG org.apache.http.impl.client.DefaultHttpClient -- Response contains no authentication challenges
14:45:53.708 [main] DEBUG io.restassured.internal.RestAssuredHttpBuilder -- Parsing response as: application/json
14:45:53.708 [main] DEBUG io.restassured.internal.RestAssuredHttpBuilder -- Parsed data to instance of: class org.apache.http.conn.EofSensorInputStream
14:45:53.709 [main] DEBUG org.apache.http.wire --  << "{"id":1904928245,"logs":[],"status":"Unauthorized","message":"Access Denied","error":false,"data":null}"
14:45:53.709 [main] DEBUG org.apache.http.impl.conn.BasicClientConnectionManager -- Releasing connection org.apache.http.impl.conn.ManagedClientConnectionImpl@9c5d76b
14:45:53.709 [main] DEBUG org.apache.http.impl.conn.BasicClientConnectionManager -- Connection can be kept alive indefinitely
14:45:53.710 [main] DEBUG net.thucydides.core.steps.StepInterceptor -- STEP DONE: user send GET HTTP request using normal token
  &amp#27;[32mWhen &amp#27;[0m&amp#27;[32muser send GET HTTP request using normal token&amp#27;[0m                  &amp#27;[90m# starter.stepdefinitions.UserSteps.userSendGETHTTPRequestUsingNormalToken()&amp#27;[0m
14:45:53.712 [main] DEBUG net.thucydides.core.steps.StepInterceptor -- STARTING STEP: UserSteps.userSeeStatusCode401 - user see status code 401
14:45:53.713 [main] DEBUG net.thucydides.core.steps.StepInterceptor -- STEP DONE: user see status code 401
  &amp#27;[32mThen &amp#27;[0m&amp#27;[32muser see status code 401&amp#27;[0m                                       &amp#27;[90m# starter.stepdefinitions.UserSteps.userSeeStatusCode401()&amp#27;[0m
14:45:53.714 [main] INFO  -- 
  _____   ___   ___   _____     ___     _     ___   ___   ___   ___  
 |_   _| | __| / __| |_   _|   | _ \   /_\   / __| / __| | __| |   \ 
   | |   | _|  \__ \   | |     |  _/  / _ \  \__ \ \__ \ | _|  | |) |
   |_|   |___| |___/   |_|     |_|   /_/ \_\ |___/ |___/ |___| |___/ 

GET - As a admin I want to see all course using normal user
----------------------------------------------------------------------
]]></system-out>
  </testcase>
  <testcase name="GET - As a admin I want to see specific course" classname="As admin I want to see all course" time="0.256">
    <system-out><![CDATA[
@ManageCourse
Scenario: GET - As a admin I want to see specific course                             &amp#27;[90m# src/test/resources/features/managecourse.feature:17&amp#27;[0m
14:45:53.718 [main] DEBUG io.cucumber.core.plugin.SerenityReporter -- Running feature from file:///D:/GITHUB/qe-automation/capstone-api/src/test/resources/features/managecourse.feature
14:45:53.719 [main] INFO  -- 
  _____   ___   ___   _____     ___   _____     _     ___   _____   ___   ___  
 |_   _| | __| / __| |_   _|   / __| |_   _|   /_\   | _ \ |_   _| | __| |   \ 
   | |   | _|  \__ \   | |     \__ \   | |    / _ \  |   /   | |   | _|  | |) |
   |_|   |___| |___/   |_|     |___/   |_|   /_/ \_\ |_|_\   |_|   |___| |___/ 

GET - As a admin I want to see specific course(as-admin-i-want-to-see-all-course;get---as-a-admin-i-want-to-see-specific-course)
--------------------------------------------------------------------------------
14:45:53.727 [main] DEBUG net.thucydides.core.steps.StepInterceptor -- STARTING STEP: UserSteps.userSetEndpointForGetSpecificCourse - user set endpoint for get specific course {0}
14:45:53.727 [main] DEBUG net.thucydides.core.steps.StepInterceptor -- STEP DONE: user set endpoint for get specific course {0}
  &amp#27;[32mGiven &amp#27;[0m&amp#27;[32muser set endpoint for get specific course &amp#27;[0m&amp#27;[32m&amp#27;[1m"11349b5009444dd585fcdc4ee9fa5ca0"&amp#27;[0m &amp#27;[90m# starter.stepdefinitions.UserSteps.userSetEndpointForGetSpecificCourse(java.lang.String)&amp#27;[0m
14:45:53.729 [main] DEBUG net.thucydides.core.steps.StepInterceptor -- STARTING STEP: UserSteps.loginAsAdminToGetToken - login as admin to get token
14:45:53.735 [main] DEBUG org.apache.http.impl.conn.BasicClientConnectionManager -- Get connection for route {s}->https://skfw.net:443
14:45:53.735 [main] DEBUG org.apache.http.impl.conn.DefaultClientConnectionOperator -- Connecting to skfw.net:443
14:45:53.773 [main] DEBUG org.apache.http.client.protocol.RequestAddCookies -- CookieSpec selected: ignoreCookies
14:45:53.773 [main] DEBUG org.apache.http.client.protocol.RequestAuthCache -- Auth cache not set in the context
14:45:53.773 [main] DEBUG org.apache.http.client.protocol.RequestTargetAuthentication -- Target auth state: UNCHALLENGED
14:45:53.773 [main] DEBUG org.apache.http.client.protocol.RequestProxyAuthentication -- Proxy auth state: UNCHALLENGED
14:45:53.773 [main] DEBUG org.apache.http.impl.client.DefaultHttpClient -- Attempt 1 to execute request
14:45:53.773 [main] DEBUG org.apache.http.impl.conn.DefaultClientConnection -- Sending request: POST /api/v1/users/login HTTP/1.1
14:45:53.773 [main] DEBUG org.apache.http.wire --  >> "POST /api/v1/users/login HTTP/1.1[\r][\n]"
14:45:53.773 [main] DEBUG org.apache.http.wire --  >> "Accept: */*[\r][\n]"
14:45:53.773 [main] DEBUG org.apache.http.wire --  >> "Content-Type: application/json[\r][\n]"
14:45:53.773 [main] DEBUG org.apache.http.wire --  >> "Content-Length: 64[\r][\n]"
14:45:53.773 [main] DEBUG org.apache.http.wire --  >> "Host: skfw.net[\r][\n]"
14:45:53.773 [main] DEBUG org.apache.http.wire --  >> "Connection: Keep-Alive[\r][\n]"
14:45:53.773 [main] DEBUG org.apache.http.wire --  >> "User-Agent: Apache-HttpClient/4.5.13 (Java/11.0.15)[\r][\n]"
14:45:53.773 [main] DEBUG org.apache.http.wire --  >> "Accept-Encoding: gzip,deflate[\r][\n]"
14:45:53.773 [main] DEBUG org.apache.http.wire --  >> "[\r][\n]"
14:45:53.773 [main] DEBUG org.apache.http.headers -- >> POST /api/v1/users/login HTTP/1.1
14:45:53.773 [main] DEBUG org.apache.http.headers -- >> Accept: */*
14:45:53.773 [main] DEBUG org.apache.http.headers -- >> Content-Type: application/json
14:45:53.773 [main] DEBUG org.apache.http.headers -- >> Content-Length: 64
14:45:53.773 [main] DEBUG org.apache.http.headers -- >> Host: skfw.net
14:45:53.773 [main] DEBUG org.apache.http.headers -- >> Connection: Keep-Alive
14:45:53.773 [main] DEBUG org.apache.http.headers -- >> User-Agent: Apache-HttpClient/4.5.13 (Java/11.0.15)
14:45:53.773 [main] DEBUG org.apache.http.headers -- >> Accept-Encoding: gzip,deflate
14:45:53.773 [main] DEBUG org.apache.http.wire --  >> "{"password":"Admin@1234","email":"admin@mail.co","username":"*"}"
14:45:53.863 [main] DEBUG org.apache.http.wire --  << "HTTP/1.1 201 Created[\r][\n]"
14:45:53.863 [main] DEBUG org.apache.http.wire --  << "Server: nginx/1.22.1 (Ubuntu)[\r][\n]"
14:45:53.863 [main] DEBUG org.apache.http.wire --  << "Date: Sat, 24 Jun 2023 07:45:53 GMT[\r][\n]"
14:45:53.863 [main] DEBUG org.apache.http.wire --  << "Content-Type: application/json[\r][\n]"
14:45:53.863 [main] DEBUG org.apache.http.wire --  << "Content-Length: 300[\r][\n]"
14:45:53.863 [main] DEBUG org.apache.http.wire --  << "Connection: keep-alive[\r][\n]"
14:45:53.863 [main] DEBUG org.apache.http.wire --  << "Strict-Transport-Security: max-age=31536000; includeSubdomains[\r][\n]"
14:45:53.863 [main] DEBUG org.apache.http.wire --  << "[\r][\n]"
14:45:53.863 [main] DEBUG org.apache.http.impl.conn.DefaultClientConnection -- Receiving response: HTTP/1.1 201 Created
14:45:53.863 [main] DEBUG org.apache.http.headers -- << HTTP/1.1 201 Created
14:45:53.863 [main] DEBUG org.apache.http.headers -- << Server: nginx/1.22.1 (Ubuntu)
14:45:53.863 [main] DEBUG org.apache.http.headers -- << Date: Sat, 24 Jun 2023 07:45:53 GMT
14:45:53.863 [main] DEBUG org.apache.http.headers -- << Content-Type: application/json
14:45:53.863 [main] DEBUG org.apache.http.headers -- << Content-Length: 300
14:45:53.863 [main] DEBUG org.apache.http.headers -- << Connection: keep-alive
14:45:53.863 [main] DEBUG org.apache.http.headers -- << Strict-Transport-Security: max-age=31536000; includeSubdomains
14:45:53.863 [main] DEBUG org.apache.http.impl.client.DefaultHttpClient -- Connection can be kept alive indefinitely
14:45:53.863 [main] DEBUG io.restassured.internal.RestAssuredHttpBuilder -- Parsing response as: application/json
14:45:53.863 [main] DEBUG io.restassured.internal.RestAssuredHttpBuilder -- Parsed data to instance of: class org.apache.http.conn.EofSensorInputStream
14:45:53.867 [main] DEBUG org.apache.http.wire --  << "{"id":1554236733,"logs":[],"status":"Unknown","message":"login successful","error":false,"data":{"token":"eyJhbGciOiJIUzI1NiIsInR5cCI6IkpXVCJ9.eyJleHAiOjE2ODc2NzkxNTM1NDYsImlhdCI6MTY4NzU5Mjc1MzYxNywidWlkIjoiODY5NDc2YWY0Zjk4NDcyZGI3Zjk3YTljZmU1ZGE0NmYifQ.gYs5wL79WeaPt8-NKAjJKzceRPxrwYLaqt7IrnFpnhU"}}"
14:45:53.868 [main] DEBUG org.apache.http.impl.conn.BasicClientConnectionManager -- Releasing connection org.apache.http.impl.conn.ManagedClientConnectionImpl@7dbbf730
14:45:53.868 [main] DEBUG org.apache.http.impl.conn.BasicClientConnectionManager -- Connection can be kept alive indefinitely
14:45:53.875 [main] DEBUG net.thucydides.core.steps.StepInterceptor -- STEP DONE: login as admin to get token
  &amp#27;[32mAnd &amp#27;[0m&amp#27;[32mlogin as admin to get token&amp#27;[0m                                                    &amp#27;[90m# starter.stepdefinitions.UserSteps.loginAsAdminToGetToken()&amp#27;[0m
14:45:53.877 [main] DEBUG net.thucydides.core.steps.StepInterceptor -- STARTING STEP: UserSteps.userSendGETHTTPRequest - user send GET HTTP request
14:45:53.877 [main] DEBUG net.thucydides.core.steps.StepInterceptor -- STARTING STEP: ManageCourse.userSendGETHTTPRequest - user set endpoint for get course
14:45:53.877 [main] DEBUG net.thucydides.core.steps.StepInterceptor -- STEP DONE: user set endpoint for get course
14:45:53.882 [main] DEBUG org.apache.http.impl.conn.BasicClientConnectionManager -- Get connection for route {s}->https://skfw.net:443
14:45:53.882 [main] DEBUG org.apache.http.impl.conn.DefaultClientConnectionOperator -- Connecting to skfw.net:443
14:45:53.920 [main] DEBUG org.apache.http.client.protocol.RequestAddCookies -- CookieSpec selected: ignoreCookies
14:45:53.920 [main] DEBUG org.apache.http.client.protocol.RequestAuthCache -- Auth cache not set in the context
14:45:53.920 [main] DEBUG org.apache.http.client.protocol.RequestProxyAuthentication -- Proxy auth state: UNCHALLENGED
14:45:53.920 [main] DEBUG org.apache.http.impl.client.DefaultHttpClient -- Attempt 1 to execute request
14:45:53.920 [main] DEBUG org.apache.http.impl.conn.DefaultClientConnection -- Sending request: GET /api/v1/admin/courses?size=10&page=1&sort=desc HTTP/1.1
14:45:53.920 [main] DEBUG org.apache.http.wire --  >> "GET /api/v1/admin/courses?size=10&page=1&sort=desc HTTP/1.1[\r][\n]"
14:45:53.920 [main] DEBUG org.apache.http.wire --  >> "Authorization: Bearer eyJhbGciOiJIUzI1NiIsInR5cCI6IkpXVCJ9.eyJleHAiOjE2ODc2NzkxNTM1NDYsImlhdCI6MTY4NzU5Mjc1MzYxNywidWlkIjoiODY5NDc2YWY0Zjk4NDcyZGI3Zjk3YTljZmU1ZGE0NmYifQ.gYs5wL79WeaPt8-NKAjJKzceRPxrwYLaqt7IrnFpnhU[\r][\n]"
14:45:53.920 [main] DEBUG org.apache.http.wire --  >> "Accept: */*[\r][\n]"
14:45:53.920 [main] DEBUG org.apache.http.wire --  >> "Host: skfw.net[\r][\n]"
14:45:53.920 [main] DEBUG org.apache.http.wire --  >> "Connection: Keep-Alive[\r][\n]"
14:45:53.920 [main] DEBUG org.apache.http.wire --  >> "User-Agent: Apache-HttpClient/4.5.13 (Java/11.0.15)[\r][\n]"
14:45:53.920 [main] DEBUG org.apache.http.wire --  >> "Accept-Encoding: gzip,deflate[\r][\n]"
14:45:53.920 [main] DEBUG org.apache.http.wire --  >> "[\r][\n]"
14:45:53.920 [main] DEBUG org.apache.http.headers -- >> GET /api/v1/admin/courses?size=10&page=1&sort=desc HTTP/1.1
14:45:53.920 [main] DEBUG org.apache.http.headers -- >> Authorization: Bearer eyJhbGciOiJIUzI1NiIsInR5cCI6IkpXVCJ9.eyJleHAiOjE2ODc2NzkxNTM1NDYsImlhdCI6MTY4NzU5Mjc1MzYxNywidWlkIjoiODY5NDc2YWY0Zjk4NDcyZGI3Zjk3YTljZmU1ZGE0NmYifQ.gYs5wL79WeaPt8-NKAjJKzceRPxrwYLaqt7IrnFpnhU
14:45:53.920 [main] DEBUG org.apache.http.headers -- >> Accept: */*
14:45:53.920 [main] DEBUG org.apache.http.headers -- >> Host: skfw.net
14:45:53.920 [main] DEBUG org.apache.http.headers -- >> Connection: Keep-Alive
14:45:53.920 [main] DEBUG org.apache.http.headers -- >> User-Agent: Apache-HttpClient/4.5.13 (Java/11.0.15)
14:45:53.920 [main] DEBUG org.apache.http.headers -- >> Accept-Encoding: gzip,deflate
14:45:53.959 [main] DEBUG org.apache.http.wire --  << "HTTP/1.1 200 OK[\r][\n]"
14:45:53.959 [main] DEBUG org.apache.http.wire --  << "Server: nginx/1.22.1 (Ubuntu)[\r][\n]"
14:45:53.959 [main] DEBUG org.apache.http.wire --  << "Date: Sat, 24 Jun 2023 07:45:53 GMT[\r][\n]"
14:45:53.959 [main] DEBUG org.apache.http.wire --  << "Content-Type: application/json[\r][\n]"
14:45:53.959 [main] DEBUG org.apache.http.wire --  << "Content-Length: 20414[\r][\n]"
14:45:53.959 [main] DEBUG org.apache.http.wire --  << "Connection: keep-alive[\r][\n]"
14:45:53.959 [main] DEBUG org.apache.http.wire --  << "Strict-Transport-Security: max-age=31536000; includeSubdomains[\r][\n]"
14:45:53.959 [main] DEBUG org.apache.http.wire --  << "[\r][\n]"
14:45:53.959 [main] DEBUG org.apache.http.impl.conn.DefaultClientConnection -- Receiving response: HTTP/1.1 200 OK
14:45:53.959 [main] DEBUG org.apache.http.headers -- << HTTP/1.1 200 OK
14:45:53.959 [main] DEBUG org.apache.http.headers -- << Server: nginx/1.22.1 (Ubuntu)
14:45:53.959 [main] DEBUG org.apache.http.headers -- << Date: Sat, 24 Jun 2023 07:45:53 GMT
14:45:53.959 [main] DEBUG org.apache.http.headers -- << Content-Type: application/json
14:45:53.959 [main] DEBUG org.apache.http.headers -- << Content-Length: 20414
14:45:53.959 [main] DEBUG org.apache.http.headers -- << Connection: keep-alive
14:45:53.959 [main] DEBUG org.apache.http.headers -- << Strict-Transport-Security: max-age=31536000; includeSubdomains
14:45:53.959 [main] DEBUG org.apache.http.impl.client.DefaultHttpClient -- Connection can be kept alive indefinitely
14:45:53.959 [main] DEBUG io.restassured.internal.RestAssuredHttpBuilder -- Parsing response as: application/json
14:45:53.959 [main] DEBUG io.restassured.internal.RestAssuredHttpBuilder -- Parsed data to instance of: class org.apache.http.conn.EofSensorInputStream
14:45:53.960 [main] DEBUG org.apache.http.wire --  << "{"id":2117695071,"logs":[],"status":"OK","message":"catch full course","error":false,"data":[{"categories":["life","slice","love","grape"],"checkout":[{"id":"48d740070e3045a4a960c5be921cb74e","created_at":"2023-06-22T17:30:08.682367Z","updated_at":"2023-06-23T07:27:50.03525Z","deleted_at":null,"user_id":"699e70b18e024cc6a7129bc55d2d0425","course_id":"11349b5009444dd585fcdc4ee9fa5ca0","payment_method":"Dana","verify":true},{"id":"84cb40ef41fa4ddeb28466837af82df0","created_at":"2023-06-23T18:11:52.279912Z","updated_at":"2023-06-23T18:11:52.660225Z","deleted_at":null,"user_id":"aeb70126ba5e45548f8cfec6acb862b8","course_id":"11349b5009444dd585fcdc4ee9fa5ca0","payment_method":"Gopay","verify":true}],"create_by":{"image":"","name":"adminmin","username":"admin"},"created_at":"2023-06-22T12:11:09.618494Z","description":"purple grape wine","document":"https://skfw.net/api/v1/public/document/104ae5e.course.doc","finished":0,"id":"11349b5009444dd585fcdc4ee9fa5ca0","level":"intermediate","member_count":2,"modules":[{"created_at":"2023-06-24T01:12:41.960627Z","description":"Hello guis dont smoking","document":"","id":"fd32a28c55c240ee9825d2060b01927c","name":"Dont smoking","thumbnail":"","updated_at":"2023-06-24T01:12:41.960627Z","video":""}],"name":"life fourth","price":500,"rating":0,"rating1":0,"rating2":0,"rating3":0,"rating4":0,"rating5":0,"ratingN":0,"thumbnail":"https://skfw.net/api/v1/public/image/c6cca6b.course.thumb.png","update_at":"2023-06-23T18:11:52.661347Z","video":""},{"categories":[],"checkout":[{"id":"11270802fc9d431d929f9b387a521bde","created_at":"2023-06-02T14:38:46.752181Z","updated_at":"2023-06-12T06:41:54.561764Z","deleted_at":null,"user_id":"a7ee88c00ab5428e959d4784cf5567a3","course_id":"496e2aab72fb4a47849c2f7452c62146","payment_method":"paypool","verify":true},{"id":"48a2bd3437dd4d2cbf1d7936c43fe90d","created_at":"2023-06-07T18:00:03.384697Z","updated_at":"2023-06-21T12:29:37.338532Z","deleted_at":null,"user_id":"aeb70126ba5e45548f8cfec6acb862b8","course_id":"496e2aab72fb4a47849c2f7452c62146","payment_method":"nop","verify":true},{"id":"4a7324f2d2a34b0a84b09fc59c56684d","created_at":"2023-06-06T14:51:13.577183Z","updated_at":"2023-06-23T07:27:50.03525Z","deleted_at":null,"user_id":"699e70b18e024cc6a7129bc55d2d0425","course_id":"496e2aab72fb4a47849c2f7452c62146","payment_method":"Dana","verify":true},{"id":"3c3e330a2caa4083ab997f040846ee49","created_at":"2023-06-23T17:24:10.990901Z","updated_at":"2023-06-23T17:24:10.990901Z","deleted_at":null,"user_id":"99b3471f246f43d184f1ab768123a29c","course_id":"496e2aab72fb4a47849c2f7452c62146","payment_method":"","verify":false}],"create_by":{"image":"","name":"adminmin","username":"admin"},"created_at":"2023-06-02T14:11:31.669239Z","description":"Kelas UI design (User Interface design) adalah kelas yang bertujuan untuk mengajarkan kepada peserta bagaimana merancang tampilan antarmuka yang mudah digunakan dan menarik bagi pengguna. UI design merupakan bagian dari disiplin desain yang fokus pada aspek visual dan interaktif dari sebuah produk digital, seperti website, aplikasi, dan perangkat lunak.","document":"","finished":2,"id":"496e2aab72fb4a47849c2f7452c62146","level":"beginer","member_count":2,"modules":[{"created_at":"2023-06-13T08:10:21.209259Z","description":"Desain User Interface (UI) adalah proses yang digunakan desainer untuk membuat tampilan dalam perangkat lunak atau perangkat terkomputerisasi, dengan fokus pada tampilan atau gaya. Tujuan dari desainer UI adalah untuk membuat desain antarmuka yang membuat pengguna mudah untuk digunakan dan menyenangkan.","document":"","id":"891c5aaeaf7648bc9c017630c48a7f01","name":"Proses Desain Antarmuka Pengguna","thumbnail":"https://skfw.net/api/v1/public/image/910f936.module.thumb.png","updated_at":"2023-06-21T12:21:43.233662Z","video":""},{"created_at":"2023-06-13T08:13:49.106708Z","description":"Secara definisi, responsive design merupakan suatu pendekatan pengembangan yang memastikan bahwa desain user interface menyesuaikan dengan preferensi dari pengguna serta perangkat yang mereka gunakan. Hal ini mendorong metodologi serbaguna untuk desain website dengan otomatis menyesuaikan tata letak dan struktur user interface untuk memastikan konsistensi konten di seluruh perangkat sehingga tidak akan menggangu pengalaman pengguna saat mengakses website tersebut. Melalui responsive design ini juga, pengembang serta desainer tidak perlu lali membuat desain website yang terpisah untuk setiap kelompok pengguna, akan tetapia mereka hanya perlu fokus untuk membut desain website yang meyesuaikan secara otomatid tergantung perangkat yang pengguna gunakan. ","document":"","id":"ed76e2a81d1d4923ae51c0818970ba29","name":"Desain Responsif","thumbnail":"","updated_at":"2023-06-13T08:13:49.106708Z","video":""},{"created_at":"2023-06-13T08:16:43.337136Z","description":"UI dan UX keduanya berhubungan dengan tampilan dalam suatu produk baik website, aplikasi maupun platform lainnya. Sebelum mengenal UI dan UX lebih dalam, baiknya kita mengerti konsep HCI. HCI atau Human Computer Interaction adalah interaksi antara pengguna dengan perangkat tertentu (smartphone, laptop, komputer, dsb). Kegiatan seperti menekan keyboard dan menggeser mouse adalah beberapa contoh dari HCI. UI dan UX sangat berkaitan dengan HCI, yaitu bagaimana menghasilkan produk yang meningkatkan interaksi antara USER dan DEVICE secara kuantitas maupun kualitas, melalui menarik pengguna dengan tampilan yang disuguhkan, dan memberikan kepuasan kepada pengguna dengan pengalaman akses produk yang mudah. User Interface (UI) atau disebut juga UI Design adalah bagaimana tampilan visual suatu produk disajikan dengan desain yang menarik dan bisa membuat pengguna betah menggunakan produk. UI Design berfokus pada keindahan atau estetika tampilan yang eye-catching dan dapat menarik pengguna secara emosional.","document":"","id":"1b26949893aa466daf79409b7bd80c82","name":"Animasi dan Interaksi","thumbnail":"","updated_at":"2023-06-13T08:16:43.337136Z","video":""},{"created_at":"2023-06-13T08:09:26.153907Z","description":"Desain Visual adalah hal yang penting pada pembuatan produk karena hal yang biasa dilihat pertama kali oleh pengguna adalah UI Design (tampilan) sebelum masuk ke fungsional. Jika produk tidak memiliki tampilan visual yang menarik, bisa-bisa pengguna akan mendapatkan kesan pertama yang kurang menyenangkan.","document":"","id":"9a5bc00e6f64446c836c38be35129881","name":"Desain Visual","thumbnail":"","updated_at":"2023-06-19T14:18:49.135465Z","video":""},{"created_at":"2023-06-13T08:02:29.575745Z","description":"Desain antarmuka pengguna (UI design) adalah bagian penting dari pengembangan produk digital yang efektif. UI design melibatkan merancang antarmuka pengguna yang mudah digunakan dan menarik, serta memperhatikan aspek-aspek seperti navigasi, tata letak, interaksi, dan estetika visual. Kursus ini akan memberikan pengantar tentang UI design dan membahas prinsip-prinsip desain antarmuka pengguna yang baik.","document":"","id":"60542ed9fc4540b0aeb32e6a9279e86d","name":"Pengenalan Desain Antarmuka Pengguna","thumbnail":"","updated_at":"2023-06-19T14:08:45.38637Z","video":""}],"name":"UI Design","price":300000,"rating":0,"rating1":0,"rating2":0,"rating3":0,"rating4":0,"rating5":0,"ratingN":0,"thumbnail":"https://skfw.net/api/v1/public/image/c14c6a8.course.thumb.png","update_at":"2023-06-13T09:11:30.630689Z","video":""},{"categories":[],"checkout":[{"id":"8d0a78c10ee04f7a8984bbe3fa181d0d","created_at":"2023-06-02T14:41:31.042286Z","updated_at":"2023-06-02T15:01:10.554434Z","deleted_at":null,"user_id":"a6f0f3ffa7e74b1ba3db051c9974363e","course_id":"98faa25ee34a41519247ebbc2e556c58","payment_method":"","verify":true},{"id":"cd4ae6a0fcde45d2a654a12490ecacb8","created_at":"2023-06-06T07:55:50.710061Z","updated_at":"2023-06-12T06:41:54.561764Z","deleted_at":null,"user_id":"a7ee88c00ab5428e959d4784cf5567a3","course_id":"98faa25ee34a41519247ebbc2e556c58","payment_method":"pa"
14:45:53.960 [main] DEBUG org.apache.http.wire --  << "ypool","verify":true},{"id":"2e29394487d44602b2329b3bf853b533","created_at":"2023-06-07T17:59:36.367217Z","updated_at":"2023-06-21T12:29:37.338532Z","deleted_at":null,"user_id":"aeb70126ba5e45548f8cfec6acb862b8","course_id":"98faa25ee34a41519247ebbc2e556c58","payment_method":"nop","verify":true},{"id":"2e90f5a4be514ba8b29369e32587a761","created_at":"2023-06-22T18:42:18.668378Z","updated_at":"2023-06-22T18:42:44.203168Z","deleted_at":null,"user_id":"1dc692d3b8ed4fc7995b38c71dbd82b7","course_id":"98faa25ee34a41519247ebbc2e556c58","payment_method":"Gopay","verify":true},{"id":"8ceaa8fdd6d94092945e46a19cd5a7e0","created_at":"2023-06-06T14:54:18.028766Z","updated_at":"2023-06-23T07:27:50.03525Z","deleted_at":null,"user_id":"699e70b18e024cc6a7129bc55d2d0425","course_id":"98faa25ee34a41519247ebbc2e556c58","payment_method":"Dana","verify":true}],"create_by":{"image":"","name":"adminmin","username":"admin"},"created_at":"2023-06-02T12:54:49.834686Z","description":"Quality Assurance (QA) refers to the systematic processes, activities, and measures undertaken to ensure that a product or service meets or exceeds the specified requirements and expectations. It is a critical component of the overall quality management system within an organization.","document":"","finished":0,"id":"98faa25ee34a41519247ebbc2e556c58","level":"Intermediate","member_count":4,"modules":[{"created_at":"2023-06-02T13:04:47.033865Z","description":"Opening defects in a test management tool refers to the process of logging and documenting identified issues or defects during the testing phase of a software project. Test management tools provide a centralized platform where testers can record and track defects encountered during testing, making it easier to manage and resolve them efficiently.","document":"","id":"4ee35416f8574fbf9f7b1ff4988cecee","name":"Opening Defects in Test Management Tool","thumbnail":"","updated_at":"2023-06-02T13:04:47.033865Z","video":""},{"created_at":"2023-06-02T13:06:00.817059Z","description":"Creating test cases is an integral part of the software testing process. Test cases are detailed and structured sets of inputs, conditions, and expected outcomes that are designed to verify the functionality, behavior, and performance of a software application.","document":"","id":"a5ed3c38b23945c8ad72c8e345f10f79","name":"Creating Test Cases","thumbnail":"","updated_at":"2023-06-11T04:21:45.858711Z","video":"https://www.youtube.com/watch?v=g0PrXoWKM2Y"},{"created_at":"2023-06-02T13:05:17.082276Z","description":"Software testing is the process of evaluating a software application or system to assess its quality, functionality, and performance. It involves conducting various activities to identify defects, errors, or inconsistencies in the software and ensuring that it meets the specified requirements and expectations.","document":"","id":"ee81fe9badd441b882fad091853619ed","name":"Software Testing","thumbnail":"","updated_at":"2023-06-11T04:23:40.212107Z","video":"https://www.youtube.com/watch?v=_3OhZrad8RM"},{"created_at":"2023-06-02T13:03:52.698969Z","description":"Web application testing refers to the process of assessing and evaluating the functionality, usability, security, and performance of a web application. It involves testing the various components and features of a web application to ensure that it works as intended and meets the specified requirements.","document":"","id":"dd29a3aea12d45eb9ab5da5ac078d02e","name":"Web Application Testing","thumbnail":"","updated_at":"2023-06-11T04:28:15.917008Z","video":"https://www.youtube.com/watch?v=-5QcjRUIDGM"},{"created_at":"2023-06-23T01:27:45.570377Z","description":"asd","document":"","id":"773bbd1ab5724f1799070b2160223e6a","name":"APA AJA","thumbnail":"","updated_at":"2023-06-23T01:27:59.067293Z","video":""},{"created_at":"2023-06-23T02:18:46.043256Z","description":"try","document":"","id":"ec7c19af3ec243bb8be8458ed4541da3","name":"TryOut-3","thumbnail":"","updated_at":"2023-06-23T02:18:46.043256Z","video":""},{"created_at":"2023-06-23T02:19:05.76781Z","description":"tert","document":"","id":"2c47aaa08d944b48bea9f3f3b54ba5fb","name":"TryOut-4","thumbnail":"","updated_at":"2023-06-23T02:19:05.76781Z","video":""},{"created_at":"2023-06-23T02:19:46.143324Z","description":"try out limx","document":"","id":"a4eaeef076c44528b3987b01e3a5ae23","name":"TryOut-5","thumbnail":"","updated_at":"2023-06-23T02:19:46.143324Z","video":""}],"name":"Quality Assurance","price":200000,"rating":0,"rating1":0,"rating2":0,"rating3":0,"rating4":0,"rating5":0,"ratingN":0,"thumbnail":"https://skfw.net/api/v1/public/image/62b5c3a.course.thumb.png","update_at":"2023-06-22T18:42:21.469856Z","video":""},{"categories":["life","short"],"checkout":[{"id":"18ae7701cbff4e5f8d75b7fa53ac437e","created_at":"2023-06-21T15:26:19.742517Z","updated_at":"2023-06-23T07:27:50.03525Z","deleted_at":null,"user_id":"699e70b18e024cc6a7129bc55d2d0425","course_id":"9a215293cf144266873351b0264f6277","payment_method":"Dana","verify":true},{"id":"a739612532a745edaf8af662291e86b1","created_at":"2023-06-12T06:41:28.229549Z","updated_at":"2023-06-12T06:41:54.561764Z","deleted_at":null,"user_id":"a7ee88c00ab5428e959d4784cf5567a3","course_id":"9a215293cf144266873351b0264f6277","payment_method":"paypool","verify":true},{"id":"e0c3595591744f73a81df29f700f299d","created_at":"2023-06-12T07:51:32.912716Z","updated_at":"2023-06-21T12:29:37.338532Z","deleted_at":null,"user_id":"aeb70126ba5e45548f8cfec6acb862b8","course_id":"9a215293cf144266873351b0264f6277","payment_method":"nop","verify":true},{"id":"cbc20da1d17440d38225751f19a9fe48","created_at":"2023-06-23T17:48:09.103232Z","updated_at":"2023-06-23T17:48:17.290586Z","deleted_at":null,"user_id":"f06ff5ba27e84625aa629561e03e5d0c","course_id":"9a215293cf144266873351b0264f6277","payment_method":"Dana","verify":true}],"create_by":{"image":"","name":"adminmin","username":"admin"},"created_at":"2023-06-12T06:38:06.08077Z","description":"update course 1","document":"","finished":4,"id":"9a215293cf144266873351b0264f6277","level":"intermediate","member_count":4,"modules":[{"created_at":"2023-06-20T05:42:58.152762Z","description":"123","document":"","id":"ecf5fa80a9b249a2b2a05a682003ec8c","name":"test tes 123","thumbnail":"https://skfw.net/api/v1/public/image/ee884b9.module.thumb.jpg","updated_at":"2023-06-21T12:17:25.423402Z","video":"https://firebasestorage.googleapis.com/v0/b/uploadfile-react.appspot.com/o/videos%2Fundefined?alt=media\u0026token=8bba3edb-fb7b-4e0c-afa0-759b51c67899"},{"created_at":"2023-06-19T06:15:35.591405Z","description":"3333","document":"","id":"722c900477874832a03a04ffe11d5c0e","name":"rehan","thumbnail":"","updated_at":"2023-06-19T06:15:35.591405Z","video":"https://firebasestorage.googleapis.com/v0/b/uploadfile-react.appspot.com/o/videos%2FAnimasi%20-%207529.mp4?alt=media\u0026token=9611e98f-a503-4944-9fa1-719212473d83"},{"created_at":"2023-06-22T02:33:08.664123Z","description":"Test Description","document":"","id":"d484f1e8454644f0b4c0c176d0341c73","name":"Rehan Maulana","thumbnail":"","updated_at":"2023-06-22T02:33:08.664123Z","video":"https://firebasestorage.googleapis.com/v0/b/uploadfile-react.appspot.com/o/videos%2Fundefined?alt=media\u0026token=e25b9d78-d292-49b6-9602-52fbf0dfeeef"},{"created_at":"2023-06-22T07:43:19.067839Z","description":"adiiii","document":"","id":"2984f66743a84fd6844ad3b7e5bf41c2","name":"adi ","thumbnail":"","updated_at":"2023-06-22T07:43:19.067839Z","video":""},{"created_at":"2023-06-22T09:29:15.586642Z","description":"123","document":"","id":"02502675f3184d7884641c15406cdca7","name":"test ajaaaa","thumbnail":"","updated_at":"2023-06-22T09:29:15.586642Z","video":""},{"created_at":"2023-06-23T06:11:00.192804Z","description":"Jangan mati sebelum namatin wanpis","document":"","id":"7ff961e3439b4fbcb693ba68f499c03a","name":"Life Lesson","thumbnail":"","updated_at":"2023-06-23T06:11:00.192804Z","video":""}],"name":"Life is Shorts","price":1500000,"rating":5,"rating1":0,"rating2":0,"rating3":0,"rating4":0,"rating5":1,"ratingN":1,"thumbnail":"","update_at":"2023-06-23T17:48:17.292018Z","video":""},{"categories":[],"checkout":[{"id":"cd793898351842c78479394ba22ae59b","created_at":"2023"
14:45:53.960 [main] DEBUG org.apache.http.wire --  << "-06-23T18:12:11.10193Z","updated_at":"2023-06-23T18:12:13.837352Z","deleted_at":null,"user_id":"aeb70126ba5e45548f8cfec6acb862b8","course_id":"943926f30702493d9d06fdb9afdb57c6","payment_method":"Gopay","verify":true},{"id":"6ab94aab5fcc44fbb5475b1356bcc16f","created_at":"2023-06-24T04:15:45.1672Z","updated_at":"2023-06-24T04:17:12.282285Z","deleted_at":null,"user_id":"f06ff5ba27e84625aa629561e03e5d0c","course_id":"943926f30702493d9d06fdb9afdb57c6","payment_method":"LinkAja","verify":true},{"id":"be373a3cbac9415ba95b7bcb1f2a28ac","created_at":"2023-06-22T18:42:42.116731Z","updated_at":"2023-06-22T18:42:44.203168Z","deleted_at":null,"user_id":"1dc692d3b8ed4fc7995b38c71dbd82b7","course_id":"943926f30702493d9d06fdb9afdb57c6","payment_method":"Gopay","verify":true},{"id":"d646da2b7a1543a0bda32de4bb9e19b1","created_at":"2023-06-22T17:27:25.785497Z","updated_at":"2023-06-23T07:27:50.03525Z","deleted_at":null,"user_id":"699e70b18e024cc6a7129bc55d2d0425","course_id":"943926f30702493d9d06fdb9afdb57c6","payment_method":"Dana","verify":true}],"create_by":{"image":"","name":"adminmin","username":"admin"},"created_at":"2023-06-13T03:10:59.344379Z","description":"Go Language","document":"","finished":0,"id":"943926f30702493d9d06fdb9afdb57c6","level":"intermediate","member_count":6,"modules":[{"created_at":"2023-06-20T07:57:42.447918Z","description":"intro aje dulu napa","document":"","id":"5bf06b30d3dd4ac6a7968c90e86b41f9","name":"Intro","thumbnail":"","updated_at":"2023-06-20T07:57:42.447918Z","video":"https://firebasestorage.googleapis.com/v0/b/uploadfile-react.appspot.com/o/videos%2Fundefined?alt=media\u0026token=de78b0b0-19da-428a-afd8-a7f390550ff5"},{"created_at":"2023-06-22T07:28:27.648277Z","description":"sasa","document":"","id":"b43f17bc8c7b402bbcdad83823118a82","name":"sasa","thumbnail":"","updated_at":"2023-06-22T07:28:27.648277Z","video":"https://firebasestorage.googleapis.com/v0/b/uploadfile-react.appspot.com/o/videos%2Fundefined?alt=media\u0026token=f9bfa734-1d40-45cd-b9bc-60225310a48c"},{"created_at":"2023-06-22T11:28:18.346331Z","description":"123","document":"","id":"6cf5b0be08704d179695f93ec2466183","name":"tes aja","thumbnail":"","updated_at":"2023-06-22T11:28:18.346331Z","video":""},{"created_at":"2023-06-22T11:30:14.677005Z","description":"coba aja ","document":"","id":"ab8e64f124b54240b45c0914427ef262","name":"cobaa","thumbnail":"","updated_at":"2023-06-22T11:30:14.677005Z","video":"https://firebasestorage.googleapis.com/v0/b/uploadfile-react.appspot.com/o/videos%2Fmylivewallpapers.com-Jujutsu-Kaisen.mp4?alt=media\u0026token=e96a224b-aeee-4986-a731-d70563fc46fa"},{"created_at":"2023-06-23T06:09:45.020968Z","description":"semangat","document":"","id":"b67c194dd53146909b3220a9bace0cdc","name":"Gudlak","thumbnail":"","updated_at":"2023-06-23T06:09:45.020968Z","video":""},{"created_at":"2023-06-15T11:56:58.176383Z","description":"testi besti","document":"","id":"aca823ed77374f84a2461dda6f8f2f1c","name":"test quizzz","thumbnail":"","updated_at":"2023-06-23T06:09:59.889406Z","video":""}],"name":"Backend With Golang","price":30000,"rating":0,"rating1":0,"rating2":0,"rating3":0,"rating4":0,"rating5":0,"ratingN":0,"thumbnail":"https://skfw.net/api/v1/public/image/e230343.course.thumb.jpg","update_at":"2023-06-24T04:17:12.283941Z","video":""},{"categories":["Software"],"checkout":[{"id":"04cfe1ca044a4920880ed7360baef407","created_at":"2023-06-23T17:46:43.356823Z","updated_at":"2023-06-23T17:46:44.177355Z","deleted_at":null,"user_id":"f06ff5ba27e84625aa629561e03e5d0c","course_id":"f2794d678a564a46af0c333dc94eab26","payment_method":"Gopay","verify":true}],"create_by":{"image":"","name":"adminmin","username":"admin"},"created_at":"2023-06-23T07:57:09.649079Z","description":"ini test 1","document":"","finished":0,"id":"f2794d678a564a46af0c333dc94eab26","level":"Beginner","member_count":1,"modules":[{"created_at":"2023-06-24T05:00:08.347938Z","description":"asd","document":"","id":"089829c0847748ff83308ecf8ed3ddf0","name":"asd","thumbnail":"","updated_at":"2023-06-24T05:00:08.347938Z","video":""}],"name":"Automation Test 1","price":3500000,"rating":0,"rating1":0,"rating2":0,"rating3":0,"rating4":0,"rating5":0,"ratingN":0,"thumbnail":"","update_at":"2023-06-23T17:46:44.17866Z","video":""}]}"
14:45:53.961 [main] DEBUG org.apache.http.impl.conn.BasicClientConnectionManager -- Releasing connection org.apache.http.impl.conn.ManagedClientConnectionImpl@76219fe
14:45:53.961 [main] DEBUG org.apache.http.impl.conn.BasicClientConnectionManager -- Connection can be kept alive indefinitely
14:45:53.966 [main] DEBUG net.thucydides.core.steps.StepInterceptor -- STEP DONE: user send GET HTTP request
  &amp#27;[32mWhen &amp#27;[0m&amp#27;[32muser send GET HTTP request&amp#27;[0m                                                    &amp#27;[90m# starter.stepdefinitions.UserSteps.userSendGETHTTPRequest()&amp#27;[0m
14:45:53.968 [main] DEBUG net.thucydides.core.steps.StepInterceptor -- STARTING STEP: UserSteps.userSeeStatusCode200 - user see status code 200
14:45:53.968 [main] DEBUG net.thucydides.core.steps.StepInterceptor -- STEP DONE: user see status code 200
  &amp#27;[32mThen &amp#27;[0m&amp#27;[32muser see status code 200&amp#27;[0m                                                      &amp#27;[90m# starter.stepdefinitions.UserSteps.userSeeStatusCode200()&amp#27;[0m
14:45:53.969 [main] INFO  -- 
  _____   ___   ___   _____     ___     _     ___   ___   ___   ___  
 |_   _| | __| / __| |_   _|   | _ \   /_\   / __| / __| | __| |   \ 
   | |   | _|  \__ \   | |     |  _/  / _ \  \__ \ \__ \ | _|  | |) |
   |_|   |___| |___/   |_|     |_|   /_/ \_\ |___/ |___/ |___| |___/ 

GET - As a admin I want to see specific course
----------------------------------------------------------------------
]]></system-out>
  </testcase>
  <testcase name="GET - As a admin I want to successful get who courses enrolled" classname="As admin I want to see all course" time="0.266">
    <system-out><![CDATA[
@ManageCourse
Scenario: GET - As a admin I want to successful get who courses enrolled &amp#27;[90m# src/test/resources/features/managecourse.feature:24&amp#27;[0m
14:45:53.973 [main] DEBUG io.cucumber.core.plugin.SerenityReporter -- Running feature from file:///D:/GITHUB/qe-automation/capstone-api/src/test/resources/features/managecourse.feature
14:45:53.974 [main] INFO  -- 
  _____   ___   ___   _____     ___   _____     _     ___   _____   ___   ___  
 |_   _| | __| / __| |_   _|   / __| |_   _|   /_\   | _ \ |_   _| | __| |   \ 
   | |   | _|  \__ \   | |     \__ \   | |    / _ \  |   /   | |   | _|  | |) |
   |_|   |___| |___/   |_|     |___/   |_|   /_/ \_\ |_|_\   |_|   |___| |___/ 

GET - As a admin I want to successful get who courses enrolled(as-admin-i-want-to-see-all-course;get---as-a-admin-i-want-to-successful-get-who-courses-enrolled)
--------------------------------------------------------------------------------
14:45:53.981 [main] DEBUG net.thucydides.core.steps.StepInterceptor -- STARTING STEP: UserSteps.userSuccessGetWhoCourseEnrolled - user successful get who courses enrolled
14:45:53.981 [main] DEBUG net.thucydides.core.steps.StepInterceptor -- STEP DONE: user successful get who courses enrolled
  &amp#27;[32mGiven &amp#27;[0m&amp#27;[32muser successful get who courses enrolled&amp#27;[0m                         &amp#27;[90m# starter.stepdefinitions.UserSteps.userSuccessGetWhoCourseEnrolled()&amp#27;[0m
14:45:53.983 [main] DEBUG net.thucydides.core.steps.StepInterceptor -- STARTING STEP: UserSteps.loginAsAdminToGetToken - login as admin to get token
14:45:53.990 [main] DEBUG org.apache.http.impl.conn.BasicClientConnectionManager -- Get connection for route {s}->https://skfw.net:443
14:45:53.990 [main] DEBUG org.apache.http.impl.conn.DefaultClientConnectionOperator -- Connecting to skfw.net:443
14:45:54.028 [main] DEBUG org.apache.http.client.protocol.RequestAddCookies -- CookieSpec selected: ignoreCookies
14:45:54.028 [main] DEBUG org.apache.http.client.protocol.RequestAuthCache -- Auth cache not set in the context
14:45:54.029 [main] DEBUG org.apache.http.client.protocol.RequestTargetAuthentication -- Target auth state: UNCHALLENGED
14:45:54.029 [main] DEBUG org.apache.http.client.protocol.RequestProxyAuthentication -- Proxy auth state: UNCHALLENGED
14:45:54.029 [main] DEBUG org.apache.http.impl.client.DefaultHttpClient -- Attempt 1 to execute request
14:45:54.029 [main] DEBUG org.apache.http.impl.conn.DefaultClientConnection -- Sending request: POST /api/v1/users/login HTTP/1.1
14:45:54.029 [main] DEBUG org.apache.http.wire --  >> "POST /api/v1/users/login HTTP/1.1[\r][\n]"
14:45:54.029 [main] DEBUG org.apache.http.wire --  >> "Accept: */*[\r][\n]"
14:45:54.029 [main] DEBUG org.apache.http.wire --  >> "Content-Type: application/json[\r][\n]"
14:45:54.029 [main] DEBUG org.apache.http.wire --  >> "Content-Length: 64[\r][\n]"
14:45:54.029 [main] DEBUG org.apache.http.wire --  >> "Host: skfw.net[\r][\n]"
14:45:54.029 [main] DEBUG org.apache.http.wire --  >> "Connection: Keep-Alive[\r][\n]"
14:45:54.029 [main] DEBUG org.apache.http.wire --  >> "User-Agent: Apache-HttpClient/4.5.13 (Java/11.0.15)[\r][\n]"
14:45:54.029 [main] DEBUG org.apache.http.wire --  >> "Accept-Encoding: gzip,deflate[\r][\n]"
14:45:54.029 [main] DEBUG org.apache.http.wire --  >> "[\r][\n]"
14:45:54.029 [main] DEBUG org.apache.http.headers -- >> POST /api/v1/users/login HTTP/1.1
14:45:54.029 [main] DEBUG org.apache.http.headers -- >> Accept: */*
14:45:54.029 [main] DEBUG org.apache.http.headers -- >> Content-Type: application/json
14:45:54.029 [main] DEBUG org.apache.http.headers -- >> Content-Length: 64
14:45:54.029 [main] DEBUG org.apache.http.headers -- >> Host: skfw.net
14:45:54.029 [main] DEBUG org.apache.http.headers -- >> Connection: Keep-Alive
14:45:54.029 [main] DEBUG org.apache.http.headers -- >> User-Agent: Apache-HttpClient/4.5.13 (Java/11.0.15)
14:45:54.029 [main] DEBUG org.apache.http.headers -- >> Accept-Encoding: gzip,deflate
14:45:54.029 [main] DEBUG org.apache.http.wire --  >> "{"password":"Admin@1234","email":"admin@mail.co","username":"*"}"
14:45:54.120 [main] DEBUG org.apache.http.wire --  << "HTTP/1.1 201 Created[\r][\n]"
14:45:54.120 [main] DEBUG org.apache.http.wire --  << "Server: nginx/1.22.1 (Ubuntu)[\r][\n]"
14:45:54.120 [main] DEBUG org.apache.http.wire --  << "Date: Sat, 24 Jun 2023 07:45:53 GMT[\r][\n]"
14:45:54.120 [main] DEBUG org.apache.http.wire --  << "Content-Type: application/json[\r][\n]"
14:45:54.120 [main] DEBUG org.apache.http.wire --  << "Content-Length: 300[\r][\n]"
14:45:54.120 [main] DEBUG org.apache.http.wire --  << "Connection: keep-alive[\r][\n]"
14:45:54.120 [main] DEBUG org.apache.http.wire --  << "Strict-Transport-Security: max-age=31536000; includeSubdomains[\r][\n]"
14:45:54.120 [main] DEBUG org.apache.http.wire --  << "[\r][\n]"
14:45:54.120 [main] DEBUG org.apache.http.impl.conn.DefaultClientConnection -- Receiving response: HTTP/1.1 201 Created
14:45:54.120 [main] DEBUG org.apache.http.headers -- << HTTP/1.1 201 Created
14:45:54.120 [main] DEBUG org.apache.http.headers -- << Server: nginx/1.22.1 (Ubuntu)
14:45:54.120 [main] DEBUG org.apache.http.headers -- << Date: Sat, 24 Jun 2023 07:45:53 GMT
14:45:54.120 [main] DEBUG org.apache.http.headers -- << Content-Type: application/json
14:45:54.120 [main] DEBUG org.apache.http.headers -- << Content-Length: 300
14:45:54.120 [main] DEBUG org.apache.http.headers -- << Connection: keep-alive
14:45:54.120 [main] DEBUG org.apache.http.headers -- << Strict-Transport-Security: max-age=31536000; includeSubdomains
14:45:54.120 [main] DEBUG org.apache.http.impl.client.DefaultHttpClient -- Connection can be kept alive indefinitely
14:45:54.120 [main] DEBUG io.restassured.internal.RestAssuredHttpBuilder -- Parsing response as: application/json
14:45:54.120 [main] DEBUG io.restassured.internal.RestAssuredHttpBuilder -- Parsed data to instance of: class org.apache.http.conn.EofSensorInputStream
14:45:54.121 [main] DEBUG org.apache.http.wire --  << "{"id":1100330356,"logs":[],"status":"Unknown","message":"login successful","error":false,"data":{"token":"eyJhbGciOiJIUzI1NiIsInR5cCI6IkpXVCJ9.eyJleHAiOjE2ODc2NzkxNTM4MDIsImlhdCI6MTY4NzU5Mjc1Mzg3NCwidWlkIjoiODY5NDc2YWY0Zjk4NDcyZGI3Zjk3YTljZmU1ZGE0NmYifQ.GbS5CGppe2cgZykjv4XrJYsViHZwkNKd3b6VBNHM72U"}}"
14:45:54.121 [main] DEBUG org.apache.http.impl.conn.BasicClientConnectionManager -- Releasing connection org.apache.http.impl.conn.ManagedClientConnectionImpl@589d831e
14:45:54.121 [main] DEBUG org.apache.http.impl.conn.BasicClientConnectionManager -- Connection can be kept alive indefinitely
14:45:54.133 [main] DEBUG net.thucydides.core.steps.StepInterceptor -- STEP DONE: login as admin to get token
  &amp#27;[32mAnd &amp#27;[0m&amp#27;[32mlogin as admin to get token&amp#27;[0m                                        &amp#27;[90m# starter.stepdefinitions.UserSteps.loginAsAdminToGetToken()&amp#27;[0m
14:45:54.134 [main] DEBUG net.thucydides.core.steps.StepInterceptor -- STARTING STEP: UserSteps.userSendGETHTTPRequest - user send GET HTTP request
14:45:54.136 [main] DEBUG net.thucydides.core.steps.StepInterceptor -- STARTING STEP: ManageCourse.userSendGETHTTPRequest - user set endpoint for get course
14:45:54.136 [main] DEBUG net.thucydides.core.steps.StepInterceptor -- STEP DONE: user set endpoint for get course
14:45:54.145 [main] DEBUG org.apache.http.impl.conn.BasicClientConnectionManager -- Get connection for route {s}->https://skfw.net:443
14:45:54.146 [main] DEBUG org.apache.http.impl.conn.DefaultClientConnectionOperator -- Connecting to skfw.net:443
14:45:54.182 [main] DEBUG org.apache.http.client.protocol.RequestAddCookies -- CookieSpec selected: ignoreCookies
14:45:54.182 [main] DEBUG org.apache.http.client.protocol.RequestAuthCache -- Auth cache not set in the context
14:45:54.182 [main] DEBUG org.apache.http.client.protocol.RequestProxyAuthentication -- Proxy auth state: UNCHALLENGED
14:45:54.182 [main] DEBUG org.apache.http.impl.client.DefaultHttpClient -- Attempt 1 to execute request
14:45:54.182 [main] DEBUG org.apache.http.impl.conn.DefaultClientConnection -- Sending request: GET /api/v1/admin/courses?size=10&page=1&sort=desc HTTP/1.1
14:45:54.182 [main] DEBUG org.apache.http.wire --  >> "GET /api/v1/admin/courses?size=10&page=1&sort=desc HTTP/1.1[\r][\n]"
14:45:54.182 [main] DEBUG org.apache.http.wire --  >> "Authorization: Bearer eyJhbGciOiJIUzI1NiIsInR5cCI6IkpXVCJ9.eyJleHAiOjE2ODc2NzkxNTM4MDIsImlhdCI6MTY4NzU5Mjc1Mzg3NCwidWlkIjoiODY5NDc2YWY0Zjk4NDcyZGI3Zjk3YTljZmU1ZGE0NmYifQ.GbS5CGppe2cgZykjv4XrJYsViHZwkNKd3b6VBNHM72U[\r][\n]"
14:45:54.182 [main] DEBUG org.apache.http.wire --  >> "Accept: */*[\r][\n]"
14:45:54.182 [main] DEBUG org.apache.http.wire --  >> "Host: skfw.net[\r][\n]"
14:45:54.182 [main] DEBUG org.apache.http.wire --  >> "Connection: Keep-Alive[\r][\n]"
14:45:54.182 [main] DEBUG org.apache.http.wire --  >> "User-Agent: Apache-HttpClient/4.5.13 (Java/11.0.15)[\r][\n]"
14:45:54.182 [main] DEBUG org.apache.http.wire --  >> "Accept-Encoding: gzip,deflate[\r][\n]"
14:45:54.182 [main] DEBUG org.apache.http.wire --  >> "[\r][\n]"
14:45:54.182 [main] DEBUG org.apache.http.headers -- >> GET /api/v1/admin/courses?size=10&page=1&sort=desc HTTP/1.1
14:45:54.182 [main] DEBUG org.apache.http.headers -- >> Authorization: Bearer eyJhbGciOiJIUzI1NiIsInR5cCI6IkpXVCJ9.eyJleHAiOjE2ODc2NzkxNTM4MDIsImlhdCI6MTY4NzU5Mjc1Mzg3NCwidWlkIjoiODY5NDc2YWY0Zjk4NDcyZGI3Zjk3YTljZmU1ZGE0NmYifQ.GbS5CGppe2cgZykjv4XrJYsViHZwkNKd3b6VBNHM72U
14:45:54.182 [main] DEBUG org.apache.http.headers -- >> Accept: */*
14:45:54.182 [main] DEBUG org.apache.http.headers -- >> Host: skfw.net
14:45:54.182 [main] DEBUG org.apache.http.headers -- >> Connection: Keep-Alive
14:45:54.182 [main] DEBUG org.apache.http.headers -- >> User-Agent: Apache-HttpClient/4.5.13 (Java/11.0.15)
14:45:54.182 [main] DEBUG org.apache.http.headers -- >> Accept-Encoding: gzip,deflate
14:45:54.220 [main] DEBUG org.apache.http.wire --  << "HTTP/1.1 200 OK[\r][\n]"
14:45:54.220 [main] DEBUG org.apache.http.wire --  << "Server: nginx/1.22.1 (Ubuntu)[\r][\n]"
14:45:54.220 [main] DEBUG org.apache.http.wire --  << "Date: Sat, 24 Jun 2023 07:45:53 GMT[\r][\n]"
14:45:54.220 [main] DEBUG org.apache.http.wire --  << "Content-Type: application/json[\r][\n]"
14:45:54.220 [main] DEBUG org.apache.http.wire --  << "Content-Length: 20414[\r][\n]"
14:45:54.221 [main] DEBUG org.apache.http.wire --  << "Connection: keep-alive[\r][\n]"
14:45:54.221 [main] DEBUG org.apache.http.wire --  << "Strict-Transport-Security: max-age=31536000; includeSubdomains[\r][\n]"
14:45:54.221 [main] DEBUG org.apache.http.wire --  << "[\r][\n]"
14:45:54.221 [main] DEBUG org.apache.http.impl.conn.DefaultClientConnection -- Receiving response: HTTP/1.1 200 OK
14:45:54.221 [main] DEBUG org.apache.http.headers -- << HTTP/1.1 200 OK
14:45:54.221 [main] DEBUG org.apache.http.headers -- << Server: nginx/1.22.1 (Ubuntu)
14:45:54.221 [main] DEBUG org.apache.http.headers -- << Date: Sat, 24 Jun 2023 07:45:53 GMT
14:45:54.221 [main] DEBUG org.apache.http.headers -- << Content-Type: application/json
14:45:54.221 [main] DEBUG org.apache.http.headers -- << Content-Length: 20414
14:45:54.221 [main] DEBUG org.apache.http.headers -- << Connection: keep-alive
14:45:54.221 [main] DEBUG org.apache.http.headers -- << Strict-Transport-Security: max-age=31536000; includeSubdomains
14:45:54.221 [main] DEBUG org.apache.http.impl.client.DefaultHttpClient -- Connection can be kept alive indefinitely
14:45:54.221 [main] DEBUG io.restassured.internal.RestAssuredHttpBuilder -- Parsing response as: application/json
14:45:54.221 [main] DEBUG io.restassured.internal.RestAssuredHttpBuilder -- Parsed data to instance of: class org.apache.http.conn.EofSensorInputStream
14:45:54.224 [main] DEBUG org.apache.http.wire --  << "{"id":1654291177,"logs":[],"status":"OK","message":"catch full course","error":false,"data":[{"categories":["life","slice","love","grape"],"checkout":[{"id":"48d740070e3045a4a960c5be921cb74e","created_at":"2023-06-22T17:30:08.682367Z","updated_at":"2023-06-23T07:27:50.03525Z","deleted_at":null,"user_id":"699e70b18e024cc6a7129bc55d2d0425","course_id":"11349b5009444dd585fcdc4ee9fa5ca0","payment_method":"Dana","verify":true},{"id":"84cb40ef41fa4ddeb28466837af82df0","created_at":"2023-06-23T18:11:52.279912Z","updated_at":"2023-06-23T18:11:52.660225Z","deleted_at":null,"user_id":"aeb70126ba5e45548f8cfec6acb862b8","course_id":"11349b5009444dd585fcdc4ee9fa5ca0","payment_method":"Gopay","verify":true}],"create_by":{"image":"","name":"adminmin","username":"admin"},"created_at":"2023-06-22T12:11:09.618494Z","description":"purple grape wine","document":"https://skfw.net/api/v1/public/document/104ae5e.course.doc","finished":0,"id":"11349b5009444dd585fcdc4ee9fa5ca0","level":"intermediate","member_count":2,"modules":[{"created_at":"2023-06-24T01:12:41.960627Z","description":"Hello guis dont smoking","document":"","id":"fd32a28c55c240ee9825d2060b01927c","name":"Dont smoking","thumbnail":"","updated_at":"2023-06-24T01:12:41.960627Z","video":""}],"name":"life fourth","price":500,"rating":0,"rating1":0,"rating2":0,"rating3":0,"rating4":0,"rating5":0,"ratingN":0,"thumbnail":"https://skfw.net/api/v1/public/image/c6cca6b.course.thumb.png","update_at":"2023-06-23T18:11:52.661347Z","video":""},{"categories":[],"checkout":[{"id":"11270802fc9d431d929f9b387a521bde","created_at":"2023-06-02T14:38:46.752181Z","updated_at":"2023-06-12T06:41:54.561764Z","deleted_at":null,"user_id":"a7ee88c00ab5428e959d4784cf5567a3","course_id":"496e2aab72fb4a47849c2f7452c62146","payment_method":"paypool","verify":true},{"id":"48a2bd3437dd4d2cbf1d7936c43fe90d","created_at":"2023-06-07T18:00:03.384697Z","updated_at":"2023-06-21T12:29:37.338532Z","deleted_at":null,"user_id":"aeb70126ba5e45548f8cfec6acb862b8","course_id":"496e2aab72fb4a47849c2f7452c62146","payment_method":"nop","verify":true},{"id":"4a7324f2d2a34b0a84b09fc59c56684d","created_at":"2023-06-06T14:51:13.577183Z","updated_at":"2023-06-23T07:27:50.03525Z","deleted_at":null,"user_id":"699e70b18e024cc6a7129bc55d2d0425","course_id":"496e2aab72fb4a47849c2f7452c62146","payment_method":"Dana","verify":true},{"id":"3c3e330a2caa4083ab997f040846ee49","created_at":"2023-06-23T17:24:10.990901Z","updated_at":"2023-06-23T17:24:10.990901Z","deleted_at":null,"user_id":"99b3471f246f43d184f1ab768123a29c","course_id":"496e2aab72fb4a47849c2f7452c62146","payment_method":"","verify":false}],"create_by":{"image":"","name":"adminmin","username":"admin"},"created_at":"2023-06-02T14:11:31.669239Z","description":"Kelas UI design (User Interface design) adalah kelas yang bertujuan untuk mengajarkan kepada peserta bagaimana merancang tampilan antarmuka yang mudah digunakan dan menarik bagi pengguna. UI design merupakan bagian dari disiplin desain yang fokus pada aspek visual dan interaktif dari sebuah produk digital, seperti website, aplikasi, dan perangkat lunak.","document":"","finished":2,"id":"496e2aab72fb4a47849c2f7452c62146","level":"beginer","member_count":2,"modules":[{"created_at":"2023-06-13T08:10:21.209259Z","description":"Desain User Interface (UI) adalah proses yang digunakan desainer untuk membuat tampilan dalam perangkat lunak atau perangkat terkomputerisasi, dengan fokus pada tampilan atau gaya. Tujuan dari desainer UI adalah untuk membuat desain antarmuka yang membuat pengguna mudah untuk digunakan dan menyenangkan.","document":"","id":"891c5aaeaf7648bc9c017630c48a7f01","name":"Proses Desain Antarmuka Pengguna","thumbnail":"https://skfw.net/api/v1/public/image/910f936.module.thumb.png","updated_at":"2023-06-21T12:21:43.233662Z","video":""},{"created_at":"2023-06-13T08:13:49.106708Z","description":"Secara definisi, responsive design merupakan suatu pendekatan pengembangan yang memastikan bahwa desain user interface menyesuaikan dengan preferensi dari pengguna serta perangkat yang mereka gunakan. Hal ini mendorong metodologi serbaguna untuk desain website dengan otomatis menyesuaikan tata letak dan struktur user interface untuk memastikan konsistensi konten di seluruh perangkat sehingga tidak akan menggangu pengalaman pengguna saat mengakses website tersebut. Melalui responsive design ini juga, pengembang serta desainer tidak perlu lali membuat desain website yang terpisah untuk setiap kelompok pengguna, akan tetapia mereka hanya perlu fokus untuk membut desain website yang meyesuaikan secara otomatid tergantung perangkat yang pengguna gunakan. ","document":"","id":"ed76e2a81d1d4923ae51c0818970ba29","name":"Desain Responsif","thumbnail":"","updated_at":"2023-06-13T08:13:49.106708Z","video":""},{"created_at":"2023-06-13T08:16:43.337136Z","description":"UI dan UX keduanya berhubungan dengan tampilan dalam suatu produk baik website, aplikasi maupun platform lainnya. Sebelum mengenal UI dan UX lebih dalam, baiknya kita mengerti konsep HCI. HCI atau Human Computer Interaction adalah interaksi antara pengguna dengan perangkat tertentu (smartphone, laptop, komputer, dsb). Kegiatan seperti menekan keyboard dan menggeser mouse adalah beberapa contoh dari HCI. UI dan UX sangat berkaitan dengan HCI, yaitu bagaimana menghasilkan produk yang meningkatkan interaksi antara USER dan DEVICE secara kuantitas maupun kualitas, melalui menarik pengguna dengan tampilan yang disuguhkan, dan memberikan kepuasan kepada pengguna dengan pengalaman akses produk yang mudah. User Interface (UI) atau disebut juga UI Design adalah bagaimana tampilan visual suatu produk disajikan dengan desain yang menarik dan bisa membuat pengguna betah menggunakan produk. UI Design berfokus pada keindahan atau estetika tampilan yang eye-catching dan dapat menarik pengguna secara emosional.","document":"","id":"1b26949893aa466daf79409b7bd80c82","name":"Animasi dan Interaksi","thumbnail":"","updated_at":"2023-06-13T08:16:43.337136Z","video":""},{"created_at":"2023-06-13T08:09:26.153907Z","description":"Desain Visual adalah hal yang penting pada pembuatan produk karena hal yang biasa dilihat pertama kali oleh pengguna adalah UI Design (tampilan) sebelum masuk ke fungsional. Jika produk tidak memiliki tampilan visual yang menarik, bisa-bisa pengguna akan mendapatkan kesan pertama yang kurang menyenangkan.","document":"","id":"9a5bc00e6f64446c836c38be35129881","name":"Desain Visual","thumbnail":"","updated_at":"2023-06-19T14:18:49.135465Z","video":""},{"created_at":"2023-06-13T08:02:29.575745Z","description":"Desain antarmuka pengguna (UI design) adalah bagian penting dari pengembangan produk digital yang efektif. UI design melibatkan merancang antarmuka pengguna yang mudah digunakan dan menarik, serta memperhatikan aspek-aspek seperti navigasi, tata letak, interaksi, dan estetika visual. Kursus ini akan memberikan pengantar tentang UI design dan membahas prinsip-prinsip desain antarmuka pengguna yang baik.","document":"","id":"60542ed9fc4540b0aeb32e6a9279e86d","name":"Pengenalan Desain Antarmuka Pengguna","thumbnail":"","updated_at":"2023-06-19T14:08:45.38637Z","video":""}],"name":"UI Design","price":300000,"rating":0,"rating1":0,"rating2":0,"rating3":0,"rating4":0,"rating5":0,"ratingN":0,"thumbnail":"https://skfw.net/api/v1/public/image/c14c6a8.course.thumb.png","update_at":"2023-06-13T09:11:30.630689Z","video":""},{"categories":[],"checkout":[{"id":"8d0a78c10ee04f7a8984bbe3fa181d0d","created_at":"2023-06-02T14:41:31.042286Z","updated_at":"2023-06-02T15:01:10.554434Z","deleted_at":null,"user_id":"a6f0f3ffa7e74b1ba3db051c9974363e","course_id":"98faa25ee34a41519247ebbc2e556c58","payment_method":"","verify":true},{"id":"cd4ae6a0fcde45d2a654a12490ecacb8","created_at":"2023-06-06T07:55:50.710061Z","updated_at":"2023-06-12T06:41:54.561764Z","deleted_at":null,"user_id":"a7ee88c00ab5428e959d4784cf5567a3","course_id":"98faa25ee34a41519247ebbc2e556c58","payment_method":"pa"
14:45:54.224 [main] DEBUG org.apache.http.wire --  << "ypool","verify":true},{"id":"2e29394487d44602b2329b3bf853b533","created_at":"2023-06-07T17:59:36.367217Z","updated_at":"2023-06-21T12:29:37.338532Z","deleted_at":null,"user_id":"aeb70126ba5e45548f8cfec6acb862b8","course_id":"98faa25ee34a41519247ebbc2e556c58","payment_method":"nop","verify":true},{"id":"2e90f5a4be514ba8b29369e32587a761","created_at":"2023-06-22T18:42:18.668378Z","updated_at":"2023-06-22T18:42:44.203168Z","deleted_at":null,"user_id":"1dc692d3b8ed4fc7995b38c71dbd82b7","course_id":"98faa25ee34a41519247ebbc2e556c58","payment_method":"Gopay","verify":true},{"id":"8ceaa8fdd6d94092945e46a19cd5a7e0","created_at":"2023-06-06T14:54:18.028766Z","updated_at":"2023-06-23T07:27:50.03525Z","deleted_at":null,"user_id":"699e70b18e024cc6a7129bc55d2d0425","course_id":"98faa25ee34a41519247ebbc2e556c58","payment_method":"Dana","verify":true}],"create_by":{"image":"","name":"adminmin","username":"admin"},"created_at":"2023-06-02T12:54:49.834686Z","description":"Quality Assurance (QA) refers to the systematic processes, activities, and measures undertaken to ensure that a product or service meets or exceeds the specified requirements and expectations. It is a critical component of the overall quality management system within an organization.","document":"","finished":0,"id":"98faa25ee34a41519247ebbc2e556c58","level":"Intermediate","member_count":4,"modules":[{"created_at":"2023-06-02T13:04:47.033865Z","description":"Opening defects in a test management tool refers to the process of logging and documenting identified issues or defects during the testing phase of a software project. Test management tools provide a centralized platform where testers can record and track defects encountered during testing, making it easier to manage and resolve them efficiently.","document":"","id":"4ee35416f8574fbf9f7b1ff4988cecee","name":"Opening Defects in Test Management Tool","thumbnail":"","updated_at":"2023-06-02T13:04:47.033865Z","video":""},{"created_at":"2023-06-02T13:06:00.817059Z","description":"Creating test cases is an integral part of the software testing process. Test cases are detailed and structured sets of inputs, conditions, and expected outcomes that are designed to verify the functionality, behavior, and performance of a software application.","document":"","id":"a5ed3c38b23945c8ad72c8e345f10f79","name":"Creating Test Cases","thumbnail":"","updated_at":"2023-06-11T04:21:45.858711Z","video":"https://www.youtube.com/watch?v=g0PrXoWKM2Y"},{"created_at":"2023-06-02T13:05:17.082276Z","description":"Software testing is the process of evaluating a software application or system to assess its quality, functionality, and performance. It involves conducting various activities to identify defects, errors, or inconsistencies in the software and ensuring that it meets the specified requirements and expectations.","document":"","id":"ee81fe9badd441b882fad091853619ed","name":"Software Testing","thumbnail":"","updated_at":"2023-06-11T04:23:40.212107Z","video":"https://www.youtube.com/watch?v=_3OhZrad8RM"},{"created_at":"2023-06-02T13:03:52.698969Z","description":"Web application testing refers to the process of assessing and evaluating the functionality, usability, security, and performance of a web application. It involves testing the various components and features of a web application to ensure that it works as intended and meets the specified requirements.","document":"","id":"dd29a3aea12d45eb9ab5da5ac078d02e","name":"Web Application Testing","thumbnail":"","updated_at":"2023-06-11T04:28:15.917008Z","video":"https://www.youtube.com/watch?v=-5QcjRUIDGM"},{"created_at":"2023-06-23T01:27:45.570377Z","description":"asd","document":"","id":"773bbd1ab5724f1799070b2160223e6a","name":"APA AJA","thumbnail":"","updated_at":"2023-06-23T01:27:59.067293Z","video":""},{"created_at":"2023-06-23T02:18:46.043256Z","description":"try","document":"","id":"ec7c19af3ec243bb8be8458ed4541da3","name":"TryOut-3","thumbnail":"","updated_at":"2023-06-23T02:18:46.043256Z","video":""},{"created_at":"2023-06-23T02:19:05.76781Z","description":"tert","document":"","id":"2c47aaa08d944b48bea9f3f3b54ba5fb","name":"TryOut-4","thumbnail":"","updated_at":"2023-06-23T02:19:05.76781Z","video":""},{"created_at":"2023-06-23T02:19:46.143324Z","description":"try out limx","document":"","id":"a4eaeef076c44528b3987b01e3a5ae23","name":"TryOut-5","thumbnail":"","updated_at":"2023-06-23T02:19:46.143324Z","video":""}],"name":"Quality Assurance","price":200000,"rating":0,"rating1":0,"rating2":0,"rating3":0,"rating4":0,"rating5":0,"ratingN":0,"thumbnail":"https://skfw.net/api/v1/public/image/62b5c3a.course.thumb.png","update_at":"2023-06-22T18:42:21.469856Z","video":""},{"categories":["life","short"],"checkout":[{"id":"18ae7701cbff4e5f8d75b7fa53ac437e","created_at":"2023-06-21T15:26:19.742517Z","updated_at":"2023-06-23T07:27:50.03525Z","deleted_at":null,"user_id":"699e70b18e024cc6a7129bc55d2d0425","course_id":"9a215293cf144266873351b0264f6277","payment_method":"Dana","verify":true},{"id":"a739612532a745edaf8af662291e86b1","created_at":"2023-06-12T06:41:28.229549Z","updated_at":"2023-06-12T06:41:54.561764Z","deleted_at":null,"user_id":"a7ee88c00ab5428e959d4784cf5567a3","course_id":"9a215293cf144266873351b0264f6277","payment_method":"paypool","verify":true},{"id":"e0c3595591744f73a81df29f700f299d","created_at":"2023-06-12T07:51:32.912716Z","updated_at":"2023-06-21T12:29:37.338532Z","deleted_at":null,"user_id":"aeb70126ba5e45548f8cfec6acb862b8","course_id":"9a215293cf144266873351b0264f6277","payment_method":"nop","verify":true},{"id":"cbc20da1d17440d38225751f19a9fe48","created_at":"2023-06-23T17:48:09.103232Z","updated_at":"2023-06-23T17:48:17.290586Z","deleted_at":null,"user_id":"f06ff5ba27e84625aa629561e03e5d0c","course_id":"9a215293cf144266873351b0264f6277","payment_method":"Dana","verify":true}],"create_by":{"image":"","name":"adminmin","username":"admin"},"created_at":"2023-06-12T06:38:06.08077Z","description":"update course 1","document":"","finished":4,"id":"9a215293cf144266873351b0264f6277","level":"intermediate","member_count":4,"modules":[{"created_at":"2023-06-20T05:42:58.152762Z","description":"123","document":"","id":"ecf5fa80a9b249a2b2a05a682003ec8c","name":"test tes 123","thumbnail":"https://skfw.net/api/v1/public/image/ee884b9.module.thumb.jpg","updated_at":"2023-06-21T12:17:25.423402Z","video":"https://firebasestorage.googleapis.com/v0/b/uploadfile-react.appspot.com/o/videos%2Fundefined?alt=media\u0026token=8bba3edb-fb7b-4e0c-afa0-759b51c67899"},{"created_at":"2023-06-19T06:15:35.591405Z","description":"3333","document":"","id":"722c900477874832a03a04ffe11d5c0e","name":"rehan","thumbnail":"","updated_at":"2023-06-19T06:15:35.591405Z","video":"https://firebasestorage.googleapis.com/v0/b/uploadfile-react.appspot.com/o/videos%2FAnimasi%20-%207529.mp4?alt=media\u0026token=9611e98f-a503-4944-9fa1-719212473d83"},{"created_at":"2023-06-22T02:33:08.664123Z","description":"Test Description","document":"","id":"d484f1e8454644f0b4c0c176d0341c73","name":"Rehan Maulana","thumbnail":"","updated_at":"2023-06-22T02:33:08.664123Z","video":"https://firebasestorage.googleapis.com/v0/b/uploadfile-react.appspot.com/o/videos%2Fundefined?alt=media\u0026token=e25b9d78-d292-49b6-9602-52fbf0dfeeef"},{"created_at":"2023-06-22T07:43:19.067839Z","description":"adiiii","document":"","id":"2984f66743a84fd6844ad3b7e5bf41c2","name":"adi ","thumbnail":"","updated_at":"2023-06-22T07:43:19.067839Z","video":""},{"created_at":"2023-06-22T09:29:15.586642Z","description":"123","document":"","id":"02502675f3184d7884641c15406cdca7","name":"test ajaaaa","thumbnail":"","updated_at":"2023-06-22T09:29:15.586642Z","video":""},{"created_at":"2023-06-23T06:11:00.192804Z","description":"Jangan mati sebelum namatin wanpis","document":"","id":"7ff961e3439b4fbcb693ba68f499c03a","name":"Life Lesson","thumbnail":"","updated_at":"2023-06-23T06:11:00.192804Z","video":""}],"name":"Life is Shorts","price":1500000,"rating":5,"rating1":0,"rating2":0,"rating3":0,"rating4":0,"rating5":1,"ratingN":1,"thumbnail":"","update_at":"2023-06-23T17:48:17.292018Z","video":""},{"categories":[],"checkout":[{"id":"cd793898351842c78479394ba22ae59b","created_at":"2023"
14:45:54.224 [main] DEBUG org.apache.http.wire --  << "-06-23T18:12:11.10193Z","updated_at":"2023-06-23T18:12:13.837352Z","deleted_at":null,"user_id":"aeb70126ba5e45548f8cfec6acb862b8","course_id":"943926f30702493d9d06fdb9afdb57c6","payment_method":"Gopay","verify":true},{"id":"6ab94aab5fcc44fbb5475b1356bcc16f","created_at":"2023-06-24T04:15:45.1672Z","updated_at":"2023-06-24T04:17:12.282285Z","deleted_at":null,"user_id":"f06ff5ba27e84625aa629561e03e5d0c","course_id":"943926f30702493d9d06fdb9afdb57c6","payment_method":"LinkAja","verify":true},{"id":"be373a3cbac9415ba95b7bcb1f2a28ac","created_at":"2023-06-22T18:42:42.116731Z","updated_at":"2023-06-22T18:42:44.203168Z","deleted_at":null,"user_id":"1dc692d3b8ed4fc7995b38c71dbd82b7","course_id":"943926f30702493d9d06fdb9afdb57c6","payment_method":"Gopay","verify":true},{"id":"d646da2b7a1543a0bda32de4bb9e19b1","created_at":"2023-06-22T17:27:25.785497Z","updated_at":"2023-06-23T07:27:50.03525Z","deleted_at":null,"user_id":"699e70b18e024cc6a7129bc55d2d0425","course_id":"943926f30702493d9d06fdb9afdb57c6","payment_method":"Dana","verify":true}],"create_by":{"image":"","name":"adminmin","username":"admin"},"created_at":"2023-06-13T03:10:59.344379Z","description":"Go Language","document":"","finished":0,"id":"943926f30702493d9d06fdb9afdb57c6","level":"intermediate","member_count":6,"modules":[{"created_at":"2023-06-20T07:57:42.447918Z","description":"intro aje dulu napa","document":"","id":"5bf06b30d3dd4ac6a7968c90e86b41f9","name":"Intro","thumbnail":"","updated_at":"2023-06-20T07:57:42.447918Z","video":"https://firebasestorage.googleapis.com/v0/b/uploadfile-react.appspot.com/o/videos%2Fundefined?alt=media\u0026token=de78b0b0-19da-428a-afd8-a7f390550ff5"},{"created_at":"2023-06-22T07:28:27.648277Z","description":"sasa","document":"","id":"b43f17bc8c7b402bbcdad83823118a82","name":"sasa","thumbnail":"","updated_at":"2023-06-22T07:28:27.648277Z","video":"https://firebasestorage.googleapis.com/v0/b/uploadfile-react.appspot.com/o/videos%2Fundefined?alt=media\u0026token=f9bfa734-1d40-45cd-b9bc-60225310a48c"},{"created_at":"2023-06-22T11:28:18.346331Z","description":"123","document":"","id":"6cf5b0be08704d179695f93ec2466183","name":"tes aja","thumbnail":"","updated_at":"2023-06-22T11:28:18.346331Z","video":""},{"created_at":"2023-06-22T11:30:14.677005Z","description":"coba aja ","document":"","id":"ab8e64f124b54240b45c0914427ef262","name":"cobaa","thumbnail":"","updated_at":"2023-06-22T11:30:14.677005Z","video":"https://firebasestorage.googleapis.com/v0/b/uploadfile-react.appspot.com/o/videos%2Fmylivewallpapers.com-Jujutsu-Kaisen.mp4?alt=media\u0026token=e96a224b-aeee-4986-a731-d70563fc46fa"},{"created_at":"2023-06-23T06:09:45.020968Z","description":"semangat","document":"","id":"b67c194dd53146909b3220a9bace0cdc","name":"Gudlak","thumbnail":"","updated_at":"2023-06-23T06:09:45.020968Z","video":""},{"created_at":"2023-06-15T11:56:58.176383Z","description":"testi besti","document":"","id":"aca823ed77374f84a2461dda6f8f2f1c","name":"test quizzz","thumbnail":"","updated_at":"2023-06-23T06:09:59.889406Z","video":""}],"name":"Backend With Golang","price":30000,"rating":0,"rating1":0,"rating2":0,"rating3":0,"rating4":0,"rating5":0,"ratingN":0,"thumbnail":"https://skfw.net/api/v1/public/image/e230343.course.thumb.jpg","update_at":"2023-06-24T04:17:12.283941Z","video":""},{"categories":["Software"],"checkout":[{"id":"04cfe1ca044a4920880ed7360baef407","created_at":"2023-06-23T17:46:43.356823Z","updated_at":"2023-06-23T17:46:44.177355Z","deleted_at":null,"user_id":"f06ff5ba27e84625aa629561e03e5d0c","course_id":"f2794d678a564a46af0c333dc94eab26","payment_method":"Gopay","verify":true}],"create_by":{"image":"","name":"adminmin","username":"admin"},"created_at":"2023-06-23T07:57:09.649079Z","description":"ini test 1","document":"","finished":0,"id":"f2794d678a564a46af0c333dc94eab26","level":"Beginner","member_count":1,"modules":[{"created_at":"2023-06-24T05:00:08.347938Z","description":"asd","document":"","id":"089829c0847748ff83308ecf8ed3ddf0","name":"asd","thumbnail":"","updated_at":"2023-06-24T05:00:08.347938Z","video":""}],"name":"Automation Test 1","price":3500000,"rating":0,"rating1":0,"rating2":0,"rating3":0,"rating4":0,"rating5":0,"ratingN":0,"thumbnail":"","update_at":"2023-06-23T17:46:44.17866Z","video":""}]}"
14:45:54.224 [main] DEBUG org.apache.http.impl.conn.BasicClientConnectionManager -- Releasing connection org.apache.http.impl.conn.ManagedClientConnectionImpl@7254a68a
14:45:54.224 [main] DEBUG org.apache.http.impl.conn.BasicClientConnectionManager -- Connection can be kept alive indefinitely
14:45:54.229 [main] DEBUG net.thucydides.core.steps.StepInterceptor -- STEP DONE: user send GET HTTP request
  &amp#27;[32mWhen &amp#27;[0m&amp#27;[32muser send GET HTTP request&amp#27;[0m                                        &amp#27;[90m# starter.stepdefinitions.UserSteps.userSendGETHTTPRequest()&amp#27;[0m
14:45:54.232 [main] DEBUG net.thucydides.core.steps.StepInterceptor -- STARTING STEP: UserSteps.userSeeStatusCode200 - user see status code 200
14:45:54.234 [main] DEBUG net.thucydides.core.steps.StepInterceptor -- STEP DONE: user see status code 200
  &amp#27;[32mThen &amp#27;[0m&amp#27;[32muser see status code 200&amp#27;[0m                                          &amp#27;[90m# starter.stepdefinitions.UserSteps.userSeeStatusCode200()&amp#27;[0m
14:45:54.235 [main] INFO  -- 
  _____   ___   ___   _____     ___     _     ___   ___   ___   ___  
 |_   _| | __| / __| |_   _|   | _ \   /_\   / __| / __| | __| |   \ 
   | |   | _|  \__ \   | |     |  _/  / _ \  \__ \ \__ \ | _|  | |) |
   |_|   |___| |___/   |_|     |_|   /_/ \_\ |___/ |___/ |___| |___/ 

GET - As a admin I want to successful get who courses enrolled
----------------------------------------------------------------------
]]></system-out>
  </testcase>
  <testcase name="GET - As a admin I want to successful get course resumes" classname="As admin I want to see all course" time="0.268">
    <system-out><![CDATA[
@ManageCourse
Scenario: GET - As a admin I want to successful get course resumes &amp#27;[90m# src/test/resources/features/managecourse.feature:30&amp#27;[0m
14:45:54.239 [main] DEBUG io.cucumber.core.plugin.SerenityReporter -- Running feature from file:///D:/GITHUB/qe-automation/capstone-api/src/test/resources/features/managecourse.feature
14:45:54.240 [main] INFO  -- 
  _____   ___   ___   _____     ___   _____     _     ___   _____   ___   ___  
 |_   _| | __| / __| |_   _|   / __| |_   _|   /_\   | _ \ |_   _| | __| |   \ 
   | |   | _|  \__ \   | |     \__ \   | |    / _ \  |   /   | |   | _|  | |) |
   |_|   |___| |___/   |_|     |___/   |_|   /_/ \_\ |_|_\   |_|   |___| |___/ 

GET - As a admin I want to successful get course resumes(as-admin-i-want-to-see-all-course;get---as-a-admin-i-want-to-successful-get-course-resumes)
--------------------------------------------------------------------------------
14:45:54.247 [main] DEBUG net.thucydides.core.steps.StepInterceptor -- STARTING STEP: UserSteps.userSuccessGetCourseResumes - user successful get course resumes
14:45:54.248 [main] DEBUG net.thucydides.core.steps.StepInterceptor -- STEP DONE: user successful get course resumes
  &amp#27;[32mGiven &amp#27;[0m&amp#27;[32muser successful get course resumes&amp#27;[0m                         &amp#27;[90m# starter.stepdefinitions.UserSteps.userSuccessGetCourseResumes()&amp#27;[0m
14:45:54.250 [main] DEBUG net.thucydides.core.steps.StepInterceptor -- STARTING STEP: UserSteps.loginAsAdminToGetToken - login as admin to get token
14:45:54.258 [main] DEBUG org.apache.http.impl.conn.BasicClientConnectionManager -- Get connection for route {s}->https://skfw.net:443
14:45:54.258 [main] DEBUG org.apache.http.impl.conn.DefaultClientConnectionOperator -- Connecting to skfw.net:443
14:45:54.296 [main] DEBUG org.apache.http.client.protocol.RequestAddCookies -- CookieSpec selected: ignoreCookies
14:45:54.296 [main] DEBUG org.apache.http.client.protocol.RequestAuthCache -- Auth cache not set in the context
14:45:54.296 [main] DEBUG org.apache.http.client.protocol.RequestTargetAuthentication -- Target auth state: UNCHALLENGED
14:45:54.296 [main] DEBUG org.apache.http.client.protocol.RequestProxyAuthentication -- Proxy auth state: UNCHALLENGED
14:45:54.296 [main] DEBUG org.apache.http.impl.client.DefaultHttpClient -- Attempt 1 to execute request
14:45:54.296 [main] DEBUG org.apache.http.impl.conn.DefaultClientConnection -- Sending request: POST /api/v1/users/login HTTP/1.1
14:45:54.296 [main] DEBUG org.apache.http.wire --  >> "POST /api/v1/users/login HTTP/1.1[\r][\n]"
14:45:54.296 [main] DEBUG org.apache.http.wire --  >> "Accept: */*[\r][\n]"
14:45:54.296 [main] DEBUG org.apache.http.wire --  >> "Content-Type: application/json[\r][\n]"
14:45:54.296 [main] DEBUG org.apache.http.wire --  >> "Content-Length: 64[\r][\n]"
14:45:54.296 [main] DEBUG org.apache.http.wire --  >> "Host: skfw.net[\r][\n]"
14:45:54.296 [main] DEBUG org.apache.http.wire --  >> "Connection: Keep-Alive[\r][\n]"
14:45:54.296 [main] DEBUG org.apache.http.wire --  >> "User-Agent: Apache-HttpClient/4.5.13 (Java/11.0.15)[\r][\n]"
14:45:54.296 [main] DEBUG org.apache.http.wire --  >> "Accept-Encoding: gzip,deflate[\r][\n]"
14:45:54.296 [main] DEBUG org.apache.http.wire --  >> "[\r][\n]"
14:45:54.296 [main] DEBUG org.apache.http.headers -- >> POST /api/v1/users/login HTTP/1.1
14:45:54.296 [main] DEBUG org.apache.http.headers -- >> Accept: */*
14:45:54.296 [main] DEBUG org.apache.http.headers -- >> Content-Type: application/json
14:45:54.296 [main] DEBUG org.apache.http.headers -- >> Content-Length: 64
14:45:54.296 [main] DEBUG org.apache.http.headers -- >> Host: skfw.net
14:45:54.296 [main] DEBUG org.apache.http.headers -- >> Connection: Keep-Alive
14:45:54.296 [main] DEBUG org.apache.http.headers -- >> User-Agent: Apache-HttpClient/4.5.13 (Java/11.0.15)
14:45:54.296 [main] DEBUG org.apache.http.headers -- >> Accept-Encoding: gzip,deflate
14:45:54.296 [main] DEBUG org.apache.http.wire --  >> "{"password":"Admin@1234","email":"admin@mail.co","username":"*"}"
14:45:54.388 [main] DEBUG org.apache.http.wire --  << "HTTP/1.1 201 Created[\r][\n]"
14:45:54.388 [main] DEBUG org.apache.http.wire --  << "Server: nginx/1.22.1 (Ubuntu)[\r][\n]"
14:45:54.388 [main] DEBUG org.apache.http.wire --  << "Date: Sat, 24 Jun 2023 07:45:54 GMT[\r][\n]"
14:45:54.388 [main] DEBUG org.apache.http.wire --  << "Content-Type: application/json[\r][\n]"
14:45:54.388 [main] DEBUG org.apache.http.wire --  << "Content-Length: 300[\r][\n]"
14:45:54.388 [main] DEBUG org.apache.http.wire --  << "Connection: keep-alive[\r][\n]"
14:45:54.388 [main] DEBUG org.apache.http.wire --  << "Strict-Transport-Security: max-age=31536000; includeSubdomains[\r][\n]"
14:45:54.388 [main] DEBUG org.apache.http.wire --  << "[\r][\n]"
14:45:54.388 [main] DEBUG org.apache.http.impl.conn.DefaultClientConnection -- Receiving response: HTTP/1.1 201 Created
14:45:54.388 [main] DEBUG org.apache.http.headers -- << HTTP/1.1 201 Created
14:45:54.388 [main] DEBUG org.apache.http.headers -- << Server: nginx/1.22.1 (Ubuntu)
14:45:54.388 [main] DEBUG org.apache.http.headers -- << Date: Sat, 24 Jun 2023 07:45:54 GMT
14:45:54.388 [main] DEBUG org.apache.http.headers -- << Content-Type: application/json
14:45:54.388 [main] DEBUG org.apache.http.headers -- << Content-Length: 300
14:45:54.388 [main] DEBUG org.apache.http.headers -- << Connection: keep-alive
14:45:54.388 [main] DEBUG org.apache.http.headers -- << Strict-Transport-Security: max-age=31536000; includeSubdomains
14:45:54.388 [main] DEBUG org.apache.http.impl.client.DefaultHttpClient -- Connection can be kept alive indefinitely
14:45:54.388 [main] DEBUG io.restassured.internal.RestAssuredHttpBuilder -- Parsing response as: application/json
14:45:54.388 [main] DEBUG io.restassured.internal.RestAssuredHttpBuilder -- Parsed data to instance of: class org.apache.http.conn.EofSensorInputStream
14:45:54.390 [main] DEBUG org.apache.http.wire --  << "{"id":1656782339,"logs":[],"status":"Unknown","message":"login successful","error":false,"data":{"token":"eyJhbGciOiJIUzI1NiIsInR5cCI6IkpXVCJ9.eyJleHAiOjE2ODc2NzkxNTQwNjksImlhdCI6MTY4NzU5Mjc1NDE0MiwidWlkIjoiODY5NDc2YWY0Zjk4NDcyZGI3Zjk3YTljZmU1ZGE0NmYifQ.mIFVmIsrbHwPGjp2ZhNS35FpARFzyKHoxSemSmXKOTE"}}"
14:45:54.390 [main] DEBUG org.apache.http.impl.conn.BasicClientConnectionManager -- Releasing connection org.apache.http.impl.conn.ManagedClientConnectionImpl@17344d7
14:45:54.390 [main] DEBUG org.apache.http.impl.conn.BasicClientConnectionManager -- Connection can be kept alive indefinitely
14:45:54.400 [main] DEBUG net.thucydides.core.steps.StepInterceptor -- STEP DONE: login as admin to get token
  &amp#27;[32mAnd &amp#27;[0m&amp#27;[32mlogin as admin to get token&amp#27;[0m                                  &amp#27;[90m# starter.stepdefinitions.UserSteps.loginAsAdminToGetToken()&amp#27;[0m
14:45:54.402 [main] DEBUG net.thucydides.core.steps.StepInterceptor -- STARTING STEP: UserSteps.userSendGETHTTPRequest - user send GET HTTP request
14:45:54.403 [main] DEBUG net.thucydides.core.steps.StepInterceptor -- STARTING STEP: ManageCourse.userSendGETHTTPRequest - user set endpoint for get course
14:45:54.404 [main] DEBUG net.thucydides.core.steps.StepInterceptor -- STEP DONE: user set endpoint for get course
14:45:54.410 [main] DEBUG org.apache.http.impl.conn.BasicClientConnectionManager -- Get connection for route {s}->https://skfw.net:443
14:45:54.410 [main] DEBUG org.apache.http.impl.conn.DefaultClientConnectionOperator -- Connecting to skfw.net:443
14:45:54.450 [main] DEBUG org.apache.http.client.protocol.RequestAddCookies -- CookieSpec selected: ignoreCookies
14:45:54.450 [main] DEBUG org.apache.http.client.protocol.RequestAuthCache -- Auth cache not set in the context
14:45:54.450 [main] DEBUG org.apache.http.client.protocol.RequestProxyAuthentication -- Proxy auth state: UNCHALLENGED
14:45:54.450 [main] DEBUG org.apache.http.impl.client.DefaultHttpClient -- Attempt 1 to execute request
14:45:54.450 [main] DEBUG org.apache.http.impl.conn.DefaultClientConnection -- Sending request: GET /api/v1/admin/courses?size=10&page=1&sort=desc HTTP/1.1
14:45:54.450 [main] DEBUG org.apache.http.wire --  >> "GET /api/v1/admin/courses?size=10&page=1&sort=desc HTTP/1.1[\r][\n]"
14:45:54.450 [main] DEBUG org.apache.http.wire --  >> "Authorization: Bearer eyJhbGciOiJIUzI1NiIsInR5cCI6IkpXVCJ9.eyJleHAiOjE2ODc2NzkxNTQwNjksImlhdCI6MTY4NzU5Mjc1NDE0MiwidWlkIjoiODY5NDc2YWY0Zjk4NDcyZGI3Zjk3YTljZmU1ZGE0NmYifQ.mIFVmIsrbHwPGjp2ZhNS35FpARFzyKHoxSemSmXKOTE[\r][\n]"
14:45:54.450 [main] DEBUG org.apache.http.wire --  >> "Accept: */*[\r][\n]"
14:45:54.450 [main] DEBUG org.apache.http.wire --  >> "Host: skfw.net[\r][\n]"
14:45:54.450 [main] DEBUG org.apache.http.wire --  >> "Connection: Keep-Alive[\r][\n]"
14:45:54.450 [main] DEBUG org.apache.http.wire --  >> "User-Agent: Apache-HttpClient/4.5.13 (Java/11.0.15)[\r][\n]"
14:45:54.450 [main] DEBUG org.apache.http.wire --  >> "Accept-Encoding: gzip,deflate[\r][\n]"
14:45:54.450 [main] DEBUG org.apache.http.wire --  >> "[\r][\n]"
14:45:54.450 [main] DEBUG org.apache.http.headers -- >> GET /api/v1/admin/courses?size=10&page=1&sort=desc HTTP/1.1
14:45:54.450 [main] DEBUG org.apache.http.headers -- >> Authorization: Bearer eyJhbGciOiJIUzI1NiIsInR5cCI6IkpXVCJ9.eyJleHAiOjE2ODc2NzkxNTQwNjksImlhdCI6MTY4NzU5Mjc1NDE0MiwidWlkIjoiODY5NDc2YWY0Zjk4NDcyZGI3Zjk3YTljZmU1ZGE0NmYifQ.mIFVmIsrbHwPGjp2ZhNS35FpARFzyKHoxSemSmXKOTE
14:45:54.450 [main] DEBUG org.apache.http.headers -- >> Accept: */*
14:45:54.450 [main] DEBUG org.apache.http.headers -- >> Host: skfw.net
14:45:54.450 [main] DEBUG org.apache.http.headers -- >> Connection: Keep-Alive
14:45:54.450 [main] DEBUG org.apache.http.headers -- >> User-Agent: Apache-HttpClient/4.5.13 (Java/11.0.15)
14:45:54.450 [main] DEBUG org.apache.http.headers -- >> Accept-Encoding: gzip,deflate
14:45:54.489 [main] DEBUG org.apache.http.wire --  << "HTTP/1.1 200 OK[\r][\n]"
14:45:54.489 [main] DEBUG org.apache.http.wire --  << "Server: nginx/1.22.1 (Ubuntu)[\r][\n]"
14:45:54.489 [main] DEBUG org.apache.http.wire --  << "Date: Sat, 24 Jun 2023 07:45:54 GMT[\r][\n]"
14:45:54.489 [main] DEBUG org.apache.http.wire --  << "Content-Type: application/json[\r][\n]"
14:45:54.489 [main] DEBUG org.apache.http.wire --  << "Content-Length: 20414[\r][\n]"
14:45:54.489 [main] DEBUG org.apache.http.wire --  << "Connection: keep-alive[\r][\n]"
14:45:54.489 [main] DEBUG org.apache.http.wire --  << "Strict-Transport-Security: max-age=31536000; includeSubdomains[\r][\n]"
14:45:54.489 [main] DEBUG org.apache.http.wire --  << "[\r][\n]"
14:45:54.489 [main] DEBUG org.apache.http.impl.conn.DefaultClientConnection -- Receiving response: HTTP/1.1 200 OK
14:45:54.489 [main] DEBUG org.apache.http.headers -- << HTTP/1.1 200 OK
14:45:54.489 [main] DEBUG org.apache.http.headers -- << Server: nginx/1.22.1 (Ubuntu)
14:45:54.489 [main] DEBUG org.apache.http.headers -- << Date: Sat, 24 Jun 2023 07:45:54 GMT
14:45:54.489 [main] DEBUG org.apache.http.headers -- << Content-Type: application/json
14:45:54.489 [main] DEBUG org.apache.http.headers -- << Content-Length: 20414
14:45:54.489 [main] DEBUG org.apache.http.headers -- << Connection: keep-alive
14:45:54.489 [main] DEBUG org.apache.http.headers -- << Strict-Transport-Security: max-age=31536000; includeSubdomains
14:45:54.489 [main] DEBUG org.apache.http.impl.client.DefaultHttpClient -- Connection can be kept alive indefinitely
14:45:54.490 [main] DEBUG io.restassured.internal.RestAssuredHttpBuilder -- Parsing response as: application/json
14:45:54.490 [main] DEBUG io.restassured.internal.RestAssuredHttpBuilder -- Parsed data to instance of: class org.apache.http.conn.EofSensorInputStream
14:45:54.491 [main] DEBUG org.apache.http.wire --  << "{"id":1380792497,"logs":[],"status":"OK","message":"catch full course","error":false,"data":[{"categories":["life","slice","love","grape"],"checkout":[{"id":"48d740070e3045a4a960c5be921cb74e","created_at":"2023-06-22T17:30:08.682367Z","updated_at":"2023-06-23T07:27:50.03525Z","deleted_at":null,"user_id":"699e70b18e024cc6a7129bc55d2d0425","course_id":"11349b5009444dd585fcdc4ee9fa5ca0","payment_method":"Dana","verify":true},{"id":"84cb40ef41fa4ddeb28466837af82df0","created_at":"2023-06-23T18:11:52.279912Z","updated_at":"2023-06-23T18:11:52.660225Z","deleted_at":null,"user_id":"aeb70126ba5e45548f8cfec6acb862b8","course_id":"11349b5009444dd585fcdc4ee9fa5ca0","payment_method":"Gopay","verify":true}],"create_by":{"image":"","name":"adminmin","username":"admin"},"created_at":"2023-06-22T12:11:09.618494Z","description":"purple grape wine","document":"https://skfw.net/api/v1/public/document/104ae5e.course.doc","finished":0,"id":"11349b5009444dd585fcdc4ee9fa5ca0","level":"intermediate","member_count":2,"modules":[{"created_at":"2023-06-24T01:12:41.960627Z","description":"Hello guis dont smoking","document":"","id":"fd32a28c55c240ee9825d2060b01927c","name":"Dont smoking","thumbnail":"","updated_at":"2023-06-24T01:12:41.960627Z","video":""}],"name":"life fourth","price":500,"rating":0,"rating1":0,"rating2":0,"rating3":0,"rating4":0,"rating5":0,"ratingN":0,"thumbnail":"https://skfw.net/api/v1/public/image/c6cca6b.course.thumb.png","update_at":"2023-06-23T18:11:52.661347Z","video":""},{"categories":[],"checkout":[{"id":"11270802fc9d431d929f9b387a521bde","created_at":"2023-06-02T14:38:46.752181Z","updated_at":"2023-06-12T06:41:54.561764Z","deleted_at":null,"user_id":"a7ee88c00ab5428e959d4784cf5567a3","course_id":"496e2aab72fb4a47849c2f7452c62146","payment_method":"paypool","verify":true},{"id":"48a2bd3437dd4d2cbf1d7936c43fe90d","created_at":"2023-06-07T18:00:03.384697Z","updated_at":"2023-06-21T12:29:37.338532Z","deleted_at":null,"user_id":"aeb70126ba5e45548f8cfec6acb862b8","course_id":"496e2aab72fb4a47849c2f7452c62146","payment_method":"nop","verify":true},{"id":"4a7324f2d2a34b0a84b09fc59c56684d","created_at":"2023-06-06T14:51:13.577183Z","updated_at":"2023-06-23T07:27:50.03525Z","deleted_at":null,"user_id":"699e70b18e024cc6a7129bc55d2d0425","course_id":"496e2aab72fb4a47849c2f7452c62146","payment_method":"Dana","verify":true},{"id":"3c3e330a2caa4083ab997f040846ee49","created_at":"2023-06-23T17:24:10.990901Z","updated_at":"2023-06-23T17:24:10.990901Z","deleted_at":null,"user_id":"99b3471f246f43d184f1ab768123a29c","course_id":"496e2aab72fb4a47849c2f7452c62146","payment_method":"","verify":false}],"create_by":{"image":"","name":"adminmin","username":"admin"},"created_at":"2023-06-02T14:11:31.669239Z","description":"Kelas UI design (User Interface design) adalah kelas yang bertujuan untuk mengajarkan kepada peserta bagaimana merancang tampilan antarmuka yang mudah digunakan dan menarik bagi pengguna. UI design merupakan bagian dari disiplin desain yang fokus pada aspek visual dan interaktif dari sebuah produk digital, seperti website, aplikasi, dan perangkat lunak.","document":"","finished":2,"id":"496e2aab72fb4a47849c2f7452c62146","level":"beginer","member_count":2,"modules":[{"created_at":"2023-06-13T08:10:21.209259Z","description":"Desain User Interface (UI) adalah proses yang digunakan desainer untuk membuat tampilan dalam perangkat lunak atau perangkat terkomputerisasi, dengan fokus pada tampilan atau gaya. Tujuan dari desainer UI adalah untuk membuat desain antarmuka yang membuat pengguna mudah untuk digunakan dan menyenangkan.","document":"","id":"891c5aaeaf7648bc9c017630c48a7f01","name":"Proses Desain Antarmuka Pengguna","thumbnail":"https://skfw.net/api/v1/public/image/910f936.module.thumb.png","updated_at":"2023-06-21T12:21:43.233662Z","video":""},{"created_at":"2023-06-13T08:13:49.106708Z","description":"Secara definisi, responsive design merupakan suatu pendekatan pengembangan yang memastikan bahwa desain user interface menyesuaikan dengan preferensi dari pengguna serta perangkat yang mereka gunakan. Hal ini mendorong metodologi serbaguna untuk desain website dengan otomatis menyesuaikan tata letak dan struktur user interface untuk memastikan konsistensi konten di seluruh perangkat sehingga tidak akan menggangu pengalaman pengguna saat mengakses website tersebut. Melalui responsive design ini juga, pengembang serta desainer tidak perlu lali membuat desain website yang terpisah untuk setiap kelompok pengguna, akan tetapia mereka hanya perlu fokus untuk membut desain website yang meyesuaikan secara otomatid tergantung perangkat yang pengguna gunakan. ","document":"","id":"ed76e2a81d1d4923ae51c0818970ba29","name":"Desain Responsif","thumbnail":"","updated_at":"2023-06-13T08:13:49.106708Z","video":""},{"created_at":"2023-06-13T08:16:43.337136Z","description":"UI dan UX keduanya berhubungan dengan tampilan dalam suatu produk baik website, aplikasi maupun platform lainnya. Sebelum mengenal UI dan UX lebih dalam, baiknya kita mengerti konsep HCI. HCI atau Human Computer Interaction adalah interaksi antara pengguna dengan perangkat tertentu (smartphone, laptop, komputer, dsb). Kegiatan seperti menekan keyboard dan menggeser mouse adalah beberapa contoh dari HCI. UI dan UX sangat berkaitan dengan HCI, yaitu bagaimana menghasilkan produk yang meningkatkan interaksi antara USER dan DEVICE secara kuantitas maupun kualitas, melalui menarik pengguna dengan tampilan yang disuguhkan, dan memberikan kepuasan kepada pengguna dengan pengalaman akses produk yang mudah. User Interface (UI) atau disebut juga UI Design adalah bagaimana tampilan visual suatu produk disajikan dengan desain yang menarik dan bisa membuat pengguna betah menggunakan produk. UI Design berfokus pada keindahan atau estetika tampilan yang eye-catching dan dapat menarik pengguna secara emosional.","document":"","id":"1b26949893aa466daf79409b7bd80c82","name":"Animasi dan Interaksi","thumbnail":"","updated_at":"2023-06-13T08:16:43.337136Z","video":""},{"created_at":"2023-06-13T08:09:26.153907Z","description":"Desain Visual adalah hal yang penting pada pembuatan produk karena hal yang biasa dilihat pertama kali oleh pengguna adalah UI Design (tampilan) sebelum masuk ke fungsional. Jika produk tidak memiliki tampilan visual yang menarik, bisa-bisa pengguna akan mendapatkan kesan pertama yang kurang menyenangkan.","document":"","id":"9a5bc00e6f64446c836c38be35129881","name":"Desain Visual","thumbnail":"","updated_at":"2023-06-19T14:18:49.135465Z","video":""},{"created_at":"2023-06-13T08:02:29.575745Z","description":"Desain antarmuka pengguna (UI design) adalah bagian penting dari pengembangan produk digital yang efektif. UI design melibatkan merancang antarmuka pengguna yang mudah digunakan dan menarik, serta memperhatikan aspek-aspek seperti navigasi, tata letak, interaksi, dan estetika visual. Kursus ini akan memberikan pengantar tentang UI design dan membahas prinsip-prinsip desain antarmuka pengguna yang baik.","document":"","id":"60542ed9fc4540b0aeb32e6a9279e86d","name":"Pengenalan Desain Antarmuka Pengguna","thumbnail":"","updated_at":"2023-06-19T14:08:45.38637Z","video":""}],"name":"UI Design","price":300000,"rating":0,"rating1":0,"rating2":0,"rating3":0,"rating4":0,"rating5":0,"ratingN":0,"thumbnail":"https://skfw.net/api/v1/public/image/c14c6a8.course.thumb.png","update_at":"2023-06-13T09:11:30.630689Z","video":""},{"categories":[],"checkout":[{"id":"8d0a78c10ee04f7a8984bbe3fa181d0d","created_at":"2023-06-02T14:41:31.042286Z","updated_at":"2023-06-02T15:01:10.554434Z","deleted_at":null,"user_id":"a6f0f3ffa7e74b1ba3db051c9974363e","course_id":"98faa25ee34a41519247ebbc2e556c58","payment_method":"","verify":true},{"id":"cd4ae6a0fcde45d2a654a12490ecacb8","created_at":"2023-06-06T07:55:50.710061Z","updated_at":"2023-06-12T06:41:54.561764Z","deleted_at":null,"user_id":"a7ee88c00ab5428e959d4784cf5567a3","course_id":"98faa25ee34a41519247ebbc2e556c58","payment_method":"pa"
14:45:54.491 [main] DEBUG org.apache.http.wire --  << "ypool","verify":true},{"id":"2e29394487d44602b2329b3bf853b533","created_at":"2023-06-07T17:59:36.367217Z","updated_at":"2023-06-21T12:29:37.338532Z","deleted_at":null,"user_id":"aeb70126ba5e45548f8cfec6acb862b8","course_id":"98faa25ee34a41519247ebbc2e556c58","payment_method":"nop","verify":true},{"id":"2e90f5a4be514ba8b29369e32587a761","created_at":"2023-06-22T18:42:18.668378Z","updated_at":"2023-06-22T18:42:44.203168Z","deleted_at":null,"user_id":"1dc692d3b8ed4fc7995b38c71dbd82b7","course_id":"98faa25ee34a41519247ebbc2e556c58","payment_method":"Gopay","verify":true},{"id":"8ceaa8fdd6d94092945e46a19cd5a7e0","created_at":"2023-06-06T14:54:18.028766Z","updated_at":"2023-06-23T07:27:50.03525Z","deleted_at":null,"user_id":"699e70b18e024cc6a7129bc55d2d0425","course_id":"98faa25ee34a41519247ebbc2e556c58","payment_method":"Dana","verify":true}],"create_by":{"image":"","name":"adminmin","username":"admin"},"created_at":"2023-06-02T12:54:49.834686Z","description":"Quality Assurance (QA) refers to the systematic processes, activities, and measures undertaken to ensure that a product or service meets or exceeds the specified requirements and expectations. It is a critical component of the overall quality management system within an organization.","document":"","finished":0,"id":"98faa25ee34a41519247ebbc2e556c58","level":"Intermediate","member_count":4,"modules":[{"created_at":"2023-06-02T13:04:47.033865Z","description":"Opening defects in a test management tool refers to the process of logging and documenting identified issues or defects during the testing phase of a software project. Test management tools provide a centralized platform where testers can record and track defects encountered during testing, making it easier to manage and resolve them efficiently.","document":"","id":"4ee35416f8574fbf9f7b1ff4988cecee","name":"Opening Defects in Test Management Tool","thumbnail":"","updated_at":"2023-06-02T13:04:47.033865Z","video":""},{"created_at":"2023-06-02T13:06:00.817059Z","description":"Creating test cases is an integral part of the software testing process. Test cases are detailed and structured sets of inputs, conditions, and expected outcomes that are designed to verify the functionality, behavior, and performance of a software application.","document":"","id":"a5ed3c38b23945c8ad72c8e345f10f79","name":"Creating Test Cases","thumbnail":"","updated_at":"2023-06-11T04:21:45.858711Z","video":"https://www.youtube.com/watch?v=g0PrXoWKM2Y"},{"created_at":"2023-06-02T13:05:17.082276Z","description":"Software testing is the process of evaluating a software application or system to assess its quality, functionality, and performance. It involves conducting various activities to identify defects, errors, or inconsistencies in the software and ensuring that it meets the specified requirements and expectations.","document":"","id":"ee81fe9badd441b882fad091853619ed","name":"Software Testing","thumbnail":"","updated_at":"2023-06-11T04:23:40.212107Z","video":"https://www.youtube.com/watch?v=_3OhZrad8RM"},{"created_at":"2023-06-02T13:03:52.698969Z","description":"Web application testing refers to the process of assessing and evaluating the functionality, usability, security, and performance of a web application. It involves testing the various components and features of a web application to ensure that it works as intended and meets the specified requirements.","document":"","id":"dd29a3aea12d45eb9ab5da5ac078d02e","name":"Web Application Testing","thumbnail":"","updated_at":"2023-06-11T04:28:15.917008Z","video":"https://www.youtube.com/watch?v=-5QcjRUIDGM"},{"created_at":"2023-06-23T01:27:45.570377Z","description":"asd","document":"","id":"773bbd1ab5724f1799070b2160223e6a","name":"APA AJA","thumbnail":"","updated_at":"2023-06-23T01:27:59.067293Z","video":""},{"created_at":"2023-06-23T02:18:46.043256Z","description":"try","document":"","id":"ec7c19af3ec243bb8be8458ed4541da3","name":"TryOut-3","thumbnail":"","updated_at":"2023-06-23T02:18:46.043256Z","video":""},{"created_at":"2023-06-23T02:19:05.76781Z","description":"tert","document":"","id":"2c47aaa08d944b48bea9f3f3b54ba5fb","name":"TryOut-4","thumbnail":"","updated_at":"2023-06-23T02:19:05.76781Z","video":""},{"created_at":"2023-06-23T02:19:46.143324Z","description":"try out limx","document":"","id":"a4eaeef076c44528b3987b01e3a5ae23","name":"TryOut-5","thumbnail":"","updated_at":"2023-06-23T02:19:46.143324Z","video":""}],"name":"Quality Assurance","price":200000,"rating":0,"rating1":0,"rating2":0,"rating3":0,"rating4":0,"rating5":0,"ratingN":0,"thumbnail":"https://skfw.net/api/v1/public/image/62b5c3a.course.thumb.png","update_at":"2023-06-22T18:42:21.469856Z","video":""},{"categories":["life","short"],"checkout":[{"id":"18ae7701cbff4e5f8d75b7fa53ac437e","created_at":"2023-06-21T15:26:19.742517Z","updated_at":"2023-06-23T07:27:50.03525Z","deleted_at":null,"user_id":"699e70b18e024cc6a7129bc55d2d0425","course_id":"9a215293cf144266873351b0264f6277","payment_method":"Dana","verify":true},{"id":"a739612532a745edaf8af662291e86b1","created_at":"2023-06-12T06:41:28.229549Z","updated_at":"2023-06-12T06:41:54.561764Z","deleted_at":null,"user_id":"a7ee88c00ab5428e959d4784cf5567a3","course_id":"9a215293cf144266873351b0264f6277","payment_method":"paypool","verify":true},{"id":"e0c3595591744f73a81df29f700f299d","created_at":"2023-06-12T07:51:32.912716Z","updated_at":"2023-06-21T12:29:37.338532Z","deleted_at":null,"user_id":"aeb70126ba5e45548f8cfec6acb862b8","course_id":"9a215293cf144266873351b0264f6277","payment_method":"nop","verify":true},{"id":"cbc20da1d17440d38225751f19a9fe48","created_at":"2023-06-23T17:48:09.103232Z","updated_at":"2023-06-23T17:48:17.290586Z","deleted_at":null,"user_id":"f06ff5ba27e84625aa629561e03e5d0c","course_id":"9a215293cf144266873351b0264f6277","payment_method":"Dana","verify":true}],"create_by":{"image":"","name":"adminmin","username":"admin"},"created_at":"2023-06-12T06:38:06.08077Z","description":"update course 1","document":"","finished":4,"id":"9a215293cf144266873351b0264f6277","level":"intermediate","member_count":4,"modules":[{"created_at":"2023-06-20T05:42:58.152762Z","description":"123","document":"","id":"ecf5fa80a9b249a2b2a05a682003ec8c","name":"test tes 123","thumbnail":"https://skfw.net/api/v1/public/image/ee884b9.module.thumb.jpg","updated_at":"2023-06-21T12:17:25.423402Z","video":"https://firebasestorage.googleapis.com/v0/b/uploadfile-react.appspot.com/o/videos%2Fundefined?alt=media\u0026token=8bba3edb-fb7b-4e0c-afa0-759b51c67899"},{"created_at":"2023-06-19T06:15:35.591405Z","description":"3333","document":"","id":"722c900477874832a03a04ffe11d5c0e","name":"rehan","thumbnail":"","updated_at":"2023-06-19T06:15:35.591405Z","video":"https://firebasestorage.googleapis.com/v0/b/uploadfile-react.appspot.com/o/videos%2FAnimasi%20-%207529.mp4?alt=media\u0026token=9611e98f-a503-4944-9fa1-719212473d83"},{"created_at":"2023-06-22T02:33:08.664123Z","description":"Test Description","document":"","id":"d484f1e8454644f0b4c0c176d0341c73","name":"Rehan Maulana","thumbnail":"","updated_at":"2023-06-22T02:33:08.664123Z","video":"https://firebasestorage.googleapis.com/v0/b/uploadfile-react.appspot.com/o/videos%2Fundefined?alt=media\u0026token=e25b9d78-d292-49b6-9602-52fbf0dfeeef"},{"created_at":"2023-06-22T07:43:19.067839Z","description":"adiiii","document":"","id":"2984f66743a84fd6844ad3b7e5bf41c2","name":"adi ","thumbnail":"","updated_at":"2023-06-22T07:43:19.067839Z","video":""},{"created_at":"2023-06-22T09:29:15.586642Z","description":"123","document":"","id":"02502675f3184d7884641c15406cdca7","name":"test ajaaaa","thumbnail":"","updated_at":"2023-06-22T09:29:15.586642Z","video":""},{"created_at":"2023-06-23T06:11:00.192804Z","description":"Jangan mati sebelum namatin wanpis","document":"","id":"7ff961e3439b4fbcb693ba68f499c03a","name":"Life Lesson","thumbnail":"","updated_at":"2023-06-23T06:11:00.192804Z","video":""}],"name":"Life is Shorts","price":1500000,"rating":5,"rating1":0,"rating2":0,"rating3":0,"rating4":0,"rating5":1,"ratingN":1,"thumbnail":"","update_at":"2023-06-23T17:48:17.292018Z","video":""},{"categories":[],"checkout":[{"id":"cd793898351842c78479394ba22ae59b","created_at":"2023"
14:45:54.494 [main] DEBUG org.apache.http.wire --  << "-06-23T18:12:11.10193Z","updated_at":"2023-06-23T18:12:13.837352Z","deleted_at":null,"user_id":"aeb70126ba5e45548f8cfec6acb862b8","course_id":"943926f30702493d9d06fdb9afdb57c6","payment_method":"Gopay","verify":true},{"id":"6ab94aab5fcc44fbb5475b1356bcc16f","created_at":"2023-06-24T04:15:45.1672Z","updated_at":"2023-06-24T04:17:12.282285Z","deleted_at":null,"user_id":"f06ff5ba27e84625aa629561e03e5d0c","course_id":"943926f30702493d9d06fdb9afdb57c6","payment_method":"LinkAja","verify":true},{"id":"be373a3cbac9415ba95b7bcb1f2a28ac","created_at":"2023-06-22T18:42:42.116731Z","updated_at":"2023-06-22T18:42:44.203168Z","deleted_at":null,"user_id":"1dc692d3b8ed4fc7995b38c71dbd82b7","course_id":"943926f30702493d9d06fdb9afdb57c6","payment_method":"Gopay","verify":true},{"id":"d646da2b7a1543a0bda32de4bb9e19b1","created_at":"2023-06-22T17:27:25.785497Z","updated_at":"2023-06-23T07:27:50.03525Z","deleted_at":null,"user_id":"699e70b18e024cc6a7129bc55d2d0425","course_id":"943926f30702493d9d06fdb9afdb57c6","payment_method":"Dana","verify":true}],"create_by":{"image":"","name":"adminmin","username":"admin"},"created_at":"2023-06-13T03:10:59.344379Z","description":"Go Language","document":"","finished":0,"id":"943926f30702493d9d06fdb9afdb57c6","level":"intermediate","member_count":6,"modules":[{"created_at":"2023-06-20T07:57:42.447918Z","description":"intro aje dulu napa","document":"","id":"5bf06b30d3dd4ac6a7968c90e86b41f9","name":"Intro","thumbnail":"","updated_at":"2023-06-20T07:57:42.447918Z","video":"https://firebasestorage.googleapis.com/v0/b/uploadfile-react.appspot.com/o/videos%2Fundefined?alt=media\u0026token=de78b0b0-19da-428a-afd8-a7f390550ff5"},{"created_at":"2023-06-22T07:28:27.648277Z","description":"sasa","document":"","id":"b43f17bc8c7b402bbcdad83823118a82","name":"sasa","thumbnail":"","updated_at":"2023-06-22T07:28:27.648277Z","video":"https://firebasestorage.googleapis.com/v0/b/uploadfile-react.appspot.com/o/videos%2Fundefined?alt=media\u0026token=f9bfa734-1d40-45cd-b9bc-60225310a48c"},{"created_at":"2023-06-22T11:28:18.346331Z","description":"123","document":"","id":"6cf5b0be08704d179695f93ec2466183","name":"tes aja","thumbnail":"","updated_at":"2023-06-22T11:28:18.346331Z","video":""},{"created_at":"2023-06-22T11:30:14.677005Z","description":"coba aja ","document":"","id":"ab8e64f124b54240b45c0914427ef262","name":"cobaa","thumbnail":"","updated_at":"2023-06-22T11:30:14.677005Z","video":"https://firebasestorage.googleapis.com/v0/b/uploadfile-react.appspot.com/o/videos%2Fmylivewallpapers.com-Jujutsu-Kaisen.mp4?alt=media\u0026token=e96a224b-aeee-4986-a731-d70563fc46fa"},{"created_at":"2023-06-23T06:09:45.020968Z","description":"semangat","document":"","id":"b67c194dd53146909b3220a9bace0cdc","name":"Gudlak","thumbnail":"","updated_at":"2023-06-23T06:09:45.020968Z","video":""},{"created_at":"2023-06-15T11:56:58.176383Z","description":"testi besti","document":"","id":"aca823ed77374f84a2461dda6f8f2f1c","name":"test quizzz","thumbnail":"","updated_at":"2023-06-23T06:09:59.889406Z","video":""}],"name":"Backend With Golang","price":30000,"rating":0,"rating1":0,"rating2":0,"rating3":0,"rating4":0,"rating5":0,"ratingN":0,"thumbnail":"https://skfw.net/api/v1/public/image/e230343.course.thumb.jpg","update_at":"2023-06-24T04:17:12.283941Z","video":""},{"categories":["Software"],"checkout":[{"id":"04cfe1ca044a4920880ed7360baef407","created_at":"2023-06-23T17:46:43.356823Z","updated_at":"2023-06-23T17:46:44.177355Z","deleted_at":null,"user_id":"f06ff5ba27e84625aa629561e03e5d0c","course_id":"f2794d678a564a46af0c333dc94eab26","payment_method":"Gopay","verify":true}],"create_by":{"image":"","name":"adminmin","username":"admin"},"created_at":"2023-06-23T07:57:09.649079Z","description":"ini test 1","document":"","finished":0,"id":"f2794d678a564a46af0c333dc94eab26","level":"Beginner","member_count":1,"modules":[{"created_at":"2023-06-24T05:00:08.347938Z","description":"asd","document":"","id":"089829c0847748ff83308ecf8ed3ddf0","name":"asd","thumbnail":"","updated_at":"2023-06-24T05:00:08.347938Z","video":""}],"name":"Automation Test 1","price":3500000,"rating":0,"rating1":0,"rating2":0,"rating3":0,"rating4":0,"rating5":0,"ratingN":0,"thumbnail":"","update_at":"2023-06-23T17:46:44.17866Z","video":""}]}"
14:45:54.494 [main] DEBUG org.apache.http.impl.conn.BasicClientConnectionManager -- Releasing connection org.apache.http.impl.conn.ManagedClientConnectionImpl@6ac4f31d
14:45:54.494 [main] DEBUG org.apache.http.impl.conn.BasicClientConnectionManager -- Connection can be kept alive indefinitely
14:45:54.499 [main] DEBUG net.thucydides.core.steps.StepInterceptor -- STEP DONE: user send GET HTTP request
  &amp#27;[32mWhen &amp#27;[0m&amp#27;[32muser send GET HTTP request&amp#27;[0m                                  &amp#27;[90m# starter.stepdefinitions.UserSteps.userSendGETHTTPRequest()&amp#27;[0m
14:45:54.501 [main] DEBUG net.thucydides.core.steps.StepInterceptor -- STARTING STEP: UserSteps.userSeeStatusCode200 - user see status code 200
14:45:54.502 [main] DEBUG net.thucydides.core.steps.StepInterceptor -- STEP DONE: user see status code 200
  &amp#27;[32mThen &amp#27;[0m&amp#27;[32muser see status code 200&amp#27;[0m                                    &amp#27;[90m# starter.stepdefinitions.UserSteps.userSeeStatusCode200()&amp#27;[0m
14:45:54.503 [main] INFO  -- 
  _____   ___   ___   _____     ___     _     ___   ___   ___   ___  
 |_   _| | __| / __| |_   _|   | _ \   /_\   / __| / __| | __| |   \ 
   | |   | _|  \__ \   | |     |  _/  / _ \  \__ \ \__ \ | _|  | |) |
   |_|   |___| |___/   |_|     |_|   /_/ \_\ |___/ |___/ |___| |___/ 

GET - As a admin I want to successful get course resumes
----------------------------------------------------------------------
]]></system-out>
  </testcase>
  <testcase name="POST - As a user I success to create account with valid data" classname="As user i want to create account So that i can login and see home page" time="0.236">
    <failure type="java.lang.AssertionError"><![CDATA[java.lang.AssertionError: 
1 expectation failed.
Expected status code <201> but was <500>.

]]></failure>
    <system-out><![CDATA[14:45:54.504 [main] DEBUG io.cucumber.core.plugin.SerenityReporter -- Running feature from file:///D:/GITHUB/qe-automation/capstone-api/src/test/resources/features/register.feature
14:45:54.505 [main] DEBUG net.thucydides.core.steps.StepEventBus -- Test suite started for story net.thucydides.core.model.Story@c1050949
14:45:54.505 [main] INFO  -- Test Suite Started: As user i want to create account So that i can login and see home page

@Register
Scenario: POST - As a user I success to create account with valid data &amp#27;[90m# src/test/resources/features/register.feature:4&amp#27;[0m
14:45:54.508 [main] DEBUG io.cucumber.core.plugin.SerenityReporter -- Running feature from file:///D:/GITHUB/qe-automation/capstone-api/src/test/resources/features/register.feature
14:45:54.509 [main] INFO  -- 
  _____   ___   ___   _____     ___   _____     _     ___   _____   ___   ___  
 |_   _| | __| / __| |_   _|   / __| |_   _|   /_\   | _ \ |_   _| | __| |   \ 
   | |   | _|  \__ \   | |     \__ \   | |    / _ \  |   /   | |   | _|  | |) |
   |_|   |___| |___/   |_|     |___/   |_|   /_/ \_\ |_|_\   |_|   |___| |___/ 

POST - As a user I success to create account with valid data(as-user-i-want-to-create-account-so-that-i-can-login-and-see-home-page;post---as-a-user-i-success-to-create-account-with-valid-data)
--------------------------------------------------------------------------------
14:45:54.519 [main] DEBUG net.thucydides.core.steps.StepInterceptor -- STARTING STEP: UserSteps.userSetEndpointForRegister - user set endpoint for register
14:45:54.519 [main] DEBUG net.thucydides.core.steps.StepInterceptor -- STEP DONE: user set endpoint for register
  &amp#27;[32mGiven &amp#27;[0m&amp#27;[32muser set endpoint for register&amp#27;[0m                                 &amp#27;[90m# starter.stepdefinitions.UserSteps.userSetEndpointForRegister()&amp#27;[0m
14:45:54.521 [main] DEBUG net.thucydides.core.steps.StepInterceptor -- STARTING STEP: UserSteps.userSendCreateAccountWithValidData - user send create account with valid data
14:45:54.522 [main] DEBUG net.thucydides.core.steps.StepInterceptor -- STARTING STEP: Authentication_Register.userSendCreateAccountWithValidData - user set endpoint for register
14:45:54.522 [main] DEBUG net.thucydides.core.steps.StepInterceptor -- STEP DONE: user set endpoint for register
14:45:54.528 [main] DEBUG org.apache.http.impl.conn.BasicClientConnectionManager -- Get connection for route {s}->https://skfw.net:443
14:45:54.529 [main] DEBUG org.apache.http.impl.conn.DefaultClientConnectionOperator -- Connecting to skfw.net:443
14:45:54.567 [main] DEBUG org.apache.http.client.protocol.RequestAddCookies -- CookieSpec selected: ignoreCookies
14:45:54.567 [main] DEBUG org.apache.http.client.protocol.RequestAuthCache -- Auth cache not set in the context
14:45:54.567 [main] DEBUG org.apache.http.client.protocol.RequestTargetAuthentication -- Target auth state: UNCHALLENGED
14:45:54.567 [main] DEBUG org.apache.http.client.protocol.RequestProxyAuthentication -- Proxy auth state: UNCHALLENGED
14:45:54.567 [main] DEBUG org.apache.http.impl.client.DefaultHttpClient -- Attempt 1 to execute request
14:45:54.567 [main] DEBUG org.apache.http.impl.conn.DefaultClientConnection -- Sending request: POST /api/v1/users/signup HTTP/1.1
14:45:54.567 [main] DEBUG org.apache.http.wire --  >> "POST /api/v1/users/signup HTTP/1.1[\r][\n]"
14:45:54.567 [main] DEBUG org.apache.http.wire --  >> "Accept: */*[\r][\n]"
14:45:54.567 [main] DEBUG org.apache.http.wire --  >> "Content-Type: application/json[\r][\n]"
14:45:54.567 [main] DEBUG org.apache.http.wire --  >> "Content-Length: 111[\r][\n]"
14:45:54.567 [main] DEBUG org.apache.http.wire --  >> "Host: skfw.net[\r][\n]"
14:45:54.567 [main] DEBUG org.apache.http.wire --  >> "Connection: Keep-Alive[\r][\n]"
14:45:54.567 [main] DEBUG org.apache.http.wire --  >> "User-Agent: Apache-HttpClient/4.5.13 (Java/11.0.15)[\r][\n]"
14:45:54.567 [main] DEBUG org.apache.http.wire --  >> "Accept-Encoding: gzip,deflate[\r][\n]"
14:45:54.567 [main] DEBUG org.apache.http.wire --  >> "[\r][\n]"
14:45:54.567 [main] DEBUG org.apache.http.headers -- >> POST /api/v1/users/signup HTTP/1.1
14:45:54.567 [main] DEBUG org.apache.http.headers -- >> Accept: */*
14:45:54.567 [main] DEBUG org.apache.http.headers -- >> Content-Type: application/json
14:45:54.567 [main] DEBUG org.apache.http.headers -- >> Content-Length: 111
14:45:54.567 [main] DEBUG org.apache.http.headers -- >> Host: skfw.net
14:45:54.567 [main] DEBUG org.apache.http.headers -- >> Connection: Keep-Alive
14:45:54.567 [main] DEBUG org.apache.http.headers -- >> User-Agent: Apache-HttpClient/4.5.13 (Java/11.0.15)
14:45:54.567 [main] DEBUG org.apache.http.headers -- >> Accept-Encoding: gzip,deflate
14:45:54.567 [main] DEBUG org.apache.http.wire --  >> "{"password":"User@1234","name":"testforqa12345","email":"3testforqa12345@mail.co","username":"3testforqa12345"}"
14:45:54.656 [main] DEBUG org.apache.http.wire --  << "HTTP/1.1 500 Internal Server Error[\r][\n]"
14:45:54.656 [main] DEBUG org.apache.http.wire --  << "Server: nginx/1.22.1 (Ubuntu)[\r][\n]"
14:45:54.656 [main] DEBUG org.apache.http.wire --  << "Date: Sat, 24 Jun 2023 07:45:54 GMT[\r][\n]"
14:45:54.656 [main] DEBUG org.apache.http.wire --  << "Content-Type: application/json[\r][\n]"
14:45:54.656 [main] DEBUG org.apache.http.wire --  << "Content-Length: 122[\r][\n]"
14:45:54.656 [main] DEBUG org.apache.http.wire --  << "Connection: keep-alive[\r][\n]"
14:45:54.656 [main] DEBUG org.apache.http.wire --  << "[\r][\n]"
14:45:54.656 [main] DEBUG org.apache.http.impl.conn.DefaultClientConnection -- Receiving response: HTTP/1.1 500 Internal Server Error
14:45:54.656 [main] DEBUG org.apache.http.headers -- << HTTP/1.1 500 Internal Server Error
14:45:54.656 [main] DEBUG org.apache.http.headers -- << Server: nginx/1.22.1 (Ubuntu)
14:45:54.656 [main] DEBUG org.apache.http.headers -- << Date: Sat, 24 Jun 2023 07:45:54 GMT
14:45:54.656 [main] DEBUG org.apache.http.headers -- << Content-Type: application/json
14:45:54.656 [main] DEBUG org.apache.http.headers -- << Content-Length: 122
14:45:54.656 [main] DEBUG org.apache.http.headers -- << Connection: keep-alive
14:45:54.656 [main] DEBUG org.apache.http.impl.client.DefaultHttpClient -- Connection can be kept alive indefinitely
14:45:54.657 [main] DEBUG io.restassured.internal.RestAssuredHttpBuilder -- Parsing response as: application/json
14:45:54.657 [main] DEBUG io.restassured.internal.RestAssuredHttpBuilder -- Parsed data to instance of: class org.apache.http.conn.EofSensorInputStream
14:45:54.657 [main] DEBUG org.apache.http.wire --  << "{"id":1038624990,"logs":[],"status":"Unknown","message":"username is already in use for someone","error":true,"data":null}"
14:45:54.657 [main] DEBUG org.apache.http.impl.conn.BasicClientConnectionManager -- Releasing connection org.apache.http.impl.conn.ManagedClientConnectionImpl@1d988297
14:45:54.658 [main] DEBUG org.apache.http.impl.conn.BasicClientConnectionManager -- Connection can be kept alive indefinitely
14:45:54.658 [main] DEBUG net.thucydides.core.steps.StepInterceptor -- STEP DONE: user send create account with valid data
  &amp#27;[32mWhen &amp#27;[0m&amp#27;[32muser send create account with valid data&amp#27;[0m                        &amp#27;[90m# starter.stepdefinitions.UserSteps.userSendCreateAccountWithValidData()&amp#27;[0m
14:45:54.660 [main] DEBUG net.thucydides.core.steps.StepInterceptor -- STARTING STEP: UserSteps.userSeeStatusCode201AfterSendRegister - user see status code 201 after send register
  &amp#27;[31mThen &amp#27;[0m&amp#27;[31muser see status code 201 after send register&amp#27;[0m                    &amp#27;[90m# starter.stepdefinitions.UserSteps.userSeeStatusCode201AfterSendRegister()&amp#27;[0m
      &amp#27;[31mjava.lang.AssertionError: 1 expectation failed.
Expected status code <201> but was <500>.

	at java.base/jdk.internal.reflect.NativeConstructorAccessorImpl.newInstance0(Native Method)
	at java.base/jdk.internal.reflect.NativeConstructorAccessorImpl.newInstance(NativeConstructorAccessorImpl.java:62)
	at java.base/jdk.internal.reflect.DelegatingConstructorAccessorImpl.newInstance(DelegatingConstructorAccessorImpl.java:45)
	at java.base/java.lang.reflect.Constructor.newInstance(Constructor.java:490)
	at org.codehaus.groovy.reflection.CachedConstructor.invoke(CachedConstructor.java:73)
	at org.codehaus.groovy.reflection.CachedConstructor.doConstructorInvoke(CachedConstructor.java:60)
	at org.codehaus.groovy.runtime.callsite.ConstructorSite$ConstructorSiteNoUnwrap.callConstructor(ConstructorSite.java:86)
	at org.codehaus.groovy.runtime.callsite.CallSiteArray.defaultCallConstructor(CallSiteArray.java:57)
	at org.codehaus.groovy.runtime.callsite.AbstractCallSite.callConstructor(AbstractCallSite.java:263)
	at org.codehaus.groovy.runtime.callsite.AbstractCallSite.callConstructor(AbstractCallSite.java:277)
	at io.restassured.internal.ResponseSpecificationImpl$HamcrestAssertionClosure.validate(ResponseSpecificationImpl.groovy:512)
	at io.restassured.internal.ResponseSpecificationImpl$HamcrestAssertionClosure$validate$1.call(Unknown Source)
	at io.restassured.internal.ResponseSpecificationImpl.validateResponseIfRequired(ResponseSpecificationImpl.groovy:696)
	at io.restassured.internal.ResponseSpecificationImpl.this$2$validateResponseIfRequired(ResponseSpecificationImpl.groovy)
	at jdk.internal.reflect.GeneratedMethodAccessor146.invoke(Unknown Source)
	at java.base/jdk.internal.reflect.DelegatingMethodAccessorImpl.invoke(DelegatingMethodAccessorImpl.java:43)
	at java.base/java.lang.reflect.Method.invoke(Method.java:566)
	at org.codehaus.groovy.runtime.callsite.PlainObjectMetaMethodSite.doInvoke(PlainObjectMetaMethodSite.java:43)
	at org.codehaus.groovy.runtime.callsite.PogoMetaMethodSite$PogoCachedMethodSiteNoUnwrapNoCoerce.invoke(PogoMetaMethodSite.java:198)
	at org.codehaus.groovy.runtime.callsite.PogoMetaMethodSite.callCurrent(PogoMetaMethodSite.java:62)
	at org.codehaus.groovy.runtime.callsite.AbstractCallSite.callCurrent(AbstractCallSite.java:185)
	at io.restassured.internal.ResponseSpecificationImpl.statusCode(ResponseSpecificationImpl.groovy:135)
	at io.restassured.specification.ResponseSpecification$statusCode$0.callCurrent(Unknown Source)
	at io.restassured.internal.ResponseSpecificationImpl.statusCode(ResponseSpecificationImpl.groovy:143)
	at io.restassured.internal.ValidatableResponseOptionsImpl.statusCode(ValidatableResponseOptionsImpl.java:89)
	at capstone.api@1.0-SNAPSHOT/starter.user.Authentication_Register.lambda$userSeeStatusCode201AfterSendRegister$0(Authentication_Register.java:35)
	at net.serenitybdd.rest.SerenityRest.restAssuredThat(SerenityRest.java:626)
	at capstone.api@1.0-SNAPSHOT/starter.user.Authentication_Register.userSeeStatusCode201AfterSendRegister(Authentication_Register.java:35)
	at capstone.api@1.0-SNAPSHOT/starter.user.Authentication_Register$ByteBuddy$q8f1YyLG.userSeeStatusCode201AfterSendRegister$accessor$ay662Xxo(Unknown Source)
	at java.base/jdk.internal.reflect.NativeMethodAccessorImpl.invoke0(Native Method)
	at java.base/jdk.internal.reflect.NativeMethodAccessorImpl.invoke(NativeMethodAccessorImpl.java:62)
	at java.base/jdk.internal.reflect.DelegatingMethodAccessorImpl.invoke(DelegatingMethodAccessorImpl.java:43)
	at java.base/java.lang.reflect.Method.invoke(Method.java:566)
	at net.thucydides.core.steps.StepInterceptor.invokeMethod(StepInterceptor.java:518)
	at net.thucydides.core.steps.StepInterceptor.executeTestStepMethod(StepInterceptor.java:498)
	at net.thucydides.core.steps.StepInterceptor.runTestStep(StepInterceptor.java:472)
	at net.thucydides.core.steps.StepInterceptor.runOrSkipMethod(StepInterceptor.java:211)
	at net.thucydides.core.steps.StepInterceptor.testStepResult(StepInterceptor.java:198)
	at net.thucydides.core.steps.StepInterceptor.intercept(StepInterceptor.java:86)
	at net.thucydides.core.steps.ProxyConfiguration$InterceptorDispatcher.intercept(ProxyConfiguration.java:51)
	at capstone.api@1.0-SNAPSHOT/starter.user.Authentication_Register$ByteBuddy$q8f1YyLG.userSeeStatusCode201AfterSendRegister(Unknown Source)
	at capstone.api@1.0-SNAPSHOT/starter.stepdefinitions.UserSteps.userSeeStatusCode201AfterSendRegister(UserSteps.java:85)
	at âœ½.user see status code 201 after send register(file:///D:/GITHUB/qe-automation/capstone-api/src/test/resources/features/register.feature:7)
&amp#27;[0m
  &amp#27;[36mAnd &amp#27;[0m&amp#27;[36muser see new detail account&amp#27;[0m                                      &amp#27;[90m# starter.stepdefinitions.UserSteps.userSeeNewDetailAccount()&amp#27;[0m
14:45:54.690 [main] ERROR  -- 
  _____   ___   ___   _____     ___     _     ___   _      ___   ___  
 |_   _| | __| / __| |_   _|   | __|   /_\   |_ _| | |    | __| |   \ 
   | |   | _|  \__ \   | |     | _|   / _ \   | |  | |__  | _|  | |) |
   |_|   |___| |___/   |_|     |_|   /_/ \_\ |___| |____| |___| |___/ 

POST - As a user I success to create account with valid data
-----------------------------------------------------------------------
14:45:54.691 [main] DEBUG  -- RELATED ISSUES: 
14:45:54.738 [main] ERROR  --     Test failed at step: user see status code 201 after send register
14:45:54.738 [main] ERROR  --     1 expectation failed.Expected status code <201> but was <500>.
]]></system-out>
  </testcase>
  <testcase name="POST - Register an account with the data already registered" classname="As user i want to create account So that i can login and see home page" time="0.164">
    <system-out><![CDATA[
@Register
Scenario: POST - Register an account with the data already registered &amp#27;[90m# src/test/resources/features/register.feature:10&amp#27;[0m
14:45:54.749 [main] DEBUG io.cucumber.core.plugin.SerenityReporter -- Running feature from file:///D:/GITHUB/qe-automation/capstone-api/src/test/resources/features/register.feature
14:45:54.750 [main] INFO  -- 
  _____   ___   ___   _____     ___   _____     _     ___   _____   ___   ___  
 |_   _| | __| / __| |_   _|   / __| |_   _|   /_\   | _ \ |_   _| | __| |   \ 
   | |   | _|  \__ \   | |     \__ \   | |    / _ \  |   /   | |   | _|  | |) |
   |_|   |___| |___/   |_|     |___/   |_|   /_/ \_\ |_|_\   |_|   |___| |___/ 

POST - Register an account with the data already registered(as-user-i-want-to-create-account-so-that-i-can-login-and-see-home-page;post---register-an-account-with-the-data-already-registered)
--------------------------------------------------------------------------------
14:45:54.760 [main] DEBUG net.thucydides.core.steps.StepInterceptor -- STARTING STEP: UserSteps.userSetEndpointForRegister - user set endpoint for register
14:45:54.760 [main] DEBUG net.thucydides.core.steps.StepInterceptor -- STEP DONE: user set endpoint for register
  &amp#27;[32mGiven &amp#27;[0m&amp#27;[32muser set endpoint for register&amp#27;[0m                                &amp#27;[90m# starter.stepdefinitions.UserSteps.userSetEndpointForRegister()&amp#27;[0m
14:45:54.762 [main] DEBUG net.thucydides.core.steps.StepInterceptor -- STARTING STEP: UserSteps.userSendCreateAccountWithDataAlreadyRegistered - user send create account with data already registered
14:45:54.763 [main] DEBUG net.thucydides.core.steps.StepInterceptor -- STARTING STEP: Authentication_Register.userSendCreateAccountWithDataAlreadyRegistered - user set endpoint for register
14:45:54.763 [main] DEBUG net.thucydides.core.steps.StepInterceptor -- STEP DONE: user set endpoint for register
14:45:54.770 [main] DEBUG org.apache.http.impl.conn.BasicClientConnectionManager -- Get connection for route {s}->https://skfw.net:443
14:45:54.770 [main] DEBUG org.apache.http.impl.conn.DefaultClientConnectionOperator -- Connecting to skfw.net:443
14:45:54.807 [main] DEBUG org.apache.http.client.protocol.RequestAddCookies -- CookieSpec selected: ignoreCookies
14:45:54.807 [main] DEBUG org.apache.http.client.protocol.RequestAuthCache -- Auth cache not set in the context
14:45:54.807 [main] DEBUG org.apache.http.client.protocol.RequestTargetAuthentication -- Target auth state: UNCHALLENGED
14:45:54.807 [main] DEBUG org.apache.http.client.protocol.RequestProxyAuthentication -- Proxy auth state: UNCHALLENGED
14:45:54.807 [main] DEBUG org.apache.http.impl.client.DefaultHttpClient -- Attempt 1 to execute request
14:45:54.807 [main] DEBUG org.apache.http.impl.conn.DefaultClientConnection -- Sending request: POST /api/v1/users/signup HTTP/1.1
14:45:54.808 [main] DEBUG org.apache.http.wire --  >> "POST /api/v1/users/signup HTTP/1.1[\r][\n]"
14:45:54.808 [main] DEBUG org.apache.http.wire --  >> "Accept: */*[\r][\n]"
14:45:54.808 [main] DEBUG org.apache.http.wire --  >> "Content-Type: application/json[\r][\n]"
14:45:54.808 [main] DEBUG org.apache.http.wire --  >> "Content-Length: 95[\r][\n]"
14:45:54.808 [main] DEBUG org.apache.http.wire --  >> "Host: skfw.net[\r][\n]"
14:45:54.808 [main] DEBUG org.apache.http.wire --  >> "Connection: Keep-Alive[\r][\n]"
14:45:54.808 [main] DEBUG org.apache.http.wire --  >> "User-Agent: Apache-HttpClient/4.5.13 (Java/11.0.15)[\r][\n]"
14:45:54.808 [main] DEBUG org.apache.http.wire --  >> "Accept-Encoding: gzip,deflate[\r][\n]"
14:45:54.808 [main] DEBUG org.apache.http.wire --  >> "[\r][\n]"
14:45:54.808 [main] DEBUG org.apache.http.headers -- >> POST /api/v1/users/signup HTTP/1.1
14:45:54.808 [main] DEBUG org.apache.http.headers -- >> Accept: */*
14:45:54.808 [main] DEBUG org.apache.http.headers -- >> Content-Type: application/json
14:45:54.808 [main] DEBUG org.apache.http.headers -- >> Content-Length: 95
14:45:54.808 [main] DEBUG org.apache.http.headers -- >> Host: skfw.net
14:45:54.808 [main] DEBUG org.apache.http.headers -- >> Connection: Keep-Alive
14:45:54.808 [main] DEBUG org.apache.http.headers -- >> User-Agent: Apache-HttpClient/4.5.13 (Java/11.0.15)
14:45:54.808 [main] DEBUG org.apache.http.headers -- >> Accept-Encoding: gzip,deflate
14:45:54.808 [main] DEBUG org.apache.http.wire --  >> "{"password":"User@1234usertestqa","name":"testqa","email":"testqa@mail.co","username":"testqa"}"
14:45:54.900 [main] DEBUG org.apache.http.wire --  << "HTTP/1.1 500 Internal Server Error[\r][\n]"
14:45:54.900 [main] DEBUG org.apache.http.wire --  << "Server: nginx/1.22.1 (Ubuntu)[\r][\n]"
14:45:54.900 [main] DEBUG org.apache.http.wire --  << "Date: Sat, 24 Jun 2023 07:45:54 GMT[\r][\n]"
14:45:54.900 [main] DEBUG org.apache.http.wire --  << "Content-Type: application/json[\r][\n]"
14:45:54.900 [main] DEBUG org.apache.http.wire --  << "Content-Length: 122[\r][\n]"
14:45:54.900 [main] DEBUG org.apache.http.wire --  << "Connection: keep-alive[\r][\n]"
14:45:54.900 [main] DEBUG org.apache.http.wire --  << "[\r][\n]"
14:45:54.900 [main] DEBUG org.apache.http.impl.conn.DefaultClientConnection -- Receiving response: HTTP/1.1 500 Internal Server Error
14:45:54.900 [main] DEBUG org.apache.http.headers -- << HTTP/1.1 500 Internal Server Error
14:45:54.900 [main] DEBUG org.apache.http.headers -- << Server: nginx/1.22.1 (Ubuntu)
14:45:54.900 [main] DEBUG org.apache.http.headers -- << Date: Sat, 24 Jun 2023 07:45:54 GMT
14:45:54.900 [main] DEBUG org.apache.http.headers -- << Content-Type: application/json
14:45:54.900 [main] DEBUG org.apache.http.headers -- << Content-Length: 122
14:45:54.900 [main] DEBUG org.apache.http.headers -- << Connection: keep-alive
14:45:54.900 [main] DEBUG org.apache.http.impl.client.DefaultHttpClient -- Connection can be kept alive indefinitely
14:45:54.900 [main] DEBUG io.restassured.internal.RestAssuredHttpBuilder -- Parsing response as: application/json
14:45:54.900 [main] DEBUG io.restassured.internal.RestAssuredHttpBuilder -- Parsed data to instance of: class org.apache.http.conn.EofSensorInputStream
14:45:54.901 [main] DEBUG org.apache.http.wire --  << "{"id":1447130449,"logs":[],"status":"Unknown","message":"username is already in use for someone","error":true,"data":null}"
14:45:54.901 [main] DEBUG org.apache.http.impl.conn.BasicClientConnectionManager -- Releasing connection org.apache.http.impl.conn.ManagedClientConnectionImpl@18d09283
14:45:54.901 [main] DEBUG org.apache.http.impl.conn.BasicClientConnectionManager -- Connection can be kept alive indefinitely
14:45:54.902 [main] DEBUG net.thucydides.core.steps.StepInterceptor -- STEP DONE: user send create account with data already registered
  &amp#27;[32mWhen &amp#27;[0m&amp#27;[32muser send create account with data already registered&amp#27;[0m          &amp#27;[90m# starter.stepdefinitions.UserSteps.userSendCreateAccountWithDataAlreadyRegistered()&amp#27;[0m
14:45:54.904 [main] DEBUG net.thucydides.core.steps.StepInterceptor -- STARTING STEP: UserSteps.userSeeStatusCode500AfterSendRegister - user see status code 500 after send register
14:45:54.904 [main] DEBUG net.thucydides.core.steps.StepInterceptor -- STEP DONE: user see status code 500 after send register
  &amp#27;[32mThen &amp#27;[0m&amp#27;[32muser see status code 500 after send register&amp#27;[0m                   &amp#27;[90m# starter.stepdefinitions.UserSteps.userSeeStatusCode500AfterSendRegister()&amp#27;[0m
14:45:54.906 [main] DEBUG net.thucydides.core.steps.StepInterceptor -- STARTING STEP: UserSteps.getErrorMessage - get error message {string}
14:45:54.907 [main] DEBUG net.thucydides.core.steps.StepInterceptor -- STEP DONE: get error message {string}
  &amp#27;[32mAnd &amp#27;[0m&amp#27;[32mget error message &amp#27;[0m&amp#27;[32m&amp#27;[1m"user has been added"&amp#27;[0m                         &amp#27;[90m# starter.stepdefinitions.UserSteps.getErrorMessage(java.lang.String)&amp#27;[0m
14:45:54.908 [main] INFO  -- 
  _____   ___   ___   _____     ___     _     ___   ___   ___   ___  
 |_   _| | __| / __| |_   _|   | _ \   /_\   / __| / __| | __| |   \ 
   | |   | _|  \__ \   | |     |  _/  / _ \  \__ \ \__ \ | _|  | |) |
   |_|   |___| |___/   |_|     |_|   /_/ \_\ |___/ |___/ |___| |___/ 

POST - Register an account with the data already registered
----------------------------------------------------------------------
]]></system-out>
  </testcase>
  <testcase name="POST - Register an account with a short password" classname="As user i want to create account So that i can login and see home page" time="0.083">
    <system-out><![CDATA[
@Register
Scenario: POST - Register an account with a short password &amp#27;[90m# src/test/resources/features/register.feature:16&amp#27;[0m
14:45:54.910 [main] DEBUG io.cucumber.core.plugin.SerenityReporter -- Running feature from file:///D:/GITHUB/qe-automation/capstone-api/src/test/resources/features/register.feature
14:45:54.911 [main] INFO  -- 
  _____   ___   ___   _____     ___   _____     _     ___   _____   ___   ___  
 |_   _| | __| / __| |_   _|   / __| |_   _|   /_\   | _ \ |_   _| | __| |   \ 
   | |   | _|  \__ \   | |     \__ \   | |    / _ \  |   /   | |   | _|  | |) |
   |_|   |___| |___/   |_|     |___/   |_|   /_/ \_\ |_|_\   |_|   |___| |___/ 

POST - Register an account with a short password(as-user-i-want-to-create-account-so-that-i-can-login-and-see-home-page;post---register-an-account-with-a-short-password)
--------------------------------------------------------------------------------
14:45:54.918 [main] DEBUG net.thucydides.core.steps.StepInterceptor -- STARTING STEP: UserSteps.userSetEndpointForRegister - user set endpoint for register
14:45:54.919 [main] DEBUG net.thucydides.core.steps.StepInterceptor -- STEP DONE: user set endpoint for register
  &amp#27;[32mGiven &amp#27;[0m&amp#27;[32muser set endpoint for register&amp#27;[0m                     &amp#27;[90m# starter.stepdefinitions.UserSteps.userSetEndpointForRegister()&amp#27;[0m
14:45:54.921 [main] DEBUG net.thucydides.core.steps.StepInterceptor -- STARTING STEP: UserSteps.userSendCreateAccountWithAShortPassword - user send create account with a short password
14:45:54.922 [main] DEBUG net.thucydides.core.steps.StepInterceptor -- STARTING STEP: Authentication_Register.userSendCreateAccountWithAShortPassword - user set endpoint for register
14:45:54.922 [main] DEBUG net.thucydides.core.steps.StepInterceptor -- STEP DONE: user set endpoint for register
14:45:54.928 [main] DEBUG org.apache.http.impl.conn.BasicClientConnectionManager -- Get connection for route {s}->https://skfw.net:443
14:45:54.929 [main] DEBUG org.apache.http.impl.conn.DefaultClientConnectionOperator -- Connecting to skfw.net:443
14:45:54.964 [main] DEBUG org.apache.http.client.protocol.RequestAddCookies -- CookieSpec selected: ignoreCookies
14:45:54.964 [main] DEBUG org.apache.http.client.protocol.RequestAuthCache -- Auth cache not set in the context
14:45:54.965 [main] DEBUG org.apache.http.client.protocol.RequestTargetAuthentication -- Target auth state: UNCHALLENGED
14:45:54.965 [main] DEBUG org.apache.http.client.protocol.RequestProxyAuthentication -- Proxy auth state: UNCHALLENGED
14:45:54.965 [main] DEBUG org.apache.http.impl.client.DefaultHttpClient -- Attempt 1 to execute request
14:45:54.965 [main] DEBUG org.apache.http.impl.conn.DefaultClientConnection -- Sending request: POST /api/v1/users/signup HTTP/1.1
14:45:54.965 [main] DEBUG org.apache.http.wire --  >> "POST /api/v1/users/signup HTTP/1.1[\r][\n]"
14:45:54.965 [main] DEBUG org.apache.http.wire --  >> "Accept: */*[\r][\n]"
14:45:54.965 [main] DEBUG org.apache.http.wire --  >> "Content-Type: application/json[\r][\n]"
14:45:54.965 [main] DEBUG org.apache.http.wire --  >> "Content-Length: 80[\r][\n]"
14:45:54.965 [main] DEBUG org.apache.http.wire --  >> "Host: skfw.net[\r][\n]"
14:45:54.965 [main] DEBUG org.apache.http.wire --  >> "Connection: Keep-Alive[\r][\n]"
14:45:54.965 [main] DEBUG org.apache.http.wire --  >> "User-Agent: Apache-HttpClient/4.5.13 (Java/11.0.15)[\r][\n]"
14:45:54.965 [main] DEBUG org.apache.http.wire --  >> "Accept-Encoding: gzip,deflate[\r][\n]"
14:45:54.965 [main] DEBUG org.apache.http.wire --  >> "[\r][\n]"
14:45:54.965 [main] DEBUG org.apache.http.headers -- >> POST /api/v1/users/signup HTTP/1.1
14:45:54.965 [main] DEBUG org.apache.http.headers -- >> Accept: */*
14:45:54.965 [main] DEBUG org.apache.http.headers -- >> Content-Type: application/json
14:45:54.965 [main] DEBUG org.apache.http.headers -- >> Content-Length: 80
14:45:54.965 [main] DEBUG org.apache.http.headers -- >> Host: skfw.net
14:45:54.965 [main] DEBUG org.apache.http.headers -- >> Connection: Keep-Alive
14:45:54.965 [main] DEBUG org.apache.http.headers -- >> User-Agent: Apache-HttpClient/4.5.13 (Java/11.0.15)
14:45:54.965 [main] DEBUG org.apache.http.headers -- >> Accept-Encoding: gzip,deflate
14:45:54.965 [main] DEBUG org.apache.http.wire --  >> "{"password":"user","name":"testqa","email":"testqa@mail.co","username":"testqa"}"
14:45:54.982 [main] DEBUG org.apache.http.wire --  << "HTTP/1.1 400 Bad Request[\r][\n]"
14:45:54.982 [main] DEBUG org.apache.http.wire --  << "Server: nginx/1.22.1 (Ubuntu)[\r][\n]"
14:45:54.982 [main] DEBUG org.apache.http.wire --  << "Date: Sat, 24 Jun 2023 07:45:54 GMT[\r][\n]"
14:45:54.982 [main] DEBUG org.apache.http.wire --  << "Content-Type: application/json[\r][\n]"
14:45:54.982 [main] DEBUG org.apache.http.wire --  << "Content-Length: 105[\r][\n]"
14:45:54.982 [main] DEBUG org.apache.http.wire --  << "Connection: keep-alive[\r][\n]"
14:45:54.982 [main] DEBUG org.apache.http.wire --  << "[\r][\n]"
14:45:54.982 [main] DEBUG org.apache.http.impl.conn.DefaultClientConnection -- Receiving response: HTTP/1.1 400 Bad Request
14:45:54.982 [main] DEBUG org.apache.http.headers -- << HTTP/1.1 400 Bad Request
14:45:54.982 [main] DEBUG org.apache.http.headers -- << Server: nginx/1.22.1 (Ubuntu)
14:45:54.982 [main] DEBUG org.apache.http.headers -- << Date: Sat, 24 Jun 2023 07:45:54 GMT
14:45:54.982 [main] DEBUG org.apache.http.headers -- << Content-Type: application/json
14:45:54.982 [main] DEBUG org.apache.http.headers -- << Content-Length: 105
14:45:54.982 [main] DEBUG org.apache.http.headers -- << Connection: keep-alive
14:45:54.982 [main] DEBUG org.apache.http.impl.client.DefaultHttpClient -- Connection can be kept alive indefinitely
14:45:54.983 [main] DEBUG io.restassured.internal.RestAssuredHttpBuilder -- Parsing response as: application/json
14:45:54.983 [main] DEBUG io.restassured.internal.RestAssuredHttpBuilder -- Parsed data to instance of: class org.apache.http.conn.EofSensorInputStream
14:45:54.984 [main] DEBUG org.apache.http.wire --  << "{"id":1780692216,"logs":[],"status":"Unknown","message":"password is too short","error":true,"data":null}"
14:45:54.984 [main] DEBUG org.apache.http.impl.conn.BasicClientConnectionManager -- Releasing connection org.apache.http.impl.conn.ManagedClientConnectionImpl@9d7a853
14:45:54.984 [main] DEBUG org.apache.http.impl.conn.BasicClientConnectionManager -- Connection can be kept alive indefinitely
14:45:54.984 [main] DEBUG net.thucydides.core.steps.StepInterceptor -- STEP DONE: user send create account with a short password
  &amp#27;[32mWhen &amp#27;[0m&amp#27;[32muser send create account with a short password&amp#27;[0m      &amp#27;[90m# starter.stepdefinitions.UserSteps.userSendCreateAccountWithAShortPassword()&amp#27;[0m
14:45:54.987 [main] DEBUG net.thucydides.core.steps.StepInterceptor -- STARTING STEP: UserSteps.userSeeStatusCode400AfterSendRegister - user see status code 400 after send register
14:45:54.987 [main] DEBUG net.thucydides.core.steps.StepInterceptor -- STEP DONE: user see status code 400 after send register
  &amp#27;[32mThen &amp#27;[0m&amp#27;[32muser see status code 400 after send register&amp#27;[0m        &amp#27;[90m# starter.stepdefinitions.UserSteps.userSeeStatusCode400AfterSendRegister()&amp#27;[0m
14:45:54.989 [main] DEBUG net.thucydides.core.steps.StepInterceptor -- STARTING STEP: UserSteps.getErrorMessage - get error message {string}
14:45:54.990 [main] DEBUG net.thucydides.core.steps.StepInterceptor -- STEP DONE: get error message {string}
  &amp#27;[32mAnd &amp#27;[0m&amp#27;[32mget error message &amp#27;[0m&amp#27;[32m&amp#27;[1m"password is too short"&amp#27;[0m            &amp#27;[90m# starter.stepdefinitions.UserSteps.getErrorMessage(java.lang.String)&amp#27;[0m
14:45:54.991 [main] INFO  -- 
  _____   ___   ___   _____     ___     _     ___   ___   ___   ___  
 |_   _| | __| / __| |_   _|   | _ \   /_\   / __| / __| | __| |   \ 
   | |   | _|  \__ \   | |     |  _/  / _ \  \__ \ \__ \ | _|  | |) |
   |_|   |___| |___/   |_|     |_|   /_/ \_\ |___/ |___/ |___| |___/ 

POST - Register an account with a short password
----------------------------------------------------------------------
]]></system-out>
  </testcase>
  <testcase name="POST - Register an account with a password that does not contain special characters" classname="As user i want to create account So that i can login and see home page" time="0.083">
    <system-out><![CDATA[
@Register
Scenario: POST - Register an account with a password that does not contain special characters &amp#27;[90m# src/test/resources/features/register.feature:22&amp#27;[0m
14:45:54.993 [main] DEBUG io.cucumber.core.plugin.SerenityReporter -- Running feature from file:///D:/GITHUB/qe-automation/capstone-api/src/test/resources/features/register.feature
14:45:54.994 [main] INFO  -- 
  _____   ___   ___   _____     ___   _____     _     ___   _____   ___   ___  
 |_   _| | __| / __| |_   _|   / __| |_   _|   /_\   | _ \ |_   _| | __| |   \ 
   | |   | _|  \__ \   | |     \__ \   | |    / _ \  |   /   | |   | _|  | |) |
   |_|   |___| |___/   |_|     |___/   |_|   /_/ \_\ |_|_\   |_|   |___| |___/ 

POST - Register an account with a password that does not contain special characters(as-user-i-want-to-create-account-so-that-i-can-login-and-see-home-page;post---register-an-account-with-a-password-that-does-not-contain-special-characters)
--------------------------------------------------------------------------------
14:45:55.002 [main] DEBUG net.thucydides.core.steps.StepInterceptor -- STARTING STEP: UserSteps.userSetEndpointForRegister - user set endpoint for register
14:45:55.002 [main] DEBUG net.thucydides.core.steps.StepInterceptor -- STEP DONE: user set endpoint for register
  &amp#27;[32mGiven &amp#27;[0m&amp#27;[32muser set endpoint for register&amp#27;[0m                                                        &amp#27;[90m# starter.stepdefinitions.UserSteps.userSetEndpointForRegister()&amp#27;[0m
14:45:55.003 [main] DEBUG net.thucydides.core.steps.StepInterceptor -- STARTING STEP: UserSteps.userSendCreateAccountWithAPasswordThatDoesNotContainSpecialCharacters - user send create account with a password that does not contain special characters
14:45:55.004 [main] DEBUG net.thucydides.core.steps.StepInterceptor -- STARTING STEP: Authentication_Register.userSendCreateAccountWithAPasswordThatDoesNotContainSpecialCharacters - user set endpoint for register
14:45:55.004 [main] DEBUG net.thucydides.core.steps.StepInterceptor -- STEP DONE: user set endpoint for register
14:45:55.010 [main] DEBUG org.apache.http.impl.conn.BasicClientConnectionManager -- Get connection for route {s}->https://skfw.net:443
14:45:55.010 [main] DEBUG org.apache.http.impl.conn.DefaultClientConnectionOperator -- Connecting to skfw.net:443
14:45:55.048 [main] DEBUG org.apache.http.client.protocol.RequestAddCookies -- CookieSpec selected: ignoreCookies
14:45:55.048 [main] DEBUG org.apache.http.client.protocol.RequestAuthCache -- Auth cache not set in the context
14:45:55.048 [main] DEBUG org.apache.http.client.protocol.RequestTargetAuthentication -- Target auth state: UNCHALLENGED
14:45:55.048 [main] DEBUG org.apache.http.client.protocol.RequestProxyAuthentication -- Proxy auth state: UNCHALLENGED
14:45:55.048 [main] DEBUG org.apache.http.impl.client.DefaultHttpClient -- Attempt 1 to execute request
14:45:55.048 [main] DEBUG org.apache.http.impl.conn.DefaultClientConnection -- Sending request: POST /api/v1/users/signup HTTP/1.1
14:45:55.048 [main] DEBUG org.apache.http.wire --  >> "POST /api/v1/users/signup HTTP/1.1[\r][\n]"
14:45:55.048 [main] DEBUG org.apache.http.wire --  >> "Accept: */*[\r][\n]"
14:45:55.048 [main] DEBUG org.apache.http.wire --  >> "Content-Type: application/json[\r][\n]"
14:45:55.048 [main] DEBUG org.apache.http.wire --  >> "Content-Length: 89[\r][\n]"
14:45:55.048 [main] DEBUG org.apache.http.wire --  >> "Host: skfw.net[\r][\n]"
14:45:55.048 [main] DEBUG org.apache.http.wire --  >> "Connection: Keep-Alive[\r][\n]"
14:45:55.048 [main] DEBUG org.apache.http.wire --  >> "User-Agent: Apache-HttpClient/4.5.13 (Java/11.0.15)[\r][\n]"
14:45:55.048 [main] DEBUG org.apache.http.wire --  >> "Accept-Encoding: gzip,deflate[\r][\n]"
14:45:55.048 [main] DEBUG org.apache.http.wire --  >> "[\r][\n]"
14:45:55.048 [main] DEBUG org.apache.http.headers -- >> POST /api/v1/users/signup HTTP/1.1
14:45:55.048 [main] DEBUG org.apache.http.headers -- >> Accept: */*
14:45:55.048 [main] DEBUG org.apache.http.headers -- >> Content-Type: application/json
14:45:55.048 [main] DEBUG org.apache.http.headers -- >> Content-Length: 89
14:45:55.048 [main] DEBUG org.apache.http.headers -- >> Host: skfw.net
14:45:55.048 [main] DEBUG org.apache.http.headers -- >> Connection: Keep-Alive
14:45:55.048 [main] DEBUG org.apache.http.headers -- >> User-Agent: Apache-HttpClient/4.5.13 (Java/11.0.15)
14:45:55.048 [main] DEBUG org.apache.http.headers -- >> Accept-Encoding: gzip,deflate
14:45:55.048 [main] DEBUG org.apache.http.wire --  >> "{"password":"userrrrrrrrrr","name":"testqa","email":"testqa@mail.co","username":"testqa"}"
14:45:55.066 [main] DEBUG org.apache.http.wire --  << "HTTP/1.1 400 Bad Request[\r][\n]"
14:45:55.066 [main] DEBUG org.apache.http.wire --  << "Server: nginx/1.22.1 (Ubuntu)[\r][\n]"
14:45:55.066 [main] DEBUG org.apache.http.wire --  << "Date: Sat, 24 Jun 2023 07:45:54 GMT[\r][\n]"
14:45:55.066 [main] DEBUG org.apache.http.wire --  << "Content-Type: application/json[\r][\n]"
14:45:55.066 [main] DEBUG org.apache.http.wire --  << "Content-Length: 129[\r][\n]"
14:45:55.066 [main] DEBUG org.apache.http.wire --  << "Connection: keep-alive[\r][\n]"
14:45:55.066 [main] DEBUG org.apache.http.wire --  << "[\r][\n]"
14:45:55.066 [main] DEBUG org.apache.http.impl.conn.DefaultClientConnection -- Receiving response: HTTP/1.1 400 Bad Request
14:45:55.066 [main] DEBUG org.apache.http.headers -- << HTTP/1.1 400 Bad Request
14:45:55.066 [main] DEBUG org.apache.http.headers -- << Server: nginx/1.22.1 (Ubuntu)
14:45:55.066 [main] DEBUG org.apache.http.headers -- << Date: Sat, 24 Jun 2023 07:45:54 GMT
14:45:55.066 [main] DEBUG org.apache.http.headers -- << Content-Type: application/json
14:45:55.066 [main] DEBUG org.apache.http.headers -- << Content-Length: 129
14:45:55.066 [main] DEBUG org.apache.http.headers -- << Connection: keep-alive
14:45:55.066 [main] DEBUG org.apache.http.impl.client.DefaultHttpClient -- Connection can be kept alive indefinitely
14:45:55.066 [main] DEBUG io.restassured.internal.RestAssuredHttpBuilder -- Parsing response as: application/json
14:45:55.066 [main] DEBUG io.restassured.internal.RestAssuredHttpBuilder -- Parsed data to instance of: class org.apache.http.conn.EofSensorInputStream
14:45:55.067 [main] DEBUG org.apache.http.wire --  << "{"id":1438601197,"logs":[],"status":"Unknown","message":"password does not contain a special character","error":true,"data":null}"
14:45:55.067 [main] DEBUG org.apache.http.impl.conn.BasicClientConnectionManager -- Releasing connection org.apache.http.impl.conn.ManagedClientConnectionImpl@498f1f63
14:45:55.067 [main] DEBUG org.apache.http.impl.conn.BasicClientConnectionManager -- Connection can be kept alive indefinitely
14:45:55.067 [main] DEBUG net.thucydides.core.steps.StepInterceptor -- STEP DONE: user send create account with a password that does not contain special characters
  &amp#27;[32mWhen &amp#27;[0m&amp#27;[32muser send create account with a password that does not contain special characters&amp#27;[0m      &amp#27;[90m# starter.stepdefinitions.UserSteps.userSendCreateAccountWithAPasswordThatDoesNotContainSpecialCharacters()&amp#27;[0m
14:45:55.069 [main] DEBUG net.thucydides.core.steps.StepInterceptor -- STARTING STEP: UserSteps.userSeeStatusCode400AfterSendRegister - user see status code 400 after send register
14:45:55.069 [main] DEBUG net.thucydides.core.steps.StepInterceptor -- STEP DONE: user see status code 400 after send register
  &amp#27;[32mThen &amp#27;[0m&amp#27;[32muser see status code 400 after send register&amp#27;[0m                                           &amp#27;[90m# starter.stepdefinitions.UserSteps.userSeeStatusCode400AfterSendRegister()&amp#27;[0m
14:45:55.071 [main] DEBUG net.thucydides.core.steps.StepInterceptor -- STARTING STEP: UserSteps.getErrorMessage - get error message {string}
14:45:55.072 [main] DEBUG net.thucydides.core.steps.StepInterceptor -- STEP DONE: get error message {string}
  &amp#27;[32mAnd &amp#27;[0m&amp#27;[32mget error message &amp#27;[0m&amp#27;[32m&amp#27;[1m"password does not contain a special character"&amp#27;[0m                       &amp#27;[90m# starter.stepdefinitions.UserSteps.getErrorMessage(java.lang.String)&amp#27;[0m
14:45:55.073 [main] INFO  -- 
  _____   ___   ___   _____     ___     _     ___   ___   ___   ___  
 |_   _| | __| / __| |_   _|   | _ \   /_\   / __| / __| | __| |   \ 
   | |   | _|  \__ \   | |     |  _/  / _ \  \__ \ \__ \ | _|  | |) |
   |_|   |___| |___/   |_|     |_|   /_/ \_\ |___/ |___/ |___| |___/ 

POST - Register an account with a password that does not contain special characters
----------------------------------------------------------------------
]]></system-out>
  </testcase>
  <testcase name="POST - Register an account with a password that does not contain number character" classname="As user i want to create account So that i can login and see home page" time="0.083">
    <system-out><![CDATA[
@Register
Scenario: POST - Register an account with a password that does not contain number character &amp#27;[90m# src/test/resources/features/register.feature:28&amp#27;[0m
14:45:55.076 [main] DEBUG io.cucumber.core.plugin.SerenityReporter -- Running feature from file:///D:/GITHUB/qe-automation/capstone-api/src/test/resources/features/register.feature
14:45:55.077 [main] INFO  -- 
  _____   ___   ___   _____     ___   _____     _     ___   _____   ___   ___  
 |_   _| | __| / __| |_   _|   / __| |_   _|   /_\   | _ \ |_   _| | __| |   \ 
   | |   | _|  \__ \   | |     \__ \   | |    / _ \  |   /   | |   | _|  | |) |
   |_|   |___| |___/   |_|     |___/   |_|   /_/ \_\ |_|_\   |_|   |___| |___/ 

POST - Register an account with a password that does not contain number character(as-user-i-want-to-create-account-so-that-i-can-login-and-see-home-page;post---register-an-account-with-a-password-that-does-not-contain-number-character)
--------------------------------------------------------------------------------
14:45:55.085 [main] DEBUG net.thucydides.core.steps.StepInterceptor -- STARTING STEP: UserSteps.userSetEndpointForRegister - user set endpoint for register
14:45:55.085 [main] DEBUG net.thucydides.core.steps.StepInterceptor -- STEP DONE: user set endpoint for register
  &amp#27;[32mGiven &amp#27;[0m&amp#27;[32muser set endpoint for register&amp#27;[0m                                                      &amp#27;[90m# starter.stepdefinitions.UserSteps.userSetEndpointForRegister()&amp#27;[0m
14:45:55.087 [main] DEBUG net.thucydides.core.steps.StepInterceptor -- STARTING STEP: UserSteps.userSendCreateAccountWithWithAPasswordThatDoesNotContainNumberCharacter - user send create account with with a password that does not contain number character
14:45:55.088 [main] DEBUG net.thucydides.core.steps.StepInterceptor -- STARTING STEP: Authentication_Register.userSendCreateAccountWithWithAPasswordThatDoesNotContainNumberCharacter - user set endpoint for register
14:45:55.088 [main] DEBUG net.thucydides.core.steps.StepInterceptor -- STEP DONE: user set endpoint for register
14:45:55.094 [main] DEBUG org.apache.http.impl.conn.BasicClientConnectionManager -- Get connection for route {s}->https://skfw.net:443
14:45:55.095 [main] DEBUG org.apache.http.impl.conn.DefaultClientConnectionOperator -- Connecting to skfw.net:443
14:45:55.131 [main] DEBUG org.apache.http.client.protocol.RequestAddCookies -- CookieSpec selected: ignoreCookies
14:45:55.132 [main] DEBUG org.apache.http.client.protocol.RequestAuthCache -- Auth cache not set in the context
14:45:55.132 [main] DEBUG org.apache.http.client.protocol.RequestTargetAuthentication -- Target auth state: UNCHALLENGED
14:45:55.132 [main] DEBUG org.apache.http.client.protocol.RequestProxyAuthentication -- Proxy auth state: UNCHALLENGED
14:45:55.132 [main] DEBUG org.apache.http.impl.client.DefaultHttpClient -- Attempt 1 to execute request
14:45:55.132 [main] DEBUG org.apache.http.impl.conn.DefaultClientConnection -- Sending request: POST /api/v1/users/signup HTTP/1.1
14:45:55.132 [main] DEBUG org.apache.http.wire --  >> "POST /api/v1/users/signup HTTP/1.1[\r][\n]"
14:45:55.132 [main] DEBUG org.apache.http.wire --  >> "Accept: */*[\r][\n]"
14:45:55.132 [main] DEBUG org.apache.http.wire --  >> "Content-Type: application/json[\r][\n]"
14:45:55.132 [main] DEBUG org.apache.http.wire --  >> "Content-Length: 89[\r][\n]"
14:45:55.132 [main] DEBUG org.apache.http.wire --  >> "Host: skfw.net[\r][\n]"
14:45:55.132 [main] DEBUG org.apache.http.wire --  >> "Connection: Keep-Alive[\r][\n]"
14:45:55.132 [main] DEBUG org.apache.http.wire --  >> "User-Agent: Apache-HttpClient/4.5.13 (Java/11.0.15)[\r][\n]"
14:45:55.132 [main] DEBUG org.apache.http.wire --  >> "Accept-Encoding: gzip,deflate[\r][\n]"
14:45:55.132 [main] DEBUG org.apache.http.wire --  >> "[\r][\n]"
14:45:55.132 [main] DEBUG org.apache.http.headers -- >> POST /api/v1/users/signup HTTP/1.1
14:45:55.132 [main] DEBUG org.apache.http.headers -- >> Accept: */*
14:45:55.132 [main] DEBUG org.apache.http.headers -- >> Content-Type: application/json
14:45:55.132 [main] DEBUG org.apache.http.headers -- >> Content-Length: 89
14:45:55.132 [main] DEBUG org.apache.http.headers -- >> Host: skfw.net
14:45:55.132 [main] DEBUG org.apache.http.headers -- >> Connection: Keep-Alive
14:45:55.132 [main] DEBUG org.apache.http.headers -- >> User-Agent: Apache-HttpClient/4.5.13 (Java/11.0.15)
14:45:55.132 [main] DEBUG org.apache.http.headers -- >> Accept-Encoding: gzip,deflate
14:45:55.132 [main] DEBUG org.apache.http.wire --  >> "{"password":"Userrrrrrr!@#","name":"testqa","email":"testqa@mail.co","username":"testqa"}"
14:45:55.148 [main] DEBUG org.apache.http.wire --  << "HTTP/1.1 400 Bad Request[\r][\n]"
14:45:55.149 [main] DEBUG org.apache.http.wire --  << "Server: nginx/1.22.1 (Ubuntu)[\r][\n]"
14:45:55.149 [main] DEBUG org.apache.http.wire --  << "Date: Sat, 24 Jun 2023 07:45:54 GMT[\r][\n]"
14:45:55.149 [main] DEBUG org.apache.http.wire --  << "Content-Type: application/json[\r][\n]"
14:45:55.149 [main] DEBUG org.apache.http.wire --  << "Content-Length: 128[\r][\n]"
14:45:55.149 [main] DEBUG org.apache.http.wire --  << "Connection: keep-alive[\r][\n]"
14:45:55.149 [main] DEBUG org.apache.http.wire --  << "[\r][\n]"
14:45:55.149 [main] DEBUG org.apache.http.impl.conn.DefaultClientConnection -- Receiving response: HTTP/1.1 400 Bad Request
14:45:55.149 [main] DEBUG org.apache.http.headers -- << HTTP/1.1 400 Bad Request
14:45:55.149 [main] DEBUG org.apache.http.headers -- << Server: nginx/1.22.1 (Ubuntu)
14:45:55.149 [main] DEBUG org.apache.http.headers -- << Date: Sat, 24 Jun 2023 07:45:54 GMT
14:45:55.149 [main] DEBUG org.apache.http.headers -- << Content-Type: application/json
14:45:55.149 [main] DEBUG org.apache.http.headers -- << Content-Length: 128
14:45:55.149 [main] DEBUG org.apache.http.headers -- << Connection: keep-alive
14:45:55.149 [main] DEBUG org.apache.http.impl.client.DefaultHttpClient -- Connection can be kept alive indefinitely
14:45:55.149 [main] DEBUG io.restassured.internal.RestAssuredHttpBuilder -- Parsing response as: application/json
14:45:55.149 [main] DEBUG io.restassured.internal.RestAssuredHttpBuilder -- Parsed data to instance of: class org.apache.http.conn.EofSensorInputStream
14:45:55.150 [main] DEBUG org.apache.http.wire --  << "{"id":1130650511,"logs":[],"status":"Unknown","message":"password does not contain a number character","error":true,"data":null}"
14:45:55.150 [main] DEBUG org.apache.http.impl.conn.BasicClientConnectionManager -- Releasing connection org.apache.http.impl.conn.ManagedClientConnectionImpl@27caa186
14:45:55.150 [main] DEBUG org.apache.http.impl.conn.BasicClientConnectionManager -- Connection can be kept alive indefinitely
14:45:55.150 [main] DEBUG net.thucydides.core.steps.StepInterceptor -- STEP DONE: user send create account with with a password that does not contain number character
  &amp#27;[32mWhen &amp#27;[0m&amp#27;[32muser send create account with with a password that does not contain number character&amp#27;[0m &amp#27;[90m# starter.stepdefinitions.UserSteps.userSendCreateAccountWithWithAPasswordThatDoesNotContainNumberCharacter()&amp#27;[0m
14:45:55.153 [main] DEBUG net.thucydides.core.steps.StepInterceptor -- STARTING STEP: UserSteps.userSeeStatusCode400AfterSendRegister - user see status code 400 after send register
14:45:55.154 [main] DEBUG net.thucydides.core.steps.StepInterceptor -- STEP DONE: user see status code 400 after send register
  &amp#27;[32mThen &amp#27;[0m&amp#27;[32muser see status code 400 after send register&amp#27;[0m                                         &amp#27;[90m# starter.stepdefinitions.UserSteps.userSeeStatusCode400AfterSendRegister()&amp#27;[0m
14:45:55.155 [main] DEBUG net.thucydides.core.steps.StepInterceptor -- STARTING STEP: UserSteps.getErrorMessage - get error message {string}
14:45:55.156 [main] DEBUG net.thucydides.core.steps.StepInterceptor -- STEP DONE: get error message {string}
  &amp#27;[32mAnd &amp#27;[0m&amp#27;[32mget error message &amp#27;[0m&amp#27;[32m&amp#27;[1m"password does not contain a number character"&amp#27;[0m                      &amp#27;[90m# starter.stepdefinitions.UserSteps.getErrorMessage(java.lang.String)&amp#27;[0m
14:45:55.157 [main] INFO  -- 
  _____   ___   ___   _____     ___     _     ___   ___   ___   ___  
 |_   _| | __| / __| |_   _|   | _ \   /_\   / __| / __| | __| |   \ 
   | |   | _|  \__ \   | |     |  _/  / _ \  \__ \ \__ \ | _|  | |) |
   |_|   |___| |___/   |_|     |_|   /_/ \_\ |___/ |___/ |___| |___/ 

POST - Register an account with a password that does not contain number character
----------------------------------------------------------------------
]]></system-out>
  </testcase>
</testsuite>